Log file open, 05/08/15 20:53:44
LogInit:Display: Running engine for game: Prototype
LogInit: Version: 4.7.5-2503383+++depot+UE4-Releases+4.7
LogInit: API Version: 2455222
LogInit: Compiled (64-bit): Apr  6 2015 23:21:51
LogInit: Compiled with Visual C++: 18.00.21005.01
LogInit: Build Configuration: Development
LogInit: Branch Name: ++depot+UE4-Releases+4.7
LogInit: Command line: 
LogInit: Base directory: F:/Epic/Epic Games/4.7/Engine/Binaries/Win64/
LogInit: Rocket: 1
[2015.05.08-12.53.44:674][  0]LogTaskGraph: Started task graph with 3 named threads and 6 total threads.
[2015.05.08-12.53.44:745][  0]LogOnline:Warning: No default platform service specified for OnlineSubsystem
[2015.05.08-12.53.44:761][  0]LogInit: Presizing for 0 objects not considered by GC, pre-allocating 0 bytes.
[2015.05.08-12.53.44:772][  0]LogInit: Object subsystem initialized
[2015.05.08-12.53.44:774][  0]LogConsoleResponse:Warning: Skipping Unknown console variable: 'TranslucentSortAxis = (X=0.000000,Y=-1.000000,Z=0.000000)'
[2015.05.08-12.53.44:774][  0]LogConsoleResponse:Warning:   Found in ini file 'F:/U3D/1-3-life-choices/Saved/Config/Windows/Engine.ini', in section '[/Script/Engine.RendererSettings]'
[2015.05.08-12.53.44:774][  0]LogConsoleResponse:Warning: Skipping Unknown console variable: 'UIScaleRule = ShortestSide'
[2015.05.08-12.53.44:774][  0]LogConsoleResponse:Warning:   Found in ini file 'F:/U3D/1-3-life-choices/Saved/Config/Windows/Engine.ini', in section '[/Script/Engine.RendererSettings]'
[2015.05.08-12.53.44:774][  0]LogConsoleResponse:Warning: Skipping Unknown console variable: 'UIScaleCurve = (EditorCurveData=(Keys=),ExternalCurve=None)'
[2015.05.08-12.53.44:774][  0]LogConsoleResponse:Warning:   Found in ini file 'F:/U3D/1-3-life-choices/Saved/Config/Windows/Engine.ini', in section '[/Script/Engine.RendererSettings]'
[2015.05.08-12.53.44:775][  0]LogInit: Selected Device Profile: [Windows]
[2015.05.08-12.53.44:775][  0]LogInit: Applying CVar settings loaded from the selected device profile: [Windows]
[2015.05.08-12.53.44:783][  0]LogInit: Computer: RAYMONDMG
[2015.05.08-12.53.44:783][  0]LogInit: User: RMG
[2015.05.08-12.53.44:783][  0]LogInit: CPU Page size=4096, Cores=4
[2015.05.08-12.53.44:783][  0]LogInit: High frequency timer resolution =2.435776 MHz
[2015.05.08-12.53.44:783][  0]LogMemory: Memory total: Physical=7.9GB (8GB approx) Virtual=131072.0GB
[2015.05.08-12.53.44:783][  0]LogMemory: Platform Memory Stats for Windows
[2015.05.08-12.53.44:783][  0]LogMemory: Process Physical Memory: 47.11 MB used, 47.11 MB peak
[2015.05.08-12.53.44:783][  0]LogMemory: Process Virtual Memory: 24.46 MB used, 24.47 MB peak
[2015.05.08-12.53.44:783][  0]LogMemory: Physical Memory: 2942.93 MB used, 8073.02 MB total
[2015.05.08-12.53.44:783][  0]LogMemory: Virtual Memory: 286.68 MB used, 134217728.00 MB total
[2015.05.08-12.53.44:797][  0]LogD3D11RHI: Found D3D11 adapter 0: Intel(R) HD Graphics 4600 (Feature Level 11_0)
[2015.05.08-12.53.44:797][  0]LogD3D11RHI: Adapter has 4078MB of dedicated video memory, 0MB of dedicated system memory, and 4036MB of shared system memory, 1 output[s]
[2015.05.08-12.53.44:798][  0]LogD3D11RHI: Found D3D11 adapter 1: Microsoft Basic Render Driver (Feature Level 11_0)
[2015.05.08-12.53.44:798][  0]LogD3D11RHI: Adapter has 0MB of dedicated video memory, 0MB of dedicated system memory, and 256MB of shared system memory, 0 output[s]
[2015.05.08-12.53.44:798][  0]LogD3D11RHI: Chosen D3D11 Adapter Id = 0
[2015.05.08-12.53.44:802][  0]LogRHI: Texture pool is 1361 MB (70% of 1945 MB)
[2015.05.08-12.53.44:811][  0]LogD3D11RHI: Async texture creation enabled
[2015.05.08-12.53.44:909][  0]LogTextLocalizationManager:Warning: Loading localization resources contain conflicting entries for (Namespace:UICommands, Key:Save):
Resource: (F:/Epic/Epic Games/4.7/Engine/Content/Localization/Editor/zh-CN/Editor.locres) Hash: (-669349758) String: (保存)
Resource: (F:/Epic/Epic Games/4.7/Engine/Content/Localization/Engine/zh-CN/Engine.locres) Hash: (-669349758) String: (保持)
[2015.05.08-12.53.44:909][  0]LogTextLocalizationManager:Warning: Loading localization resources contain conflicting entries for (Namespace:UICommands, Key:Save_ToolTip):
Resource: (F:/Epic/Epic Games/4.7/Engine/Content/Localization/Editor/zh-CN/Editor.locres) Hash: (-29098895) String: (保存所有当前关卡到磁盘中)
Resource: (F:/Epic/Epic Games/4.7/Engine/Content/Localization/Engine/zh-CN/Engine.locres) Hash: (-1280300587) String: (保存选择的数据到vlog文件)
[2015.05.08-12.53.44:909][  0]LogTextLocalizationManager:Warning: Loading localization resources contain conflicting entries for (Namespace:ContentBrowser, Key:ImportAssetToolTip):
Resource: (F:/Epic/Epic Games/4.7/Engine/Content/Localization/Editor/zh-CN/Editor.locres) Hash: (-630476809) String: (导入到{0}...)
Resource: (F:/Epic/Epic Games/4.7/Engine/Content/Localization/Editor/zh-CN/Editor.locres) Hash: (1271782899) String: (从文件中导入资源到这个文件夹内。)
[2015.05.08-12.53.44:977][  0]LogContentStreaming: Texture pool size is 0.000000MB
[2015.05.08-12.53.46:921][  0]LogTargetPlatformManager:Display: Building Assets For Windows
[2015.05.08-12.53.47:370][  0]LogTargetPlatformManager:Display: Building Assets For Windows
[2015.05.08-12.53.47:415][  0]LogDerivedDataCache:Display: Max Cache Size: 512 MB
[2015.05.08-12.53.47:469][  0]LogDerivedDataCache: Loaded boot cache 0.04s 39MB C:/Users/RMG/AppData/Local/UnrealEngine/4.7/DerivedDataCache/Boot.ddc.
[2015.05.08-12.53.47:469][  0]LogDerivedDataCache:Display: Loaded Boot cache: C:/Users/RMG/AppData/Local/UnrealEngine/4.7/DerivedDataCache/Boot.ddc
[2015.05.08-12.53.47:470][  0]LogDerivedDataCache: FDerivedDataBackendGraph:  Pak pak cache file ../../../../../../U3D/1-3-life-choices/DerivedDataCache/DDC.ddp not found, will not use a pak cache.
[2015.05.08-12.53.47:470][  0]LogDerivedDataCache: Unable to find inner node Pak for hierarchical cache Hierarchy.
[2015.05.08-12.53.47:573][  0]LogDerivedDataCache:Display: Pak cache opened for reading ../../../Engine/DerivedDataCache/Compressed.ddp.
[2015.05.08-12.53.47:585][  0]LogDerivedDataCache: Using Local data cache path C:/Users/RMG/AppData/Local/UnrealEngine/Common/DerivedDataCache: Writable
[2015.05.08-12.53.47:831][  0]LogMeshUtilities: No automatic mesh reduction module available
[2015.05.08-12.53.47:831][  0]LogMeshUtilities: No automatic mesh merging module available
[2015.05.08-12.53.48:205][  0]LogInit: WinSock: version 1.1 (2.2), MaxSocks=32767, MaxUdp=65467
[2015.05.08-12.53.48:258][  0]LogSlate:Warning: Failed to load font data from '../../../Engine/Content/Slate/Fonts/Roboto-Italic.ttf'
[2015.05.08-12.53.48:867][  0]UdpMessaging: Initializing bridge on interface 0.0.0.0:0 to multicast group 230.0.0.1:6666.
[2015.05.08-12.53.49:055][  0]SourceControl: 信息 源码控制已禁用
[2015.05.08-12.53.49:055][  0]SourceControl: 信息 源码控制已禁用
[2015.05.08-12.53.49:056][  0]SourceControl: 信息 源码控制已禁用
[2015.05.08-12.53.49:056][  0]LogSourceControl: RunCommandInternalRaw: 'git version'
[2015.05.08-12.53.49:056][  0]LogSourceControl: RunCommandInternalRaw: ExecProcess ReturnCode=2 OutResults=''
[2015.05.08-12.53.49:061][  0]SourceControl: 信息 源码控制已禁用
[2015.05.08-12.53.49:187][  0]LogObj: 24232 objects as part of root set at end of initial load.
[2015.05.08-12.53.49:187][  0]LogUObjectAllocator: 5137176 out of 0 bytes used by permanent object pool.
[2015.05.08-12.53.49:257][  0]LogEngine: Initializing Engine...
[2015.05.08-12.53.51:394][  0]LogInit: XAudio2 using '扬声器 (Realtek High Definition Audio)' : 2 channels at 48 kHz using 32 bits per sample (channel mask 0x3)
[2015.05.08-12.53.51:415][  0]LogInit: FAudioDevice initialized.
[2015.05.08-12.53.51:440][  0]LogAIModule: Creating AISystem for world NewWorld
[2015.05.08-12.53.51:462][  0]LogDerivedDataCache: Saved boot cache 0.02s 39MB C:/Users/RMG/AppData/Local/UnrealEngine/4.7/DerivedDataCache/Boot.ddc.
[2015.05.08-12.53.51:464][  0]LogInit: Texture streaming: Enabled
[2015.05.08-12.53.51:533][  0]LogAnalytics: Creating configured Analytics provider AnalyticsET
[2015.05.08-12.53.51:533][  0]LogAnalytics: ET APIKey = Rocket.Release. APIServer = http://et2.epicgames.com/ET2/. AppVersion = 4.7.5-2503383+++depot+UE4-Releases+4.7
[2015.05.08-12.53.51:533][  0]LogAnalytics: ET APIKey = Rocket.Release. DataRouterUploadURL = https://datarouter-public-service-gamedev.ol.epicgames.net/datarouter/api/v1/public/data. AppVersion = 4.7.5-2503383+++depot+UE4-Releases+4.7
[2015.05.08-12.53.51:534][  0]LogAnalytics: SetUserId ff36e97c47fc0dce0794ddbc8f88a228|197ccca8ace4469dbd28a387a822afed|95cd838e-8492-4e16-832d-77cf58ff72cc
[2015.05.08-12.53.51:534][  0]LogAnalytics: AnalyticsET::StartSession [Rocket.Release]
[2015.05.08-12.53.51:563][  0]LogInit: Transaction tracking system initialized
[2015.05.08-12.53.51:682][  0]BlueprintLog: New page: 编辑器加载
[2015.05.08-12.53.51:709][  0]LogAssetRegistry: FAssetRegistry took 0.0109 seconds to start up
[2015.05.08-12.53.51:709][  0]LogDirectoryWatcher:Warning: Failed to begin reading directory changes for ../../../Engine/Plugins/Experimental/CharacterAI/Content/. Error: 0
[2015.05.08-12.53.52:181][  0]LogTargetPlatformManager:Display: Building Assets For Windows
[2015.05.08-12.53.52:554][  0]LogTargetPlatformManager:Display: Building Assets For Windows
[2015.05.08-12.53.52:751][  0]LogSlate:Warning: Failed to load font data from '../../../Engine/Content/Editor/Slate/Fonts/Roboto-Regular.ttf'
[2015.05.08-12.53.52:751][  0]LogSlate:Warning: Failed to load font data from '../../../Engine/Content/Editor/Slate/Fonts/Roboto-Bold.ttf'
[2015.05.08-12.53.52:755][  0]LogConsoleResponse:Display: 
[2015.05.08-12.53.52:865][  0]LogCook:Display: Done creating registry. It took  0.00s.
[2015.05.08-12.53.52:962][  0]SourceControl: 信息 源码控制已禁用
[2015.05.08-12.53.52:962][  0]Cmd: MAP LOAD FILE="../../../../../../U3D/1-3-life-choices/Content/FirstPersonBP/Maps/FirstPersonExampleMap.umap" TEMPLATE=0 SHOWPROGRESS=1 FEATURELEVEL=3
[2015.05.08-12.53.52:963][  0]LightingResults: New page: 光照构建
[2015.05.08-12.53.52:972][  0]MapCheck: New page: 地图检测
[2015.05.08-12.53.52:972][  0]LightingResults: New page: 光照构建
[2015.05.08-12.53.52:979][  0]LogParticles: Destroying 0 GPU particle simulations for FXSystem 0x000000CFDBA2E980
[2015.05.08-12.53.53:506][  0]LoadErrors:Error: 错误 SkeletalMeshComponent导入失败
[2015.05.08-12.53.53:939][  0]LogEditorServer: Finished looking for orphan Actors (0.000 secs)
[2015.05.08-12.53.54:969][  0]LogAIModule: Creating AISystem for world FirstPersonExampleMap
[2015.05.08-12.53.54:970][  0]Cmd: MAP CHECKDEP
[2015.05.08-12.53.54:970][  0]MapCheck: New page: FirstPersonExampleMap - 2015年5月9日 上午4:53:54
[2015.05.08-12.53.55:026][  0]MapCheck: 信息 地图检测完成：0个错误，0 个警告，用时55.634毫秒完成。
[2015.05.08-12.53.55:026][  0]LogFileHelpers: Loading map 'FirstPersonExampleMap' took 2.064
[2015.05.08-12.53.55:152][  0]LogCollectionManager: Loaded 0 collections in 0.000931 seconds
[2015.05.08-12.53.55:160][  0]LogContentBrowser: Native class hierarchy populated in 0.0077 seconds. Added 1696 classes and 261 folders.
[2015.05.08-12.53.55:185][  0]LogContentBrowser: Native class hierarchy updated for 'SceneOutliner' in 0.0012 seconds. Added 1 classes and 2 folders.
[2015.05.08-12.53.55:230][  0]LogCrashTracker: Crashtracker disabled due to settings.
[2015.05.08-12.53.55:231][  0]LogSlate:Warning: Failed to load font data from 'Veranda'
[2015.05.08-12.53.55:237][  0]LogUObjectGlobals:Warning: 寻找对象'Class 无.'失败
[2015.05.08-12.53.55:265][  0]LogLoad: Full Startup: 12.24 seconds (BP compile: 0.15 seconds)
[2015.05.08-12.53.55:298][  0]LogContentBrowser:Verbose: The content browser source was changed by the sources view to '/Game/StarterContent/Materials'
[2015.05.08-12.53.55:472][  0]LogRenderer:Warning: Reallocating scene render targets to support 1208x576 (Frame:2).
[2015.05.08-12.53.57:645][  6]LogAssetRegistry: Asset discovery search completed in 5.9475 seconds
[2015.05.08-12.54.12:614][ 85]LogContentBrowser:Verbose: The content browser source was changed by the sources view to '/Game/StarterContent'
[2015.05.08-12.54.13:217][ 96]LogContentBrowser:Verbose: The content browser source was changed by the sources view to '/Game'
[2015.05.08-12.54.15:698][114]Cmd: MAP LOAD FILE="../../../../../../U3D/1-3-life-choices/Content/MR.umap" TEMPLATE=0 SHOWPROGRESS=1 FEATURELEVEL=3
[2015.05.08-12.54.15:699][114]LightingResults: New page: 光照构建
[2015.05.08-12.54.15:723][114]LoadErrors: New page: 正在加载地图： MR.umap
[2015.05.08-12.54.15:724][114]MapCheck: New page: 地图检测
[2015.05.08-12.54.15:724][114]LightingResults: New page: 光照构建
[2015.05.08-12.54.15:733][114]LogParticles: Destroying 0 GPU particle simulations for FXSystem 0x000000CFD5209A80
[2015.05.08-12.54.15:815][114]LogEditorServer: Finished looking for orphan Actors (0.000 secs)
[2015.05.08-12.54.15:852][114]LogAIModule: Creating AISystem for world MR
[2015.05.08-12.54.15:875][114]Cmd: MAP CHECKDEP
[2015.05.08-12.54.15:875][114]MapCheck: New page: MR - 2015年5月9日 上午4:54:15
[2015.05.08-12.54.15:950][114]MapCheck: 信息 地图检测完成：0个错误，0 个警告，用时75.775毫秒完成。
[2015.05.08-12.54.15:950][114]LogFileHelpers: Loading map 'MR' took 0.254
[2015.05.08-13.04.15:619][961]Cmd: OBJ SAVEPACKAGE PACKAGE="/Game/MR" FILE="../../../../../../U3D/1-3-life-choices/Saved/Autosaves/Game/MR_Auto1.umap" SILENT=true AUTOSAVING=true KEEPDIRTY=false
[2015.05.08-13.04.15:944][961]LogBlueprint:Error: [compiler] 错误 该蓝图（自身）并不是一个UI_C，因此' 对象 '必须具有一个连接。
[2015.05.08-13.04.15:949][961]LogBlueprint:Error: [compiler] 错误 变量节点 NarratorNode  使用一个无效的目标。 它可能依赖于连接到执行链上的一个节点，但该节点已被清除。
[2015.05.08-13.04.16:075][961]LogBlueprint:Warning: [compiler] 警告 [0633.05]MR编译失败。2个致命问题，0个警告[用时266毫秒]
[2015.05.08-13.04.16:076][961]LogBlueprint:Warning: [compiler] 警告 [0633.05]MR编译失败。2个致命问题，1个警告[用时0毫秒]
[2015.05.08-13.04.16:076][961]LogBlueprint:Warning: [compiler] 警告 [0633.05]MR编译失败。2个致命问题，2个警告[用时0毫秒]
[2015.05.08-13.04.16:084][961]LogBlueprint:Warning: [compiler] 警告 [0633.06]MR编译失败。2个致命问题，3个警告[用时7毫秒]
[2015.05.08-13.04.16:084][961]LogBlueprint:Warning: [compiler] 警告 [0633.06]MR编译失败。2个致命问题，4个警告[用时0毫秒]
[2015.05.08-13.04.16:084][961]LogBlueprint:Warning: [compiler] 警告 [0633.06]MR编译失败。2个致命问题，5个警告[用时0毫秒]
[2015.05.08-13.04.17:449][961]LogSavePackage: Save=1812.003296ms
[2015.05.08-13.04.17:449][961]LogSavePackage: Moving '../../../../../../U3D/1-3-life-choices/Saved/MR_Auto10A6BD51A43372CB7E98297B182BBA3F5.tmp' to '../../../../../../U3D/1-3-life-choices/Saved/Autosaves/Game/MR_Auto1.umap'
[2015.05.08-13.04.17:492][961]LogFileHelpers: Editor autosave (incl. sublevels) for '/Game/MR' took 1.967
[2015.05.08-13.04.17:492][961]LogFileHelpers: Editor autosave (incl. sublevels) for all levels took 1.967
[2015.05.08-13.07.33:627][887]BlueprintLog: New page: 编译MR
[2015.05.08-13.07.34:042][887]BlueprintEditorCompileResults: 信息 [0831.02]MR编译成功！[用时414毫秒]
[2015.05.08-13.08.28:580][250]BlueprintLog: New page: 编译MR
[2015.05.08-13.08.29:016][250]BlueprintEditorCompileResults: 信息 [0885.99]MR编译成功！[用时435毫秒]
[2015.05.08-13.14.18:116][660]Cmd: OBJ SAVEPACKAGE PACKAGE="/Game/MR" FILE="../../../../../../U3D/1-3-life-choices/Saved/Autosaves/Game/MR_Auto2.umap" SILENT=true AUTOSAVING=true KEEPDIRTY=false
[2015.05.08-13.14.20:102][660]LogSavePackage: Save=1971.621338ms
[2015.05.08-13.14.20:102][660]LogSavePackage: Moving '../../../../../../U3D/1-3-life-choices/Saved/MR_Auto255BCF14646CAB108F78EEA9A3B29D3FD.tmp' to '../../../../../../U3D/1-3-life-choices/Saved/Autosaves/Game/MR_Auto2.umap'
[2015.05.08-13.14.20:110][660]LogFileHelpers: Editor autosave (incl. sublevels) for '/Game/MR' took 2.065
[2015.05.08-13.14.20:110][660]LogFileHelpers: Editor autosave (incl. sublevels) for all levels took 2.065
[2015.05.08-13.15.19:027][949]Cmd: OBJ SAVEPACKAGE PACKAGE="/Game/MR" FILE="../../../../../../U3D/1-3-life-choices/Content/MR.umap" SILENT=true AUTOSAVING=false KEEPDIRTY=false
[2015.05.08-13.15.19:072][949]LogParticles: Destroying 0 GPU particle simulations for FXSystem 0x000000CF887D9D00
[2015.05.08-13.15.21:041][949]LogSavePackage: Save=1957.838867ms
[2015.05.08-13.15.21:041][949]LogSavePackage: Moving '../../../../../../U3D/1-3-life-choices/Saved/MRE72E11FC47C892895E69348D83E4CE2D.tmp' to '../../../../../../U3D/1-3-life-choices/Content/MR.umap'
[2015.05.08-13.15.22:048][963]Cmd: QUIT_EDITOR
[2015.05.08-13.15.22:314][963]LogExit: Preparing to exit.
[2015.05.08-13.15.22:629][963]LogExit: Editor shut down
[2015.05.08-13.15.22:629][963]LogExit: Transaction tracking system shut down
[2015.05.08-13.15.22:630][963]LogParticles: Destroying 0 GPU particle simulations for FXSystem 0x000000CF887D8B80
[2015.05.08-13.15.22:630][963]LogParticles: Destroying 0 GPU particle simulations for FXSystem 0x000000CFD638B740
[2015.05.08-13.15.22:631][963]LogParticles: Destroying 0 GPU particle simulations for FXSystem 0x000000CFDB6C2A20
[2015.05.08-13.15.22:631][963]LogParticles: Destroying 0 GPU particle simulations for FXSystem 0x000000CFD638AA20
[2015.05.08-13.15.22:696][963]LogExit: Object subsystem successfully closed.
[2015.05.08-13.15.22:736][963]LogModuleManager: Shutting down and abandoning module CrashTracker (177)
[2015.05.08-13.15.22:737][963]LogModuleManager: Shutting down and abandoning module SuperSearch (176)
[2015.05.08-13.15.22:737][963]LogModuleManager: Shutting down and abandoning module SceneOutliner (175)
[2015.05.08-13.15.22:737][963]LogModuleManager: Shutting down and abandoning module EditorWidgets (174)
[2015.05.08-13.15.22:737][963]LogModuleManager: Shutting down and abandoning module CollectionManager (173)
[2015.05.08-13.15.22:737][963]LogModuleManager: Shutting down and abandoning module StatsViewer (172)
[2015.05.08-13.15.22:737][963]LogModuleManager: Shutting down and abandoning module FoliageEdit (171)
[2015.05.08-13.15.22:737][963]LogModuleManager: Shutting down and abandoning module LandscapeEditor (170)
[2015.05.08-13.15.22:737][963]LogModuleManager: Shutting down and abandoning module MeshPaint (169)
[2015.05.08-13.15.22:737][963]LogModuleManager: Shutting down and abandoning module ActorPickerMode (168)
[2015.05.08-13.15.22:737][963]LogModuleManager: Shutting down and abandoning module GeometryMode (167)
[2015.05.08-13.15.22:737][963]LogModuleManager: Shutting down and abandoning module TextureAlignMode (166)
[2015.05.08-13.15.22:737][963]LogModuleManager: Shutting down and abandoning module BspMode (165)
[2015.05.08-13.15.22:737][963]LogModuleManager: Shutting down and abandoning module PlacementMode (164)
[2015.05.08-13.15.22:737][963]LogModuleManager: Shutting down and abandoning module AutomationWorker (163)
[2015.05.08-13.15.22:737][963]LogModuleManager: Shutting down and abandoning module CharacterAI (162)
[2015.05.08-13.15.22:737][963]LogModuleManager: Shutting down and abandoning module SmartSnapping (161)
[2015.05.08-13.15.22:737][963]LogModuleManager: Shutting down and abandoning module ViewportSnapping (160)
[2015.05.08-13.15.22:737][963]LogModuleManager: Shutting down and abandoning module LogVisualizer (159)
[2015.05.08-13.15.22:737][963]LogModuleManager: Shutting down and abandoning module GameProjectGeneration (158)
[2015.05.08-13.15.22:737][963]LogModuleManager: Shutting down and abandoning module IntroTutorials (157)
[2015.05.08-13.15.22:737][963]LogModuleManager: Shutting down and abandoning module EditorLiveStreaming (156)
[2015.05.08-13.15.22:737][963]LogModuleManager: Shutting down and abandoning module HardwareTargeting (155)
[2015.05.08-13.15.22:737][963]LogModuleManager: Shutting down and abandoning module DeviceProfileEditor (154)
[2015.05.08-13.15.22:737][963]LogModuleManager: Shutting down and abandoning module UndoHistory (153)
[2015.05.08-13.15.22:737][963]LogModuleManager: Shutting down and abandoning module GameplayTagsEditor (152)
[2015.05.08-13.15.22:737][963]LogModuleManager: Shutting down and abandoning module UserFeedback (151)
[2015.05.08-13.15.22:737][963]LogModuleManager: Shutting down and abandoning module XmlParser (150)
[2015.05.08-13.15.22:737][963]LogModuleManager: Shutting down and abandoning module Blutility (149)
[2015.05.08-13.15.22:737][963]LogModuleManager: Shutting down and abandoning module IOSPlatformEditor (148)
[2015.05.08-13.15.22:737][963]LogModuleManager: Shutting down and abandoning module IOSRuntimeSettings (147)
[2015.05.08-13.15.22:737][963]LogModuleManager: Shutting down and abandoning module AndroidDeviceDetection (146)
[2015.05.08-13.15.23:296][963]LogModuleManager: Shutting down and abandoning module AndroidPlatformEditor (145)
[2015.05.08-13.15.23:296][963]LogModuleManager: Shutting down and abandoning module AndroidRuntimeSettings (144)
[2015.05.08-13.15.23:296][963]LogModuleManager: Shutting down and abandoning module ProjectTargetPlatformEditor (143)
[2015.05.08-13.15.23:296][963]LogModuleManager: Shutting down and abandoning module ProjectSettingsViewer (142)
[2015.05.08-13.15.23:296][963]LogModuleManager: Shutting down and abandoning module InputBindingEditor (141)
[2015.05.08-13.15.23:296][963]LogModuleManager: Shutting down and abandoning module EditorSettingsViewer (140)
[2015.05.08-13.15.23:296][963]LogModuleManager: Shutting down and abandoning module SettingsEditor (139)
[2015.05.08-13.15.23:296][963]LogModuleManager: Shutting down and abandoning module ProjectLauncher (138)
[2015.05.08-13.15.23:296][963]LogModuleManager: Shutting down and abandoning module SessionFrontend (137)
[2015.05.08-13.15.23:296][963]LogModuleManager: Shutting down and abandoning module ProfilerClient (136)
[2015.05.08-13.15.23:297][963]LogModuleManager: Shutting down and abandoning module TargetDeviceServices (135)
[2015.05.08-13.15.23:297][963]LogModuleManager: Shutting down and abandoning module DeviceManager (134)
[2015.05.08-13.15.23:297][963]LogModuleManager: Shutting down and abandoning module AutomationController (133)
[2015.05.08-13.15.23:297][963]LogModuleManager: Shutting down and abandoning module AutomationWindow (132)
[2015.05.08-13.15.23:297][963]LogModuleManager: Shutting down and abandoning module Layers (131)
[2015.05.08-13.15.23:297][963]LogModuleManager: Shutting down and abandoning module ComponentVisualizers (130)
[2015.05.08-13.15.23:297][963]LogModuleManager: Shutting down and abandoning module DetailCustomizations (129)
[2015.05.08-13.15.23:297][963]LogModuleManager: Shutting down and abandoning module PackagesDialog (128)
[2015.05.08-13.15.23:297][963]LogModuleManager: Shutting down and abandoning module AssetRegistry (127)
[2015.05.08-13.15.23:343][963]LogModuleManager: Shutting down and abandoning module Persona (126)
[2015.05.08-13.15.23:343][963]LogModuleManager: Shutting down and abandoning module SlateReflector (125)
[2015.05.08-13.15.23:343][963]LogModuleManager: Shutting down and abandoning module LevelEditor (124)
[2015.05.08-13.15.23:344][963]LogModuleManager: Shutting down and abandoning module Kismet (123)
[2015.05.08-13.15.23:344][963]LogModuleManager: Shutting down and abandoning module GraphEditor (122)
[2015.05.08-13.15.23:344][963]LogModuleManager: Shutting down and abandoning module ClassViewer (121)
[2015.05.08-13.15.23:344][963]LogModuleManager: Shutting down and abandoning module Toolbox (120)
[2015.05.08-13.15.23:344][963]LogModuleManager: Shutting down and abandoning module ModuleUI (119)
[2015.05.08-13.15.23:345][963]LogModuleManager: Shutting down and abandoning module MovieSceneTools (118)
[2015.05.08-13.15.23:345][963]LogModuleManager: Shutting down and abandoning module OutputLog (117)
[2015.05.08-13.15.23:345][963]LogModuleManager: Shutting down and abandoning module GammaUI (116)
[2015.05.08-13.15.23:345][963]LogModuleManager: Shutting down and abandoning module Documentation (115)
[2015.05.08-13.15.23:345][963]LogModuleManager: Shutting down and abandoning module GameLiveStreaming (114)
[2015.05.08-13.15.23:345][963]LogModuleManager: Shutting down and abandoning module StreamingPauseRendering (113)
[2015.05.08-13.15.23:345][963]LogModuleManager: Shutting down and abandoning module HTTP (112)
[2015.05.08-13.15.23:345][963]LogModuleManager: Shutting down and abandoning module AnalyticsET (111)
[2015.05.08-13.15.23:345][963]LogModuleManager: Shutting down and abandoning module Analytics (110)
[2015.05.08-13.15.23:345][963]LogModuleManager: Shutting down and abandoning module AITestSuite (109)
[2015.05.08-13.15.23:345][963]LogModuleManager: Shutting down and abandoning module GameplayDebugger (108)
[2015.05.08-13.15.23:345][963]LogModuleManager: Shutting down and abandoning module AIModule (107)
[2015.05.08-13.15.23:345][963]LogModuleManager: Shutting down and abandoning module ProfilerService (106)
[2015.05.08-13.15.23:491][963]LogModuleManager: Shutting down and abandoning module TaskGraph (105)
[2015.05.08-13.15.23:491][963]LogModuleManager: Shutting down and abandoning module SlateRemote (104)
[2015.05.08-13.15.23:491][963]LogModuleManager: Shutting down and abandoning module ScriptEditorPlugin (103)
[2015.05.08-13.15.23:491][963]LogModuleManager: Shutting down and abandoning module CustomMeshComponent (102)
[2015.05.08-13.15.23:491][963]LogModuleManager: Shutting down and abandoning module CableComponent (101)
[2015.05.08-13.15.23:491][963]LogModuleManager: Shutting down and abandoning module MessagingDebugger (100)
[2015.05.08-13.15.23:491][963]LogModuleManager: Shutting down and abandoning module MediaPlayerEditor (99)
[2015.05.08-13.15.23:491][963]LogModuleManager: Shutting down and abandoning module SpeedTreeImporter (98)
[2015.05.08-13.15.23:491][963]LogModuleManager: Shutting down and abandoning module PluginsEditor (97)
[2015.05.08-13.15.23:491][963]LogModuleManager: Shutting down and abandoning module MainFrame (96)
[2015.05.08-13.15.23:491][963]LogModuleManager: Shutting down and abandoning module EpicSurvey (95)
[2015.05.08-13.15.23:491][963]LogModuleManager: Shutting down and abandoning module DesktopPlatform (94)
[2015.05.08-13.15.23:491][963]LogModuleManager: Shutting down and abandoning module DirectoryWatcher (93)
[2015.05.08-13.15.23:491][963]LogModuleManager: Shutting down and abandoning module HotReload (92)
[2015.05.08-13.15.23:491][963]LogModuleManager: Shutting down and abandoning module VisualStudioSourceCodeAccess (91)
[2015.05.08-13.15.23:491][963]LogModuleManager: Shutting down and abandoning module UObjectPlugin (90)
[2015.05.08-13.15.23:491][963]LogModuleManager: Shutting down and abandoning module SubversionSourceControl (89)
[2015.05.08-13.15.23:491][963]LogModuleManager: Shutting down and abandoning module PerforceSourceControl (88)
[2015.05.08-13.15.23:491][963]LogModuleManager: Shutting down and abandoning module SourceControl (87)
[2015.05.08-13.15.23:491][963]LogModuleManager: Shutting down and abandoning module GitSourceControl (86)
[2015.05.08-13.15.23:492][963]LogModuleManager: Shutting down and abandoning module BlankPlugin (85)
[2015.05.08-13.15.23:492][963]LogModuleManager: Shutting down and abandoning module PaperTiledImporter (84)
[2015.05.08-13.15.23:492][963]LogModuleManager: Shutting down and abandoning module PaperJsonImporter (83)
[2015.05.08-13.15.23:492][963]LogModuleManager: Shutting down and abandoning module ContentBrowser (82)
[2015.05.08-13.15.23:492][963]LogModuleManager: Shutting down and abandoning module Paper2DEditor (81)
[2015.05.08-13.15.23:492][963]LogModuleManager: Shutting down and abandoning module ScriptPlugin (80)
[2015.05.08-13.15.23:492][963]LogModuleManager: Shutting down and abandoning module UdpMessaging (79)
[2015.05.08-13.15.23:593][963]LogModuleManager: Shutting down and abandoning module Paper2D (78)
[2015.05.08-13.15.23:593][963]LogModuleManager: Shutting down and abandoning module WindowsMoviePlayer (77)
[2015.05.08-13.15.23:595][963]LogModuleManager: Shutting down and abandoning module Media (76)
[2015.05.08-13.15.23:595][963]LogModuleManager: Shutting down and abandoning module WmfMedia (75)
[2015.05.08-13.15.23:595][963]LogModuleManager: Shutting down and abandoning module OnlineBlueprintSupport (74)
[2015.05.08-13.15.23:595][963]LogModuleManager: Shutting down and abandoning module PropertyEditor (73)
[2015.05.08-13.15.23:595][963]LogModuleManager: Shutting down and abandoning module BehaviorTreeEditor (72)
[2015.05.08-13.15.23:596][963]LogModuleManager: Shutting down and abandoning module FunctionalTesting (71)
[2015.05.08-13.15.23:596][963]LogModuleManager: Shutting down and abandoning module CollisionAnalyzer (70)
[2015.05.08-13.15.23:596][963]LogModuleManager: Shutting down and abandoning module WorkspaceMenuStructure (69)
[2015.05.08-13.15.23:596][963]LogModuleManager: Shutting down and abandoning module MessageLog (68)
[2015.05.08-13.15.23:596][963]LogModuleManager: Shutting down and abandoning module Sequencer (67)
[2015.05.08-13.15.23:596][963]LogModuleManager: Shutting down and abandoning module AssetTools (66)
[2015.05.08-13.15.23:596][963]LogModuleManager: Shutting down and abandoning module UMGEditor (65)
[2015.05.08-13.15.23:596][963]LogModuleManager: Shutting down and abandoning module UMG (64)
[2015.05.08-13.15.23:596][963]LogModuleManager: Shutting down and abandoning module Slate (63)
[2015.05.08-13.15.23:596][963]LogModuleManager: Shutting down and abandoning module EditorStyle (62)
[2015.05.08-13.15.23:599][963]LogModuleManager: Shutting down and abandoning module SessionServices (61)
[2015.05.08-13.15.23:599][963]LogModuleManager: Shutting down and abandoning module SourceCodeAccess (60)
[2015.05.08-13.15.23:599][963]LogModuleManager: Shutting down and abandoning module HeadMountedDisplay (59)
[2015.05.08-13.15.23:599][963]LogModuleManager: Shutting down and abandoning module XAudio2 (58)
[2015.05.08-13.15.23:599][963]LogModuleManager: Shutting down and abandoning module Networking (56)
[2015.05.08-13.15.23:599][963]LogModuleManager: Shutting down and abandoning module Core (55)
[2015.05.08-13.15.23:599][963]LogModuleManager: Shutting down and abandoning module KismetCompiler (54)
[2015.05.08-13.15.23:599][963]LogModuleManager: Shutting down and abandoning module PhysXFormats (53)
[2015.05.08-13.15.23:599][963]LogModuleManager: Shutting down and abandoning module MeshUtilities (52)
[2015.05.08-13.15.23:599][963]LogModuleManager: Shutting down and abandoning module DerivedDataCache (51)
[2015.05.08-13.15.23:692][963]LogDerivedDataCache: Shutdown
[2015.05.08-13.15.23:692][963]LogModuleManager: Shutting down and abandoning module ShaderFormatOpenGL (50)
[2015.05.08-13.15.23:692][963]LogModuleManager: Shutting down and abandoning module ShaderFormatD3D (49)
[2015.05.08-13.15.23:692][963]LogModuleManager: Shutting down and abandoning module MetalShaderFormat (48)
[2015.05.08-13.15.23:692][963]LogModuleManager: Shutting down and abandoning module TextureFormatUncompressed (47)
[2015.05.08-13.15.23:692][963]LogModuleManager: Shutting down and abandoning module TextureFormatPVR (46)
[2015.05.08-13.15.23:692][963]LogModuleManager: Shutting down and abandoning module TextureFormatIntelISPCTexComp (45)
[2015.05.08-13.15.23:692][963]LogModuleManager: Shutting down and abandoning module TextureFormatDXT (44)
[2015.05.08-13.15.23:692][963]LogModuleManager: Shutting down and abandoning module ImageWrapper (43)
[2015.05.08-13.15.23:692][963]LogModuleManager: Shutting down and abandoning module TextureFormatASTC (42)
[2015.05.08-13.15.23:692][963]LogModuleManager: Shutting down and abandoning module TextureFormatAndroid (41)
[2015.05.08-13.15.23:692][963]LogModuleManager: Shutting down and abandoning module AudioFormatOpus (40)
[2015.05.08-13.15.23:692][963]LogModuleManager: Shutting down and abandoning module AudioFormatOgg (39)
[2015.05.08-13.15.23:692][963]LogModuleManager: Shutting down and abandoning module AudioFormatADPCM (38)
[2015.05.08-13.15.23:692][963]LogModuleManager: Shutting down and abandoning module LinuxTargetPlatform (37)
[2015.05.08-13.15.23:692][963]LogModuleManager: Shutting down and abandoning module LinuxServerTargetPlatform (36)
[2015.05.08-13.15.23:692][963]LogModuleManager: Shutting down and abandoning module LinuxNoEditorTargetPlatform (35)
[2015.05.08-13.15.23:692][963]LogModuleManager: Shutting down and abandoning module Messaging (34)
[2015.05.08-13.15.23:692][963]LogModuleManager: Shutting down and abandoning module IOSTargetPlatform (33)
[2015.05.08-13.15.23:692][963]LogModuleManager: Shutting down and abandoning module HTML5TargetPlatform (32)
[2015.05.08-13.15.23:692][963]LogModuleManager: Shutting down and abandoning module Android_PVRTCTargetPlatform (31)
[2015.05.08-13.15.23:692][963]LogModuleManager: Shutting down and abandoning module Android_ETC2TargetPlatform (30)
[2015.05.08-13.15.23:693][963]LogModuleManager: Shutting down and abandoning module Android_ETC1TargetPlatform (29)
[2015.05.08-13.15.23:693][963]LogModuleManager: Shutting down and abandoning module Android_ES31TargetPlatform (28)
[2015.05.08-13.15.23:693][963]LogModuleManager: Shutting down and abandoning module Android_DXTTargetPlatform (27)
[2015.05.08-13.15.23:693][963]LogModuleManager: Shutting down and abandoning module Android_ATCTargetPlatform (26)
[2015.05.08-13.15.23:693][963]LogModuleManager: Shutting down and abandoning module AndroidTargetPlatform (25)
[2015.05.08-13.15.23:693][963]LogModuleManager: Shutting down and abandoning module WindowsTargetPlatform (24)
[2015.05.08-13.15.23:693][963]LogModuleManager: Shutting down and abandoning module WindowsServerTargetPlatform (23)
[2015.05.08-13.15.23:693][963]LogModuleManager: Shutting down and abandoning module WindowsNoEditorTargetPlatform (22)
[2015.05.08-13.15.23:693][963]LogModuleManager: Shutting down and abandoning module WindowsClientTargetPlatform (21)
[2015.05.08-13.15.23:693][963]LogModuleManager: Shutting down and abandoning module TargetPlatform (20)
[2015.05.08-13.15.23:693][963]LogModuleManager: Shutting down and abandoning module InputCore (19)
[2015.05.08-13.15.23:693][963]LogModuleManager: Shutting down and abandoning module Settings (18)
[2015.05.08-13.15.23:693][963]LogModuleManager: Shutting down and abandoning module OnlineSubsystem (16)
[2015.05.08-13.15.23:693][963]LogModuleManager: Shutting down and abandoning module OculusRift (15)
[2015.05.08-13.15.23:693][963]LogModuleManager: Shutting down and abandoning module ExampleDeviceProfileSelector (14)
[2015.05.08-13.15.23:693][963]LogModuleManager: Shutting down and abandoning module TextureCompressor (13)
[2015.05.08-13.15.23:693][963]LogModuleManager: Shutting down and abandoning module ShaderCore (12)
[2015.05.08-13.15.23:693][963]LogModuleManager: Shutting down and abandoning module Landscape (11)
[2015.05.08-13.15.23:693][963]LogModuleManager: Shutting down and abandoning module SlateRHIRenderer (10)
[2015.05.08-13.15.23:699][963]LogModuleManager: Shutting down and abandoning module OpenGLDrv (9)
[2015.05.08-13.15.23:699][963]LogModuleManager: Shutting down and abandoning module D3D11RHI (8)
[2015.05.08-13.15.23:699][963]LogModuleManager: Shutting down and abandoning module Renderer (7)
[2015.05.08-13.15.23:699][963]LogModuleManager: Shutting down and abandoning module Engine (6)
[2015.05.08-13.15.23:699][963]LogModuleManager: Shutting down and abandoning module CoreUObject (5)
[2015.05.08-13.15.23:699][963]LogModuleManager: Shutting down and abandoning module NetworkFile (4)
[2015.05.08-13.15.23:699][963]LogModuleManager: Shutting down and abandoning module StreamingFile (3)
[2015.05.08-13.15.23:699][963]LogModuleManager: Shutting down and abandoning module SandboxFile (2)
[2015.05.08-13.15.23:699][963]LogModuleManager: Shutting down and abandoning module PakFile (1)
[2015.05.08-13.15.23:700][963]LogExit: Exiting.
[2015.05.08-13.15.23:710][963]Log file closed, 05/08/15 21:15:23
