Log file open, 05/06/15 22:27:33
LogInit:Display: Running engine for game: Prototype
LogInit: Version: 4.7.5-2503383+++depot+UE4-Releases+4.7
LogInit: API Version: 2455222
LogInit: Compiled (64-bit): Apr  6 2015 23:21:51
LogInit: Compiled with Visual C++: 18.00.21005.01
LogInit: Build Configuration: Development
LogInit: Branch Name: ++depot+UE4-Releases+4.7
LogInit: Command line: 
LogInit: Base directory: F:/Epic/Epic Games/4.7/Engine/Binaries/Win64/
LogInit: Rocket: 1
[2015.05.06-14.27.33:739][  0]LogTaskGraph: Started task graph with 3 named threads and 6 total threads.
[2015.05.06-14.27.33:809][  0]LogOnline:Warning: No default platform service specified for OnlineSubsystem
[2015.05.06-14.27.33:830][  0]LogInit: Presizing for 0 objects not considered by GC, pre-allocating 0 bytes.
[2015.05.06-14.27.33:842][  0]LogInit: Object subsystem initialized
[2015.05.06-14.27.33:845][  0]LogConsoleResponse:Warning: Skipping Unknown console variable: 'TranslucentSortAxis = (X=0.000000,Y=-1.000000,Z=0.000000)'
[2015.05.06-14.27.33:845][  0]LogConsoleResponse:Warning:   Found in ini file 'F:/U3D/1-3-life-choices/Saved/Config/Windows/Engine.ini', in section '[/Script/Engine.RendererSettings]'
[2015.05.06-14.27.33:845][  0]LogConsoleResponse:Warning: Skipping Unknown console variable: 'UIScaleRule = ShortestSide'
[2015.05.06-14.27.33:845][  0]LogConsoleResponse:Warning:   Found in ini file 'F:/U3D/1-3-life-choices/Saved/Config/Windows/Engine.ini', in section '[/Script/Engine.RendererSettings]'
[2015.05.06-14.27.33:845][  0]LogConsoleResponse:Warning: Skipping Unknown console variable: 'UIScaleCurve = (EditorCurveData=(Keys=),ExternalCurve=None)'
[2015.05.06-14.27.33:845][  0]LogConsoleResponse:Warning:   Found in ini file 'F:/U3D/1-3-life-choices/Saved/Config/Windows/Engine.ini', in section '[/Script/Engine.RendererSettings]'
[2015.05.06-14.27.33:845][  0]LogInit: Selected Device Profile: [Windows]
[2015.05.06-14.27.33:845][  0]LogInit: Applying CVar settings loaded from the selected device profile: [Windows]
[2015.05.06-14.27.33:853][  0]LogInit: Computer: RAYMONDMG
[2015.05.06-14.27.33:853][  0]LogInit: User: RMG
[2015.05.06-14.27.33:853][  0]LogInit: CPU Page size=4096, Cores=4
[2015.05.06-14.27.33:853][  0]LogInit: High frequency timer resolution =2.435776 MHz
[2015.05.06-14.27.33:853][  0]LogMemory: Memory total: Physical=7.9GB (8GB approx) Virtual=131072.0GB
[2015.05.06-14.27.33:854][  0]LogMemory: Platform Memory Stats for Windows
[2015.05.06-14.27.33:854][  0]LogMemory: Process Physical Memory: 46.93 MB used, 46.93 MB peak
[2015.05.06-14.27.33:854][  0]LogMemory: Process Virtual Memory: 24.42 MB used, 24.42 MB peak
[2015.05.06-14.27.33:854][  0]LogMemory: Physical Memory: 5036.50 MB used, 8073.02 MB total
[2015.05.06-14.27.33:854][  0]LogMemory: Virtual Memory: 286.68 MB used, 134217728.00 MB total
[2015.05.06-14.27.33:906][  0]LogD3D11RHI: Found D3D11 adapter 0: Intel(R) HD Graphics 4600 (Feature Level 11_0)
[2015.05.06-14.27.33:906][  0]LogD3D11RHI: Adapter has 4078MB of dedicated video memory, 0MB of dedicated system memory, and 4036MB of shared system memory, 1 output[s]
[2015.05.06-14.27.33:907][  0]LogD3D11RHI: Found D3D11 adapter 1: Microsoft Basic Render Driver (Feature Level 11_0)
[2015.05.06-14.27.33:907][  0]LogD3D11RHI: Adapter has 0MB of dedicated video memory, 0MB of dedicated system memory, and 256MB of shared system memory, 0 output[s]
[2015.05.06-14.27.33:907][  0]LogD3D11RHI: Chosen D3D11 Adapter Id = 0
[2015.05.06-14.27.33:912][  0]LogRHI: Texture pool is 1361 MB (70% of 1945 MB)
[2015.05.06-14.27.33:922][  0]LogD3D11RHI: Async texture creation enabled
[2015.05.06-14.27.34:039][  0]LogTextLocalizationManager:Warning: Loading localization resources contain conflicting entries for (Namespace:UICommands, Key:Save):
Resource: (F:/Epic/Epic Games/4.7/Engine/Content/Localization/Editor/zh-CN/Editor.locres) Hash: (-669349758) String: (保存)
Resource: (F:/Epic/Epic Games/4.7/Engine/Content/Localization/Engine/zh-CN/Engine.locres) Hash: (-669349758) String: (保持)
[2015.05.06-14.27.34:039][  0]LogTextLocalizationManager:Warning: Loading localization resources contain conflicting entries for (Namespace:UICommands, Key:Save_ToolTip):
Resource: (F:/Epic/Epic Games/4.7/Engine/Content/Localization/Editor/zh-CN/Editor.locres) Hash: (-29098895) String: (保存所有当前关卡到磁盘中)
Resource: (F:/Epic/Epic Games/4.7/Engine/Content/Localization/Engine/zh-CN/Engine.locres) Hash: (-1280300587) String: (保存选择的数据到vlog文件)
[2015.05.06-14.27.34:039][  0]LogTextLocalizationManager:Warning: Loading localization resources contain conflicting entries for (Namespace:ContentBrowser, Key:ImportAssetToolTip):
Resource: (F:/Epic/Epic Games/4.7/Engine/Content/Localization/Editor/zh-CN/Editor.locres) Hash: (-630476809) String: (导入到{0}...)
Resource: (F:/Epic/Epic Games/4.7/Engine/Content/Localization/Editor/zh-CN/Editor.locres) Hash: (1271782899) String: (从文件中导入资源到这个文件夹内。)
[2015.05.06-14.27.34:107][  0]LogContentStreaming: Texture pool size is 0.000000MB
[2015.05.06-14.27.36:068][  0]LogTargetPlatformManager:Display: Building Assets For Windows
[2015.05.06-14.27.36:535][  0]LogTargetPlatformManager:Display: Building Assets For Windows
[2015.05.06-14.27.36:580][  0]LogDerivedDataCache:Display: Max Cache Size: 512 MB
[2015.05.06-14.27.36:622][  0]LogDerivedDataCache: Loaded boot cache 0.04s 39MB C:/Users/RMG/AppData/Local/UnrealEngine/4.7/DerivedDataCache/Boot.ddc.
[2015.05.06-14.27.36:622][  0]LogDerivedDataCache:Display: Loaded Boot cache: C:/Users/RMG/AppData/Local/UnrealEngine/4.7/DerivedDataCache/Boot.ddc
[2015.05.06-14.27.36:622][  0]LogDerivedDataCache: FDerivedDataBackendGraph:  Pak pak cache file ../../../../../../U3D/1-3-life-choices/DerivedDataCache/DDC.ddp not found, will not use a pak cache.
[2015.05.06-14.27.36:622][  0]LogDerivedDataCache: Unable to find inner node Pak for hierarchical cache Hierarchy.
[2015.05.06-14.27.36:730][  0]LogDerivedDataCache:Display: Pak cache opened for reading ../../../Engine/DerivedDataCache/Compressed.ddp.
[2015.05.06-14.27.36:743][  0]LogDerivedDataCache: Using Local data cache path C:/Users/RMG/AppData/Local/UnrealEngine/Common/DerivedDataCache: Writable
[2015.05.06-14.27.36:976][  0]LogMeshUtilities: No automatic mesh reduction module available
[2015.05.06-14.27.36:976][  0]LogMeshUtilities: No automatic mesh merging module available
[2015.05.06-14.27.37:302][  0]LogInit: WinSock: version 1.1 (2.2), MaxSocks=32767, MaxUdp=65467
[2015.05.06-14.27.37:368][  0]LogSlate:Warning: Failed to load font data from '../../../Engine/Content/Slate/Fonts/Roboto-Italic.ttf'
[2015.05.06-14.27.38:025][  0]UdpMessaging: Initializing bridge on interface 0.0.0.0:0 to multicast group 230.0.0.1:6666.
[2015.05.06-14.27.38:181][  0]SourceControl: 信息 源码控制已禁用
[2015.05.06-14.27.38:181][  0]SourceControl: 信息 源码控制已禁用
[2015.05.06-14.27.38:181][  0]SourceControl: 信息 源码控制已禁用
[2015.05.06-14.27.38:181][  0]LogSourceControl: RunCommandInternalRaw: 'git version'
[2015.05.06-14.27.38:181][  0]LogSourceControl: RunCommandInternalRaw: ExecProcess ReturnCode=2 OutResults=''
[2015.05.06-14.27.38:187][  0]SourceControl: 信息 源码控制已禁用
[2015.05.06-14.27.38:318][  0]LogObj: 24232 objects as part of root set at end of initial load.
[2015.05.06-14.27.38:318][  0]LogUObjectAllocator: 5137176 out of 0 bytes used by permanent object pool.
[2015.05.06-14.27.38:394][  0]LogEngine: Initializing Engine...
[2015.05.06-14.27.40:570][  0]LogInit: XAudio2 using '扬声器 (Realtek High Definition Audio)' : 2 channels at 48 kHz using 32 bits per sample (channel mask 0x3)
[2015.05.06-14.27.40:588][  0]LogInit: FAudioDevice initialized.
[2015.05.06-14.27.40:612][  0]LogAIModule: Creating AISystem for world NewWorld
[2015.05.06-14.27.40:634][  0]LogDerivedDataCache: Saved boot cache 0.02s 39MB C:/Users/RMG/AppData/Local/UnrealEngine/4.7/DerivedDataCache/Boot.ddc.
[2015.05.06-14.27.40:636][  0]LogInit: Texture streaming: Enabled
[2015.05.06-14.27.40:704][  0]LogAnalytics: Creating configured Analytics provider AnalyticsET
[2015.05.06-14.27.40:704][  0]LogAnalytics: ET APIKey = Rocket.Release. APIServer = http://et2.epicgames.com/ET2/. AppVersion = 4.7.5-2503383+++depot+UE4-Releases+4.7
[2015.05.06-14.27.40:704][  0]LogAnalytics: ET APIKey = Rocket.Release. DataRouterUploadURL = https://datarouter-public-service-gamedev.ol.epicgames.net/datarouter/api/v1/public/data. AppVersion = 4.7.5-2503383+++depot+UE4-Releases+4.7
[2015.05.06-14.27.40:704][  0]LogAnalytics: SetUserId ff36e97c47fc0dce0794ddbc8f88a228|197ccca8ace4469dbd28a387a822afed|95cd838e-8492-4e16-832d-77cf58ff72cc
[2015.05.06-14.27.40:704][  0]LogAnalytics: AnalyticsET::StartSession [Rocket.Release]
[2015.05.06-14.27.40:734][  0]LogInit: Transaction tracking system initialized
[2015.05.06-14.27.40:863][  0]BlueprintLog: New page: 编辑器加载
[2015.05.06-14.27.40:890][  0]LogAssetRegistry: FAssetRegistry took 0.0107 seconds to start up
[2015.05.06-14.27.40:890][  0]LogDirectoryWatcher:Warning: Failed to begin reading directory changes for ../../../Engine/Plugins/Experimental/CharacterAI/Content/. Error: 0
[2015.05.06-14.27.41:434][  0]LogTargetPlatformManager:Display: Building Assets For Windows
[2015.05.06-14.27.41:776][  0]LogTargetPlatformManager:Display: Building Assets For Windows
[2015.05.06-14.27.41:980][  0]LogSlate:Warning: Failed to load font data from '../../../Engine/Content/Editor/Slate/Fonts/Roboto-Regular.ttf'
[2015.05.06-14.27.41:981][  0]LogSlate:Warning: Failed to load font data from '../../../Engine/Content/Editor/Slate/Fonts/Roboto-Bold.ttf'
[2015.05.06-14.27.41:985][  0]LogConsoleResponse:Display: 
[2015.05.06-14.27.42:091][  0]LogCook:Display: Done creating registry. It took  0.00s.
[2015.05.06-14.27.42:185][  0]SourceControl: 信息 源码控制已禁用
[2015.05.06-14.27.42:185][  0]Cmd: MAP LOAD FILE="../../../../../../U3D/1-3-life-choices/Content/FirstPersonBP/Maps/FirstPersonExampleMap.umap" TEMPLATE=0 SHOWPROGRESS=1 FEATURELEVEL=3
[2015.05.06-14.27.42:185][  0]LightingResults: New page: 光照构建
[2015.05.06-14.27.42:194][  0]MapCheck: New page: 地图检测
[2015.05.06-14.27.42:194][  0]LightingResults: New page: 光照构建
[2015.05.06-14.27.42:201][  0]LogParticles: Destroying 0 GPU particle simulations for FXSystem 0x00000044EC250720
[2015.05.06-14.27.42:728][  0]LoadErrors:Error: 错误 SkeletalMeshComponent导入失败
[2015.05.06-14.27.43:015][  0]LogEditorServer: Finished looking for orphan Actors (0.000 secs)
[2015.05.06-14.27.43:930][  0]LogAIModule: Creating AISystem for world FirstPersonExampleMap
[2015.05.06-14.27.43:931][  0]Cmd: MAP CHECKDEP
[2015.05.06-14.27.43:931][  0]MapCheck: New page: FirstPersonExampleMap - 2015年5月7日 上午6:27:43
[2015.05.06-14.27.43:984][  0]MapCheck: 信息 地图检测完成：0个错误，0 个警告，用时53.103毫秒完成。
[2015.05.06-14.27.43:984][  0]LogFileHelpers: Loading map 'FirstPersonExampleMap' took 1.799
[2015.05.06-14.27.44:109][  0]LogCollectionManager: Loaded 0 collections in 0.000979 seconds
[2015.05.06-14.27.44:116][  0]LogContentBrowser: Native class hierarchy populated in 0.0073 seconds. Added 1696 classes and 261 folders.
[2015.05.06-14.27.44:129][  0]LogContentBrowser:Verbose: The content browser source was changed by the sources view to '/Game'
[2015.05.06-14.27.44:139][  0]LogContentBrowser: Native class hierarchy updated for 'SceneOutliner' in 0.0012 seconds. Added 1 classes and 2 folders.
[2015.05.06-14.27.44:177][  0]LogCrashTracker: Crashtracker disabled due to settings.
[2015.05.06-14.27.44:178][  0]LogSlate:Warning: Failed to load font data from 'Veranda'
[2015.05.06-14.27.44:184][  0]LogUObjectGlobals:Warning: 寻找对象'Class 无.'失败
[2015.05.06-14.27.44:211][  0]LogLoad: Full Startup: 12.11 seconds (BP compile: 0.16 seconds)
[2015.05.06-14.27.44:475][  0]LogRenderer:Warning: Reallocating scene render targets to support 1208x576 (Frame:2).
[2015.05.06-14.27.45:067][  4]LogAssetRegistry: Asset discovery search completed in 4.1885 seconds
[2015.05.06-14.27.50:228][ 74]Cmd: MAP LOAD FILE="../../../../../../U3D/1-3-life-choices/Content/MR.umap" TEMPLATE=0 SHOWPROGRESS=1 FEATURELEVEL=3
[2015.05.06-14.27.50:228][ 74]LightingResults: New page: 光照构建
[2015.05.06-14.27.50:252][ 74]LoadErrors: New page: 正在加载地图： MR.umap
[2015.05.06-14.27.50:253][ 74]MapCheck: New page: 地图检测
[2015.05.06-14.27.50:253][ 74]LightingResults: New page: 光照构建
[2015.05.06-14.27.50:262][ 74]LogParticles: Destroying 0 GPU particle simulations for FXSystem 0x00000044E6FA5A80
[2015.05.06-14.27.50:350][ 74]LogEditorServer: Finished looking for orphan Actors (0.000 secs)
[2015.05.06-14.27.50:401][ 74]LogAIModule: Creating AISystem for world MR
[2015.05.06-14.27.50:438][ 74]Cmd: MAP CHECKDEP
[2015.05.06-14.27.50:438][ 74]MapCheck: New page: MR - 2015年5月7日 上午6:27:50
[2015.05.06-14.27.50:500][ 74]MapCheck: 信息 地图检测完成：0个错误，0 个警告，用时62.509毫秒完成。
[2015.05.06-14.27.50:501][ 74]LogFileHelpers: Loading map 'MR' took 0.275
[2015.05.06-14.37.56:292][676]Cmd: OBJ SAVEPACKAGE PACKAGE="/Game/MR" FILE="../../../../../../U3D/1-3-life-choices/Saved/Autosaves/Game/MR_Auto1.umap" SILENT=true AUTOSAVING=true KEEPDIRTY=false
[2015.05.06-14.37.56:943][676]LogSavePackage: Save=636.719055ms
[2015.05.06-14.37.56:943][676]LogSavePackage: Moving '../../../../../../U3D/1-3-life-choices/Saved/MR_Auto11E2B900D41C001B62B0D508F098A4BB2.tmp' to '../../../../../../U3D/1-3-life-choices/Saved/Autosaves/Game/MR_Auto1.umap'
[2015.05.06-14.37.56:950][676]LogFileHelpers: Editor autosave (incl. sublevels) for '/Game/MR' took 0.788
[2015.05.06-14.37.56:950][676]LogFileHelpers: Editor autosave (incl. sublevels) for all levels took 0.788
[2015.05.06-14.40.08:047][380]BlueprintLog: New page: 编译MR
[2015.05.06-14.40.08:206][380]BlueprintEditorCompileResults: 信息 [0756.10]MR编译成功！[用时159毫秒]
[2015.05.06-14.44.02:000][724]LogContentBrowser:Verbose: The content browser source was changed by the sources view to '/Game/MyProtoType'
[2015.05.06-14.44.03:599][738]LogContentBrowser:Verbose: The content browser source was changed by the sources view to '/Game/MyProtoType/BlueScripts'
[2015.05.06-14.44.04:730][748]LogContentBrowser:Verbose: The content browser source was changed by the sources view to '/Game/MyProtoType/BlueScripts/EasyUI'
[2015.05.06-14.45.17:595][399]LogSlate:Warning: Prevented a slow task dialog from being summoned while a context menu was open
[2015.05.06-14.45.46:388][ 40]BlueprintLog: New page: 编译MR
[2015.05.06-14.45.46:529][ 40]BlueprintEditorCompileResults: 信息 [1094.43]MR编译成功！[用时140毫秒]
[2015.05.06-14.46.45:597][285]BlueprintLog: New page: 编译MR
[2015.05.06-14.46.45:741][285]BlueprintEditorCompileResults: 信息 [1153.64]MR编译成功！[用时143毫秒]
[2015.05.06-14.46.46:796][295]BlueprintLog: New page: PIE之前的自动重新编译
[2015.05.06-14.46.46:809][295]LogPlayLevel: [PIE] Compiling MR before PIE...
[2015.05.06-14.46.46:913][295]LogPlayLevel: PIE:  Blueprint regeneration took 117 ms (1 blueprints)
[2015.05.06-14.46.46:914][295]PIE: New page: PIE会话: MR (2015年5月7日 上午6:46:46)
[2015.05.06-14.46.47:016][295]LogPlayLevel: PIE: StaticDuplicateObject took: (0.102480s)
[2015.05.06-14.46.47:017][295]LogPlayLevel: PIE: World Init took: (0.000598s)
[2015.05.06-14.46.47:017][295]LogPlayLevel: PIE: Created PIE world by copying editor world from /Game/MR.MR to /Game/UEDPIE_0_MR.MR (0.103306s)
[2015.05.06-14.46.47:072][295]LogWorld: Game class is 'FirstPersonGameMode_C'
[2015.05.06-14.46.47:075][295]LogAIModule: Creating AISystem for world MR
[2015.05.06-14.46.47:103][295]LogWorld: Bringing World /Game/UEDPIE_0_MR.MR up for play (max tick rate 60) at 2015.05.06-22.46.47
[2015.05.06-14.46.47:108][295]LogWorld: Bringing up level for play took: 0.032822
[2015.05.06-14.46.47:111][295]PIE: 信息 /Game/UEDPIE_0_MR的‘在编辑器中播放’的起始时间0.777
[2015.05.06-14.46.53:259][356]LogParticles: Destroying 0 GPU particle simulations for FXSystem 0x000000448A2F7BA0
[2015.05.06-14.47.29:145][133]BlueprintLog: New page: 编译MR
[2015.05.06-14.47.29:280][133]BlueprintEditorCompileResults: 信息 [1197.18]MR编译成功！[用时134毫秒]
[2015.05.06-14.47.32:072][149]BlueprintLog: New page: PIE之前的自动重新编译
[2015.05.06-14.47.32:084][149]LogPlayLevel: [PIE] Compiling MR before PIE...
[2015.05.06-14.47.32:187][149]LogPlayLevel: PIE:  Blueprint regeneration took 115 ms (1 blueprints)
[2015.05.06-14.47.32:187][149]PIE: New page: PIE会话: MR (2015年5月7日 上午6:47:32)
[2015.05.06-14.47.32:287][149]LogPlayLevel: PIE: StaticDuplicateObject took: (0.099129s)
[2015.05.06-14.47.32:287][149]LogPlayLevel: PIE: World Init took: (0.000475s)
[2015.05.06-14.47.32:287][149]LogPlayLevel: PIE: Created PIE world by copying editor world from /Game/MR.MR to /Game/UEDPIE_0_MR.MR (0.099829s)
[2015.05.06-14.47.32:324][149]LogWorld: Game class is 'FirstPersonGameMode_C'
[2015.05.06-14.47.32:326][149]LogAIModule: Creating AISystem for world MR
[2015.05.06-14.47.32:354][149]LogWorld: Bringing World /Game/UEDPIE_0_MR.MR up for play (max tick rate 60) at 2015.05.06-22.47.32
[2015.05.06-14.47.32:359][149]LogWorld: Bringing up level for play took: 0.032485
[2015.05.06-14.47.32:361][149]PIE: 信息 /Game/UEDPIE_0_MR的‘在编辑器中播放’的起始时间0.027
[2015.05.06-14.47.39:997][162]LogScript:Warning: Accessed None 'UI'
	MR_C /Game/UEDPIE_0_MR.MR:PersistentLevel.MR_C_2
	Function /Game/MR.MR_C:ExecuteUbergraph_MR:01F5
[2015.05.06-14.47.39:998][162]PIE:Error: 错误 Accessed None 'UI' from node NarratorNode in blueprint MR
[2015.05.06-14.47.39:998][162]LogScript:Warning: Accessed None 'UI'
	MR_C /Game/UEDPIE_0_MR.MR:PersistentLevel.MR_C_2
	Function /Game/MR.MR_C:ExecuteUbergraph_MR:01F5
[2015.05.06-14.47.39:999][162]PIE:Error: 错误 Accessed None 'UI' from node NarratorNode in blueprint MR
[2015.05.06-14.47.39:999][162]LogScript:Warning: Accessed None 'UI'
	MR_C /Game/UEDPIE_0_MR.MR:PersistentLevel.MR_C_2
	Function /Game/MR.MR_C:ExecuteUbergraph_MR:01F5
[2015.05.06-14.47.40:000][162]PIE:Error: 错误 Accessed None 'UI' from node NarratorNode in blueprint MR
[2015.05.06-14.47.40:000][162]LogScript:Warning: Accessed None 'UI'
	MR_C /Game/UEDPIE_0_MR.MR:PersistentLevel.MR_C_2
	Function /Game/MR.MR_C:ExecuteUbergraph_MR:01F5
[2015.05.06-14.47.40:000][162]PIE:Error: 错误 Accessed None 'UI' from node NarratorNode in blueprint MR
[2015.05.06-14.47.40:001][162]LogScript:Warning: Accessed None 'UI'
	MR_C /Game/UEDPIE_0_MR.MR:PersistentLevel.MR_C_2
	Function /Game/MR.MR_C:ExecuteUbergraph_MR:01F5
[2015.05.06-14.47.40:001][162]PIE:Error: 错误 Accessed None 'UI' from node NarratorNode in blueprint MR
[2015.05.06-14.47.40:001][162]LogScript:Warning: Accessed None 'UI'
	MR_C /Game/UEDPIE_0_MR.MR:PersistentLevel.MR_C_2
	Function /Game/MR.MR_C:ExecuteUbergraph_MR:01F5
[2015.05.06-14.47.40:002][162]PIE:Error: 错误 Accessed None 'UI' from node NarratorNode in blueprint MR
[2015.05.06-14.47.40:002][162]LogScript:Warning: Accessed None 'UI'
	MR_C /Game/UEDPIE_0_MR.MR:PersistentLevel.MR_C_2
	Function /Game/MR.MR_C:ExecuteUbergraph_MR:01F5
[2015.05.06-14.47.40:003][162]PIE:Error: 错误 Accessed None 'UI' from node NarratorNode in blueprint MR
[2015.05.06-14.47.54:173][329]LogParticles: Destroying 0 GPU particle simulations for FXSystem 0x000000448C865E40
[2015.05.06-14.48.29:014][343]Cmd: OBJ SAVEPACKAGE PACKAGE="/Game/MR" FILE="../../../../../../U3D/1-3-life-choices/Saved/Autosaves/Game/MR_Auto2.umap" SILENT=true AUTOSAVING=true KEEPDIRTY=false
[2015.05.06-14.48.29:719][343]LogSavePackage: Save=689.340088ms
[2015.05.06-14.48.29:719][343]LogSavePackage: Moving '../../../../../../U3D/1-3-life-choices/Saved/MR_Auto2442C34364C423EBBD5A4528498CA32AB.tmp' to '../../../../../../U3D/1-3-life-choices/Saved/Autosaves/Game/MR_Auto2.umap'
[2015.05.06-14.48.29:727][343]LogFileHelpers: Editor autosave (incl. sublevels) for '/Game/MR' took 0.822
[2015.05.06-14.48.29:727][343]LogFileHelpers: Editor autosave (incl. sublevels) for all levels took 0.822
[2015.05.06-14.49.33:732][811]BlueprintLog: New page: 编译MR
[2015.05.06-14.49.33:891][811]BlueprintEditorCompileResults: 信息 [1321.79]MR编译成功！[用时158毫秒]
[2015.05.06-14.49.42:169][890]BlueprintLog: New page: PIE之前的自动重新编译
[2015.05.06-14.49.42:178][890]LogPlayLevel: [PIE] Compiling MR before PIE...
[2015.05.06-14.49.42:287][890]LogPlayLevel: PIE:  Blueprint regeneration took 118 ms (1 blueprints)
[2015.05.06-14.49.42:288][890]PIE: New page: PIE会话: MR (2015年5月7日 上午6:49:42)
[2015.05.06-14.49.42:393][890]LogPlayLevel: PIE: StaticDuplicateObject took: (0.104836s)
[2015.05.06-14.49.42:393][890]LogPlayLevel: PIE: World Init took: (0.000606s)
[2015.05.06-14.49.42:394][890]LogPlayLevel: PIE: Created PIE world by copying editor world from /Game/MR.MR to /Game/UEDPIE_0_MR.MR (0.105708s)
[2015.05.06-14.49.42:430][890]LogWorld: Game class is 'FirstPersonGameMode_C'
[2015.05.06-14.49.42:432][890]LogAIModule: Creating AISystem for world MR
[2015.05.06-14.49.42:460][890]LogWorld: Bringing World /Game/UEDPIE_0_MR.MR up for play (max tick rate 60) at 2015.05.06-22.49.42
[2015.05.06-14.49.42:465][890]LogWorld: Bringing up level for play took: 0.032857
[2015.05.06-14.49.42:468][890]PIE: 信息 /Game/UEDPIE_0_MR的‘在编辑器中播放’的起始时间0.133
[2015.05.06-14.50.02:576][ 73]LogParticles: Destroying 0 GPU particle simulations for FXSystem 0x000000448AAF3380
[2015.05.06-14.50.12:014][294]BlueprintLog: New page: 编译MR
[2015.05.06-14.50.12:169][294]BlueprintEditorCompileResults: 信息 [1360.07]MR编译成功！[用时155毫秒]
[2015.05.06-14.50.12:759][301]BlueprintLog: New page: PIE之前的自动重新编译
[2015.05.06-14.50.12:768][301]LogPlayLevel: [PIE] Compiling MR before PIE...
[2015.05.06-14.50.12:877][301]LogPlayLevel: PIE:  Blueprint regeneration took 118 ms (1 blueprints)
[2015.05.06-14.50.12:877][301]PIE: New page: PIE会话: MR (2015年5月7日 上午6:50:12)
[2015.05.06-14.50.12:989][301]LogPlayLevel: PIE: StaticDuplicateObject took: (0.111099s)
[2015.05.06-14.50.12:989][301]LogPlayLevel: PIE: World Init took: (0.000476s)
[2015.05.06-14.50.12:989][301]LogPlayLevel: PIE: Created PIE world by copying editor world from /Game/MR.MR to /Game/UEDPIE_0_MR.MR (0.111803s)
[2015.05.06-14.50.13:028][301]LogWorld: Game class is 'FirstPersonGameMode_C'
[2015.05.06-14.50.13:029][301]LogAIModule: Creating AISystem for world MR
[2015.05.06-14.50.13:076][301]LogWorld: Bringing World /Game/UEDPIE_0_MR.MR up for play (max tick rate 60) at 2015.05.06-22.50.13
[2015.05.06-14.50.13:082][301]LogWorld: Bringing up level for play took: 0.051627
[2015.05.06-14.50.13:084][301]PIE: 信息 /Game/UEDPIE_0_MR的‘在编辑器中播放’的起始时间0.751
[2015.05.06-14.50.16:188][315]LogBlueprintUserMessages: Hello
[2015.05.06-14.50.33:511][555]LogParticles: Destroying 0 GPU particle simulations for FXSystem 0x0000004485A10680
[2015.05.06-14.50.44:023][721]BlueprintLog: New page: 编译MR
[2015.05.06-14.50.44:131][721]BlueprintEditorCompileResults: 信息 [1392.03]MR编译成功！[用时107毫秒]
[2015.05.06-14.50.45:056][731]BlueprintLog: New page: PIE之前的自动重新编译
[2015.05.06-14.50.45:068][731]LogPlayLevel: [PIE] Compiling MR before PIE...
[2015.05.06-14.50.45:173][731]LogPlayLevel: PIE:  Blueprint regeneration took 117 ms (1 blueprints)
[2015.05.06-14.50.45:173][731]PIE: New page: PIE会话: MR (2015年5月7日 上午6:50:45)
[2015.05.06-14.50.45:282][731]LogPlayLevel: PIE: StaticDuplicateObject took: (0.108627s)
[2015.05.06-14.50.45:283][731]LogPlayLevel: PIE: World Init took: (0.000540s)
[2015.05.06-14.50.45:283][731]LogPlayLevel: PIE: Created PIE world by copying editor world from /Game/MR.MR to /Game/UEDPIE_0_MR.MR (0.109374s)
[2015.05.06-14.50.45:318][731]LogWorld: Game class is 'FirstPersonGameMode_C'
[2015.05.06-14.50.45:320][731]LogAIModule: Creating AISystem for world MR
[2015.05.06-14.50.45:348][731]LogWorld: Bringing World /Game/UEDPIE_0_MR.MR up for play (max tick rate 60) at 2015.05.06-22.50.45
[2015.05.06-14.50.45:353][731]LogWorld: Bringing up level for play took: 0.032171
[2015.05.06-14.50.45:355][731]PIE: 信息 /Game/UEDPIE_0_MR的‘在编辑器中播放’的起始时间1.021
[2015.05.06-14.50.48:445][745]LogBlueprintUserMessages: Hello
[2015.05.06-14.50.49:415][755]LogBlueprintUserMessages: Hello
[2015.05.06-14.50.50:398][765]LogBlueprintUserMessages: Hello
[2015.05.06-14.50.51:384][775]LogBlueprintUserMessages: Hello
[2015.05.06-14.50.52:387][785]LogBlueprintUserMessages: Hello
[2015.05.06-14.50.53:394][795]LogBlueprintUserMessages: Hello
[2015.05.06-14.50.54:379][805]LogBlueprintUserMessages: Hello
[2015.05.06-14.50.55:371][815]LogBlueprintUserMessages: Hello
[2015.05.06-14.50.56:536][827]LogBlueprintUserMessages: Hello
[2015.05.06-14.50.56:684][828]LogParticles: Destroying 0 GPU particle simulations for FXSystem 0x000000448C6CAD40
[2015.05.06-14.51.32:460][647]BlueprintLog: New page: 编译MR
[2015.05.06-14.51.32:603][647]BlueprintEditorCompileResults: 信息 [1440.50]MR编译成功！[用时142毫秒]
[2015.05.06-14.51.35:130][666]BlueprintLog: New page: PIE之前的自动重新编译
[2015.05.06-14.51.35:142][666]LogPlayLevel: [PIE] Compiling MR before PIE...
[2015.05.06-14.51.35:249][666]LogPlayLevel: PIE:  Blueprint regeneration took 118 ms (1 blueprints)
[2015.05.06-14.51.35:249][666]PIE: New page: PIE会话: MR (2015年5月7日 上午6:51:35)
[2015.05.06-14.51.35:356][666]LogPlayLevel: PIE: StaticDuplicateObject took: (0.106704s)
[2015.05.06-14.51.35:356][666]LogPlayLevel: PIE: World Init took: (0.000503s)
[2015.05.06-14.51.35:357][666]LogPlayLevel: PIE: Created PIE world by copying editor world from /Game/MR.MR to /Game/UEDPIE_0_MR.MR (0.107453s)
[2015.05.06-14.51.35:389][666]LogWorld: Game class is 'FirstPersonGameMode_C'
[2015.05.06-14.51.35:391][666]LogAIModule: Creating AISystem for world MR
[2015.05.06-14.51.35:419][666]LogWorld: Bringing World /Game/UEDPIE_0_MR.MR up for play (max tick rate 60) at 2015.05.06-22.51.35
[2015.05.06-14.51.35:426][666]LogWorld: Bringing up level for play took: 0.033195
[2015.05.06-14.51.35:428][666]PIE: 信息 /Game/UEDPIE_0_MR的‘在编辑器中播放’的起始时间1.094
[2015.05.06-14.51.38:852][684]LogBlueprintUserMessages: Hello
[2015.05.06-14.51.39:805][693]LogBlueprintUserMessages: Hello
[2015.05.06-14.51.40:815][703]LogBlueprintUserMessages: Hello
[2015.05.06-14.51.41:755][712]LogBlueprintUserMessages: Hello
[2015.05.06-14.51.42:253][717]LogParticles: Destroying 0 GPU particle simulations for FXSystem 0x0000004499803D80
[2015.05.06-14.51.54:843][955]BlueprintLog: New page: 编译MR
[2015.05.06-14.51.54:979][955]BlueprintEditorCompileResults: 信息 [1462.88]MR编译成功！[用时136毫秒]
[2015.05.06-14.51.54:979][955]BlueprintLog: New page: 编译MR
[2015.05.06-14.51.55:074][955]BlueprintEditorCompileResults: 信息 [1462.97]MR编译成功！[用时94毫秒]
[2015.05.06-14.51.57:346][972]BlueprintLog: New page: PIE之前的自动重新编译
[2015.05.06-14.51.57:355][972]LogPlayLevel: [PIE] Compiling MR before PIE...
[2015.05.06-14.51.57:460][972]LogPlayLevel: PIE:  Blueprint regeneration took 113 ms (1 blueprints)
[2015.05.06-14.51.57:460][972]PIE: New page: PIE会话: MR (2015年5月7日 上午6:51:57)
[2015.05.06-14.51.57:563][972]LogPlayLevel: PIE: StaticDuplicateObject took: (0.102511s)
[2015.05.06-14.51.57:563][972]LogPlayLevel: PIE: World Init took: (0.000463s)
[2015.05.06-14.51.57:564][972]LogPlayLevel: PIE: Created PIE world by copying editor world from /Game/MR.MR to /Game/UEDPIE_0_MR.MR (0.103208s)
[2015.05.06-14.51.57:599][972]LogWorld: Game class is 'FirstPersonGameMode_C'
[2015.05.06-14.51.57:601][972]LogAIModule: Creating AISystem for world MR
[2015.05.06-14.51.57:645][972]LogWorld: Bringing World /Game/UEDPIE_0_MR.MR up for play (max tick rate 60) at 2015.05.06-22.51.57
[2015.05.06-14.51.57:651][972]LogWorld: Bringing up level for play took: 0.049459
[2015.05.06-14.51.57:653][972]PIE: 信息 /Game/UEDPIE_0_MR的‘在编辑器中播放’的起始时间-0.681
[2015.05.06-14.52.40:973][748]LogParticles: Destroying 0 GPU particle simulations for FXSystem 0x0000004485A10680
[2015.05.06-14.54.10:911][894]BlueprintLog: New page: 编译MR
[2015.05.06-14.54.11:044][894]BlueprintEditorCompileResults: 信息 [1598.94]MR编译成功！[用时133毫秒]
[2015.05.06-14.54.13:043][907]BlueprintLog: New page: PIE之前的自动重新编译
[2015.05.06-14.54.13:053][907]LogPlayLevel: [PIE] Compiling MR before PIE...
[2015.05.06-14.54.13:156][907]LogPlayLevel: PIE:  Blueprint regeneration took 112 ms (1 blueprints)
[2015.05.06-14.54.13:156][907]PIE: New page: PIE会话: MR (2015年5月7日 上午6:54:13)
[2015.05.06-14.54.13:270][907]LogPlayLevel: PIE: StaticDuplicateObject took: (0.113924s)
[2015.05.06-14.54.13:271][907]LogPlayLevel: PIE: World Init took: (0.000535s)
[2015.05.06-14.54.13:271][907]LogPlayLevel: PIE: Created PIE world by copying editor world from /Game/MR.MR to /Game/UEDPIE_0_MR.MR (0.114665s)
[2015.05.06-14.54.13:306][907]LogWorld: Game class is 'FirstPersonGameMode_C'
[2015.05.06-14.54.13:308][907]LogAIModule: Creating AISystem for world MR
[2015.05.06-14.54.13:337][907]LogWorld: Bringing World /Game/UEDPIE_0_MR.MR up for play (max tick rate 60) at 2015.05.06-22.54.13
[2015.05.06-14.54.13:342][907]LogWorld: Bringing up level for play took: 0.034063
[2015.05.06-14.54.13:344][907]PIE: 信息 /Game/UEDPIE_0_MR的‘在编辑器中播放’的起始时间1.01
[2015.05.06-14.54.15:950][920]LogBlueprintUserMessages: Hey, wow, let’s see who are there this time? 
[2015.05.06-14.54.15:950][920]LogBlueprintUserMessages: Hang on, let me guess, you must be a business man, aren’t you? I know you quite well.
[2015.05.06-14.54.15:950][920]LogBlueprintUserMessages: Wait, wait, i know you are a little bit confused about all this. But don’t worry, i mean really. 
[2015.05.06-14.54.15:950][920]LogBlueprintUserMessages: You know what? This particular place where you are exactly stand on is a dream.
[2015.05.06-14.54.15:950][920]LogBlueprintUserMessages: No, no, please. I’m not talking about that DREAMWORK things. but, i’m serious, your own dream.
[2015.05.06-14.54.15:950][920]LogBlueprintUserMessages: And me, you may consider me as a narrator? or a stranger sit at somewhere in this giant and beautiful room? Well come on! take it easy buddy! I’m not going to hurt you. Otherwise i’ve already done that!
[2015.05.06-14.54.15:950][920]LogBlueprintUserMessages: Fine, anyway, trust me, who i am won’t bother you a lot truely. You will be able to read my story sooner or later.
[2015.05.06-14.54.16:913][930]LogBlueprintUserMessages: Hey, wow, let’s see who are there this time? 
[2015.05.06-14.54.16:913][930]LogBlueprintUserMessages: Hang on, let me guess, you must be a business man, aren’t you? I know you quite well.
[2015.05.06-14.54.16:913][930]LogBlueprintUserMessages: Wait, wait, i know you are a little bit confused about all this. But don’t worry, i mean really. 
[2015.05.06-14.54.16:913][930]LogBlueprintUserMessages: You know what? This particular place where you are exactly stand on is a dream.
[2015.05.06-14.54.16:913][930]LogBlueprintUserMessages: No, no, please. I’m not talking about that DREAMWORK things. but, i’m serious, your own dream.
[2015.05.06-14.54.16:913][930]LogBlueprintUserMessages: And me, you may consider me as a narrator? or a stranger sit at somewhere in this giant and beautiful room? Well come on! take it easy buddy! I’m not going to hurt you. Otherwise i’ve already done that!
[2015.05.06-14.54.16:913][930]LogBlueprintUserMessages: Fine, anyway, trust me, who i am won’t bother you a lot truely. You will be able to read my story sooner or later.
[2015.05.06-14.54.17:920][940]LogBlueprintUserMessages: Hey, wow, let’s see who are there this time? 
[2015.05.06-14.54.17:920][940]LogBlueprintUserMessages: Hang on, let me guess, you must be a business man, aren’t you? I know you quite well.
[2015.05.06-14.54.17:920][940]LogBlueprintUserMessages: Wait, wait, i know you are a little bit confused about all this. But don’t worry, i mean really. 
[2015.05.06-14.54.17:920][940]LogBlueprintUserMessages: You know what? This particular place where you are exactly stand on is a dream.
[2015.05.06-14.54.17:920][940]LogBlueprintUserMessages: No, no, please. I’m not talking about that DREAMWORK things. but, i’m serious, your own dream.
[2015.05.06-14.54.17:920][940]LogBlueprintUserMessages: And me, you may consider me as a narrator? or a stranger sit at somewhere in this giant and beautiful room? Well come on! take it easy buddy! I’m not going to hurt you. Otherwise i’ve already done that!
[2015.05.06-14.54.17:920][940]LogBlueprintUserMessages: Fine, anyway, trust me, who i am won’t bother you a lot truely. You will be able to read my story sooner or later.
[2015.05.06-14.54.18:928][950]LogBlueprintUserMessages: Hey, wow, let’s see who are there this time? 
[2015.05.06-14.54.18:928][950]LogBlueprintUserMessages: Hang on, let me guess, you must be a business man, aren’t you? I know you quite well.
[2015.05.06-14.54.18:928][950]LogBlueprintUserMessages: Wait, wait, i know you are a little bit confused about all this. But don’t worry, i mean really. 
[2015.05.06-14.54.18:928][950]LogBlueprintUserMessages: You know what? This particular place where you are exactly stand on is a dream.
[2015.05.06-14.54.18:928][950]LogBlueprintUserMessages: No, no, please. I’m not talking about that DREAMWORK things. but, i’m serious, your own dream.
[2015.05.06-14.54.18:928][950]LogBlueprintUserMessages: And me, you may consider me as a narrator? or a stranger sit at somewhere in this giant and beautiful room? Well come on! take it easy buddy! I’m not going to hurt you. Otherwise i’ve already done that!
[2015.05.06-14.54.18:928][950]LogBlueprintUserMessages: Fine, anyway, trust me, who i am won’t bother you a lot truely. You will be able to read my story sooner or later.
[2015.05.06-14.54.19:930][960]LogBlueprintUserMessages: Hey, wow, let’s see who are there this time? 
[2015.05.06-14.54.19:930][960]LogBlueprintUserMessages: Hang on, let me guess, you must be a business man, aren’t you? I know you quite well.
[2015.05.06-14.54.19:931][960]LogBlueprintUserMessages: Wait, wait, i know you are a little bit confused about all this. But don’t worry, i mean really. 
[2015.05.06-14.54.19:931][960]LogBlueprintUserMessages: You know what? This particular place where you are exactly stand on is a dream.
[2015.05.06-14.54.19:931][960]LogBlueprintUserMessages: No, no, please. I’m not talking about that DREAMWORK things. but, i’m serious, your own dream.
[2015.05.06-14.54.19:931][960]LogBlueprintUserMessages: And me, you may consider me as a narrator? or a stranger sit at somewhere in this giant and beautiful room? Well come on! take it easy buddy! I’m not going to hurt you. Otherwise i’ve already done that!
[2015.05.06-14.54.19:931][960]LogBlueprintUserMessages: Fine, anyway, trust me, who i am won’t bother you a lot truely. You will be able to read my story sooner or later.
[2015.05.06-14.54.20:930][970]LogBlueprintUserMessages: Hey, wow, let’s see who are there this time? 
[2015.05.06-14.54.20:930][970]LogBlueprintUserMessages: Hang on, let me guess, you must be a business man, aren’t you? I know you quite well.
[2015.05.06-14.54.20:930][970]LogBlueprintUserMessages: Wait, wait, i know you are a little bit confused about all this. But don’t worry, i mean really. 
[2015.05.06-14.54.20:930][970]LogBlueprintUserMessages: You know what? This particular place where you are exactly stand on is a dream.
[2015.05.06-14.54.20:930][970]LogBlueprintUserMessages: No, no, please. I’m not talking about that DREAMWORK things. but, i’m serious, your own dream.
[2015.05.06-14.54.20:930][970]LogBlueprintUserMessages: And me, you may consider me as a narrator? or a stranger sit at somewhere in this giant and beautiful room? Well come on! take it easy buddy! I’m not going to hurt you. Otherwise i’ve already done that!
[2015.05.06-14.54.20:930][970]LogBlueprintUserMessages: Fine, anyway, trust me, who i am won’t bother you a lot truely. You will be able to read my story sooner or later.
[2015.05.06-14.54.21:939][980]LogBlueprintUserMessages: Hey, wow, let’s see who are there this time? 
[2015.05.06-14.54.21:939][980]LogBlueprintUserMessages: Hang on, let me guess, you must be a business man, aren’t you? I know you quite well.
[2015.05.06-14.54.21:939][980]LogBlueprintUserMessages: Wait, wait, i know you are a little bit confused about all this. But don’t worry, i mean really. 
[2015.05.06-14.54.21:940][980]LogBlueprintUserMessages: You know what? This particular place where you are exactly stand on is a dream.
[2015.05.06-14.54.21:940][980]LogBlueprintUserMessages: No, no, please. I’m not talking about that DREAMWORK things. but, i’m serious, your own dream.
[2015.05.06-14.54.21:940][980]LogBlueprintUserMessages: And me, you may consider me as a narrator? or a stranger sit at somewhere in this giant and beautiful room? Well come on! take it easy buddy! I’m not going to hurt you. Otherwise i’ve already done that!
[2015.05.06-14.54.21:940][980]LogBlueprintUserMessages: Fine, anyway, trust me, who i am won’t bother you a lot truely. You will be able to read my story sooner or later.
[2015.05.06-14.54.22:930][990]LogBlueprintUserMessages: Hey, wow, let’s see who are there this time? 
[2015.05.06-14.54.22:930][990]LogBlueprintUserMessages: Hang on, let me guess, you must be a business man, aren’t you? I know you quite well.
[2015.05.06-14.54.22:930][990]LogBlueprintUserMessages: Wait, wait, i know you are a little bit confused about all this. But don’t worry, i mean really. 
[2015.05.06-14.54.22:930][990]LogBlueprintUserMessages: You know what? This particular place where you are exactly stand on is a dream.
[2015.05.06-14.54.22:930][990]LogBlueprintUserMessages: No, no, please. I’m not talking about that DREAMWORK things. but, i’m serious, your own dream.
[2015.05.06-14.54.22:930][990]LogBlueprintUserMessages: And me, you may consider me as a narrator? or a stranger sit at somewhere in this giant and beautiful room? Well come on! take it easy buddy! I’m not going to hurt you. Otherwise i’ve already done that!
[2015.05.06-14.54.22:930][990]LogBlueprintUserMessages: Fine, anyway, trust me, who i am won’t bother you a lot truely. You will be able to read my story sooner or later.
[2015.05.06-14.54.23:950][  0]LogBlueprintUserMessages: Hey, wow, let’s see who are there this time? 
[2015.05.06-14.54.23:950][  0]LogBlueprintUserMessages: Hang on, let me guess, you must be a business man, aren’t you? I know you quite well.
[2015.05.06-14.54.23:950][  0]LogBlueprintUserMessages: Wait, wait, i know you are a little bit confused about all this. But don’t worry, i mean really. 
[2015.05.06-14.54.23:950][  0]LogBlueprintUserMessages: You know what? This particular place where you are exactly stand on is a dream.
[2015.05.06-14.54.23:950][  0]LogBlueprintUserMessages: No, no, please. I’m not talking about that DREAMWORK things. but, i’m serious, your own dream.
[2015.05.06-14.54.23:950][  0]LogBlueprintUserMessages: And me, you may consider me as a narrator? or a stranger sit at somewhere in this giant and beautiful room? Well come on! take it easy buddy! I’m not going to hurt you. Otherwise i’ve already done that!
[2015.05.06-14.54.23:950][  0]LogBlueprintUserMessages: Fine, anyway, trust me, who i am won’t bother you a lot truely. You will be able to read my story sooner or later.
[2015.05.06-14.54.24:878][  9]LogBlueprintUserMessages: Hey, wow, let’s see who are there this time? 
[2015.05.06-14.54.24:878][  9]LogBlueprintUserMessages: Hang on, let me guess, you must be a business man, aren’t you? I know you quite well.
[2015.05.06-14.54.24:878][  9]LogBlueprintUserMessages: Wait, wait, i know you are a little bit confused about all this. But don’t worry, i mean really. 
[2015.05.06-14.54.24:878][  9]LogBlueprintUserMessages: You know what? This particular place where you are exactly stand on is a dream.
[2015.05.06-14.54.24:878][  9]LogBlueprintUserMessages: No, no, please. I’m not talking about that DREAMWORK things. but, i’m serious, your own dream.
[2015.05.06-14.54.24:878][  9]LogBlueprintUserMessages: And me, you may consider me as a narrator? or a stranger sit at somewhere in this giant and beautiful room? Well come on! take it easy buddy! I’m not going to hurt you. Otherwise i’ve already done that!
[2015.05.06-14.54.24:878][  9]LogBlueprintUserMessages: Fine, anyway, trust me, who i am won’t bother you a lot truely. You will be able to read my story sooner or later.
[2015.05.06-14.54.25:907][ 19]LogBlueprintUserMessages: Hey, wow, let’s see who are there this time? 
[2015.05.06-14.54.25:907][ 19]LogBlueprintUserMessages: Hang on, let me guess, you must be a business man, aren’t you? I know you quite well.
[2015.05.06-14.54.25:907][ 19]LogBlueprintUserMessages: Wait, wait, i know you are a little bit confused about all this. But don’t worry, i mean really. 
[2015.05.06-14.54.25:907][ 19]LogBlueprintUserMessages: You know what? This particular place where you are exactly stand on is a dream.
[2015.05.06-14.54.25:907][ 19]LogBlueprintUserMessages: No, no, please. I’m not talking about that DREAMWORK things. but, i’m serious, your own dream.
[2015.05.06-14.54.25:908][ 19]LogBlueprintUserMessages: And me, you may consider me as a narrator? or a stranger sit at somewhere in this giant and beautiful room? Well come on! take it easy buddy! I’m not going to hurt you. Otherwise i’ve already done that!
[2015.05.06-14.54.25:908][ 19]LogBlueprintUserMessages: Fine, anyway, trust me, who i am won’t bother you a lot truely. You will be able to read my story sooner or later.
[2015.05.06-14.54.26:929][ 29]LogBlueprintUserMessages: Hey, wow, let’s see who are there this time? 
[2015.05.06-14.54.26:929][ 29]LogBlueprintUserMessages: Hang on, let me guess, you must be a business man, aren’t you? I know you quite well.
[2015.05.06-14.54.26:929][ 29]LogBlueprintUserMessages: Wait, wait, i know you are a little bit confused about all this. But don’t worry, i mean really. 
[2015.05.06-14.54.26:929][ 29]LogBlueprintUserMessages: You know what? This particular place where you are exactly stand on is a dream.
[2015.05.06-14.54.26:929][ 29]LogBlueprintUserMessages: No, no, please. I’m not talking about that DREAMWORK things. but, i’m serious, your own dream.
[2015.05.06-14.54.26:929][ 29]LogBlueprintUserMessages: And me, you may consider me as a narrator? or a stranger sit at somewhere in this giant and beautiful room? Well come on! take it easy buddy! I’m not going to hurt you. Otherwise i’ve already done that!
[2015.05.06-14.54.26:929][ 29]LogBlueprintUserMessages: Fine, anyway, trust me, who i am won’t bother you a lot truely. You will be able to read my story sooner or later.
[2015.05.06-14.54.27:865][ 38]LogBlueprintUserMessages: Hey, wow, let’s see who are there this time? 
[2015.05.06-14.54.27:865][ 38]LogBlueprintUserMessages: Hang on, let me guess, you must be a business man, aren’t you? I know you quite well.
[2015.05.06-14.54.27:865][ 38]LogBlueprintUserMessages: Wait, wait, i know you are a little bit confused about all this. But don’t worry, i mean really. 
[2015.05.06-14.54.27:865][ 38]LogBlueprintUserMessages: You know what? This particular place where you are exactly stand on is a dream.
[2015.05.06-14.54.27:866][ 38]LogBlueprintUserMessages: No, no, please. I’m not talking about that DREAMWORK things. but, i’m serious, your own dream.
[2015.05.06-14.54.27:866][ 38]LogBlueprintUserMessages: And me, you may consider me as a narrator? or a stranger sit at somewhere in this giant and beautiful room? Well come on! take it easy buddy! I’m not going to hurt you. Otherwise i’ve already done that!
[2015.05.06-14.54.27:866][ 38]LogBlueprintUserMessages: Fine, anyway, trust me, who i am won’t bother you a lot truely. You will be able to read my story sooner or later.
[2015.05.06-14.54.28:890][ 48]LogBlueprintUserMessages: Hey, wow, let’s see who are there this time? 
[2015.05.06-14.54.28:890][ 48]LogBlueprintUserMessages: Hang on, let me guess, you must be a business man, aren’t you? I know you quite well.
[2015.05.06-14.54.28:891][ 48]LogBlueprintUserMessages: Wait, wait, i know you are a little bit confused about all this. But don’t worry, i mean really. 
[2015.05.06-14.54.28:891][ 48]LogBlueprintUserMessages: You know what? This particular place where you are exactly stand on is a dream.
[2015.05.06-14.54.28:891][ 48]LogBlueprintUserMessages: No, no, please. I’m not talking about that DREAMWORK things. but, i’m serious, your own dream.
[2015.05.06-14.54.28:891][ 48]LogBlueprintUserMessages: And me, you may consider me as a narrator? or a stranger sit at somewhere in this giant and beautiful room? Well come on! take it easy buddy! I’m not going to hurt you. Otherwise i’ve already done that!
[2015.05.06-14.54.28:891][ 48]LogBlueprintUserMessages: Fine, anyway, trust me, who i am won’t bother you a lot truely. You will be able to read my story sooner or later.
[2015.05.06-14.54.29:418][ 52]LogParticles: Destroying 0 GPU particle simulations for FXSystem 0x00000044823B40E0
[2015.05.06-14.56.12:613][860]BlueprintLog: New page: 编译MR
[2015.05.06-14.56.12:774][860]BlueprintEditorCompileResults: 信息 [1720.67]MR编译成功！[用时161毫秒]
[2015.05.06-14.56.14:811][874]BlueprintLog: New page: PIE之前的自动重新编译
[2015.05.06-14.56.14:824][874]LogPlayLevel: [PIE] Compiling MR before PIE...
[2015.05.06-14.56.14:926][874]LogPlayLevel: PIE:  Blueprint regeneration took 115 ms (1 blueprints)
[2015.05.06-14.56.14:926][874]PIE: New page: PIE会话: MR (2015年5月7日 上午6:56:14)
[2015.05.06-14.56.15:034][874]LogPlayLevel: PIE: StaticDuplicateObject took: (0.106177s)
[2015.05.06-14.56.15:034][874]LogPlayLevel: PIE: World Init took: (0.000514s)
[2015.05.06-14.56.15:034][874]LogPlayLevel: PIE: Created PIE world by copying editor world from /Game/MR.MR to /Game/UEDPIE_0_MR.MR (0.106902s)
[2015.05.06-14.56.15:070][874]LogWorld: Game class is 'FirstPersonGameMode_C'
[2015.05.06-14.56.15:071][874]LogAIModule: Creating AISystem for world MR
[2015.05.06-14.56.15:099][874]LogWorld: Bringing World /Game/UEDPIE_0_MR.MR up for play (max tick rate 60) at 2015.05.06-22.56.15
[2015.05.06-14.56.15:104][874]LogWorld: Bringing up level for play took: 0.032517
[2015.05.06-14.56.15:107][874]PIE: 信息 /Game/UEDPIE_0_MR的‘在编辑器中播放’的起始时间0.772
[2015.05.06-14.56.34:731][ 44]LogParticles: Destroying 0 GPU particle simulations for FXSystem 0x000000448070F6A0
[2015.05.06-14.57.03:307][585]BlueprintLog: New page: 编译UI
[2015.05.06-14.57.03:385][585]BlueprintEditorCompileResults: 信息 [1771.28]UI编译成功！[用时77毫秒]
[2015.05.06-14.57.03:440][588]BlueprintLog: New page: 编译UI
[2015.05.06-14.57.03:510][588]BlueprintEditorCompileResults: 信息 [1771.41]UI编译成功！[用时69毫秒]
[2015.05.06-14.57.03:892][607]Cmd: OBJ SAVEPACKAGE PACKAGE="/Game/MyProtoType/BlueScripts/EasyUI/UI" FILE="../../../../../../U3D/1-3-life-choices/Content/MyProtoType/BlueScripts/EasyUI/UI.uasset" SILENT=true
[2015.05.06-14.57.03:916][607]LogSavePackage: Save=11.975650ms
[2015.05.06-14.57.03:916][607]LogSavePackage: Moving '../../../../../../U3D/1-3-life-choices/Saved/UI9458F6BD45A2140D929C8B9360D76CAB.tmp' to '../../../../../../U3D/1-3-life-choices/Content/MyProtoType/BlueScripts/EasyUI/UI.uasset'
[2015.05.06-14.57.05:369][642]BlueprintLog: New page: PIE之前的自动重新编译
[2015.05.06-14.57.05:375][642]LogPlayLevel: [PIE] Compiling MR before PIE...
[2015.05.06-14.57.05:479][642]LogPlayLevel: PIE:  Blueprint regeneration took 110 ms (1 blueprints)
[2015.05.06-14.57.05:479][642]PIE: New page: PIE会话: MR (2015年5月7日 上午6:57:05)
[2015.05.06-14.57.05:579][642]LogPlayLevel: PIE: StaticDuplicateObject took: (0.099278s)
[2015.05.06-14.57.05:579][642]LogPlayLevel: PIE: World Init took: (0.000500s)
[2015.05.06-14.57.05:579][642]LogPlayLevel: PIE: Created PIE world by copying editor world from /Game/MR.MR to /Game/UEDPIE_0_MR.MR (0.099985s)
[2015.05.06-14.57.05:616][642]LogWorld: Game class is 'FirstPersonGameMode_C'
[2015.05.06-14.57.05:618][642]LogAIModule: Creating AISystem for world MR
[2015.05.06-14.57.05:646][642]LogWorld: Bringing World /Game/UEDPIE_0_MR.MR up for play (max tick rate 60) at 2015.05.06-22.57.05
[2015.05.06-14.57.05:651][642]LogWorld: Bringing up level for play took: 0.032466
[2015.05.06-14.57.05:653][642]PIE: 信息 /Game/UEDPIE_0_MR的‘在编辑器中播放’的起始时间-0.681
[2015.05.06-14.57.26:895][860]LogParticles: Destroying 0 GPU particle simulations for FXSystem 0x0000004483639A80
[2015.05.06-14.57.51:137][295]BlueprintLog: New page: 编译MR
[2015.05.06-14.57.51:279][295]BlueprintEditorCompileResults: 信息 [1819.18]MR编译成功！[用时142毫秒]
[2015.05.06-14.57.51:279][295]BlueprintLog: New page: 编译MR
[2015.05.06-14.57.51:378][295]BlueprintEditorCompileResults: 信息 [1819.28]MR编译成功！[用时99毫秒]
[2015.05.06-14.58.29:149][ 79]BlueprintLog: New page: 编译UI
[2015.05.06-14.58.29:225][ 79]BlueprintEditorCompileResults: 信息 [1857.12]UI编译成功！[用时76毫秒]
[2015.05.06-14.58.29:966][120]Cmd: OBJ SAVEPACKAGE PACKAGE="/Game/MyProtoType/BlueScripts/EasyUI/UI" FILE="../../../../../../U3D/1-3-life-choices/Content/MyProtoType/BlueScripts/EasyUI/UI.uasset" SILENT=true
[2015.05.06-14.58.29:983][120]LogSavePackage: Save=9.401111ms
[2015.05.06-14.58.29:983][120]LogSavePackage: Moving '../../../../../../U3D/1-3-life-choices/Saved/UIED7F6E4142056774F14B14A3BA192814.tmp' to '../../../../../../U3D/1-3-life-choices/Content/MyProtoType/BlueScripts/EasyUI/UI.uasset'
[2015.05.06-14.58.32:425][198]BlueprintLog: New page: PIE之前的自动重新编译
[2015.05.06-14.58.32:432][198]LogPlayLevel: [PIE] Compiling MR before PIE...
[2015.05.06-14.58.32:533][198]LogPlayLevel: PIE:  Blueprint regeneration took 108 ms (1 blueprints)
[2015.05.06-14.58.32:533][198]PIE: New page: PIE会话: MR (2015年5月7日 上午6:58:32)
[2015.05.06-14.58.32:643][198]LogPlayLevel: PIE: StaticDuplicateObject took: (0.108872s)
[2015.05.06-14.58.32:643][198]LogPlayLevel: PIE: World Init took: (0.000493s)
[2015.05.06-14.58.32:643][198]LogPlayLevel: PIE: Created PIE world by copying editor world from /Game/MR.MR to /Game/UEDPIE_0_MR.MR (0.109589s)
[2015.05.06-14.58.32:676][198]LogWorld: Game class is 'FirstPersonGameMode_C'
[2015.05.06-14.58.32:677][198]LogAIModule: Creating AISystem for world MR
[2015.05.06-14.58.32:726][198]LogWorld: Bringing World /Game/UEDPIE_0_MR.MR up for play (max tick rate 60) at 2015.05.06-22.58.32
[2015.05.06-14.58.32:731][198]LogWorld: Bringing up level for play took: 0.053880
[2015.05.06-14.58.32:734][198]PIE: 信息 /Game/UEDPIE_0_MR的‘在编辑器中播放’的起始时间0.4
[2015.05.06-14.59.02:725][508]LogParticles: Destroying 0 GPU particle simulations for FXSystem 0x000000448039EF20
[2015.05.06-15.01.41:155][470]BlueprintLog: New page: 编译MR
[2015.05.06-15.01.41:291][470]LogParticles: Destroying 0 GPU particle simulations for FXSystem 0x0000004489911A80
[2015.05.06-15.01.41:292][470]BlueprintEditorCompileResults: 信息 [2049.19]MR编译成功！[用时136毫秒]
[2015.05.06-15.01.48:998][727]LogUObjectGlobals:Warning: 寻找对象'Object 无.'失败
[2015.05.06-15.01.48:999][727]LogUObjectGlobals:Warning: 寻找对象'Object 无.'失败
[2015.05.06-15.01.48:999][727]LogUObjectGlobals:Warning: 寻找对象'Object 无.'失败
[2015.05.06-15.01.48:999][727]LogUObjectGlobals:Warning: 寻找对象'Object 无.'失败
[2015.05.06-15.01.49:000][727]LogUObjectGlobals:Warning: 寻找对象'Object 无.'失败
[2015.05.06-15.01.49:000][727]LogUObjectGlobals:Warning: 寻找对象'Object 无.'失败
[2015.05.06-15.01.49:000][727]LogUObjectGlobals:Warning: 寻找对象'Object 无.'失败
[2015.05.06-15.01.49:001][727]LogUObjectGlobals:Warning: 寻找对象'Object 无.'失败
[2015.05.06-15.01.49:001][727]LogUObjectGlobals:Warning: 寻找对象'Object 无.'失败
[2015.05.06-15.01.49:013][727]LogUObjectHash:Warning: Ambiguous search, could be K2Node_IfThenElse /Game/MR.MR:PersistentLevel.MR.EventGraph.K2Node_IfThenElse_10 or K2Node_IfThenElse /Game/MR.MR:PersistentLevel.MR.NarratorNode.K2Node_IfThenElse_10
[2015.05.06-15.01.49:014][727]LogUObjectHash:Warning: Ambiguous search, could be K2Node_CommutativeAssociativeBinaryOperator /Game/MR.MR:PersistentLevel.MR.EventGraph.K2Node_CommutativeAssociativeBinaryOperator_37 or K2Node_CommutativeAssociativeBinaryOperator /Game/MR.MR:PersistentLevel.MR.NarratorNode.K2Node_CommutativeAssociativeBinaryOperator_37
[2015.05.06-15.01.49:019][727]LogUObjectHash:Warning: Ambiguous search, could be K2Node_CommutativeAssociativeBinaryOperator /Game/MR.MR:PersistentLevel.MR.EventGraph.K2Node_CommutativeAssociativeBinaryOperator_37 or K2Node_CommutativeAssociativeBinaryOperator /Game/MR.MR:PersistentLevel.MR.NarratorNode.K2Node_CommutativeAssociativeBinaryOperator_37
[2015.05.06-15.01.49:031][727]LogUObjectHash:Warning: Ambiguous search, could be K2Node_CallArrayFunction /Game/MR.MR:PersistentLevel.MR.EventGraph.K2Node_CallArrayFunction_22 or K2Node_CallArrayFunction /Game/MR.MR:PersistentLevel.MR.NarratorNode.K2Node_CallArrayFunction_22
[2015.05.06-15.01.49:035][727]LogUObjectHash:Warning: Ambiguous search, could be K2Node_CallFunction /Game/MR.MR:PersistentLevel.MR.EventGraph.K2Node_CallFunction_2144 or K2Node_CallFunction /Game/MR.MR:PersistentLevel.MR.NarratorNode.K2Node_CallFunction_2144
[2015.05.06-15.01.49:038][727]LogUObjectHash:Warning: Ambiguous search, could be K2Node_VariableSet /Game/MR.MR:PersistentLevel.MR.EventGraph.K2Node_VariableSet_54 or K2Node_VariableSet /Game/MR.MR:PersistentLevel.MR.NarratorNode.K2Node_VariableSet_54
[2015.05.06-15.01.49:039][727]LogUObjectHash:Warning: Ambiguous search, could be K2Node_CallFunction /Game/MR.MR:PersistentLevel.MR.EventGraph.K2Node_CallFunction_2144 or K2Node_CallFunction /Game/MR.MR:PersistentLevel.MR.NarratorNode.K2Node_CallFunction_2144
[2015.05.06-15.01.49:041][727]LogUObjectHash:Warning: Ambiguous search, could be K2Node_CallFunction /Game/MR.MR:PersistentLevel.MR.EventGraph.K2Node_CallFunction_2144 or K2Node_CallFunction /Game/MR.MR:PersistentLevel.MR.NarratorNode.K2Node_CallFunction_2144
[2015.05.06-15.01.49:982][733]Cmd: OBJ SAVEPACKAGE PACKAGE="/Game/MR" FILE="../../../../../../U3D/1-3-life-choices/Saved/Autosaves/Game/MR_Auto3.umap" SILENT=true AUTOSAVING=true KEEPDIRTY=false
[2015.05.06-15.01.50:681][733]LogSavePackage: Save=685.092957ms
[2015.05.06-15.01.50:681][733]LogSavePackage: Moving '../../../../../../U3D/1-3-life-choices/Saved/MR_Auto38CDCA6CD403D5D8C62998FB57C9F8D66.tmp' to '../../../../../../U3D/1-3-life-choices/Saved/Autosaves/Game/MR_Auto3.umap'
[2015.05.06-15.01.50:689][733]LogFileHelpers: Editor autosave (incl. sublevels) for '/Game/MR' took 0.844
[2015.05.06-15.01.50:689][733]LogFileHelpers: Editor autosave (incl. sublevels) for all levels took 0.844
[2015.05.06-15.02.22:920][131]LogEditorTransaction: Undo 重命名函数
[2015.05.06-15.02.25:780][181]LogEditorTransaction: Undo 添加新函数
[2015.05.06-15.02.27:447][195]LogEditorTransaction: Undo 移动节点
[2015.05.06-15.02.28:456][204]LogEditorTransaction: Undo 粘贴剪贴板内容
[2015.05.06-15.02.31:799][247]LogEditorTransaction: Undo 删除当前选中项
[2015.05.06-15.02.33:478][304]LogEditorTransaction: Undo 移动节点
[2015.05.06-15.02.34:504][313]LogEditorTransaction: Undo 移动节点
[2015.05.06-15.02.35:576][322]LogEditorTransaction: Undo 移动节点
[2015.05.06-15.02.36:607][331]LogEditorTransaction: Undo 断开引脚连接
[2015.05.06-15.03.10:325][216]BlueprintLog: New page: 编译MR
[2015.05.06-15.03.10:466][216]BlueprintEditorCompileResults: 信息 [2138.36]MR编译成功！[用时141毫秒]
[2015.05.06-15.03.10:542][218]BlueprintLog: New page: 编译MR
[2015.05.06-15.03.10:753][218]BlueprintEditorCompileResults: 信息 [2138.65]MR编译成功！[用时211毫秒]
[2015.05.06-15.03.31:212][866]BlueprintLog: New page: 编译MR
[2015.05.06-15.03.31:373][866]BlueprintEditorCompileResults: 信息 [2159.27]MR编译成功！[用时161毫秒]
[2015.05.06-15.03.33:944][884]BlueprintLog: New page: PIE之前的自动重新编译
[2015.05.06-15.03.33:955][884]LogPlayLevel: [PIE] Compiling MR before PIE...
[2015.05.06-15.03.34:064][884]LogPlayLevel: PIE:  Blueprint regeneration took 120 ms (1 blueprints)
[2015.05.06-15.03.34:064][884]PIE: New page: PIE会话: MR (2015年5月7日 上午7:03:34)
[2015.05.06-15.03.34:162][884]LogPlayLevel: PIE: StaticDuplicateObject took: (0.097910s)
[2015.05.06-15.03.34:163][884]LogPlayLevel: PIE: World Init took: (0.000590s)
[2015.05.06-15.03.34:163][884]LogPlayLevel: PIE: Created PIE world by copying editor world from /Game/MR.MR to /Game/UEDPIE_0_MR.MR (0.098706s)
[2015.05.06-15.03.34:210][884]LogWorld: Game class is 'FirstPersonGameMode_C'
[2015.05.06-15.03.34:212][884]LogAIModule: Creating AISystem for world MR
[2015.05.06-15.03.34:240][884]LogWorld: Bringing World /Game/UEDPIE_0_MR.MR up for play (max tick rate 60) at 2015.05.06-23.03.34
[2015.05.06-15.03.34:245][884]LogWorld: Bringing up level for play took: 0.032714
[2015.05.06-15.03.34:247][884]PIE: 信息 /Game/UEDPIE_0_MR的‘在编辑器中播放’的起始时间-0.086
[2015.05.06-15.04.01:216][129]LogParticles: Destroying 0 GPU particle simulations for FXSystem 0x00000044FFB4EDE0
[2015.05.06-15.04.22:132][924]BlueprintLog: New page: 编译MR
[2015.05.06-15.04.22:264][924]BlueprintEditorCompileResults: 信息 [2210.16]MR编译成功！[用时131毫秒]
[2015.05.06-15.04.32:348][ 14]BlueprintLog: New page: PIE之前的自动重新编译
[2015.05.06-15.04.32:360][ 14]LogPlayLevel: [PIE] Compiling MR before PIE...
[2015.05.06-15.04.32:454][ 14]LogPlayLevel: PIE:  Blueprint regeneration took 106 ms (1 blueprints)
[2015.05.06-15.04.32:455][ 14]PIE: New page: PIE会话: MR (2015年5月7日 上午7:04:32)
[2015.05.06-15.04.32:555][ 14]LogPlayLevel: PIE: StaticDuplicateObject took: (0.100139s)
[2015.05.06-15.04.32:556][ 14]LogPlayLevel: PIE: World Init took: (0.000530s)
[2015.05.06-15.04.32:556][ 14]LogPlayLevel: PIE: Created PIE world by copying editor world from /Game/MR.MR to /Game/UEDPIE_0_MR.MR (0.100894s)
[2015.05.06-15.04.32:592][ 14]LogWorld: Game class is 'FirstPersonGameMode_C'
[2015.05.06-15.04.32:594][ 14]LogAIModule: Creating AISystem for world MR
[2015.05.06-15.04.32:621][ 14]LogWorld: Bringing World /Game/UEDPIE_0_MR.MR up for play (max tick rate 60) at 2015.05.06-23.04.32
[2015.05.06-15.04.32:627][ 14]LogWorld: Bringing up level for play took: 0.032640
[2015.05.06-15.04.32:629][ 14]PIE: 信息 /Game/UEDPIE_0_MR的‘在编辑器中播放’的起始时间0.295
[2015.05.06-15.05.03:743][317]LogParticles: Destroying 0 GPU particle simulations for FXSystem 0x00000044823B62A0
[2015.05.06-15.06.19:639][378]BlueprintLog: New page: 编译MR
[2015.05.06-15.06.19:776][378]BlueprintEditorCompileResults: 信息 [2327.67]MR编译成功！[用时136毫秒]
[2015.05.06-15.06.19:777][378]BlueprintLog: New page: 编译MR
[2015.05.06-15.06.19:871][378]BlueprintEditorCompileResults: 信息 [2327.77]MR编译成功！[用时93毫秒]
[2015.05.06-15.07.36:646][570]LogBlueprint:Error: [compiler] 错误  NextNarrator 不能放在宏图表中。
[2015.05.06-15.07.36:646][570]BlueprintLog: New page: 合并到宏
[2015.05.06-15.07.36:646][570]BlueprintLog:Error: 错误  NextNarrator 不能放在宏图表中。
[2015.05.06-15.07.36:664][570]LogBlueprint:Warning: [compiler] 警告 [2404.56]编译失败。1个致命问题，0个警告[用时12毫秒]
[2015.05.06-15.12.52:376][526]Cmd: OBJ SAVEPACKAGE PACKAGE="/Game/MR" FILE="../../../../../../U3D/1-3-life-choices/Saved/Autosaves/Game/MR_Auto4.umap" SILENT=true AUTOSAVING=true KEEPDIRTY=false
[2015.05.06-15.12.53:106][526]LogSavePackage: Save=715.841675ms
[2015.05.06-15.12.53:106][526]LogSavePackage: Moving '../../../../../../U3D/1-3-life-choices/Saved/MR_Auto49F10A4994051CF03900209BBEDCA4030.tmp' to '../../../../../../U3D/1-3-life-choices/Saved/Autosaves/Game/MR_Auto4.umap'
[2015.05.06-15.12.53:115][526]LogFileHelpers: Editor autosave (incl. sublevels) for '/Game/MR' took 0.841
[2015.05.06-15.12.53:115][526]LogFileHelpers: Editor autosave (incl. sublevels) for all levels took 0.841
[2015.05.06-15.13.16:828][319]BlueprintLog: New page: 编译MR
[2015.05.06-15.13.16:999][319]BlueprintEditorCompileResults: 信息 [2744.90]MR编译成功！[用时170毫秒]
[2015.05.06-15.13.17:960][329]BlueprintLog: New page: PIE之前的自动重新编译
[2015.05.06-15.13.17:970][329]LogPlayLevel: [PIE] Compiling MR before PIE...
[2015.05.06-15.13.18:087][329]LogPlayLevel: PIE:  Blueprint regeneration took 127 ms (1 blueprints)
[2015.05.06-15.13.18:088][329]PIE: New page: PIE会话: MR (2015年5月7日 上午7:13:18)
[2015.05.06-15.13.18:206][329]LogPlayLevel: PIE: StaticDuplicateObject took: (0.118276s)
[2015.05.06-15.13.18:207][329]LogPlayLevel: PIE: World Init took: (0.000562s)
[2015.05.06-15.13.18:207][329]LogPlayLevel: PIE: Created PIE world by copying editor world from /Game/MR.MR to /Game/UEDPIE_0_MR.MR (0.119063s)
[2015.05.06-15.13.18:241][329]LogWorld: Game class is 'FirstPersonGameMode_C'
[2015.05.06-15.13.18:243][329]LogAIModule: Creating AISystem for world MR
[2015.05.06-15.13.18:292][329]LogWorld: Bringing World /Game/UEDPIE_0_MR.MR up for play (max tick rate 60) at 2015.05.06-23.13.18
[2015.05.06-15.13.18:297][329]LogWorld: Bringing up level for play took: 0.054066
[2015.05.06-15.13.18:301][329]PIE: 信息 /Game/UEDPIE_0_MR的‘在编辑器中播放’的起始时间-0.034
[2015.05.06-15.13.33:071][442]LogParticles: Destroying 0 GPU particle simulations for FXSystem 0x00000044FE8640E0
[2015.05.06-15.14.12:899][640]BlueprintLog: New page: PIE之前的自动重新编译
[2015.05.06-15.14.12:911][640]LogPlayLevel: [PIE] Compiling MR before PIE...
[2015.05.06-15.14.13:024][640]LogPlayLevel: PIE:  Blueprint regeneration took 125 ms (1 blueprints)
[2015.05.06-15.14.13:025][640]PIE: New page: PIE会话: MR (2015年5月7日 上午7:14:13)
[2015.05.06-15.14.13:131][640]LogPlayLevel: PIE: StaticDuplicateObject took: (0.106009s)
[2015.05.06-15.14.13:132][640]LogPlayLevel: PIE: World Init took: (0.000625s)
[2015.05.06-15.14.13:132][640]LogPlayLevel: PIE: Created PIE world by copying editor world from /Game/MR.MR to /Game/UEDPIE_0_MR.MR (0.106866s)
[2015.05.06-15.14.13:165][640]LogWorld: Game class is 'FirstPersonGameMode_C'
[2015.05.06-15.14.13:167][640]LogAIModule: Creating AISystem for world MR
[2015.05.06-15.14.13:195][640]LogWorld: Bringing World /Game/UEDPIE_0_MR.MR up for play (max tick rate 60) at 2015.05.06-23.14.13
[2015.05.06-15.14.13:200][640]LogWorld: Bringing up level for play took: 0.032680
[2015.05.06-15.14.13:202][640]PIE: 信息 /Game/UEDPIE_0_MR的‘在编辑器中播放’的起始时间0.869
[2015.05.06-15.14.33:020][147]LogParticles: Destroying 0 GPU particle simulations for FXSystem 0x00000044F876FA60
[2015.05.06-15.15.01:674][785]BlueprintLog: New page: 编译MR
[2015.05.06-15.15.01:812][785]BlueprintEditorCompileResults: 信息 [2849.71]MR编译成功！[用时138毫秒]
[2015.05.06-15.15.02:771][795]BlueprintLog: New page: PIE之前的自动重新编译
[2015.05.06-15.15.02:782][795]LogPlayLevel: [PIE] Compiling MR before PIE...
[2015.05.06-15.15.02:882][795]LogPlayLevel: PIE:  Blueprint regeneration took 111 ms (1 blueprints)
[2015.05.06-15.15.02:883][795]PIE: New page: PIE会话: MR (2015年5月7日 上午7:15:02)
[2015.05.06-15.15.02:988][795]LogPlayLevel: PIE: StaticDuplicateObject took: (0.104712s)
[2015.05.06-15.15.02:988][795]LogPlayLevel: PIE: World Init took: (0.000511s)
[2015.05.06-15.15.02:988][795]LogPlayLevel: PIE: Created PIE world by copying editor world from /Game/MR.MR to /Game/UEDPIE_0_MR.MR (0.105437s)
[2015.05.06-15.15.03:024][795]LogWorld: Game class is 'FirstPersonGameMode_C'
[2015.05.06-15.15.03:026][795]LogAIModule: Creating AISystem for world MR
[2015.05.06-15.15.03:054][795]LogWorld: Bringing World /Game/UEDPIE_0_MR.MR up for play (max tick rate 60) at 2015.05.06-23.15.03
[2015.05.06-15.15.03:059][795]LogWorld: Bringing up level for play took: 0.032542
[2015.05.06-15.15.03:062][795]PIE: 信息 /Game/UEDPIE_0_MR的‘在编辑器中播放’的起始时间0.728
[2015.05.06-15.15.43:287][616]LogParticles: Destroying 0 GPU particle simulations for FXSystem 0x00000044F8F3F2E0
[2015.05.06-15.16.09:604][727]BlueprintLog: New page: 编译MR
[2015.05.06-15.16.09:848][727]BlueprintEditorCompileResults: 信息 [2917.74]MR编译成功！[用时243毫秒]
[2015.05.06-15.16.09:848][727]BlueprintLog: New page: 编译MR
[2015.05.06-15.16.09:946][727]BlueprintEditorCompileResults: 信息 [2917.84]MR编译成功！[用时97毫秒]
[2015.05.06-15.16.15:864][847]LogUProjectInfo: Found projects:
[2015.05.06-15.16.24:801][862]Cmd: CLOSE_SLATE_MAINFRAME
[2015.05.06-15.16.24:822][862]LogParticles: Destroying 0 GPU particle simulations for FXSystem 0x00000044E960FCE0
[2015.05.06-15.16.26:402][862]Cmd: OBJ SAVEPACKAGE PACKAGE="/Game/MR" FILE="../../../../../../U3D/1-3-life-choices/Content/MR.umap" SILENT=true AUTOSAVING=false KEEPDIRTY=false
[2015.05.06-15.16.27:108][862]LogSavePackage: Save=680.398376ms
[2015.05.06-15.16.27:108][862]LogSavePackage: Moving '../../../../../../U3D/1-3-life-choices/Saved/MR84441A7B4CA3E1DD6D5A36950242F67E.tmp' to '../../../../../../U3D/1-3-life-choices/Content/MR.umap'
[2015.05.06-15.16.27:164][862]LogFileHelpers: Saving map 'MR' took 0.830
[2015.05.06-15.16.27:651][863]Cmd: QUIT_EDITOR
[2015.05.06-15.16.27:885][863]LogExit: Preparing to exit.
[2015.05.06-15.16.28:644][863]LogExit: Editor shut down
[2015.05.06-15.16.28:644][863]LogExit: Transaction tracking system shut down
[2015.05.06-15.16.28:646][863]LogParticles: Destroying 0 GPU particle simulations for FXSystem 0x00000044E960C5E0
[2015.05.06-15.16.28:646][863]LogParticles: Destroying 0 GPU particle simulations for FXSystem 0x000000449DAABCE0
[2015.05.06-15.16.28:646][863]LogParticles: Destroying 0 GPU particle simulations for FXSystem 0x000000449AAE4FE0
[2015.05.06-15.16.28:647][863]LogParticles: Destroying 0 GPU particle simulations for FXSystem 0x000000449D448AE0
[2015.05.06-15.16.28:649][863]LogParticles: Destroying 0 GPU particle simulations for FXSystem 0x00000044926C4720
[2015.05.06-15.16.28:650][863]LogParticles: Destroying 0 GPU particle simulations for FXSystem 0x00000044899125C0
[2015.05.06-15.16.28:725][863]LogExit: Object subsystem successfully closed.
[2015.05.06-15.16.28:768][863]LogModuleManager: Shutting down and abandoning module SequencerWidgets (178)
[2015.05.06-15.16.28:768][863]LogModuleManager: Shutting down and abandoning module CrashTracker (177)
[2015.05.06-15.16.28:768][863]LogModuleManager: Shutting down and abandoning module SuperSearch (176)
[2015.05.06-15.16.28:768][863]LogModuleManager: Shutting down and abandoning module SceneOutliner (175)
[2015.05.06-15.16.28:768][863]LogModuleManager: Shutting down and abandoning module EditorWidgets (174)
[2015.05.06-15.16.28:768][863]LogModuleManager: Shutting down and abandoning module CollectionManager (173)
[2015.05.06-15.16.28:768][863]LogModuleManager: Shutting down and abandoning module StatsViewer (172)
[2015.05.06-15.16.28:768][863]LogModuleManager: Shutting down and abandoning module FoliageEdit (171)
[2015.05.06-15.16.28:768][863]LogModuleManager: Shutting down and abandoning module LandscapeEditor (170)
[2015.05.06-15.16.28:768][863]LogModuleManager: Shutting down and abandoning module MeshPaint (169)
[2015.05.06-15.16.28:768][863]LogModuleManager: Shutting down and abandoning module ActorPickerMode (168)
[2015.05.06-15.16.28:768][863]LogModuleManager: Shutting down and abandoning module GeometryMode (167)
[2015.05.06-15.16.28:768][863]LogModuleManager: Shutting down and abandoning module TextureAlignMode (166)
[2015.05.06-15.16.28:768][863]LogModuleManager: Shutting down and abandoning module BspMode (165)
[2015.05.06-15.16.28:768][863]LogModuleManager: Shutting down and abandoning module PlacementMode (164)
[2015.05.06-15.16.28:768][863]LogModuleManager: Shutting down and abandoning module AutomationWorker (163)
[2015.05.06-15.16.28:768][863]LogModuleManager: Shutting down and abandoning module CharacterAI (162)
[2015.05.06-15.16.28:768][863]LogModuleManager: Shutting down and abandoning module SmartSnapping (161)
[2015.05.06-15.16.28:768][863]LogModuleManager: Shutting down and abandoning module ViewportSnapping (160)
[2015.05.06-15.16.28:768][863]LogModuleManager: Shutting down and abandoning module LogVisualizer (159)
[2015.05.06-15.16.28:768][863]LogModuleManager: Shutting down and abandoning module GameProjectGeneration (158)
[2015.05.06-15.16.28:768][863]LogModuleManager: Shutting down and abandoning module IntroTutorials (157)
[2015.05.06-15.16.28:768][863]LogModuleManager: Shutting down and abandoning module EditorLiveStreaming (156)
[2015.05.06-15.16.28:768][863]LogModuleManager: Shutting down and abandoning module HardwareTargeting (155)
[2015.05.06-15.16.28:768][863]LogModuleManager: Shutting down and abandoning module DeviceProfileEditor (154)
[2015.05.06-15.16.28:768][863]LogModuleManager: Shutting down and abandoning module UndoHistory (153)
[2015.05.06-15.16.28:768][863]LogModuleManager: Shutting down and abandoning module GameplayTagsEditor (152)
[2015.05.06-15.16.28:768][863]LogModuleManager: Shutting down and abandoning module UserFeedback (151)
[2015.05.06-15.16.28:768][863]LogModuleManager: Shutting down and abandoning module XmlParser (150)
[2015.05.06-15.16.28:768][863]LogModuleManager: Shutting down and abandoning module Blutility (149)
[2015.05.06-15.16.28:768][863]LogModuleManager: Shutting down and abandoning module IOSPlatformEditor (148)
[2015.05.06-15.16.28:768][863]LogModuleManager: Shutting down and abandoning module IOSRuntimeSettings (147)
[2015.05.06-15.16.28:768][863]LogModuleManager: Shutting down and abandoning module AndroidDeviceDetection (146)
[2015.05.06-15.16.29:424][863]LogModuleManager: Shutting down and abandoning module AndroidPlatformEditor (145)
[2015.05.06-15.16.29:424][863]LogModuleManager: Shutting down and abandoning module AndroidRuntimeSettings (144)
[2015.05.06-15.16.29:424][863]LogModuleManager: Shutting down and abandoning module ProjectTargetPlatformEditor (143)
[2015.05.06-15.16.29:424][863]LogModuleManager: Shutting down and abandoning module ProjectSettingsViewer (142)
[2015.05.06-15.16.29:425][863]LogModuleManager: Shutting down and abandoning module InputBindingEditor (141)
[2015.05.06-15.16.29:425][863]LogModuleManager: Shutting down and abandoning module EditorSettingsViewer (140)
[2015.05.06-15.16.29:425][863]LogModuleManager: Shutting down and abandoning module SettingsEditor (139)
[2015.05.06-15.16.29:425][863]LogModuleManager: Shutting down and abandoning module ProjectLauncher (138)
[2015.05.06-15.16.29:425][863]LogModuleManager: Shutting down and abandoning module SessionFrontend (137)
[2015.05.06-15.16.29:425][863]LogModuleManager: Shutting down and abandoning module ProfilerClient (136)
[2015.05.06-15.16.29:425][863]LogModuleManager: Shutting down and abandoning module TargetDeviceServices (135)
[2015.05.06-15.16.29:425][863]LogModuleManager: Shutting down and abandoning module DeviceManager (134)
[2015.05.06-15.16.29:426][863]LogModuleManager: Shutting down and abandoning module AutomationController (133)
[2015.05.06-15.16.29:426][863]LogModuleManager: Shutting down and abandoning module AutomationWindow (132)
[2015.05.06-15.16.29:426][863]LogModuleManager: Shutting down and abandoning module Layers (131)
[2015.05.06-15.16.29:426][863]LogModuleManager: Shutting down and abandoning module ComponentVisualizers (130)
[2015.05.06-15.16.29:426][863]LogModuleManager: Shutting down and abandoning module DetailCustomizations (129)
[2015.05.06-15.16.29:426][863]LogModuleManager: Shutting down and abandoning module PackagesDialog (128)
[2015.05.06-15.16.29:426][863]LogModuleManager: Shutting down and abandoning module AssetRegistry (127)
[2015.05.06-15.16.29:510][863]LogModuleManager: Shutting down and abandoning module Persona (126)
[2015.05.06-15.16.29:510][863]LogModuleManager: Shutting down and abandoning module SlateReflector (125)
[2015.05.06-15.16.29:510][863]LogModuleManager: Shutting down and abandoning module LevelEditor (124)
[2015.05.06-15.16.29:511][863]LogModuleManager: Shutting down and abandoning module Kismet (123)
[2015.05.06-15.16.29:511][863]LogModuleManager: Shutting down and abandoning module GraphEditor (122)
[2015.05.06-15.16.29:511][863]LogModuleManager: Shutting down and abandoning module ClassViewer (121)
[2015.05.06-15.16.29:511][863]LogModuleManager: Shutting down and abandoning module Toolbox (120)
[2015.05.06-15.16.29:511][863]LogModuleManager: Shutting down and abandoning module ModuleUI (119)
[2015.05.06-15.16.29:511][863]LogModuleManager: Shutting down and abandoning module MovieSceneTools (118)
[2015.05.06-15.16.29:511][863]LogModuleManager: Shutting down and abandoning module OutputLog (117)
[2015.05.06-15.16.29:511][863]LogModuleManager: Shutting down and abandoning module GammaUI (116)
[2015.05.06-15.16.29:511][863]LogModuleManager: Shutting down and abandoning module Documentation (115)
[2015.05.06-15.16.29:511][863]LogModuleManager: Shutting down and abandoning module GameLiveStreaming (114)
[2015.05.06-15.16.29:511][863]LogModuleManager: Shutting down and abandoning module StreamingPauseRendering (113)
[2015.05.06-15.16.29:511][863]LogModuleManager: Shutting down and abandoning module HTTP (112)
[2015.05.06-15.16.29:512][863]LogModuleManager: Shutting down and abandoning module AnalyticsET (111)
[2015.05.06-15.16.29:512][863]LogModuleManager: Shutting down and abandoning module Analytics (110)
[2015.05.06-15.16.29:512][863]LogModuleManager: Shutting down and abandoning module AITestSuite (109)
[2015.05.06-15.16.29:512][863]LogModuleManager: Shutting down and abandoning module GameplayDebugger (108)
[2015.05.06-15.16.29:512][863]LogModuleManager: Shutting down and abandoning module AIModule (107)
[2015.05.06-15.16.29:512][863]LogModuleManager: Shutting down and abandoning module ProfilerService (106)
[2015.05.06-15.16.29:580][863]LogModuleManager: Shutting down and abandoning module TaskGraph (105)
[2015.05.06-15.16.29:580][863]LogModuleManager: Shutting down and abandoning module SlateRemote (104)
[2015.05.06-15.16.29:580][863]LogModuleManager: Shutting down and abandoning module ScriptEditorPlugin (103)
[2015.05.06-15.16.29:580][863]LogModuleManager: Shutting down and abandoning module CustomMeshComponent (102)
[2015.05.06-15.16.29:580][863]LogModuleManager: Shutting down and abandoning module CableComponent (101)
[2015.05.06-15.16.29:580][863]LogModuleManager: Shutting down and abandoning module MessagingDebugger (100)
[2015.05.06-15.16.29:580][863]LogModuleManager: Shutting down and abandoning module MediaPlayerEditor (99)
[2015.05.06-15.16.29:580][863]LogModuleManager: Shutting down and abandoning module SpeedTreeImporter (98)
[2015.05.06-15.16.29:580][863]LogModuleManager: Shutting down and abandoning module PluginsEditor (97)
[2015.05.06-15.16.29:580][863]LogModuleManager: Shutting down and abandoning module MainFrame (96)
[2015.05.06-15.16.29:580][863]LogModuleManager: Shutting down and abandoning module EpicSurvey (95)
[2015.05.06-15.16.29:580][863]LogModuleManager: Shutting down and abandoning module DesktopPlatform (94)
[2015.05.06-15.16.29:580][863]LogModuleManager: Shutting down and abandoning module DirectoryWatcher (93)
[2015.05.06-15.16.29:581][863]LogModuleManager: Shutting down and abandoning module HotReload (92)
[2015.05.06-15.16.29:581][863]LogModuleManager: Shutting down and abandoning module VisualStudioSourceCodeAccess (91)
[2015.05.06-15.16.29:581][863]LogModuleManager: Shutting down and abandoning module UObjectPlugin (90)
[2015.05.06-15.16.29:581][863]LogModuleManager: Shutting down and abandoning module SubversionSourceControl (89)
[2015.05.06-15.16.29:581][863]LogModuleManager: Shutting down and abandoning module PerforceSourceControl (88)
[2015.05.06-15.16.29:581][863]LogModuleManager: Shutting down and abandoning module SourceControl (87)
[2015.05.06-15.16.29:581][863]LogModuleManager: Shutting down and abandoning module GitSourceControl (86)
[2015.05.06-15.16.29:581][863]LogModuleManager: Shutting down and abandoning module BlankPlugin (85)
[2015.05.06-15.16.29:581][863]LogModuleManager: Shutting down and abandoning module PaperTiledImporter (84)
[2015.05.06-15.16.29:581][863]LogModuleManager: Shutting down and abandoning module PaperJsonImporter (83)
[2015.05.06-15.16.29:581][863]LogModuleManager: Shutting down and abandoning module ContentBrowser (82)
[2015.05.06-15.16.29:582][863]LogModuleManager: Shutting down and abandoning module Paper2DEditor (81)
[2015.05.06-15.16.29:582][863]LogModuleManager: Shutting down and abandoning module ScriptPlugin (80)
[2015.05.06-15.16.29:582][863]LogModuleManager: Shutting down and abandoning module UdpMessaging (79)
[2015.05.06-15.16.29:683][863]LogModuleManager: Shutting down and abandoning module Paper2D (78)
[2015.05.06-15.16.29:683][863]LogModuleManager: Shutting down and abandoning module WindowsMoviePlayer (77)
[2015.05.06-15.16.29:685][863]LogModuleManager: Shutting down and abandoning module Media (76)
[2015.05.06-15.16.29:685][863]LogModuleManager: Shutting down and abandoning module WmfMedia (75)
[2015.05.06-15.16.29:685][863]LogModuleManager: Shutting down and abandoning module OnlineBlueprintSupport (74)
[2015.05.06-15.16.29:685][863]LogModuleManager: Shutting down and abandoning module PropertyEditor (73)
[2015.05.06-15.16.29:685][863]LogModuleManager: Shutting down and abandoning module BehaviorTreeEditor (72)
[2015.05.06-15.16.29:685][863]LogModuleManager: Shutting down and abandoning module FunctionalTesting (71)
[2015.05.06-15.16.29:685][863]LogModuleManager: Shutting down and abandoning module CollisionAnalyzer (70)
[2015.05.06-15.16.29:685][863]LogModuleManager: Shutting down and abandoning module WorkspaceMenuStructure (69)
[2015.05.06-15.16.29:685][863]LogModuleManager: Shutting down and abandoning module MessageLog (68)
[2015.05.06-15.16.29:685][863]LogModuleManager: Shutting down and abandoning module Sequencer (67)
[2015.05.06-15.16.29:685][863]LogModuleManager: Shutting down and abandoning module AssetTools (66)
[2015.05.06-15.16.29:685][863]LogModuleManager: Shutting down and abandoning module UMGEditor (65)
[2015.05.06-15.16.29:685][863]LogModuleManager: Shutting down and abandoning module UMG (64)
[2015.05.06-15.16.29:685][863]LogModuleManager: Shutting down and abandoning module Slate (63)
[2015.05.06-15.16.29:685][863]LogModuleManager: Shutting down and abandoning module EditorStyle (62)
[2015.05.06-15.16.29:688][863]LogModuleManager: Shutting down and abandoning module SessionServices (61)
[2015.05.06-15.16.29:688][863]LogModuleManager: Shutting down and abandoning module SourceCodeAccess (60)
[2015.05.06-15.16.29:688][863]LogModuleManager: Shutting down and abandoning module HeadMountedDisplay (59)
[2015.05.06-15.16.29:688][863]LogModuleManager: Shutting down and abandoning module XAudio2 (58)
[2015.05.06-15.16.29:688][863]LogModuleManager: Shutting down and abandoning module Networking (56)
[2015.05.06-15.16.29:688][863]LogModuleManager: Shutting down and abandoning module Core (55)
[2015.05.06-15.16.29:688][863]LogModuleManager: Shutting down and abandoning module KismetCompiler (54)
[2015.05.06-15.16.29:688][863]LogModuleManager: Shutting down and abandoning module PhysXFormats (53)
[2015.05.06-15.16.29:688][863]LogModuleManager: Shutting down and abandoning module MeshUtilities (52)
[2015.05.06-15.16.29:688][863]LogModuleManager: Shutting down and abandoning module DerivedDataCache (51)
[2015.05.06-15.16.29:788][863]LogDerivedDataCache: Shutdown
[2015.05.06-15.16.29:788][863]LogModuleManager: Shutting down and abandoning module ShaderFormatOpenGL (50)
[2015.05.06-15.16.29:788][863]LogModuleManager: Shutting down and abandoning module ShaderFormatD3D (49)
[2015.05.06-15.16.29:788][863]LogModuleManager: Shutting down and abandoning module MetalShaderFormat (48)
[2015.05.06-15.16.29:788][863]LogModuleManager: Shutting down and abandoning module TextureFormatUncompressed (47)
[2015.05.06-15.16.29:788][863]LogModuleManager: Shutting down and abandoning module TextureFormatPVR (46)
[2015.05.06-15.16.29:788][863]LogModuleManager: Shutting down and abandoning module TextureFormatIntelISPCTexComp (45)
[2015.05.06-15.16.29:788][863]LogModuleManager: Shutting down and abandoning module TextureFormatDXT (44)
[2015.05.06-15.16.29:788][863]LogModuleManager: Shutting down and abandoning module ImageWrapper (43)
[2015.05.06-15.16.29:788][863]LogModuleManager: Shutting down and abandoning module TextureFormatASTC (42)
[2015.05.06-15.16.29:788][863]LogModuleManager: Shutting down and abandoning module TextureFormatAndroid (41)
[2015.05.06-15.16.29:788][863]LogModuleManager: Shutting down and abandoning module AudioFormatOpus (40)
[2015.05.06-15.16.29:788][863]LogModuleManager: Shutting down and abandoning module AudioFormatOgg (39)
[2015.05.06-15.16.29:788][863]LogModuleManager: Shutting down and abandoning module AudioFormatADPCM (38)
[2015.05.06-15.16.29:788][863]LogModuleManager: Shutting down and abandoning module LinuxTargetPlatform (37)
[2015.05.06-15.16.29:788][863]LogModuleManager: Shutting down and abandoning module LinuxServerTargetPlatform (36)
[2015.05.06-15.16.29:788][863]LogModuleManager: Shutting down and abandoning module LinuxNoEditorTargetPlatform (35)
[2015.05.06-15.16.29:788][863]LogModuleManager: Shutting down and abandoning module Messaging (34)
[2015.05.06-15.16.29:788][863]LogModuleManager: Shutting down and abandoning module IOSTargetPlatform (33)
[2015.05.06-15.16.29:788][863]LogModuleManager: Shutting down and abandoning module HTML5TargetPlatform (32)
[2015.05.06-15.16.29:788][863]LogModuleManager: Shutting down and abandoning module Android_PVRTCTargetPlatform (31)
[2015.05.06-15.16.29:788][863]LogModuleManager: Shutting down and abandoning module Android_ETC2TargetPlatform (30)
[2015.05.06-15.16.29:788][863]LogModuleManager: Shutting down and abandoning module Android_ETC1TargetPlatform (29)
[2015.05.06-15.16.29:788][863]LogModuleManager: Shutting down and abandoning module Android_ES31TargetPlatform (28)
[2015.05.06-15.16.29:788][863]LogModuleManager: Shutting down and abandoning module Android_DXTTargetPlatform (27)
[2015.05.06-15.16.29:788][863]LogModuleManager: Shutting down and abandoning module Android_ATCTargetPlatform (26)
[2015.05.06-15.16.29:788][863]LogModuleManager: Shutting down and abandoning module AndroidTargetPlatform (25)
[2015.05.06-15.16.29:788][863]LogModuleManager: Shutting down and abandoning module WindowsTargetPlatform (24)
[2015.05.06-15.16.29:788][863]LogModuleManager: Shutting down and abandoning module WindowsServerTargetPlatform (23)
[2015.05.06-15.16.29:788][863]LogModuleManager: Shutting down and abandoning module WindowsNoEditorTargetPlatform (22)
[2015.05.06-15.16.29:788][863]LogModuleManager: Shutting down and abandoning module WindowsClientTargetPlatform (21)
[2015.05.06-15.16.29:788][863]LogModuleManager: Shutting down and abandoning module TargetPlatform (20)
[2015.05.06-15.16.29:788][863]LogModuleManager: Shutting down and abandoning module InputCore (19)
[2015.05.06-15.16.29:788][863]LogModuleManager: Shutting down and abandoning module Settings (18)
[2015.05.06-15.16.29:788][863]LogModuleManager: Shutting down and abandoning module OnlineSubsystem (16)
[2015.05.06-15.16.29:788][863]LogModuleManager: Shutting down and abandoning module OculusRift (15)
[2015.05.06-15.16.29:788][863]LogModuleManager: Shutting down and abandoning module ExampleDeviceProfileSelector (14)
[2015.05.06-15.16.29:788][863]LogModuleManager: Shutting down and abandoning module TextureCompressor (13)
[2015.05.06-15.16.29:788][863]LogModuleManager: Shutting down and abandoning module ShaderCore (12)
[2015.05.06-15.16.29:788][863]LogModuleManager: Shutting down and abandoning module Landscape (11)
[2015.05.06-15.16.29:788][863]LogModuleManager: Shutting down and abandoning module SlateRHIRenderer (10)
[2015.05.06-15.16.29:796][863]LogModuleManager: Shutting down and abandoning module OpenGLDrv (9)
[2015.05.06-15.16.29:796][863]LogModuleManager: Shutting down and abandoning module D3D11RHI (8)
[2015.05.06-15.16.29:796][863]LogModuleManager: Shutting down and abandoning module Renderer (7)
[2015.05.06-15.16.29:796][863]LogModuleManager: Shutting down and abandoning module Engine (6)
[2015.05.06-15.16.29:796][863]LogModuleManager: Shutting down and abandoning module CoreUObject (5)
[2015.05.06-15.16.29:796][863]LogModuleManager: Shutting down and abandoning module NetworkFile (4)
[2015.05.06-15.16.29:796][863]LogModuleManager: Shutting down and abandoning module StreamingFile (3)
[2015.05.06-15.16.29:796][863]LogModuleManager: Shutting down and abandoning module SandboxFile (2)
[2015.05.06-15.16.29:796][863]LogModuleManager: Shutting down and abandoning module PakFile (1)
[2015.05.06-15.16.29:797][863]LogExit: Exiting.
[2015.05.06-15.16.29:803][863]Log file closed, 05/06/15 23:16:29
