Log file open, 05/08/15 16:36:35
LogInit:Display: Running engine for game: Prototype
LogInit: Version: 4.7.5-2503383+++depot+UE4-Releases+4.7
LogInit: API Version: 2455222
LogInit: Compiled (64-bit): Apr  6 2015 23:21:51
LogInit: Compiled with Visual C++: 18.00.21005.01
LogInit: Build Configuration: Development
LogInit: Branch Name: ++depot+UE4-Releases+4.7
LogInit: Command line: 
LogInit: Base directory: F:/Epic/Epic Games/4.7/Engine/Binaries/Win64/
LogInit: Rocket: 1
[2015.05.08-08.36.35:619][  0]LogTaskGraph: Started task graph with 3 named threads and 6 total threads.
[2015.05.08-08.36.35:696][  0]LogOnline:Warning: No default platform service specified for OnlineSubsystem
[2015.05.08-08.36.35:710][  0]LogInit: Presizing for 0 objects not considered by GC, pre-allocating 0 bytes.
[2015.05.08-08.36.35:724][  0]LogInit: Object subsystem initialized
[2015.05.08-08.36.35:726][  0]LogConsoleResponse:Warning: Skipping Unknown console variable: 'TranslucentSortAxis = (X=0.000000,Y=-1.000000,Z=0.000000)'
[2015.05.08-08.36.35:726][  0]LogConsoleResponse:Warning:   Found in ini file 'F:/U3D/1-3-life-choices/Saved/Config/Windows/Engine.ini', in section '[/Script/Engine.RendererSettings]'
[2015.05.08-08.36.35:726][  0]LogConsoleResponse:Warning: Skipping Unknown console variable: 'UIScaleRule = ShortestSide'
[2015.05.08-08.36.35:726][  0]LogConsoleResponse:Warning:   Found in ini file 'F:/U3D/1-3-life-choices/Saved/Config/Windows/Engine.ini', in section '[/Script/Engine.RendererSettings]'
[2015.05.08-08.36.35:726][  0]LogConsoleResponse:Warning: Skipping Unknown console variable: 'UIScaleCurve = (EditorCurveData=(Keys=),ExternalCurve=None)'
[2015.05.08-08.36.35:726][  0]LogConsoleResponse:Warning:   Found in ini file 'F:/U3D/1-3-life-choices/Saved/Config/Windows/Engine.ini', in section '[/Script/Engine.RendererSettings]'
[2015.05.08-08.36.35:727][  0]LogInit: Selected Device Profile: [Windows]
[2015.05.08-08.36.35:727][  0]LogInit: Applying CVar settings loaded from the selected device profile: [Windows]
[2015.05.08-08.36.35:732][  0]LogInit: Computer: RAYMONDMG
[2015.05.08-08.36.35:732][  0]LogInit: User: RMG
[2015.05.08-08.36.35:732][  0]LogInit: CPU Page size=4096, Cores=4
[2015.05.08-08.36.35:732][  0]LogInit: High frequency timer resolution =2.435776 MHz
[2015.05.08-08.36.35:732][  0]LogMemory: Memory total: Physical=7.9GB (8GB approx) Virtual=131072.0GB
[2015.05.08-08.36.35:732][  0]LogMemory: Platform Memory Stats for Windows
[2015.05.08-08.36.35:732][  0]LogMemory: Process Physical Memory: 46.88 MB used, 46.88 MB peak
[2015.05.08-08.36.35:732][  0]LogMemory: Process Virtual Memory: 24.46 MB used, 24.46 MB peak
[2015.05.08-08.36.35:732][  0]LogMemory: Physical Memory: 5417.59 MB used, 8073.02 MB total
[2015.05.08-08.36.35:732][  0]LogMemory: Virtual Memory: 286.68 MB used, 134217728.00 MB total
[2015.05.08-08.36.35:747][  0]LogD3D11RHI: Found D3D11 adapter 0: Intel(R) HD Graphics 4600 (Feature Level 11_0)
[2015.05.08-08.36.35:747][  0]LogD3D11RHI: Adapter has 4078MB of dedicated video memory, 0MB of dedicated system memory, and 4036MB of shared system memory, 1 output[s]
[2015.05.08-08.36.35:748][  0]LogD3D11RHI: Found D3D11 adapter 1: Microsoft Basic Render Driver (Feature Level 11_0)
[2015.05.08-08.36.35:748][  0]LogD3D11RHI: Adapter has 0MB of dedicated video memory, 0MB of dedicated system memory, and 256MB of shared system memory, 0 output[s]
[2015.05.08-08.36.35:748][  0]LogD3D11RHI: Chosen D3D11 Adapter Id = 0
[2015.05.08-08.36.35:752][  0]LogRHI: Texture pool is 1361 MB (70% of 1945 MB)
[2015.05.08-08.36.35:760][  0]LogD3D11RHI: Async texture creation enabled
[2015.05.08-08.36.35:861][  0]LogTextLocalizationManager:Warning: Loading localization resources contain conflicting entries for (Namespace:UICommands, Key:Save):
Resource: (F:/Epic/Epic Games/4.7/Engine/Content/Localization/Editor/zh-CN/Editor.locres) Hash: (-669349758) String: (保存)
Resource: (F:/Epic/Epic Games/4.7/Engine/Content/Localization/Engine/zh-CN/Engine.locres) Hash: (-669349758) String: (保持)
[2015.05.08-08.36.35:861][  0]LogTextLocalizationManager:Warning: Loading localization resources contain conflicting entries for (Namespace:UICommands, Key:Save_ToolTip):
Resource: (F:/Epic/Epic Games/4.7/Engine/Content/Localization/Editor/zh-CN/Editor.locres) Hash: (-29098895) String: (保存所有当前关卡到磁盘中)
Resource: (F:/Epic/Epic Games/4.7/Engine/Content/Localization/Engine/zh-CN/Engine.locres) Hash: (-1280300587) String: (保存选择的数据到vlog文件)
[2015.05.08-08.36.35:861][  0]LogTextLocalizationManager:Warning: Loading localization resources contain conflicting entries for (Namespace:ContentBrowser, Key:ImportAssetToolTip):
Resource: (F:/Epic/Epic Games/4.7/Engine/Content/Localization/Editor/zh-CN/Editor.locres) Hash: (-630476809) String: (导入到{0}...)
Resource: (F:/Epic/Epic Games/4.7/Engine/Content/Localization/Editor/zh-CN/Editor.locres) Hash: (1271782899) String: (从文件中导入资源到这个文件夹内。)
[2015.05.08-08.36.35:928][  0]LogContentStreaming: Texture pool size is 0.000000MB
[2015.05.08-08.36.37:855][  0]LogTargetPlatformManager:Display: Building Assets For Windows
[2015.05.08-08.36.38:296][  0]LogTargetPlatformManager:Display: Building Assets For Windows
[2015.05.08-08.36.38:341][  0]LogDerivedDataCache:Display: Max Cache Size: 512 MB
[2015.05.08-08.36.38:376][  0]LogDerivedDataCache: Loaded boot cache 0.04s 39MB C:/Users/RMG/AppData/Local/UnrealEngine/4.7/DerivedDataCache/Boot.ddc.
[2015.05.08-08.36.38:376][  0]LogDerivedDataCache:Display: Loaded Boot cache: C:/Users/RMG/AppData/Local/UnrealEngine/4.7/DerivedDataCache/Boot.ddc
[2015.05.08-08.36.38:376][  0]LogDerivedDataCache: FDerivedDataBackendGraph:  Pak pak cache file ../../../../../../U3D/1-3-life-choices/DerivedDataCache/DDC.ddp not found, will not use a pak cache.
[2015.05.08-08.36.38:376][  0]LogDerivedDataCache: Unable to find inner node Pak for hierarchical cache Hierarchy.
[2015.05.08-08.36.38:482][  0]LogDerivedDataCache:Display: Pak cache opened for reading ../../../Engine/DerivedDataCache/Compressed.ddp.
[2015.05.08-08.36.38:495][  0]LogDerivedDataCache: Using Local data cache path C:/Users/RMG/AppData/Local/UnrealEngine/Common/DerivedDataCache: Writable
[2015.05.08-08.36.38:728][  0]LogMeshUtilities: No automatic mesh reduction module available
[2015.05.08-08.36.38:728][  0]LogMeshUtilities: No automatic mesh merging module available
[2015.05.08-08.36.39:092][  0]LogInit: WinSock: version 1.1 (2.2), MaxSocks=32767, MaxUdp=65467
[2015.05.08-08.36.39:143][  0]LogSlate:Warning: Failed to load font data from '../../../Engine/Content/Slate/Fonts/Roboto-Italic.ttf'
[2015.05.08-08.36.39:745][  0]UdpMessaging: Initializing bridge on interface 0.0.0.0:0 to multicast group 230.0.0.1:6666.
[2015.05.08-08.36.39:930][  0]SourceControl: 信息 源码控制已禁用
[2015.05.08-08.36.39:930][  0]SourceControl: 信息 源码控制已禁用
[2015.05.08-08.36.39:930][  0]SourceControl: 信息 源码控制已禁用
[2015.05.08-08.36.39:930][  0]LogSourceControl: RunCommandInternalRaw: 'git version'
[2015.05.08-08.36.39:930][  0]LogSourceControl: RunCommandInternalRaw: ExecProcess ReturnCode=2 OutResults=''
[2015.05.08-08.36.39:936][  0]SourceControl: 信息 源码控制已禁用
[2015.05.08-08.36.40:059][  0]LogObj: 24232 objects as part of root set at end of initial load.
[2015.05.08-08.36.40:060][  0]LogUObjectAllocator: 5137176 out of 0 bytes used by permanent object pool.
[2015.05.08-08.36.40:127][  0]LogEngine: Initializing Engine...
[2015.05.08-08.36.42:297][  0]LogInit: XAudio2 using '扬声器 (Realtek High Definition Audio)' : 2 channels at 48 kHz using 32 bits per sample (channel mask 0x3)
[2015.05.08-08.36.42:315][  0]LogInit: FAudioDevice initialized.
[2015.05.08-08.36.42:340][  0]LogAIModule: Creating AISystem for world NewWorld
[2015.05.08-08.36.42:360][  0]LogDerivedDataCache: Saved boot cache 0.02s 39MB C:/Users/RMG/AppData/Local/UnrealEngine/4.7/DerivedDataCache/Boot.ddc.
[2015.05.08-08.36.42:362][  0]LogInit: Texture streaming: Enabled
[2015.05.08-08.36.42:431][  0]LogAnalytics: Creating configured Analytics provider AnalyticsET
[2015.05.08-08.36.42:431][  0]LogAnalytics: ET APIKey = Rocket.Release. APIServer = http://et2.epicgames.com/ET2/. AppVersion = 4.7.5-2503383+++depot+UE4-Releases+4.7
[2015.05.08-08.36.42:431][  0]LogAnalytics: ET APIKey = Rocket.Release. DataRouterUploadURL = https://datarouter-public-service-gamedev.ol.epicgames.net/datarouter/api/v1/public/data. AppVersion = 4.7.5-2503383+++depot+UE4-Releases+4.7
[2015.05.08-08.36.42:431][  0]LogAnalytics: SetUserId ff36e97c47fc0dce0794ddbc8f88a228|197ccca8ace4469dbd28a387a822afed|95cd838e-8492-4e16-832d-77cf58ff72cc
[2015.05.08-08.36.42:431][  0]LogAnalytics: AnalyticsET::StartSession [Rocket.Release]
[2015.05.08-08.36.42:460][  0]LogInit: Transaction tracking system initialized
[2015.05.08-08.36.42:590][  0]BlueprintLog: New page: 编辑器加载
[2015.05.08-08.36.42:616][  0]LogAssetRegistry: FAssetRegistry took 0.0105 seconds to start up
[2015.05.08-08.36.42:616][  0]LogDirectoryWatcher:Warning: Failed to begin reading directory changes for ../../../Engine/Plugins/Experimental/CharacterAI/Content/. Error: 0
[2015.05.08-08.36.43:057][  0]LogTargetPlatformManager:Display: Building Assets For Windows
[2015.05.08-08.36.43:402][  0]LogTargetPlatformManager:Display: Building Assets For Windows
[2015.05.08-08.36.43:588][  0]LogSlate:Warning: Failed to load font data from '../../../Engine/Content/Editor/Slate/Fonts/Roboto-Regular.ttf'
[2015.05.08-08.36.43:588][  0]LogSlate:Warning: Failed to load font data from '../../../Engine/Content/Editor/Slate/Fonts/Roboto-Bold.ttf'
[2015.05.08-08.36.43:592][  0]LogConsoleResponse:Display: 
[2015.05.08-08.36.43:692][  0]LogCook:Display: Done creating registry. It took  0.00s.
[2015.05.08-08.36.43:789][  0]SourceControl: 信息 源码控制已禁用
[2015.05.08-08.36.43:789][  0]Cmd: MAP LOAD FILE="../../../../../../U3D/1-3-life-choices/Content/FirstPersonBP/Maps/FirstPersonExampleMap.umap" TEMPLATE=0 SHOWPROGRESS=1 FEATURELEVEL=3
[2015.05.08-08.36.43:790][  0]LightingResults: New page: 光照构建
[2015.05.08-08.36.43:798][  0]MapCheck: New page: 地图检测
[2015.05.08-08.36.43:798][  0]LightingResults: New page: 光照构建
[2015.05.08-08.36.43:806][  0]LogParticles: Destroying 0 GPU particle simulations for FXSystem 0x0000001A18A2C720
[2015.05.08-08.36.44:319][  0]LoadErrors:Error: 错误 SkeletalMeshComponent导入失败
[2015.05.08-08.36.44:612][  0]LogEditorServer: Finished looking for orphan Actors (0.000 secs)
[2015.05.08-08.36.45:493][  0]LogAIModule: Creating AISystem for world FirstPersonExampleMap
[2015.05.08-08.36.45:494][  0]Cmd: MAP CHECKDEP
[2015.05.08-08.36.45:494][  0]MapCheck: New page: FirstPersonExampleMap - 2015年5月9日 上午12:36:45
[2015.05.08-08.36.45:551][  0]MapCheck: 信息 地图检测完成：0个错误，0 个警告，用时55.961毫秒完成。
[2015.05.08-08.36.45:551][  0]LogFileHelpers: Loading map 'FirstPersonExampleMap' took 1.761
[2015.05.08-08.36.45:674][  0]LogCollectionManager: Loaded 0 collections in 0.000923 seconds
[2015.05.08-08.36.45:683][  0]LogContentBrowser: Native class hierarchy populated in 0.0087 seconds. Added 1696 classes and 261 folders.
[2015.05.08-08.36.45:706][  0]LogContentBrowser: Native class hierarchy updated for 'SceneOutliner' in 0.0012 seconds. Added 1 classes and 2 folders.
[2015.05.08-08.36.45:744][  0]LogCrashTracker: Crashtracker disabled due to settings.
[2015.05.08-08.36.45:745][  0]LogSlate:Warning: Failed to load font data from 'Veranda'
[2015.05.08-08.36.45:752][  0]LogUObjectGlobals:Warning: 寻找对象'Class 无.'失败
[2015.05.08-08.36.45:778][  0]LogLoad: Full Startup: 11.79 seconds (BP compile: 0.15 seconds)
[2015.05.08-08.36.45:820][  0]LogContentBrowser:Verbose: The content browser source was changed by the sources view to '/Game/FirstPersonBP/Blueprints'
[2015.05.08-08.36.46:010][  0]LogRenderer:Warning: Reallocating scene render targets to support 1208x576 (Frame:2).
[2015.05.08-08.36.47:067][  8]LogAssetRegistry: Asset discovery search completed in 4.4625 seconds
[2015.05.08-08.36.49:121][ 52]LogContentBrowser:Verbose: The content browser source was changed by the sources view to '/Game'
[2015.05.08-08.36.51:029][ 66]LogTexture:Display: 正在构建贴图: {textureName} ({textureFormatName})
[2015.05.08-08.36.51:102][ 66]LogTexture:Display: 正在构建贴图: {textureName} ({textureFormatName})
[2015.05.08-08.36.51:185][ 66]LogTexture:Display: 正在构建贴图: {textureName} ({textureFormatName})
[2015.05.08-08.36.51:241][ 66]LogTexture:Display: 正在构建贴图: {textureName} ({textureFormatName})
[2015.05.08-08.36.51:406][ 66]Cmd: MAP LOAD FILE="../../../../../../U3D/1-3-life-choices/Content/MR.umap" TEMPLATE=0 SHOWPROGRESS=1 FEATURELEVEL=3
[2015.05.08-08.36.51:407][ 66]LightingResults: New page: 光照构建
[2015.05.08-08.36.51:430][ 66]LoadErrors: New page: 正在加载地图： MR.umap
[2015.05.08-08.36.51:431][ 66]MapCheck: New page: 地图检测
[2015.05.08-08.36.51:431][ 66]LightingResults: New page: 光照构建
[2015.05.08-08.36.51:440][ 66]LogParticles: Destroying 0 GPU particle simulations for FXSystem 0x0000001A22DAC540
[2015.05.08-08.36.51:548][ 66]LogEditorServer: Finished looking for orphan Actors (0.000 secs)
[2015.05.08-08.36.51:557][ 66]LogAIModule: Creating AISystem for world MR
[2015.05.08-08.36.51:579][ 66]Cmd: MAP CHECKDEP
[2015.05.08-08.36.51:579][ 66]MapCheck: New page: MR - 2015年5月9日 上午12:36:51
[2015.05.08-08.36.51:652][ 66]MapCheck: 信息 地图检测完成：0个错误，0 个警告，用时73.227毫秒完成。
[2015.05.08-08.36.51:652][ 66]LogFileHelpers: Loading map 'MR' took 0.248
[2015.05.08-08.37.10:271][335]BlueprintLog: New page: PIE之前的自动重新编译
[2015.05.08-08.37.10:271][335]LogPlayLevel: [PIE] Compiling MR before PIE...
[2015.05.08-08.37.10:548][335]LogPlayLevel: PIE:  Blueprint regeneration took 277 ms (1 blueprints)
[2015.05.08-08.37.10:548][335]PIE: New page: PIE会话: MR (2015年5月9日 上午12:37:10)
[2015.05.08-08.37.10:735][335]LogBlueprint:Warning: FMemberReference::ResolveMember (GetActorForwardVector) bSelfContext == true, but no scope supplied!
[2015.05.08-08.37.10:735][335]LogBlueprint:Warning: FMemberReference::ResolveMember (GetActorForwardVector) bSelfContext == true, but no scope supplied!
[2015.05.08-08.37.10:740][335]LogBlueprint:Warning: FMemberReference::ResolveMember (ResetTempArrayIndex) bSelfContext == true, but no scope supplied!
[2015.05.08-08.37.10:740][335]LogBlueprint:Warning: FMemberReference::ResolveMember (ResetTempArrayIndex) bSelfContext == true, but no scope supplied!
[2015.05.08-08.37.10:748][335]LogBlueprint:Warning: FMemberReference::ResolveMember (ResetTempArrayIndex) bSelfContext == true, but no scope supplied!
[2015.05.08-08.37.10:748][335]LogBlueprint:Warning: FMemberReference::ResolveMember (ResetTempArrayIndex) bSelfContext == true, but no scope supplied!
[2015.05.08-08.37.10:753][335]LogBlueprint:Warning: FMemberReference::ResolveMember (ResetTempArrayIndex) bSelfContext == true, but no scope supplied!
[2015.05.08-08.37.10:753][335]LogBlueprint:Warning: FMemberReference::ResolveMember (ResetTempArrayIndex) bSelfContext == true, but no scope supplied!
[2015.05.08-08.37.10:791][335]LogBlueprint:Warning: FMemberReference::ResolveMember (ResetTempArrayIndex) bSelfContext == true, but no scope supplied!
[2015.05.08-08.37.10:791][335]LogBlueprint:Warning: FMemberReference::ResolveMember (ResetTempArrayIndex) bSelfContext == true, but no scope supplied!
[2015.05.08-08.37.10:852][335]LogPlayLevel: PIE: StaticDuplicateObject took: (0.303397s)
[2015.05.08-08.37.10:852][335]LogPlayLevel: PIE: World Init took: (0.000534s)
[2015.05.08-08.37.10:853][335]LogPlayLevel: PIE: Created PIE world by copying editor world from /Game/MR.MR to /Game/UEDPIE_0_MR.MR (0.304168s)
[2015.05.08-08.37.10:917][335]LogWorld: Game class is 'FirstPersonGameMode_C'
[2015.05.08-08.37.10:919][335]LogAIModule: Creating AISystem for world MR
[2015.05.08-08.37.10:956][335]LogWorld: Bringing World /Game/UEDPIE_0_MR.MR up for play (max tick rate 60) at 2015.05.08-16.37.10
[2015.05.08-08.37.10:997][335]LogWorld: Bringing up level for play took: 0.077611
[2015.05.08-08.37.11:017][335]PIE: 信息 /Game/UEDPIE_0_MR的‘在编辑器中播放’的起始时间-0.149
[2015.05.08-08.37.12:596][366]LogParticles: Destroying 0 GPU particle simulations for FXSystem 0x0000001A29342D40
[2015.05.08-08.37.23:027][698]MapCheck: New page: 地图检测
[2015.05.08-08.37.23:111][698]LightingResults: New page: 光照构建-  2015年5月9日 上午12:37:23
[2015.05.08-08.37.33:593][698]LogStaticLightingSystem: Running Lightmass w/ ImmediateImport mode ENABLED
[2015.05.08-08.37.33:593][698]LogStaticLightingSystem: Running Lightmass w/ ImmediateProcess mode ENABLED
[2015.05.08-08.37.33:593][698]LogStaticLightingSystem: Running Lightmass w/ Sorting mode ENABLED
[2015.05.08-08.37.33:593][698]LogStaticLightingSystem: Running Lightmass w/ Mapping paddings ENABLED
[2015.05.08-08.37.33:593][698]LogStaticLightingSystem: Running Lightmass w/ Mapping debug paddings DISABLED
[2015.05.08-08.37.33:977][698]LogEditorBuildUtils: Build time 0:00:10
[2015.05.08-08.37.34:005][698]LogMaterial: Missing cached shader map for material FLightmassMaterialRenderer M_Basic_Wall, compiling. 
[2015.05.08-08.37.34:020][698]LogMaterial: Missing cached shader map for material FLightmassMaterialRenderer M_Basic_Wall, compiling. 
[2015.05.08-08.37.34:091][699]LogMaterial: Missing cached shader map for material FLightmassMaterialRenderer M_Basic_Floor, compiling. 
[2015.05.08-08.37.34:096][699]LogMaterial: Missing cached shader map for material FLightmassMaterialRenderer M_Basic_Floor, compiling. 
[2015.05.08-08.37.34:211][700]LogMaterial: Missing cached shader map for material FLightmassMaterialRenderer M_TableRound, compiling. 
[2015.05.08-08.37.34:232][700]LogMaterial: Missing cached shader map for material FLightmassMaterialRenderer M_TableRound, compiling. 
[2015.05.08-08.37.34:269][701]LogMaterial: Missing cached shader map for material FLightmassMaterialRenderer M_Shelf, compiling. 
[2015.05.08-08.37.34:277][701]LogMaterial: Missing cached shader map for material FLightmassMaterialRenderer M_Shelf, compiling. 
[2015.05.08-08.37.34:315][702]LogMaterial: Missing cached shader map for material FLightmassMaterialRenderer M_StatueGlass, compiling. 
[2015.05.08-08.37.34:340][702]LogMaterial: Missing cached shader map for material FLightmassMaterialRenderer M_StatueGlass, compiling. 
[2015.05.08-08.37.34:407][703]LogMaterial: Missing cached shader map for material FLightmassMaterialRenderer M_Statue, compiling. 
[2015.05.08-08.37.34:410][703]LogMaterial: Missing cached shader map for material FLightmassMaterialRenderer M_Statue, compiling. 
[2015.05.08-08.37.34:419][704]LogMaterial: Missing cached shader map for material FLightmassMaterialRenderer M_Frame, compiling. 
[2015.05.08-08.37.34:440][704]LogMaterial: Missing cached shader map for material FLightmassMaterialRenderer M_Frame, compiling. 
[2015.05.08-08.37.34:474][705]LogMaterial: Missing cached shader map for material FLightmassMaterialRenderer M_Ceramic_Tile_Checker, compiling. 
[2015.05.08-08.37.34:510][705]LogMaterial: Missing cached shader map for material FLightmassMaterialRenderer M_Ceramic_Tile_Checker, compiling. 
[2015.05.08-08.37.34:521][706]LogMaterial: Missing cached shader map for material FLightmassMaterialRenderer WorldGridMaterial, compiling. Is special engine material.
[2015.05.08-08.37.34:527][706]LogMaterial: Missing cached shader map for material FLightmassMaterialRenderer WorldGridMaterial, compiling. Is special engine material.
[2015.05.08-08.38.30:392][532]Job is a success!
[2015.05.08-08.38.31:885][533]LogTexture:Display: 正在构建贴图: {textureName} ({textureFormatName})
[2015.05.08-08.38.31:949][533]LogTexture:Display: 正在构建贴图: {textureName} ({textureFormatName})
[2015.05.08-08.38.31:956][533]LogTexture:Display: 正在构建贴图: {textureName} ({textureFormatName})
[2015.05.08-08.38.31:969][533]LogTexture:Display: 正在构建贴图: {textureName} ({textureFormatName})
[2015.05.08-08.38.31:977][533]LogTexture:Display: 正在构建贴图: {textureName} ({textureFormatName})
[2015.05.08-08.38.31:992][533]LogTexture:Display: 正在构建贴图: {textureName} ({textureFormatName})
[2015.05.08-08.38.31:998][533]LogTexture:Display: 正在构建贴图: {textureName} ({textureFormatName})
[2015.05.08-08.38.32:007][533]LogTexture:Display: 正在构建贴图: {textureName} ({textureFormatName})
[2015.05.08-08.38.32:013][533]LogTexture:Display: 正在构建贴图: {textureName} ({textureFormatName})
[2015.05.08-08.38.32:024][533]LogTexture:Display: 正在构建贴图: {textureName} ({textureFormatName})
[2015.05.08-08.38.32:029][533]LogTexture:Display: 正在构建贴图: {textureName} ({textureFormatName})
[2015.05.08-08.38.32:040][533]LogTexture:Display: 正在构建贴图: {textureName} ({textureFormatName})
[2015.05.08-08.38.32:045][533]LogTexture:Display: 正在构建贴图: {textureName} ({textureFormatName})
[2015.05.08-08.38.32:055][533]LogTexture:Display: 正在构建贴图: {textureName} ({textureFormatName})
[2015.05.08-08.38.32:091][533]LogTexture:Display: 正在构建贴图: {textureName} ({textureFormatName})
[2015.05.08-08.38.32:157][533]LogTexture:Display: 正在构建贴图: {textureName} ({textureFormatName})
[2015.05.08-08.38.32:173][533]LogTexture:Display: 正在构建贴图: {textureName} ({textureFormatName})
[2015.05.08-08.38.32:201][533]LogTexture:Display: 正在构建贴图: {textureName} ({textureFormatName})
[2015.05.08-08.38.32:215][533]LogTexture:Display: 正在构建贴图: {textureName} ({textureFormatName})
[2015.05.08-08.38.32:250][533]LogTexture:Display: 正在构建贴图: {textureName} ({textureFormatName})
[2015.05.08-08.38.32:287][533]LogTexture:Display: 正在构建贴图: {textureName} ({textureFormatName})
[2015.05.08-08.38.32:342][533]LogTexture:Display: 正在构建贴图: {textureName} ({textureFormatName})
[2015.05.08-08.38.32:427][533]LogTexture:Display: 正在构建贴图: {textureName} ({textureFormatName})
[2015.05.08-08.38.32:492][533]LogTexture:Display: 正在构建贴图: {textureName} ({textureFormatName})
[2015.05.08-08.38.32:572][533]LogTexture:Display: 正在构建贴图: {textureName} ({textureFormatName})
[2015.05.08-08.38.32:712][533]LogTexture:Display: 正在构建贴图: {textureName} ({textureFormatName})
[2015.05.08-08.38.33:250][533]LogTexture:Display: 正在构建贴图: {textureName} ({textureFormatName})
[2015.05.08-08.38.33:359][533]LogTexture:Display: 正在构建贴图: {textureName} ({textureFormatName})
[2015.05.08-08.38.33:371][533]LogTexture:Display: 正在构建贴图: {textureName} ({textureFormatName})
[2015.05.08-08.38.33:397][533]LogTexture:Display: 正在构建贴图: {textureName} ({textureFormatName})
[2015.05.08-08.38.33:408][533]LogTexture:Display: 正在构建贴图: {textureName} ({textureFormatName})
[2015.05.08-08.38.33:450][533]LogTexture:Display: 正在构建贴图: {textureName} ({textureFormatName})
[2015.05.08-08.38.33:458][533]LogTexture:Display: 正在构建贴图: {textureName} ({textureFormatName})
[2015.05.08-08.38.33:467][533]LogTexture:Display: 正在构建贴图: {textureName} ({textureFormatName})
[2015.05.08-08.38.33:502][533]LogTexture:Display: 正在构建贴图: {textureName} ({textureFormatName})
[2015.05.08-08.38.33:506][533]LogTexture:Display: 正在构建贴图: {textureName} ({textureFormatName})
[2015.05.08-08.38.33:511][533]LogTexture:Display: 正在构建贴图: {textureName} ({textureFormatName})
[2015.05.08-08.38.33:599][533]Lightmass on RAYMONDMG: 54.4 sec total, 253 ms importing, 193 ms setup, 2.27 sec photons, 51.6 sec processing, 0 ms extra exporting [4739/4739 mappings]. Threads: 6:01 min total, 58.6 sec processing.
[2015.05.08-08.38.33:828][533]LogStaticLightingSystem: Illumination: 1:10 min (1.87 sec encoding lightmaps)
[2015.05.08-08.38.33:828][533]LogStaticLightingSystem: Lightmap texture memory:  5.0 MB (1.0 MB streaming, 4.0 MB non-streaming), 26 textures
[2015.05.08-08.38.33:828][533]LogStaticLightingSystem: Shadowmap texture memory: 12.6 MB (1.9 MB streaming, 10.7 MB non-streaming), 11 textures
[2015.05.08-08.38.34:638][534]Cmd: MAP CHECK NOTIFYRESULTS
[2015.05.08-08.38.34:638][534]MapCheck: New page: MR - 2015年5月9日 上午12:38:34
[2015.05.08-08.38.34:640][534]MapCheck:Warning: 警告 运行 '清除BSP材质' 来清除 118个不必要的材质引用 
[2015.05.08-08.38.34:726][534]MapCheck: 信息 地图检测完成：0个错误，1 个警告，用时88.767毫秒完成。
[2015.05.08-08.38.45:959][758]BlueprintLog: New page: PIE之前的自动重新编译
[2015.05.08-08.38.45:960][758]LogPlayLevel: [PIE] Compiling MR before PIE...
[2015.05.08-08.38.46:224][758]LogPlayLevel: PIE:  Blueprint regeneration took 264 ms (1 blueprints)
[2015.05.08-08.38.46:225][758]PIE: New page: PIE会话: MR (2015年5月9日 上午12:38:46)
[2015.05.08-08.38.46:414][758]LogBlueprint:Warning: FMemberReference::ResolveMember (GetActorForwardVector) bSelfContext == true, but no scope supplied!
[2015.05.08-08.38.46:414][758]LogBlueprint:Warning: FMemberReference::ResolveMember (GetActorForwardVector) bSelfContext == true, but no scope supplied!
[2015.05.08-08.38.46:418][758]LogBlueprint:Warning: FMemberReference::ResolveMember (ResetTempArrayIndex) bSelfContext == true, but no scope supplied!
[2015.05.08-08.38.46:418][758]LogBlueprint:Warning: FMemberReference::ResolveMember (ResetTempArrayIndex) bSelfContext == true, but no scope supplied!
[2015.05.08-08.38.46:426][758]LogBlueprint:Warning: FMemberReference::ResolveMember (ResetTempArrayIndex) bSelfContext == true, but no scope supplied!
[2015.05.08-08.38.46:426][758]LogBlueprint:Warning: FMemberReference::ResolveMember (ResetTempArrayIndex) bSelfContext == true, but no scope supplied!
[2015.05.08-08.38.46:431][758]LogBlueprint:Warning: FMemberReference::ResolveMember (ResetTempArrayIndex) bSelfContext == true, but no scope supplied!
[2015.05.08-08.38.46:431][758]LogBlueprint:Warning: FMemberReference::ResolveMember (ResetTempArrayIndex) bSelfContext == true, but no scope supplied!
[2015.05.08-08.38.46:469][758]LogBlueprint:Warning: FMemberReference::ResolveMember (ResetTempArrayIndex) bSelfContext == true, but no scope supplied!
[2015.05.08-08.38.46:469][758]LogBlueprint:Warning: FMemberReference::ResolveMember (ResetTempArrayIndex) bSelfContext == true, but no scope supplied!
[2015.05.08-08.38.46:532][758]LogPlayLevel: PIE: StaticDuplicateObject took: (0.307559s)
[2015.05.08-08.38.46:533][758]LogPlayLevel: PIE: World Init took: (0.000528s)
[2015.05.08-08.38.46:533][758]LogPlayLevel: PIE: Created PIE world by copying editor world from /Game/MR.MR to /Game/UEDPIE_0_MR.MR (0.308303s)
[2015.05.08-08.38.46:569][758]LogWorld: Game class is 'FirstPersonGameMode_C'
[2015.05.08-08.38.46:570][758]LogAIModule: Creating AISystem for world MR
[2015.05.08-08.38.46:598][758]LogWorld: Bringing World /Game/UEDPIE_0_MR.MR up for play (max tick rate 60) at 2015.05.08-16.38.46
[2015.05.08-08.38.46:603][758]LogWorld: Bringing up level for play took: 0.032552
[2015.05.08-08.38.46:622][758]PIE: 信息 /Game/UEDPIE_0_MR的‘在编辑器中播放’的起始时间1.457
[2015.05.08-08.39.36:317][ 10]LogParticles: Destroying 0 GPU particle simulations for FXSystem 0x0000001A259BD440
[2015.05.08-08.40.04:559][557]BlueprintLog: New page: PIE之前的自动重新编译
[2015.05.08-08.40.04:559][557]LogPlayLevel: [PIE] Compiling MR before PIE...
[2015.05.08-08.40.04:831][557]LogPlayLevel: PIE:  Blueprint regeneration took 273 ms (1 blueprints)
[2015.05.08-08.40.04:832][557]PIE: New page: PIE会话: MR (2015年5月9日 上午12:40:04)
[2015.05.08-08.40.05:021][557]LogBlueprint:Warning: FMemberReference::ResolveMember (GetActorForwardVector) bSelfContext == true, but no scope supplied!
[2015.05.08-08.40.05:021][557]LogBlueprint:Warning: FMemberReference::ResolveMember (GetActorForwardVector) bSelfContext == true, but no scope supplied!
[2015.05.08-08.40.05:025][557]LogBlueprint:Warning: FMemberReference::ResolveMember (ResetTempArrayIndex) bSelfContext == true, but no scope supplied!
[2015.05.08-08.40.05:025][557]LogBlueprint:Warning: FMemberReference::ResolveMember (ResetTempArrayIndex) bSelfContext == true, but no scope supplied!
[2015.05.08-08.40.05:032][557]LogBlueprint:Warning: FMemberReference::ResolveMember (ResetTempArrayIndex) bSelfContext == true, but no scope supplied!
[2015.05.08-08.40.05:032][557]LogBlueprint:Warning: FMemberReference::ResolveMember (ResetTempArrayIndex) bSelfContext == true, but no scope supplied!
[2015.05.08-08.40.05:038][557]LogBlueprint:Warning: FMemberReference::ResolveMember (ResetTempArrayIndex) bSelfContext == true, but no scope supplied!
[2015.05.08-08.40.05:038][557]LogBlueprint:Warning: FMemberReference::ResolveMember (ResetTempArrayIndex) bSelfContext == true, but no scope supplied!
[2015.05.08-08.40.05:074][557]LogBlueprint:Warning: FMemberReference::ResolveMember (ResetTempArrayIndex) bSelfContext == true, but no scope supplied!
[2015.05.08-08.40.05:074][557]LogBlueprint:Warning: FMemberReference::ResolveMember (ResetTempArrayIndex) bSelfContext == true, but no scope supplied!
[2015.05.08-08.40.05:137][557]LogPlayLevel: PIE: StaticDuplicateObject took: (0.305512s)
[2015.05.08-08.40.05:138][557]LogPlayLevel: PIE: World Init took: (0.000510s)
[2015.05.08-08.40.05:138][557]LogPlayLevel: PIE: Created PIE world by copying editor world from /Game/MR.MR to /Game/UEDPIE_0_MR.MR (0.306222s)
[2015.05.08-08.40.05:175][557]LogWorld: Game class is 'FirstPersonGameMode_C'
[2015.05.08-08.40.05:177][557]LogAIModule: Creating AISystem for world MR
[2015.05.08-08.40.05:225][557]LogWorld: Bringing World /Game/UEDPIE_0_MR.MR up for play (max tick rate 60) at 2015.05.08-16.40.05
[2015.05.08-08.40.05:231][557]LogWorld: Bringing up level for play took: 0.053120
[2015.05.08-08.40.05:233][557]PIE: 信息 /Game/UEDPIE_0_MR的‘在编辑器中播放’的起始时间0.068
[2015.05.08-08.40.22:796][  8]LogParticles: Destroying 0 GPU particle simulations for FXSystem 0x0000001A579AA200
[2015.05.08-08.40.23:698][ 26]BlueprintLog: New page: PIE之前的自动重新编译
[2015.05.08-08.40.23:698][ 26]LogPlayLevel: [PIE] Compiling MR before PIE...
[2015.05.08-08.40.23:971][ 26]LogPlayLevel: PIE:  Blueprint regeneration took 272 ms (1 blueprints)
[2015.05.08-08.40.23:971][ 26]PIE: New page: PIE会话: MR (2015年5月9日 上午12:40:23)
[2015.05.08-08.40.24:161][ 26]LogBlueprint:Warning: FMemberReference::ResolveMember (GetActorForwardVector) bSelfContext == true, but no scope supplied!
[2015.05.08-08.40.24:161][ 26]LogBlueprint:Warning: FMemberReference::ResolveMember (GetActorForwardVector) bSelfContext == true, but no scope supplied!
[2015.05.08-08.40.24:165][ 26]LogBlueprint:Warning: FMemberReference::ResolveMember (ResetTempArrayIndex) bSelfContext == true, but no scope supplied!
[2015.05.08-08.40.24:165][ 26]LogBlueprint:Warning: FMemberReference::ResolveMember (ResetTempArrayIndex) bSelfContext == true, but no scope supplied!
[2015.05.08-08.40.24:173][ 26]LogBlueprint:Warning: FMemberReference::ResolveMember (ResetTempArrayIndex) bSelfContext == true, but no scope supplied!
[2015.05.08-08.40.24:173][ 26]LogBlueprint:Warning: FMemberReference::ResolveMember (ResetTempArrayIndex) bSelfContext == true, but no scope supplied!
[2015.05.08-08.40.24:179][ 26]LogBlueprint:Warning: FMemberReference::ResolveMember (ResetTempArrayIndex) bSelfContext == true, but no scope supplied!
[2015.05.08-08.40.24:179][ 26]LogBlueprint:Warning: FMemberReference::ResolveMember (ResetTempArrayIndex) bSelfContext == true, but no scope supplied!
[2015.05.08-08.40.24:217][ 26]LogBlueprint:Warning: FMemberReference::ResolveMember (ResetTempArrayIndex) bSelfContext == true, but no scope supplied!
[2015.05.08-08.40.24:217][ 26]LogBlueprint:Warning: FMemberReference::ResolveMember (ResetTempArrayIndex) bSelfContext == true, but no scope supplied!
[2015.05.08-08.40.24:279][ 26]LogPlayLevel: PIE: StaticDuplicateObject took: (0.307322s)
[2015.05.08-08.40.24:280][ 26]LogPlayLevel: PIE: World Init took: (0.000550s)
[2015.05.08-08.40.24:280][ 26]LogPlayLevel: PIE: Created PIE world by copying editor world from /Game/MR.MR to /Game/UEDPIE_0_MR.MR (0.308089s)
[2015.05.08-08.40.24:323][ 26]LogWorld: Game class is 'FirstPersonGameMode_C'
[2015.05.08-08.40.24:325][ 26]LogAIModule: Creating AISystem for world MR
[2015.05.08-08.40.24:370][ 26]LogWorld: Bringing World /Game/UEDPIE_0_MR.MR up for play (max tick rate 60) at 2015.05.08-16.40.24
[2015.05.08-08.40.24:375][ 26]LogWorld: Bringing up level for play took: 0.050083
[2015.05.08-08.40.24:377][ 26]PIE: 信息 /Game/UEDPIE_0_MR的‘在编辑器中播放’的起始时间1.212
[2015.05.08-08.40.43:495][512]LogParticles: Destroying 0 GPU particle simulations for FXSystem 0x0000001A259BEE80
[2015.05.08-08.40.44:201][525]LogEditorViewport: Clicking on Actor (LMB): StaticMeshActor (DoorCompanyChoice)
[2015.05.08-08.41.48:843][164]LogContentBrowser: Native class hierarchy updated for 'Matinee' in 0.0022 seconds. Added 15 classes and 2 folders.
[2015.05.08-08.41.48:852][164]LogInit: Transaction tracking system initialized
[2015.05.08-08.41.48:855][164]EditorErrors: New page: Matinee初始化
[2015.05.08-08.42.11:260][541]LogInit: Transaction tracking system initialized
[2015.05.08-08.42.11:260][541]EditorErrors: New page: Matinee初始化
[2015.05.08-08.44.57:843][774]BlueprintLog: New page: PIE之前的自动重新编译
[2015.05.08-08.44.57:866][774]LogPlayLevel: [PIE] Compiling MR before PIE...
[2015.05.08-08.44.58:158][774]LogParticles: Destroying 0 GPU particle simulations for FXSystem 0x0000001A29342C00
[2015.05.08-08.44.58:158][774]LogExit: Transaction tracking system shut down
[2015.05.08-08.44.58:158][774]LogExit: Transaction tracking system shut down
[2015.05.08-08.44.58:163][774]LogPlayLevel: PIE:  Blueprint regeneration took 320 ms (1 blueprints)
[2015.05.08-08.44.58:163][774]PIE: New page: PIE会话: MR (2015年5月9日 上午12:44:58)
[2015.05.08-08.44.58:350][774]LogBlueprint:Warning: FMemberReference::ResolveMember (GetActorForwardVector) bSelfContext == true, but no scope supplied!
[2015.05.08-08.44.58:350][774]LogBlueprint:Warning: FMemberReference::ResolveMember (GetActorForwardVector) bSelfContext == true, but no scope supplied!
[2015.05.08-08.44.58:354][774]LogBlueprint:Warning: FMemberReference::ResolveMember (ResetTempArrayIndex) bSelfContext == true, but no scope supplied!
[2015.05.08-08.44.58:354][774]LogBlueprint:Warning: FMemberReference::ResolveMember (ResetTempArrayIndex) bSelfContext == true, but no scope supplied!
[2015.05.08-08.44.58:362][774]LogBlueprint:Warning: FMemberReference::ResolveMember (ResetTempArrayIndex) bSelfContext == true, but no scope supplied!
[2015.05.08-08.44.58:362][774]LogBlueprint:Warning: FMemberReference::ResolveMember (ResetTempArrayIndex) bSelfContext == true, but no scope supplied!
[2015.05.08-08.44.58:367][774]LogBlueprint:Warning: FMemberReference::ResolveMember (ResetTempArrayIndex) bSelfContext == true, but no scope supplied!
[2015.05.08-08.44.58:367][774]LogBlueprint:Warning: FMemberReference::ResolveMember (ResetTempArrayIndex) bSelfContext == true, but no scope supplied!
[2015.05.08-08.44.58:405][774]LogBlueprint:Warning: FMemberReference::ResolveMember (ResetTempArrayIndex) bSelfContext == true, but no scope supplied!
[2015.05.08-08.44.58:405][774]LogBlueprint:Warning: FMemberReference::ResolveMember (ResetTempArrayIndex) bSelfContext == true, but no scope supplied!
[2015.05.08-08.44.58:467][774]LogPlayLevel: PIE: StaticDuplicateObject took: (0.303025s)
[2015.05.08-08.44.58:467][774]LogPlayLevel: PIE: World Init took: (0.000497s)
[2015.05.08-08.44.58:467][774]LogPlayLevel: PIE: Created PIE world by copying editor world from /Game/MR.MR to /Game/UEDPIE_0_MR.MR (0.303737s)
[2015.05.08-08.44.58:510][774]LogWorld: Game class is 'FirstPersonGameMode_C'
[2015.05.08-08.44.58:512][774]LogAIModule: Creating AISystem for world MR
[2015.05.08-08.44.58:539][774]LogWorld: Bringing World /Game/UEDPIE_0_MR.MR up for play (max tick rate 60) at 2015.05.08-16.44.58
[2015.05.08-08.44.58:544][774]LogWorld: Bringing up level for play took: 0.031986
[2015.05.08-08.44.58:546][774]PIE: 信息 /Game/UEDPIE_0_MR的‘在编辑器中播放’的起始时间1.381
[2015.05.08-08.45.24:689][ 68]LogParticles: Destroying 0 GPU particle simulations for FXSystem 0x0000001A36CAA7A0
[2015.05.08-08.45.57:060][286]BlueprintLog: New page: PIE之前的自动重新编译
[2015.05.08-08.45.57:082][286]LogPlayLevel: [PIE] Compiling MR before PIE...
[2015.05.08-08.45.57:377][286]LogPlayLevel: PIE:  Blueprint regeneration took 316 ms (1 blueprints)
[2015.05.08-08.45.57:377][286]PIE: New page: PIE会话: MR (2015年5月9日 上午12:45:57)
[2015.05.08-08.45.57:567][286]LogBlueprint:Warning: FMemberReference::ResolveMember (GetActorForwardVector) bSelfContext == true, but no scope supplied!
[2015.05.08-08.45.57:567][286]LogBlueprint:Warning: FMemberReference::ResolveMember (GetActorForwardVector) bSelfContext == true, but no scope supplied!
[2015.05.08-08.45.57:571][286]LogBlueprint:Warning: FMemberReference::ResolveMember (ResetTempArrayIndex) bSelfContext == true, but no scope supplied!
[2015.05.08-08.45.57:571][286]LogBlueprint:Warning: FMemberReference::ResolveMember (ResetTempArrayIndex) bSelfContext == true, but no scope supplied!
[2015.05.08-08.45.57:579][286]LogBlueprint:Warning: FMemberReference::ResolveMember (ResetTempArrayIndex) bSelfContext == true, but no scope supplied!
[2015.05.08-08.45.57:579][286]LogBlueprint:Warning: FMemberReference::ResolveMember (ResetTempArrayIndex) bSelfContext == true, but no scope supplied!
[2015.05.08-08.45.57:584][286]LogBlueprint:Warning: FMemberReference::ResolveMember (ResetTempArrayIndex) bSelfContext == true, but no scope supplied!
[2015.05.08-08.45.57:584][286]LogBlueprint:Warning: FMemberReference::ResolveMember (ResetTempArrayIndex) bSelfContext == true, but no scope supplied!
[2015.05.08-08.45.57:622][286]LogBlueprint:Warning: FMemberReference::ResolveMember (ResetTempArrayIndex) bSelfContext == true, but no scope supplied!
[2015.05.08-08.45.57:622][286]LogBlueprint:Warning: FMemberReference::ResolveMember (ResetTempArrayIndex) bSelfContext == true, but no scope supplied!
[2015.05.08-08.45.57:686][286]LogPlayLevel: PIE: StaticDuplicateObject took: (0.307557s)
[2015.05.08-08.45.57:686][286]LogPlayLevel: PIE: World Init took: (0.000517s)
[2015.05.08-08.45.57:687][286]LogPlayLevel: PIE: Created PIE world by copying editor world from /Game/MR.MR to /Game/UEDPIE_0_MR.MR (0.308321s)
[2015.05.08-08.45.57:741][286]LogWorld: Game class is 'FirstPersonGameMode_C'
[2015.05.08-08.45.57:744][286]LogAIModule: Creating AISystem for world MR
[2015.05.08-08.45.57:784][286]LogWorld: Bringing World /Game/UEDPIE_0_MR.MR up for play (max tick rate 60) at 2015.05.08-16.45.57
[2015.05.08-08.45.57:790][286]LogWorld: Bringing up level for play took: 0.044355
[2015.05.08-08.45.57:792][286]PIE: 信息 /Game/UEDPIE_0_MR的‘在编辑器中播放’的起始时间0.626
[2015.05.08-08.46.11:951][585]LogParticles: Destroying 0 GPU particle simulations for FXSystem 0x0000001A38526520
[2015.05.08-08.48.23:268][ 84]BlueprintLog: New page: 编译MR
[2015.05.08-08.48.23:608][ 84]BlueprintEditorCompileResults: 信息 [0709.62]MR编译成功！[用时338毫秒]
[2015.05.08-08.48.30:377][157]BlueprintLog: New page: PIE之前的自动重新编译
[2015.05.08-08.48.30:401][157]LogPlayLevel: [PIE] Compiling MR before PIE...
[2015.05.08-08.48.30:698][157]LogPlayLevel: PIE:  Blueprint regeneration took 321 ms (1 blueprints)
[2015.05.08-08.48.30:698][157]PIE: New page: PIE会话: MR (2015年5月9日 上午12:48:30)
[2015.05.08-08.48.30:891][157]LogBlueprint:Warning: FMemberReference::ResolveMember (GetActorForwardVector) bSelfContext == true, but no scope supplied!
[2015.05.08-08.48.30:891][157]LogBlueprint:Warning: FMemberReference::ResolveMember (GetActorForwardVector) bSelfContext == true, but no scope supplied!
[2015.05.08-08.48.30:896][157]LogBlueprint:Warning: FMemberReference::ResolveMember (ResetTempArrayIndex) bSelfContext == true, but no scope supplied!
[2015.05.08-08.48.30:896][157]LogBlueprint:Warning: FMemberReference::ResolveMember (ResetTempArrayIndex) bSelfContext == true, but no scope supplied!
[2015.05.08-08.48.30:904][157]LogBlueprint:Warning: FMemberReference::ResolveMember (ResetTempArrayIndex) bSelfContext == true, but no scope supplied!
[2015.05.08-08.48.30:904][157]LogBlueprint:Warning: FMemberReference::ResolveMember (ResetTempArrayIndex) bSelfContext == true, but no scope supplied!
[2015.05.08-08.48.30:909][157]LogBlueprint:Warning: FMemberReference::ResolveMember (ResetTempArrayIndex) bSelfContext == true, but no scope supplied!
[2015.05.08-08.48.30:909][157]LogBlueprint:Warning: FMemberReference::ResolveMember (ResetTempArrayIndex) bSelfContext == true, but no scope supplied!
[2015.05.08-08.48.30:945][157]LogBlueprint:Warning: FMemberReference::ResolveMember (ResetTempArrayIndex) bSelfContext == true, but no scope supplied!
[2015.05.08-08.48.30:945][157]LogBlueprint:Warning: FMemberReference::ResolveMember (ResetTempArrayIndex) bSelfContext == true, but no scope supplied!
[2015.05.08-08.48.31:008][157]LogPlayLevel: PIE: StaticDuplicateObject took: (0.309389s)
[2015.05.08-08.48.31:008][157]LogPlayLevel: PIE: World Init took: (0.000523s)
[2015.05.08-08.48.31:009][157]LogPlayLevel: PIE: Created PIE world by copying editor world from /Game/MR.MR to /Game/UEDPIE_0_MR.MR (0.310147s)
[2015.05.08-08.48.31:044][157]LogWorld: Game class is 'FirstPersonGameMode_C'
[2015.05.08-08.48.31:046][157]LogAIModule: Creating AISystem for world MR
[2015.05.08-08.48.31:073][157]LogWorld: Bringing World /Game/UEDPIE_0_MR.MR up for play (max tick rate 60) at 2015.05.08-16.48.31
[2015.05.08-08.48.31:078][157]LogWorld: Bringing up level for play took: 0.032170
[2015.05.08-08.48.31:081][157]PIE: 信息 /Game/UEDPIE_0_MR的‘在编辑器中播放’的起始时间-0.085
[2015.05.08-08.50.16:846][853]LogParticles: Destroying 0 GPU particle simulations for FXSystem 0x0000001A377BA8E0
[2015.05.08-08.50.20:369][897]Cmd: OBJ SAVEPACKAGE PACKAGE="/Game/MR" FILE="../../../../../../U3D/1-3-life-choices/Content/MR.umap" SILENT=true AUTOSAVING=false KEEPDIRTY=false
[2015.05.08-08.50.22:065][897]LogSavePackage: Save=1661.805908ms
[2015.05.08-08.50.22:065][897]LogSavePackage: Moving '../../../../../../U3D/1-3-life-choices/Saved/MRFE2BDD0446246C064FEACD8CCA401D9C.tmp' to '../../../../../../U3D/1-3-life-choices/Content/MR.umap'
[2015.05.08-08.50.22:091][897]LogFileHelpers: Saving map 'MR' took 1.803
[2015.05.08-08.50.22:485][898]Cmd: QUIT_EDITOR
[2015.05.08-08.50.22:695][898]LogExit: Preparing to exit.
[2015.05.08-08.50.23:216][898]LogExit: Editor shut down
[2015.05.08-08.50.23:217][898]LogExit: Transaction tracking system shut down
[2015.05.08-08.50.23:218][898]LogParticles: Destroying 0 GPU particle simulations for FXSystem 0x0000001A5781FD80
[2015.05.08-08.50.23:218][898]LogParticles: Destroying 0 GPU particle simulations for FXSystem 0x0000001A20F78D60
[2015.05.08-08.50.23:218][898]LogParticles: Destroying 0 GPU particle simulations for FXSystem 0x0000001A565FE340
[2015.05.08-08.50.23:218][898]LogParticles: Destroying 0 GPU particle simulations for FXSystem 0x0000001A558B8EA0
[2015.05.08-08.50.23:218][898]LogParticles: Destroying 0 GPU particle simulations for FXSystem 0x0000001A58A64FE0
[2015.05.08-08.50.23:220][898]LogParticles: Destroying 0 GPU particle simulations for FXSystem 0x0000001A0517E700
[2015.05.08-08.50.23:293][898]LogExit: Object subsystem successfully closed.
[2015.05.08-08.50.23:331][898]LogModuleManager: Shutting down and abandoning module DistCurveEditor (179)
[2015.05.08-08.50.23:331][898]LogModuleManager: Shutting down and abandoning module Matinee (178)
[2015.05.08-08.50.23:331][898]LogModuleManager: Shutting down and abandoning module CrashTracker (177)
[2015.05.08-08.50.23:331][898]LogModuleManager: Shutting down and abandoning module SuperSearch (176)
[2015.05.08-08.50.23:331][898]LogModuleManager: Shutting down and abandoning module SceneOutliner (175)
[2015.05.08-08.50.23:331][898]LogModuleManager: Shutting down and abandoning module EditorWidgets (174)
[2015.05.08-08.50.23:331][898]LogModuleManager: Shutting down and abandoning module CollectionManager (173)
[2015.05.08-08.50.23:331][898]LogModuleManager: Shutting down and abandoning module StatsViewer (172)
[2015.05.08-08.50.23:331][898]LogModuleManager: Shutting down and abandoning module FoliageEdit (171)
[2015.05.08-08.50.23:331][898]LogModuleManager: Shutting down and abandoning module LandscapeEditor (170)
[2015.05.08-08.50.23:331][898]LogModuleManager: Shutting down and abandoning module MeshPaint (169)
[2015.05.08-08.50.23:331][898]LogModuleManager: Shutting down and abandoning module ActorPickerMode (168)
[2015.05.08-08.50.23:331][898]LogModuleManager: Shutting down and abandoning module GeometryMode (167)
[2015.05.08-08.50.23:331][898]LogModuleManager: Shutting down and abandoning module TextureAlignMode (166)
[2015.05.08-08.50.23:331][898]LogModuleManager: Shutting down and abandoning module BspMode (165)
[2015.05.08-08.50.23:331][898]LogModuleManager: Shutting down and abandoning module PlacementMode (164)
[2015.05.08-08.50.23:331][898]LogModuleManager: Shutting down and abandoning module AutomationWorker (163)
[2015.05.08-08.50.23:331][898]LogModuleManager: Shutting down and abandoning module CharacterAI (162)
[2015.05.08-08.50.23:331][898]LogModuleManager: Shutting down and abandoning module SmartSnapping (161)
[2015.05.08-08.50.23:331][898]LogModuleManager: Shutting down and abandoning module ViewportSnapping (160)
[2015.05.08-08.50.23:331][898]LogModuleManager: Shutting down and abandoning module LogVisualizer (159)
[2015.05.08-08.50.23:331][898]LogModuleManager: Shutting down and abandoning module GameProjectGeneration (158)
[2015.05.08-08.50.23:331][898]LogModuleManager: Shutting down and abandoning module IntroTutorials (157)
[2015.05.08-08.50.23:331][898]LogModuleManager: Shutting down and abandoning module EditorLiveStreaming (156)
[2015.05.08-08.50.23:331][898]LogModuleManager: Shutting down and abandoning module HardwareTargeting (155)
[2015.05.08-08.50.23:331][898]LogModuleManager: Shutting down and abandoning module DeviceProfileEditor (154)
[2015.05.08-08.50.23:331][898]LogModuleManager: Shutting down and abandoning module UndoHistory (153)
[2015.05.08-08.50.23:331][898]LogModuleManager: Shutting down and abandoning module GameplayTagsEditor (152)
[2015.05.08-08.50.23:331][898]LogModuleManager: Shutting down and abandoning module UserFeedback (151)
[2015.05.08-08.50.23:331][898]LogModuleManager: Shutting down and abandoning module XmlParser (150)
[2015.05.08-08.50.23:331][898]LogModuleManager: Shutting down and abandoning module Blutility (149)
[2015.05.08-08.50.23:331][898]LogModuleManager: Shutting down and abandoning module IOSPlatformEditor (148)
[2015.05.08-08.50.23:331][898]LogModuleManager: Shutting down and abandoning module IOSRuntimeSettings (147)
[2015.05.08-08.50.23:331][898]LogModuleManager: Shutting down and abandoning module AndroidDeviceDetection (146)
[2015.05.08-08.50.23:907][898]LogModuleManager: Shutting down and abandoning module AndroidPlatformEditor (145)
[2015.05.08-08.50.23:907][898]LogModuleManager: Shutting down and abandoning module AndroidRuntimeSettings (144)
[2015.05.08-08.50.23:907][898]LogModuleManager: Shutting down and abandoning module ProjectTargetPlatformEditor (143)
[2015.05.08-08.50.23:907][898]LogModuleManager: Shutting down and abandoning module ProjectSettingsViewer (142)
[2015.05.08-08.50.23:907][898]LogModuleManager: Shutting down and abandoning module InputBindingEditor (141)
[2015.05.08-08.50.23:907][898]LogModuleManager: Shutting down and abandoning module EditorSettingsViewer (140)
[2015.05.08-08.50.23:908][898]LogModuleManager: Shutting down and abandoning module SettingsEditor (139)
[2015.05.08-08.50.23:908][898]LogModuleManager: Shutting down and abandoning module ProjectLauncher (138)
[2015.05.08-08.50.23:908][898]LogModuleManager: Shutting down and abandoning module SessionFrontend (137)
[2015.05.08-08.50.23:908][898]LogModuleManager: Shutting down and abandoning module ProfilerClient (136)
[2015.05.08-08.50.23:908][898]LogModuleManager: Shutting down and abandoning module TargetDeviceServices (135)
[2015.05.08-08.50.23:908][898]LogModuleManager: Shutting down and abandoning module DeviceManager (134)
[2015.05.08-08.50.23:908][898]LogModuleManager: Shutting down and abandoning module AutomationController (133)
[2015.05.08-08.50.23:908][898]LogModuleManager: Shutting down and abandoning module AutomationWindow (132)
[2015.05.08-08.50.23:908][898]LogModuleManager: Shutting down and abandoning module Layers (131)
[2015.05.08-08.50.23:908][898]LogModuleManager: Shutting down and abandoning module ComponentVisualizers (130)
[2015.05.08-08.50.23:908][898]LogModuleManager: Shutting down and abandoning module DetailCustomizations (129)
[2015.05.08-08.50.23:908][898]LogModuleManager: Shutting down and abandoning module PackagesDialog (128)
[2015.05.08-08.50.23:908][898]LogModuleManager: Shutting down and abandoning module AssetRegistry (127)
[2015.05.08-08.50.24:033][898]LogModuleManager: Shutting down and abandoning module Persona (126)
[2015.05.08-08.50.24:034][898]LogModuleManager: Shutting down and abandoning module SlateReflector (125)
[2015.05.08-08.50.24:034][898]LogModuleManager: Shutting down and abandoning module LevelEditor (124)
[2015.05.08-08.50.24:036][898]LogModuleManager: Shutting down and abandoning module Kismet (123)
[2015.05.08-08.50.24:036][898]LogModuleManager: Shutting down and abandoning module GraphEditor (122)
[2015.05.08-08.50.24:037][898]LogModuleManager: Shutting down and abandoning module ClassViewer (121)
[2015.05.08-08.50.24:037][898]LogModuleManager: Shutting down and abandoning module Toolbox (120)
[2015.05.08-08.50.24:037][898]LogModuleManager: Shutting down and abandoning module ModuleUI (119)
[2015.05.08-08.50.24:037][898]LogModuleManager: Shutting down and abandoning module MovieSceneTools (118)
[2015.05.08-08.50.24:037][898]LogModuleManager: Shutting down and abandoning module OutputLog (117)
[2015.05.08-08.50.24:037][898]LogModuleManager: Shutting down and abandoning module GammaUI (116)
[2015.05.08-08.50.24:037][898]LogModuleManager: Shutting down and abandoning module Documentation (115)
[2015.05.08-08.50.24:037][898]LogModuleManager: Shutting down and abandoning module GameLiveStreaming (114)
[2015.05.08-08.50.24:037][898]LogModuleManager: Shutting down and abandoning module StreamingPauseRendering (113)
[2015.05.08-08.50.24:037][898]LogModuleManager: Shutting down and abandoning module HTTP (112)
[2015.05.08-08.50.24:037][898]LogModuleManager: Shutting down and abandoning module AnalyticsET (111)
[2015.05.08-08.50.24:037][898]LogModuleManager: Shutting down and abandoning module Analytics (110)
[2015.05.08-08.50.24:037][898]LogModuleManager: Shutting down and abandoning module AITestSuite (109)
[2015.05.08-08.50.24:037][898]LogModuleManager: Shutting down and abandoning module GameplayDebugger (108)
[2015.05.08-08.50.24:037][898]LogModuleManager: Shutting down and abandoning module AIModule (107)
[2015.05.08-08.50.24:037][898]LogModuleManager: Shutting down and abandoning module ProfilerService (106)
[2015.05.08-08.50.24:245][898]LogModuleManager: Shutting down and abandoning module TaskGraph (105)
[2015.05.08-08.50.24:245][898]LogModuleManager: Shutting down and abandoning module SlateRemote (104)
[2015.05.08-08.50.24:245][898]LogModuleManager: Shutting down and abandoning module ScriptEditorPlugin (103)
[2015.05.08-08.50.24:245][898]LogModuleManager: Shutting down and abandoning module CustomMeshComponent (102)
[2015.05.08-08.50.24:245][898]LogModuleManager: Shutting down and abandoning module CableComponent (101)
[2015.05.08-08.50.24:245][898]LogModuleManager: Shutting down and abandoning module MessagingDebugger (100)
[2015.05.08-08.50.24:245][898]LogModuleManager: Shutting down and abandoning module MediaPlayerEditor (99)
[2015.05.08-08.50.24:245][898]LogModuleManager: Shutting down and abandoning module SpeedTreeImporter (98)
[2015.05.08-08.50.24:245][898]LogModuleManager: Shutting down and abandoning module PluginsEditor (97)
[2015.05.08-08.50.24:246][898]LogModuleManager: Shutting down and abandoning module MainFrame (96)
[2015.05.08-08.50.24:246][898]LogModuleManager: Shutting down and abandoning module EpicSurvey (95)
[2015.05.08-08.50.24:246][898]LogModuleManager: Shutting down and abandoning module DesktopPlatform (94)
[2015.05.08-08.50.24:246][898]LogModuleManager: Shutting down and abandoning module DirectoryWatcher (93)
[2015.05.08-08.50.24:247][898]LogModuleManager: Shutting down and abandoning module HotReload (92)
[2015.05.08-08.50.24:247][898]LogModuleManager: Shutting down and abandoning module VisualStudioSourceCodeAccess (91)
[2015.05.08-08.50.24:247][898]LogModuleManager: Shutting down and abandoning module UObjectPlugin (90)
[2015.05.08-08.50.24:247][898]LogModuleManager: Shutting down and abandoning module SubversionSourceControl (89)
[2015.05.08-08.50.24:247][898]LogModuleManager: Shutting down and abandoning module PerforceSourceControl (88)
[2015.05.08-08.50.24:247][898]LogModuleManager: Shutting down and abandoning module SourceControl (87)
[2015.05.08-08.50.24:247][898]LogModuleManager: Shutting down and abandoning module GitSourceControl (86)
[2015.05.08-08.50.24:247][898]LogModuleManager: Shutting down and abandoning module BlankPlugin (85)
[2015.05.08-08.50.24:247][898]LogModuleManager: Shutting down and abandoning module PaperTiledImporter (84)
[2015.05.08-08.50.24:247][898]LogModuleManager: Shutting down and abandoning module PaperJsonImporter (83)
[2015.05.08-08.50.24:247][898]LogModuleManager: Shutting down and abandoning module ContentBrowser (82)
[2015.05.08-08.50.24:249][898]LogModuleManager: Shutting down and abandoning module Paper2DEditor (81)
[2015.05.08-08.50.24:250][898]LogModuleManager: Shutting down and abandoning module ScriptPlugin (80)
[2015.05.08-08.50.24:250][898]LogModuleManager: Shutting down and abandoning module UdpMessaging (79)
[2015.05.08-08.50.24:351][898]LogModuleManager: Shutting down and abandoning module Paper2D (78)
[2015.05.08-08.50.24:351][898]LogModuleManager: Shutting down and abandoning module WindowsMoviePlayer (77)
[2015.05.08-08.50.24:358][898]LogModuleManager: Shutting down and abandoning module Media (76)
[2015.05.08-08.50.24:358][898]LogModuleManager: Shutting down and abandoning module WmfMedia (75)
[2015.05.08-08.50.24:358][898]LogModuleManager: Shutting down and abandoning module OnlineBlueprintSupport (74)
[2015.05.08-08.50.24:358][898]LogModuleManager: Shutting down and abandoning module PropertyEditor (73)
[2015.05.08-08.50.24:358][898]LogModuleManager: Shutting down and abandoning module BehaviorTreeEditor (72)
[2015.05.08-08.50.24:358][898]LogModuleManager: Shutting down and abandoning module FunctionalTesting (71)
[2015.05.08-08.50.24:358][898]LogModuleManager: Shutting down and abandoning module CollisionAnalyzer (70)
[2015.05.08-08.50.24:358][898]LogModuleManager: Shutting down and abandoning module WorkspaceMenuStructure (69)
[2015.05.08-08.50.24:359][898]LogModuleManager: Shutting down and abandoning module MessageLog (68)
[2015.05.08-08.50.24:359][898]LogModuleManager: Shutting down and abandoning module Sequencer (67)
[2015.05.08-08.50.24:359][898]LogModuleManager: Shutting down and abandoning module AssetTools (66)
[2015.05.08-08.50.24:359][898]LogModuleManager: Shutting down and abandoning module UMGEditor (65)
[2015.05.08-08.50.24:359][898]LogModuleManager: Shutting down and abandoning module UMG (64)
[2015.05.08-08.50.24:359][898]LogModuleManager: Shutting down and abandoning module Slate (63)
[2015.05.08-08.50.24:359][898]LogModuleManager: Shutting down and abandoning module EditorStyle (62)
[2015.05.08-08.50.24:370][898]LogModuleManager: Shutting down and abandoning module SessionServices (61)
[2015.05.08-08.50.24:370][898]LogModuleManager: Shutting down and abandoning module SourceCodeAccess (60)
[2015.05.08-08.50.24:370][898]LogModuleManager: Shutting down and abandoning module HeadMountedDisplay (59)
[2015.05.08-08.50.24:370][898]LogModuleManager: Shutting down and abandoning module XAudio2 (58)
[2015.05.08-08.50.24:370][898]LogModuleManager: Shutting down and abandoning module Networking (56)
[2015.05.08-08.50.24:370][898]LogModuleManager: Shutting down and abandoning module Core (55)
[2015.05.08-08.50.24:370][898]LogModuleManager: Shutting down and abandoning module KismetCompiler (54)
[2015.05.08-08.50.24:370][898]LogModuleManager: Shutting down and abandoning module PhysXFormats (53)
[2015.05.08-08.50.24:370][898]LogModuleManager: Shutting down and abandoning module MeshUtilities (52)
[2015.05.08-08.50.24:370][898]LogModuleManager: Shutting down and abandoning module DerivedDataCache (51)
[2015.05.08-08.50.24:429][898]LogDerivedDataCache: Shutdown
[2015.05.08-08.50.24:429][898]LogModuleManager: Shutting down and abandoning module ShaderFormatOpenGL (50)
[2015.05.08-08.50.24:429][898]LogModuleManager: Shutting down and abandoning module ShaderFormatD3D (49)
[2015.05.08-08.50.24:429][898]LogModuleManager: Shutting down and abandoning module MetalShaderFormat (48)
[2015.05.08-08.50.24:429][898]LogModuleManager: Shutting down and abandoning module TextureFormatUncompressed (47)
[2015.05.08-08.50.24:429][898]LogModuleManager: Shutting down and abandoning module TextureFormatPVR (46)
[2015.05.08-08.50.24:429][898]LogModuleManager: Shutting down and abandoning module TextureFormatIntelISPCTexComp (45)
[2015.05.08-08.50.24:429][898]LogModuleManager: Shutting down and abandoning module TextureFormatDXT (44)
[2015.05.08-08.50.24:429][898]LogModuleManager: Shutting down and abandoning module ImageWrapper (43)
[2015.05.08-08.50.24:429][898]LogModuleManager: Shutting down and abandoning module TextureFormatASTC (42)
[2015.05.08-08.50.24:430][898]LogModuleManager: Shutting down and abandoning module TextureFormatAndroid (41)
[2015.05.08-08.50.24:430][898]LogModuleManager: Shutting down and abandoning module AudioFormatOpus (40)
[2015.05.08-08.50.24:430][898]LogModuleManager: Shutting down and abandoning module AudioFormatOgg (39)
[2015.05.08-08.50.24:430][898]LogModuleManager: Shutting down and abandoning module AudioFormatADPCM (38)
[2015.05.08-08.50.24:430][898]LogModuleManager: Shutting down and abandoning module LinuxTargetPlatform (37)
[2015.05.08-08.50.24:430][898]LogModuleManager: Shutting down and abandoning module LinuxServerTargetPlatform (36)
[2015.05.08-08.50.24:430][898]LogModuleManager: Shutting down and abandoning module LinuxNoEditorTargetPlatform (35)
[2015.05.08-08.50.24:430][898]LogModuleManager: Shutting down and abandoning module Messaging (34)
[2015.05.08-08.50.24:430][898]LogModuleManager: Shutting down and abandoning module IOSTargetPlatform (33)
[2015.05.08-08.50.24:430][898]LogModuleManager: Shutting down and abandoning module HTML5TargetPlatform (32)
[2015.05.08-08.50.24:430][898]LogModuleManager: Shutting down and abandoning module Android_PVRTCTargetPlatform (31)
[2015.05.08-08.50.24:430][898]LogModuleManager: Shutting down and abandoning module Android_ETC2TargetPlatform (30)
[2015.05.08-08.50.24:430][898]LogModuleManager: Shutting down and abandoning module Android_ETC1TargetPlatform (29)
[2015.05.08-08.50.24:430][898]LogModuleManager: Shutting down and abandoning module Android_ES31TargetPlatform (28)
[2015.05.08-08.50.24:430][898]LogModuleManager: Shutting down and abandoning module Android_DXTTargetPlatform (27)
[2015.05.08-08.50.24:430][898]LogModuleManager: Shutting down and abandoning module Android_ATCTargetPlatform (26)
[2015.05.08-08.50.24:430][898]LogModuleManager: Shutting down and abandoning module AndroidTargetPlatform (25)
[2015.05.08-08.50.24:430][898]LogModuleManager: Shutting down and abandoning module WindowsTargetPlatform (24)
[2015.05.08-08.50.24:430][898]LogModuleManager: Shutting down and abandoning module WindowsServerTargetPlatform (23)
[2015.05.08-08.50.24:430][898]LogModuleManager: Shutting down and abandoning module WindowsNoEditorTargetPlatform (22)
[2015.05.08-08.50.24:430][898]LogModuleManager: Shutting down and abandoning module WindowsClientTargetPlatform (21)
[2015.05.08-08.50.24:430][898]LogModuleManager: Shutting down and abandoning module TargetPlatform (20)
[2015.05.08-08.50.24:430][898]LogModuleManager: Shutting down and abandoning module InputCore (19)
[2015.05.08-08.50.24:430][898]LogModuleManager: Shutting down and abandoning module Settings (18)
[2015.05.08-08.50.24:431][898]LogModuleManager: Shutting down and abandoning module OnlineSubsystem (16)
[2015.05.08-08.50.24:431][898]LogModuleManager: Shutting down and abandoning module OculusRift (15)
[2015.05.08-08.50.24:431][898]LogModuleManager: Shutting down and abandoning module ExampleDeviceProfileSelector (14)
[2015.05.08-08.50.24:431][898]LogModuleManager: Shutting down and abandoning module TextureCompressor (13)
[2015.05.08-08.50.24:431][898]LogModuleManager: Shutting down and abandoning module ShaderCore (12)
[2015.05.08-08.50.24:431][898]LogModuleManager: Shutting down and abandoning module Landscape (11)
[2015.05.08-08.50.24:431][898]LogModuleManager: Shutting down and abandoning module SlateRHIRenderer (10)
[2015.05.08-08.50.24:437][898]LogModuleManager: Shutting down and abandoning module OpenGLDrv (9)
[2015.05.08-08.50.24:437][898]LogModuleManager: Shutting down and abandoning module D3D11RHI (8)
[2015.05.08-08.50.24:437][898]LogModuleManager: Shutting down and abandoning module Renderer (7)
[2015.05.08-08.50.24:437][898]LogModuleManager: Shutting down and abandoning module Engine (6)
[2015.05.08-08.50.24:437][898]LogModuleManager: Shutting down and abandoning module CoreUObject (5)
[2015.05.08-08.50.24:437][898]LogModuleManager: Shutting down and abandoning module NetworkFile (4)
[2015.05.08-08.50.24:437][898]LogModuleManager: Shutting down and abandoning module StreamingFile (3)
[2015.05.08-08.50.24:437][898]LogModuleManager: Shutting down and abandoning module SandboxFile (2)
[2015.05.08-08.50.24:438][898]LogModuleManager: Shutting down and abandoning module PakFile (1)
[2015.05.08-08.50.24:439][898]LogExit: Exiting.
[2015.05.08-08.50.24:456][898]Log file closed, 05/08/15 16:50:24
