Log file open, 05/06/15 22:23:08
LogInit:Display: Running engine for game: Prototype
LogInit: Version: 4.7.5-2503383+++depot+UE4-Releases+4.7
LogInit: API Version: 2455222
LogInit: Compiled (64-bit): Apr  6 2015 23:21:51
LogInit: Compiled with Visual C++: 18.00.21005.01
LogInit: Build Configuration: Development
LogInit: Branch Name: ++depot+UE4-Releases+4.7
LogInit: Command line: 
LogInit: Base directory: F:/Epic/Epic Games/4.7/Engine/Binaries/Win64/
LogInit: Rocket: 1
[2015.05.06-14.23.08:534][  0]LogTaskGraph: Started task graph with 3 named threads and 6 total threads.
[2015.05.06-14.23.08:590][  0]LogOnline:Warning: No default platform service specified for OnlineSubsystem
[2015.05.06-14.23.08:600][  0]LogInit: Presizing for 0 objects not considered by GC, pre-allocating 0 bytes.
[2015.05.06-14.23.08:610][  0]LogInit: Object subsystem initialized
[2015.05.06-14.23.08:613][  0]LogConsoleResponse:Warning: Skipping Unknown console variable: 'TranslucentSortAxis = (X=0.000000,Y=-1.000000,Z=0.000000)'
[2015.05.06-14.23.08:613][  0]LogConsoleResponse:Warning:   Found in ini file 'F:/U3D/1-3-life-choices/Saved/Config/Windows/Engine.ini', in section '[/Script/Engine.RendererSettings]'
[2015.05.06-14.23.08:613][  0]LogConsoleResponse:Warning: Skipping Unknown console variable: 'UIScaleRule = ShortestSide'
[2015.05.06-14.23.08:613][  0]LogConsoleResponse:Warning:   Found in ini file 'F:/U3D/1-3-life-choices/Saved/Config/Windows/Engine.ini', in section '[/Script/Engine.RendererSettings]'
[2015.05.06-14.23.08:613][  0]LogConsoleResponse:Warning: Skipping Unknown console variable: 'UIScaleCurve = (EditorCurveData=(Keys=),ExternalCurve=None)'
[2015.05.06-14.23.08:613][  0]LogConsoleResponse:Warning:   Found in ini file 'F:/U3D/1-3-life-choices/Saved/Config/Windows/Engine.ini', in section '[/Script/Engine.RendererSettings]'
[2015.05.06-14.23.08:613][  0]LogInit: Selected Device Profile: [Windows]
[2015.05.06-14.23.08:613][  0]LogInit: Applying CVar settings loaded from the selected device profile: [Windows]
[2015.05.06-14.23.08:622][  0]LogInit: Computer: RAYMONDMG
[2015.05.06-14.23.08:622][  0]LogInit: User: RMG
[2015.05.06-14.23.08:622][  0]LogInit: CPU Page size=4096, Cores=4
[2015.05.06-14.23.08:622][  0]LogInit: High frequency timer resolution =2.435776 MHz
[2015.05.06-14.23.08:622][  0]LogMemory: Memory total: Physical=7.9GB (8GB approx) Virtual=131072.0GB
[2015.05.06-14.23.08:622][  0]LogMemory: Platform Memory Stats for Windows
[2015.05.06-14.23.08:622][  0]LogMemory: Process Physical Memory: 46.88 MB used, 46.88 MB peak
[2015.05.06-14.23.08:622][  0]LogMemory: Process Virtual Memory: 24.42 MB used, 24.43 MB peak
[2015.05.06-14.23.08:622][  0]LogMemory: Physical Memory: 4609.41 MB used, 8073.02 MB total
[2015.05.06-14.23.08:622][  0]LogMemory: Virtual Memory: 286.68 MB used, 134217728.00 MB total
[2015.05.06-14.23.08:710][  0]LogD3D11RHI: Found D3D11 adapter 0: Intel(R) HD Graphics 4600 (Feature Level 11_0)
[2015.05.06-14.23.08:710][  0]LogD3D11RHI: Adapter has 4078MB of dedicated video memory, 0MB of dedicated system memory, and 4036MB of shared system memory, 1 output[s]
[2015.05.06-14.23.08:711][  0]LogD3D11RHI: Found D3D11 adapter 1: Microsoft Basic Render Driver (Feature Level 11_0)
[2015.05.06-14.23.08:711][  0]LogD3D11RHI: Adapter has 0MB of dedicated video memory, 0MB of dedicated system memory, and 256MB of shared system memory, 0 output[s]
[2015.05.06-14.23.08:711][  0]LogD3D11RHI: Chosen D3D11 Adapter Id = 0
[2015.05.06-14.23.08:718][  0]LogRHI: Texture pool is 1361 MB (70% of 1945 MB)
[2015.05.06-14.23.08:726][  0]LogD3D11RHI: Async texture creation enabled
[2015.05.06-14.23.08:829][  0]LogTextLocalizationManager:Warning: Loading localization resources contain conflicting entries for (Namespace:UICommands, Key:Save):
Resource: (F:/Epic/Epic Games/4.7/Engine/Content/Localization/Editor/zh-CN/Editor.locres) Hash: (-669349758) String: (保存)
Resource: (F:/Epic/Epic Games/4.7/Engine/Content/Localization/Engine/zh-CN/Engine.locres) Hash: (-669349758) String: (保持)
[2015.05.06-14.23.08:829][  0]LogTextLocalizationManager:Warning: Loading localization resources contain conflicting entries for (Namespace:UICommands, Key:Save_ToolTip):
Resource: (F:/Epic/Epic Games/4.7/Engine/Content/Localization/Editor/zh-CN/Editor.locres) Hash: (-29098895) String: (保存所有当前关卡到磁盘中)
Resource: (F:/Epic/Epic Games/4.7/Engine/Content/Localization/Engine/zh-CN/Engine.locres) Hash: (-1280300587) String: (保存选择的数据到vlog文件)
[2015.05.06-14.23.08:829][  0]LogTextLocalizationManager:Warning: Loading localization resources contain conflicting entries for (Namespace:ContentBrowser, Key:ImportAssetToolTip):
Resource: (F:/Epic/Epic Games/4.7/Engine/Content/Localization/Editor/zh-CN/Editor.locres) Hash: (-630476809) String: (导入到{0}...)
Resource: (F:/Epic/Epic Games/4.7/Engine/Content/Localization/Editor/zh-CN/Editor.locres) Hash: (1271782899) String: (从文件中导入资源到这个文件夹内。)
[2015.05.06-14.23.08:898][  0]LogContentStreaming: Texture pool size is 0.000000MB
[2015.05.06-14.23.10:867][  0]LogTargetPlatformManager:Display: Building Assets For Windows
[2015.05.06-14.23.11:332][  0]LogTargetPlatformManager:Display: Building Assets For Windows
[2015.05.06-14.23.11:378][  0]LogDerivedDataCache:Display: Max Cache Size: 512 MB
[2015.05.06-14.23.11:421][  0]LogDerivedDataCache: Loaded boot cache 0.04s 39MB C:/Users/RMG/AppData/Local/UnrealEngine/4.7/DerivedDataCache/Boot.ddc.
[2015.05.06-14.23.11:421][  0]LogDerivedDataCache:Display: Loaded Boot cache: C:/Users/RMG/AppData/Local/UnrealEngine/4.7/DerivedDataCache/Boot.ddc
[2015.05.06-14.23.11:421][  0]LogDerivedDataCache: FDerivedDataBackendGraph:  Pak pak cache file ../../../../../../U3D/1-3-life-choices/DerivedDataCache/DDC.ddp not found, will not use a pak cache.
[2015.05.06-14.23.11:421][  0]LogDerivedDataCache: Unable to find inner node Pak for hierarchical cache Hierarchy.
[2015.05.06-14.23.11:528][  0]LogDerivedDataCache:Display: Pak cache opened for reading ../../../Engine/DerivedDataCache/Compressed.ddp.
[2015.05.06-14.23.11:541][  0]LogDerivedDataCache: Using Local data cache path C:/Users/RMG/AppData/Local/UnrealEngine/Common/DerivedDataCache: Writable
[2015.05.06-14.23.11:796][  0]LogMeshUtilities: No automatic mesh reduction module available
[2015.05.06-14.23.11:796][  0]LogMeshUtilities: No automatic mesh merging module available
[2015.05.06-14.23.12:115][  0]LogInit: WinSock: version 1.1 (2.2), MaxSocks=32767, MaxUdp=65467
[2015.05.06-14.23.12:166][  0]LogSlate:Warning: Failed to load font data from '../../../Engine/Content/Slate/Fonts/Roboto-Italic.ttf'
[2015.05.06-14.23.12:801][  0]UdpMessaging: Initializing bridge on interface 0.0.0.0:0 to multicast group 230.0.0.1:6666.
[2015.05.06-14.23.12:983][  0]SourceControl: 信息 源码控制已禁用
[2015.05.06-14.23.12:983][  0]SourceControl: 信息 源码控制已禁用
[2015.05.06-14.23.12:983][  0]SourceControl: 信息 源码控制已禁用
[2015.05.06-14.23.12:983][  0]LogSourceControl: RunCommandInternalRaw: 'git version'
[2015.05.06-14.23.12:983][  0]LogSourceControl: RunCommandInternalRaw: ExecProcess ReturnCode=2 OutResults=''
[2015.05.06-14.23.12:989][  0]SourceControl: 信息 源码控制已禁用
[2015.05.06-14.23.13:118][  0]LogObj: 24232 objects as part of root set at end of initial load.
[2015.05.06-14.23.13:118][  0]LogUObjectAllocator: 5137176 out of 0 bytes used by permanent object pool.
[2015.05.06-14.23.13:186][  0]LogEngine: Initializing Engine...
[2015.05.06-14.23.15:367][  0]LogInit: XAudio2 using '扬声器 (Realtek High Definition Audio)' : 2 channels at 48 kHz using 32 bits per sample (channel mask 0x3)
[2015.05.06-14.23.15:387][  0]LogInit: FAudioDevice initialized.
[2015.05.06-14.23.15:426][  0]LogAIModule: Creating AISystem for world NewWorld
[2015.05.06-14.23.15:453][  0]LogDerivedDataCache: Saved boot cache 0.02s 39MB C:/Users/RMG/AppData/Local/UnrealEngine/4.7/DerivedDataCache/Boot.ddc.
[2015.05.06-14.23.15:455][  0]LogInit: Texture streaming: Enabled
[2015.05.06-14.23.15:524][  0]LogAnalytics: Creating configured Analytics provider AnalyticsET
[2015.05.06-14.23.15:524][  0]LogAnalytics: ET APIKey = Rocket.Release. APIServer = http://et2.epicgames.com/ET2/. AppVersion = 4.7.5-2503383+++depot+UE4-Releases+4.7
[2015.05.06-14.23.15:524][  0]LogAnalytics: ET APIKey = Rocket.Release. DataRouterUploadURL = https://datarouter-public-service-gamedev.ol.epicgames.net/datarouter/api/v1/public/data. AppVersion = 4.7.5-2503383+++depot+UE4-Releases+4.7
[2015.05.06-14.23.15:524][  0]LogAnalytics: SetUserId ff36e97c47fc0dce0794ddbc8f88a228|197ccca8ace4469dbd28a387a822afed|95cd838e-8492-4e16-832d-77cf58ff72cc
[2015.05.06-14.23.15:524][  0]LogAnalytics: AnalyticsET::StartSession [Rocket.Release]
[2015.05.06-14.23.15:556][  0]LogInit: Transaction tracking system initialized
[2015.05.06-14.23.15:678][  0]BlueprintLog: New page: 编辑器加载
[2015.05.06-14.23.15:704][  0]LogAssetRegistry: FAssetRegistry took 0.0104 seconds to start up
[2015.05.06-14.23.15:704][  0]LogDirectoryWatcher:Warning: Failed to begin reading directory changes for ../../../Engine/Plugins/Experimental/CharacterAI/Content/. Error: 0
[2015.05.06-14.23.16:172][  0]LogTargetPlatformManager:Display: Building Assets For Windows
[2015.05.06-14.23.16:516][  0]LogTargetPlatformManager:Display: Building Assets For Windows
[2015.05.06-14.23.16:702][  0]LogSlate:Warning: Failed to load font data from '../../../Engine/Content/Editor/Slate/Fonts/Roboto-Regular.ttf'
[2015.05.06-14.23.16:702][  0]LogSlate:Warning: Failed to load font data from '../../../Engine/Content/Editor/Slate/Fonts/Roboto-Bold.ttf'
[2015.05.06-14.23.16:706][  0]LogConsoleResponse:Display: 
[2015.05.06-14.23.16:805][  0]LogCook:Display: Done creating registry. It took  0.00s.
[2015.05.06-14.23.16:900][  0]SourceControl: 信息 源码控制已禁用
[2015.05.06-14.23.16:900][  0]Cmd: MAP LOAD FILE="../../../../../../U3D/1-3-life-choices/Content/FirstPersonBP/Maps/FirstPersonExampleMap.umap" TEMPLATE=0 SHOWPROGRESS=1 FEATURELEVEL=3
[2015.05.06-14.23.16:900][  0]LightingResults: New page: 光照构建
[2015.05.06-14.23.16:908][  0]MapCheck: New page: 地图检测
[2015.05.06-14.23.16:908][  0]LightingResults: New page: 光照构建
[2015.05.06-14.23.16:915][  0]LogParticles: Destroying 0 GPU particle simulations for FXSystem 0x00000077AC4A6980
[2015.05.06-14.23.17:461][  0]LoadErrors:Error: 错误 SkeletalMeshComponent导入失败
[2015.05.06-14.23.17:772][  0]LogEditorServer: Finished looking for orphan Actors (0.000 secs)
[2015.05.06-14.23.18:703][  0]LogAIModule: Creating AISystem for world FirstPersonExampleMap
[2015.05.06-14.23.18:704][  0]Cmd: MAP CHECKDEP
[2015.05.06-14.23.18:704][  0]MapCheck: New page: FirstPersonExampleMap - 2015年5月7日 上午6:23:18
[2015.05.06-14.23.18:757][  0]MapCheck: 信息 地图检测完成：0个错误，0 个警告，用时53.257毫秒完成。
[2015.05.06-14.23.18:757][  0]LogFileHelpers: Loading map 'FirstPersonExampleMap' took 1.857
[2015.05.06-14.23.18:953][  0]LogCollectionManager: Loaded 0 collections in 0.000935 seconds
[2015.05.06-14.23.18:960][  0]LogContentBrowser: Native class hierarchy populated in 0.0075 seconds. Added 1696 classes and 261 folders.
[2015.05.06-14.23.18:983][  0]LogContentBrowser: Native class hierarchy updated for 'SceneOutliner' in 0.0012 seconds. Added 1 classes and 2 folders.
[2015.05.06-14.23.19:019][  0]LogCrashTracker: Crashtracker disabled due to settings.
[2015.05.06-14.23.19:020][  0]LogSlate:Warning: Failed to load font data from 'Veranda'
[2015.05.06-14.23.19:025][  0]LogUObjectGlobals:Warning: 寻找对象'Class 无.'失败
[2015.05.06-14.23.19:052][  0]LogLoad: Full Startup: 12.16 seconds (BP compile: 0.18 seconds)
[2015.05.06-14.23.19:098][  0]LogContentBrowser:Verbose: The content browser source was changed by the sources view to '/Game/MyProtoType/BlueScripts/EasyUI'
[2015.05.06-14.23.19:272][  0]LogRenderer:Warning: Reallocating scene render targets to support 1208x576 (Frame:2).
[2015.05.06-14.23.19:970][  5]LogAssetRegistry: Asset discovery search completed in 4.2768 seconds
[2015.05.06-14.23.26:510][127]LogContentBrowser:Verbose: The content browser source was changed by the sources view to '/Game'
[2015.05.06-14.23.28:009][144]Cmd: MAP LOAD FILE="../../../../../../U3D/1-3-life-choices/Content/MR.umap" TEMPLATE=0 SHOWPROGRESS=1 FEATURELEVEL=3
[2015.05.06-14.23.28:009][144]LightingResults: New page: 光照构建
[2015.05.06-14.23.28:033][144]LoadErrors: New page: 正在加载地图： MR.umap
[2015.05.06-14.23.28:034][144]MapCheck: New page: 地图检测
[2015.05.06-14.23.28:034][144]LightingResults: New page: 光照构建
[2015.05.06-14.23.28:042][144]LogParticles: Destroying 0 GPU particle simulations for FXSystem 0x00000077B6D205E0
[2015.05.06-14.23.28:129][144]LogEditorServer: Finished looking for orphan Actors (0.000 secs)
[2015.05.06-14.23.28:177][144]LogAIModule: Creating AISystem for world MR
[2015.05.06-14.23.28:205][144]Cmd: MAP CHECKDEP
[2015.05.06-14.23.28:206][144]MapCheck: New page: MR - 2015年5月7日 上午6:23:28
[2015.05.06-14.23.28:269][144]MapCheck: 信息 地图检测完成：0个错误，0 个警告，用时63.029毫秒完成。
[2015.05.06-14.23.28:269][144]LogFileHelpers: Loading map 'MR' took 0.261
[2015.05.06-14.23.51:387][741]BlueprintLog: New page: 编译MR
[2015.05.06-14.23.51:512][741]BlueprintEditorCompileResults: 信息 [0044.62]MR编译成功！[用时124毫秒]
[2015.05.06-14.23.51:512][741]BlueprintLog: New page: 编译MR
[2015.05.06-14.23.51:592][741]BlueprintEditorCompileResults: 信息 [0044.70]MR编译成功！[用时79毫秒]
[2015.05.06-14.23.52:431][750]BlueprintLog: New page: PIE之前的自动重新编译
[2015.05.06-14.23.52:442][750]LogPlayLevel: [PIE] Compiling MR before PIE...
[2015.05.06-14.23.52:538][750]LogPlayLevel: PIE:  Blueprint regeneration took 107 ms (1 blueprints)
[2015.05.06-14.23.52:539][750]PIE: New page: PIE会话: MR (2015年5月7日 上午6:23:52)
[2015.05.06-14.23.52:626][750]LogPlayLevel: PIE: StaticDuplicateObject took: (0.086579s)
[2015.05.06-14.23.52:626][750]LogPlayLevel: PIE: World Init took: (0.000502s)
[2015.05.06-14.23.52:626][750]LogPlayLevel: PIE: Created PIE world by copying editor world from /Game/MR.MR to /Game/UEDPIE_0_MR.MR (0.087318s)
[2015.05.06-14.23.52:699][750]LogWorld: Game class is 'FirstPersonGameMode_C'
[2015.05.06-14.23.52:702][750]LogAIModule: Creating AISystem for world MR
[2015.05.06-14.23.52:730][750]LogWorld: Bringing World /Game/UEDPIE_0_MR.MR up for play (max tick rate 60) at 2015.05.06-22.23.52
[2015.05.06-14.23.52:735][750]LogWorld: Bringing up level for play took: 0.032747
[2015.05.06-14.23.52:737][750]PIE: 信息 /Game/UEDPIE_0_MR的‘在编辑器中播放’的起始时间0.404
[2015.05.06-14.24.03:630][845]LogParticles: Destroying 0 GPU particle simulations for FXSystem 0x00000077C107DDA0
[2015.05.06-14.24.27:663][451]BlueprintLog: New page: 编译MR
[2015.05.06-14.24.27:798][451]BlueprintEditorCompileResults: 信息 [0080.90]MR编译成功！[用时134毫秒]
[2015.05.06-14.24.27:827][452]BlueprintLog: New page: 编译MR
[2015.05.06-14.24.27:955][452]BlueprintEditorCompileResults: 信息 [0081.06]MR编译成功！[用时127毫秒]
[2015.05.06-14.24.29:000][462]BlueprintLog: New page: PIE之前的自动重新编译
[2015.05.06-14.24.29:010][462]LogPlayLevel: [PIE] Compiling MR before PIE...
[2015.05.06-14.24.29:111][462]LogPlayLevel: PIE:  Blueprint regeneration took 110 ms (1 blueprints)
[2015.05.06-14.24.29:111][462]PIE: New page: PIE会话: MR (2015年5月7日 上午6:24:29)
[2015.05.06-14.24.29:198][462]LogPlayLevel: PIE: StaticDuplicateObject took: (0.086421s)
[2015.05.06-14.24.29:199][462]LogPlayLevel: PIE: World Init took: (0.000550s)
[2015.05.06-14.24.29:199][462]LogPlayLevel: PIE: Created PIE world by copying editor world from /Game/MR.MR to /Game/UEDPIE_0_MR.MR (0.087192s)
[2015.05.06-14.24.29:242][462]LogWorld: Game class is 'FirstPersonGameMode_C'
[2015.05.06-14.24.29:245][462]LogAIModule: Creating AISystem for world MR
[2015.05.06-14.24.29:300][462]LogWorld: Bringing World /Game/UEDPIE_0_MR.MR up for play (max tick rate 60) at 2015.05.06-22.24.29
[2015.05.06-14.24.29:308][462]LogWorld: Bringing up level for play took: 0.061754
[2015.05.06-14.24.29:310][462]PIE: 信息 /Game/UEDPIE_0_MR的‘在编辑器中播放’的起始时间0.976
[2015.05.06-14.24.30:924][477]LogArray:Warning: Attempted to get an item from array ArrayText out of bounds [7/6]!
[2015.05.06-14.24.38:009][528]LogParticles: Destroying 0 GPU particle simulations for FXSystem 0x00000077E1DFB6A0
[2015.05.06-14.25.38:695][399]Cmd: OBJ SAVEPACKAGE PACKAGE="/Game/MR" FILE="../../../../../../U3D/1-3-life-choices/Content/MR.umap" SILENT=true AUTOSAVING=false KEEPDIRTY=false
[2015.05.06-14.25.38:738][399]LogParticles: Destroying 0 GPU particle simulations for FXSystem 0x00000077B8FA0400
[2015.05.06-14.25.39:340][399]LogSavePackage: Save=602.020081ms
[2015.05.06-14.25.39:340][399]LogSavePackage: Moving '../../../../../../U3D/1-3-life-choices/Saved/MR318DE6AD4BCB06BD942F3AA5B0B4013C.tmp' to '../../../../../../U3D/1-3-life-choices/Content/MR.umap'
[2015.05.06-14.25.43:028][545]LogUProjectInfo: Found projects:
[2015.05.06-14.25.52:992][559]Cmd: CLOSE_SLATE_MAINFRAME
[2015.05.06-14.25.53:459][560]Cmd: QUIT_EDITOR
[2015.05.06-14.25.53:690][560]LogExit: Preparing to exit.
[2015.05.06-14.25.54:007][560]LogExit: Editor shut down
[2015.05.06-14.25.54:007][560]LogExit: Transaction tracking system shut down
[2015.05.06-14.25.54:008][560]LogParticles: Destroying 0 GPU particle simulations for FXSystem 0x00000077B8F92160
[2015.05.06-14.25.54:008][560]LogParticles: Destroying 0 GPU particle simulations for FXSystem 0x00000077ECFA6AC0
[2015.05.06-14.25.54:008][560]LogParticles: Destroying 0 GPU particle simulations for FXSystem 0x00000077B77BD3A0
[2015.05.06-14.25.54:008][560]LogParticles: Destroying 0 GPU particle simulations for FXSystem 0x00000077ED0D77E0
[2015.05.06-14.25.54:008][560]LogParticles: Destroying 0 GPU particle simulations for FXSystem 0x00000077B6E939C0
[2015.05.06-14.25.54:072][560]LogExit: Object subsystem successfully closed.
[2015.05.06-14.25.54:110][560]LogModuleManager: Shutting down and abandoning module CrashTracker (177)
[2015.05.06-14.25.54:110][560]LogModuleManager: Shutting down and abandoning module SuperSearch (176)
[2015.05.06-14.25.54:110][560]LogModuleManager: Shutting down and abandoning module SceneOutliner (175)
[2015.05.06-14.25.54:110][560]LogModuleManager: Shutting down and abandoning module EditorWidgets (174)
[2015.05.06-14.25.54:110][560]LogModuleManager: Shutting down and abandoning module CollectionManager (173)
[2015.05.06-14.25.54:110][560]LogModuleManager: Shutting down and abandoning module StatsViewer (172)
[2015.05.06-14.25.54:110][560]LogModuleManager: Shutting down and abandoning module FoliageEdit (171)
[2015.05.06-14.25.54:110][560]LogModuleManager: Shutting down and abandoning module LandscapeEditor (170)
[2015.05.06-14.25.54:110][560]LogModuleManager: Shutting down and abandoning module MeshPaint (169)
[2015.05.06-14.25.54:110][560]LogModuleManager: Shutting down and abandoning module ActorPickerMode (168)
[2015.05.06-14.25.54:110][560]LogModuleManager: Shutting down and abandoning module GeometryMode (167)
[2015.05.06-14.25.54:110][560]LogModuleManager: Shutting down and abandoning module TextureAlignMode (166)
[2015.05.06-14.25.54:110][560]LogModuleManager: Shutting down and abandoning module BspMode (165)
[2015.05.06-14.25.54:110][560]LogModuleManager: Shutting down and abandoning module PlacementMode (164)
[2015.05.06-14.25.54:110][560]LogModuleManager: Shutting down and abandoning module AutomationWorker (163)
[2015.05.06-14.25.54:110][560]LogModuleManager: Shutting down and abandoning module CharacterAI (162)
[2015.05.06-14.25.54:110][560]LogModuleManager: Shutting down and abandoning module SmartSnapping (161)
[2015.05.06-14.25.54:110][560]LogModuleManager: Shutting down and abandoning module ViewportSnapping (160)
[2015.05.06-14.25.54:110][560]LogModuleManager: Shutting down and abandoning module LogVisualizer (159)
[2015.05.06-14.25.54:110][560]LogModuleManager: Shutting down and abandoning module GameProjectGeneration (158)
[2015.05.06-14.25.54:110][560]LogModuleManager: Shutting down and abandoning module IntroTutorials (157)
[2015.05.06-14.25.54:110][560]LogModuleManager: Shutting down and abandoning module EditorLiveStreaming (156)
[2015.05.06-14.25.54:110][560]LogModuleManager: Shutting down and abandoning module HardwareTargeting (155)
[2015.05.06-14.25.54:110][560]LogModuleManager: Shutting down and abandoning module DeviceProfileEditor (154)
[2015.05.06-14.25.54:110][560]LogModuleManager: Shutting down and abandoning module UndoHistory (153)
[2015.05.06-14.25.54:110][560]LogModuleManager: Shutting down and abandoning module GameplayTagsEditor (152)
[2015.05.06-14.25.54:110][560]LogModuleManager: Shutting down and abandoning module UserFeedback (151)
[2015.05.06-14.25.54:110][560]LogModuleManager: Shutting down and abandoning module XmlParser (150)
[2015.05.06-14.25.54:110][560]LogModuleManager: Shutting down and abandoning module Blutility (149)
[2015.05.06-14.25.54:110][560]LogModuleManager: Shutting down and abandoning module IOSPlatformEditor (148)
[2015.05.06-14.25.54:110][560]LogModuleManager: Shutting down and abandoning module IOSRuntimeSettings (147)
[2015.05.06-14.25.54:110][560]LogModuleManager: Shutting down and abandoning module AndroidDeviceDetection (146)
[2015.05.06-14.25.54:660][560]LogModuleManager: Shutting down and abandoning module AndroidPlatformEditor (145)
[2015.05.06-14.25.54:660][560]LogModuleManager: Shutting down and abandoning module AndroidRuntimeSettings (144)
[2015.05.06-14.25.54:660][560]LogModuleManager: Shutting down and abandoning module ProjectTargetPlatformEditor (143)
[2015.05.06-14.25.54:660][560]LogModuleManager: Shutting down and abandoning module ProjectSettingsViewer (142)
[2015.05.06-14.25.54:660][560]LogModuleManager: Shutting down and abandoning module InputBindingEditor (141)
[2015.05.06-14.25.54:660][560]LogModuleManager: Shutting down and abandoning module EditorSettingsViewer (140)
[2015.05.06-14.25.54:660][560]LogModuleManager: Shutting down and abandoning module SettingsEditor (139)
[2015.05.06-14.25.54:660][560]LogModuleManager: Shutting down and abandoning module ProjectLauncher (138)
[2015.05.06-14.25.54:660][560]LogModuleManager: Shutting down and abandoning module SessionFrontend (137)
[2015.05.06-14.25.54:660][560]LogModuleManager: Shutting down and abandoning module ProfilerClient (136)
[2015.05.06-14.25.54:660][560]LogModuleManager: Shutting down and abandoning module TargetDeviceServices (135)
[2015.05.06-14.25.54:660][560]LogModuleManager: Shutting down and abandoning module DeviceManager (134)
[2015.05.06-14.25.54:660][560]LogModuleManager: Shutting down and abandoning module AutomationController (133)
[2015.05.06-14.25.54:660][560]LogModuleManager: Shutting down and abandoning module AutomationWindow (132)
[2015.05.06-14.25.54:661][560]LogModuleManager: Shutting down and abandoning module Layers (131)
[2015.05.06-14.25.54:661][560]LogModuleManager: Shutting down and abandoning module ComponentVisualizers (130)
[2015.05.06-14.25.54:661][560]LogModuleManager: Shutting down and abandoning module DetailCustomizations (129)
[2015.05.06-14.25.54:661][560]LogModuleManager: Shutting down and abandoning module PackagesDialog (128)
[2015.05.06-14.25.54:661][560]LogModuleManager: Shutting down and abandoning module AssetRegistry (127)
[2015.05.06-14.25.54:681][560]LogModuleManager: Shutting down and abandoning module Persona (126)
[2015.05.06-14.25.54:681][560]LogModuleManager: Shutting down and abandoning module SlateReflector (125)
[2015.05.06-14.25.54:681][560]LogModuleManager: Shutting down and abandoning module LevelEditor (124)
[2015.05.06-14.25.54:682][560]LogModuleManager: Shutting down and abandoning module Kismet (123)
[2015.05.06-14.25.54:682][560]LogModuleManager: Shutting down and abandoning module GraphEditor (122)
[2015.05.06-14.25.54:682][560]LogModuleManager: Shutting down and abandoning module ClassViewer (121)
[2015.05.06-14.25.54:682][560]LogModuleManager: Shutting down and abandoning module Toolbox (120)
[2015.05.06-14.25.54:682][560]LogModuleManager: Shutting down and abandoning module ModuleUI (119)
[2015.05.06-14.25.54:682][560]LogModuleManager: Shutting down and abandoning module MovieSceneTools (118)
[2015.05.06-14.25.54:682][560]LogModuleManager: Shutting down and abandoning module OutputLog (117)
[2015.05.06-14.25.54:682][560]LogModuleManager: Shutting down and abandoning module GammaUI (116)
[2015.05.06-14.25.54:682][560]LogModuleManager: Shutting down and abandoning module Documentation (115)
[2015.05.06-14.25.54:682][560]LogModuleManager: Shutting down and abandoning module GameLiveStreaming (114)
[2015.05.06-14.25.54:682][560]LogModuleManager: Shutting down and abandoning module StreamingPauseRendering (113)
[2015.05.06-14.25.54:683][560]LogModuleManager: Shutting down and abandoning module HTTP (112)
[2015.05.06-14.25.54:683][560]LogModuleManager: Shutting down and abandoning module AnalyticsET (111)
[2015.05.06-14.25.54:683][560]LogModuleManager: Shutting down and abandoning module Analytics (110)
[2015.05.06-14.25.54:683][560]LogModuleManager: Shutting down and abandoning module AITestSuite (109)
[2015.05.06-14.25.54:683][560]LogModuleManager: Shutting down and abandoning module GameplayDebugger (108)
[2015.05.06-14.25.54:683][560]LogModuleManager: Shutting down and abandoning module AIModule (107)
[2015.05.06-14.25.54:683][560]LogModuleManager: Shutting down and abandoning module ProfilerService (106)
[2015.05.06-14.25.54:836][560]LogModuleManager: Shutting down and abandoning module TaskGraph (105)
[2015.05.06-14.25.54:836][560]LogModuleManager: Shutting down and abandoning module SlateRemote (104)
[2015.05.06-14.25.54:836][560]LogModuleManager: Shutting down and abandoning module ScriptEditorPlugin (103)
[2015.05.06-14.25.54:836][560]LogModuleManager: Shutting down and abandoning module CustomMeshComponent (102)
[2015.05.06-14.25.54:836][560]LogModuleManager: Shutting down and abandoning module CableComponent (101)
[2015.05.06-14.25.54:836][560]LogModuleManager: Shutting down and abandoning module MessagingDebugger (100)
[2015.05.06-14.25.54:837][560]LogModuleManager: Shutting down and abandoning module MediaPlayerEditor (99)
[2015.05.06-14.25.54:837][560]LogModuleManager: Shutting down and abandoning module SpeedTreeImporter (98)
[2015.05.06-14.25.54:837][560]LogModuleManager: Shutting down and abandoning module PluginsEditor (97)
[2015.05.06-14.25.54:837][560]LogModuleManager: Shutting down and abandoning module MainFrame (96)
[2015.05.06-14.25.54:837][560]LogModuleManager: Shutting down and abandoning module EpicSurvey (95)
[2015.05.06-14.25.54:837][560]LogModuleManager: Shutting down and abandoning module DesktopPlatform (94)
[2015.05.06-14.25.54:837][560]LogModuleManager: Shutting down and abandoning module DirectoryWatcher (93)
[2015.05.06-14.25.54:838][560]LogModuleManager: Shutting down and abandoning module HotReload (92)
[2015.05.06-14.25.54:838][560]LogModuleManager: Shutting down and abandoning module VisualStudioSourceCodeAccess (91)
[2015.05.06-14.25.54:838][560]LogModuleManager: Shutting down and abandoning module UObjectPlugin (90)
[2015.05.06-14.25.54:838][560]LogModuleManager: Shutting down and abandoning module SubversionSourceControl (89)
[2015.05.06-14.25.54:838][560]LogModuleManager: Shutting down and abandoning module PerforceSourceControl (88)
[2015.05.06-14.25.54:838][560]LogModuleManager: Shutting down and abandoning module SourceControl (87)
[2015.05.06-14.25.54:838][560]LogModuleManager: Shutting down and abandoning module GitSourceControl (86)
[2015.05.06-14.25.54:838][560]LogModuleManager: Shutting down and abandoning module BlankPlugin (85)
[2015.05.06-14.25.54:838][560]LogModuleManager: Shutting down and abandoning module PaperTiledImporter (84)
[2015.05.06-14.25.54:838][560]LogModuleManager: Shutting down and abandoning module PaperJsonImporter (83)
[2015.05.06-14.25.54:838][560]LogModuleManager: Shutting down and abandoning module ContentBrowser (82)
[2015.05.06-14.25.54:840][560]LogModuleManager: Shutting down and abandoning module Paper2DEditor (81)
[2015.05.06-14.25.54:840][560]LogModuleManager: Shutting down and abandoning module ScriptPlugin (80)
[2015.05.06-14.25.54:841][560]LogModuleManager: Shutting down and abandoning module UdpMessaging (79)
[2015.05.06-14.25.54:942][560]LogModuleManager: Shutting down and abandoning module Paper2D (78)
[2015.05.06-14.25.54:942][560]LogModuleManager: Shutting down and abandoning module WindowsMoviePlayer (77)
[2015.05.06-14.25.54:948][560]LogModuleManager: Shutting down and abandoning module Media (76)
[2015.05.06-14.25.54:949][560]LogModuleManager: Shutting down and abandoning module WmfMedia (75)
[2015.05.06-14.25.54:949][560]LogModuleManager: Shutting down and abandoning module OnlineBlueprintSupport (74)
[2015.05.06-14.25.54:949][560]LogModuleManager: Shutting down and abandoning module PropertyEditor (73)
[2015.05.06-14.25.54:949][560]LogModuleManager: Shutting down and abandoning module BehaviorTreeEditor (72)
[2015.05.06-14.25.54:949][560]LogModuleManager: Shutting down and abandoning module FunctionalTesting (71)
[2015.05.06-14.25.54:949][560]LogModuleManager: Shutting down and abandoning module CollisionAnalyzer (70)
[2015.05.06-14.25.54:949][560]LogModuleManager: Shutting down and abandoning module WorkspaceMenuStructure (69)
[2015.05.06-14.25.54:949][560]LogModuleManager: Shutting down and abandoning module MessageLog (68)
[2015.05.06-14.25.54:949][560]LogModuleManager: Shutting down and abandoning module Sequencer (67)
[2015.05.06-14.25.54:949][560]LogModuleManager: Shutting down and abandoning module AssetTools (66)
[2015.05.06-14.25.54:950][560]LogModuleManager: Shutting down and abandoning module UMGEditor (65)
[2015.05.06-14.25.54:950][560]LogModuleManager: Shutting down and abandoning module UMG (64)
[2015.05.06-14.25.54:950][560]LogModuleManager: Shutting down and abandoning module Slate (63)
[2015.05.06-14.25.54:950][560]LogModuleManager: Shutting down and abandoning module EditorStyle (62)
[2015.05.06-14.25.54:960][560]LogModuleManager: Shutting down and abandoning module SessionServices (61)
[2015.05.06-14.25.54:960][560]LogModuleManager: Shutting down and abandoning module SourceCodeAccess (60)
[2015.05.06-14.25.54:960][560]LogModuleManager: Shutting down and abandoning module HeadMountedDisplay (59)
[2015.05.06-14.25.54:960][560]LogModuleManager: Shutting down and abandoning module XAudio2 (58)
[2015.05.06-14.25.54:960][560]LogModuleManager: Shutting down and abandoning module Networking (56)
[2015.05.06-14.25.54:960][560]LogModuleManager: Shutting down and abandoning module Core (55)
[2015.05.06-14.25.54:960][560]LogModuleManager: Shutting down and abandoning module KismetCompiler (54)
[2015.05.06-14.25.54:960][560]LogModuleManager: Shutting down and abandoning module PhysXFormats (53)
[2015.05.06-14.25.54:960][560]LogModuleManager: Shutting down and abandoning module MeshUtilities (52)
[2015.05.06-14.25.54:960][560]LogModuleManager: Shutting down and abandoning module DerivedDataCache (51)
[2015.05.06-14.25.55:059][560]LogDerivedDataCache: Shutdown
[2015.05.06-14.25.55:059][560]LogModuleManager: Shutting down and abandoning module ShaderFormatOpenGL (50)
[2015.05.06-14.25.55:059][560]LogModuleManager: Shutting down and abandoning module ShaderFormatD3D (49)
[2015.05.06-14.25.55:059][560]LogModuleManager: Shutting down and abandoning module MetalShaderFormat (48)
[2015.05.06-14.25.55:059][560]LogModuleManager: Shutting down and abandoning module TextureFormatUncompressed (47)
[2015.05.06-14.25.55:059][560]LogModuleManager: Shutting down and abandoning module TextureFormatPVR (46)
[2015.05.06-14.25.55:059][560]LogModuleManager: Shutting down and abandoning module TextureFormatIntelISPCTexComp (45)
[2015.05.06-14.25.55:059][560]LogModuleManager: Shutting down and abandoning module TextureFormatDXT (44)
[2015.05.06-14.25.55:059][560]LogModuleManager: Shutting down and abandoning module ImageWrapper (43)
[2015.05.06-14.25.55:059][560]LogModuleManager: Shutting down and abandoning module TextureFormatASTC (42)
[2015.05.06-14.25.55:059][560]LogModuleManager: Shutting down and abandoning module TextureFormatAndroid (41)
[2015.05.06-14.25.55:059][560]LogModuleManager: Shutting down and abandoning module AudioFormatOpus (40)
[2015.05.06-14.25.55:059][560]LogModuleManager: Shutting down and abandoning module AudioFormatOgg (39)
[2015.05.06-14.25.55:060][560]LogModuleManager: Shutting down and abandoning module AudioFormatADPCM (38)
[2015.05.06-14.25.55:060][560]LogModuleManager: Shutting down and abandoning module LinuxTargetPlatform (37)
[2015.05.06-14.25.55:060][560]LogModuleManager: Shutting down and abandoning module LinuxServerTargetPlatform (36)
[2015.05.06-14.25.55:060][560]LogModuleManager: Shutting down and abandoning module LinuxNoEditorTargetPlatform (35)
[2015.05.06-14.25.55:060][560]LogModuleManager: Shutting down and abandoning module Messaging (34)
[2015.05.06-14.25.55:060][560]LogModuleManager: Shutting down and abandoning module IOSTargetPlatform (33)
[2015.05.06-14.25.55:060][560]LogModuleManager: Shutting down and abandoning module HTML5TargetPlatform (32)
[2015.05.06-14.25.55:060][560]LogModuleManager: Shutting down and abandoning module Android_PVRTCTargetPlatform (31)
[2015.05.06-14.25.55:060][560]LogModuleManager: Shutting down and abandoning module Android_ETC2TargetPlatform (30)
[2015.05.06-14.25.55:060][560]LogModuleManager: Shutting down and abandoning module Android_ETC1TargetPlatform (29)
[2015.05.06-14.25.55:060][560]LogModuleManager: Shutting down and abandoning module Android_ES31TargetPlatform (28)
[2015.05.06-14.25.55:060][560]LogModuleManager: Shutting down and abandoning module Android_DXTTargetPlatform (27)
[2015.05.06-14.25.55:060][560]LogModuleManager: Shutting down and abandoning module Android_ATCTargetPlatform (26)
[2015.05.06-14.25.55:060][560]LogModuleManager: Shutting down and abandoning module AndroidTargetPlatform (25)
[2015.05.06-14.25.55:060][560]LogModuleManager: Shutting down and abandoning module WindowsTargetPlatform (24)
[2015.05.06-14.25.55:060][560]LogModuleManager: Shutting down and abandoning module WindowsServerTargetPlatform (23)
[2015.05.06-14.25.55:060][560]LogModuleManager: Shutting down and abandoning module WindowsNoEditorTargetPlatform (22)
[2015.05.06-14.25.55:060][560]LogModuleManager: Shutting down and abandoning module WindowsClientTargetPlatform (21)
[2015.05.06-14.25.55:060][560]LogModuleManager: Shutting down and abandoning module TargetPlatform (20)
[2015.05.06-14.25.55:060][560]LogModuleManager: Shutting down and abandoning module InputCore (19)
[2015.05.06-14.25.55:060][560]LogModuleManager: Shutting down and abandoning module Settings (18)
[2015.05.06-14.25.55:060][560]LogModuleManager: Shutting down and abandoning module OnlineSubsystem (16)
[2015.05.06-14.25.55:060][560]LogModuleManager: Shutting down and abandoning module OculusRift (15)
[2015.05.06-14.25.55:060][560]LogModuleManager: Shutting down and abandoning module ExampleDeviceProfileSelector (14)
[2015.05.06-14.25.55:061][560]LogModuleManager: Shutting down and abandoning module TextureCompressor (13)
[2015.05.06-14.25.55:061][560]LogModuleManager: Shutting down and abandoning module ShaderCore (12)
[2015.05.06-14.25.55:061][560]LogModuleManager: Shutting down and abandoning module Landscape (11)
[2015.05.06-14.25.55:061][560]LogModuleManager: Shutting down and abandoning module SlateRHIRenderer (10)
[2015.05.06-14.25.55:066][560]LogModuleManager: Shutting down and abandoning module OpenGLDrv (9)
[2015.05.06-14.25.55:066][560]LogModuleManager: Shutting down and abandoning module D3D11RHI (8)
[2015.05.06-14.25.55:066][560]LogModuleManager: Shutting down and abandoning module Renderer (7)
[2015.05.06-14.25.55:066][560]LogModuleManager: Shutting down and abandoning module Engine (6)
[2015.05.06-14.25.55:066][560]LogModuleManager: Shutting down and abandoning module CoreUObject (5)
[2015.05.06-14.25.55:066][560]LogModuleManager: Shutting down and abandoning module NetworkFile (4)
[2015.05.06-14.25.55:066][560]LogModuleManager: Shutting down and abandoning module StreamingFile (3)
[2015.05.06-14.25.55:066][560]LogModuleManager: Shutting down and abandoning module SandboxFile (2)
[2015.05.06-14.25.55:066][560]LogModuleManager: Shutting down and abandoning module PakFile (1)
[2015.05.06-14.25.55:068][560]LogExit: Exiting.
[2015.05.06-14.25.55:084][560]Log file closed, 05/06/15 22:25:55
