Log file open, 05/06/15 21:36:34
LogInit:Display: Running engine for game: Prototype
LogInit: Version: 4.7.5-2503383+++depot+UE4-Releases+4.7
LogInit: API Version: 2455222
LogInit: Compiled (64-bit): Apr  6 2015 23:21:51
LogInit: Compiled with Visual C++: 18.00.21005.01
LogInit: Build Configuration: Development
LogInit: Branch Name: ++depot+UE4-Releases+4.7
LogInit: Command line: 
LogInit: Base directory: F:/Epic/Epic Games/4.7/Engine/Binaries/Win64/
LogInit: Rocket: 1
[2015.05.06-13.36.34:698][  0]LogTaskGraph: Started task graph with 3 named threads and 6 total threads.
[2015.05.06-13.36.34:754][  0]LogOnline:Warning: No default platform service specified for OnlineSubsystem
[2015.05.06-13.36.34:765][  0]LogInit: Presizing for 0 objects not considered by GC, pre-allocating 0 bytes.
[2015.05.06-13.36.34:775][  0]LogInit: Object subsystem initialized
[2015.05.06-13.36.34:776][  0]LogConsoleResponse:Warning: Skipping Unknown console variable: 'TranslucentSortAxis = (X=0.000000,Y=-1.000000,Z=0.000000)'
[2015.05.06-13.36.34:776][  0]LogConsoleResponse:Warning:   Found in ini file 'F:/U3D/1-3-life-choices/Saved/Config/Windows/Engine.ini', in section '[/Script/Engine.RendererSettings]'
[2015.05.06-13.36.34:776][  0]LogConsoleResponse:Warning: Skipping Unknown console variable: 'UIScaleRule = ShortestSide'
[2015.05.06-13.36.34:776][  0]LogConsoleResponse:Warning:   Found in ini file 'F:/U3D/1-3-life-choices/Saved/Config/Windows/Engine.ini', in section '[/Script/Engine.RendererSettings]'
[2015.05.06-13.36.34:776][  0]LogConsoleResponse:Warning: Skipping Unknown console variable: 'UIScaleCurve = (EditorCurveData=(Keys=),ExternalCurve=None)'
[2015.05.06-13.36.34:776][  0]LogConsoleResponse:Warning:   Found in ini file 'F:/U3D/1-3-life-choices/Saved/Config/Windows/Engine.ini', in section '[/Script/Engine.RendererSettings]'
[2015.05.06-13.36.34:777][  0]LogInit: Selected Device Profile: [Windows]
[2015.05.06-13.36.34:777][  0]LogInit: Applying CVar settings loaded from the selected device profile: [Windows]
[2015.05.06-13.36.34:783][  0]LogInit: Computer: RAYMONDMG
[2015.05.06-13.36.34:783][  0]LogInit: User: RMG
[2015.05.06-13.36.34:783][  0]LogInit: CPU Page size=4096, Cores=4
[2015.05.06-13.36.34:783][  0]LogInit: High frequency timer resolution =2.435776 MHz
[2015.05.06-13.36.34:783][  0]LogMemory: Memory total: Physical=7.9GB (8GB approx) Virtual=131072.0GB
[2015.05.06-13.36.34:784][  0]LogMemory: Platform Memory Stats for Windows
[2015.05.06-13.36.34:784][  0]LogMemory: Process Physical Memory: 47.01 MB used, 47.01 MB peak
[2015.05.06-13.36.34:784][  0]LogMemory: Process Virtual Memory: 24.44 MB used, 24.44 MB peak
[2015.05.06-13.36.34:784][  0]LogMemory: Physical Memory: 3739.38 MB used, 8073.02 MB total
[2015.05.06-13.36.34:784][  0]LogMemory: Virtual Memory: 286.68 MB used, 134217728.00 MB total
[2015.05.06-13.36.34:801][  0]LogD3D11RHI: Found D3D11 adapter 0: Intel(R) HD Graphics 4600 (Feature Level 11_0)
[2015.05.06-13.36.34:801][  0]LogD3D11RHI: Adapter has 4078MB of dedicated video memory, 0MB of dedicated system memory, and 4036MB of shared system memory, 1 output[s]
[2015.05.06-13.36.34:802][  0]LogD3D11RHI: Found D3D11 adapter 1: Microsoft Basic Render Driver (Feature Level 11_0)
[2015.05.06-13.36.34:802][  0]LogD3D11RHI: Adapter has 0MB of dedicated video memory, 0MB of dedicated system memory, and 256MB of shared system memory, 0 output[s]
[2015.05.06-13.36.34:802][  0]LogD3D11RHI: Chosen D3D11 Adapter Id = 0
[2015.05.06-13.36.34:806][  0]LogRHI: Texture pool is 1361 MB (70% of 1945 MB)
[2015.05.06-13.36.34:813][  0]LogD3D11RHI: Async texture creation enabled
[2015.05.06-13.36.35:016][  0]LogTextLocalizationManager:Warning: Loading localization resources contain conflicting entries for (Namespace:UICommands, Key:Save):
Resource: (F:/Epic/Epic Games/4.7/Engine/Content/Localization/Editor/zh-CN/Editor.locres) Hash: (-669349758) String: (保存)
Resource: (F:/Epic/Epic Games/4.7/Engine/Content/Localization/Engine/zh-CN/Engine.locres) Hash: (-669349758) String: (保持)
[2015.05.06-13.36.35:016][  0]LogTextLocalizationManager:Warning: Loading localization resources contain conflicting entries for (Namespace:UICommands, Key:Save_ToolTip):
Resource: (F:/Epic/Epic Games/4.7/Engine/Content/Localization/Editor/zh-CN/Editor.locres) Hash: (-29098895) String: (保存所有当前关卡到磁盘中)
Resource: (F:/Epic/Epic Games/4.7/Engine/Content/Localization/Engine/zh-CN/Engine.locres) Hash: (-1280300587) String: (保存选择的数据到vlog文件)
[2015.05.06-13.36.35:016][  0]LogTextLocalizationManager:Warning: Loading localization resources contain conflicting entries for (Namespace:ContentBrowser, Key:ImportAssetToolTip):
Resource: (F:/Epic/Epic Games/4.7/Engine/Content/Localization/Editor/zh-CN/Editor.locres) Hash: (-630476809) String: (导入到{0}...)
Resource: (F:/Epic/Epic Games/4.7/Engine/Content/Localization/Editor/zh-CN/Editor.locres) Hash: (1271782899) String: (从文件中导入资源到这个文件夹内。)
[2015.05.06-13.36.35:089][  0]LogContentStreaming: Texture pool size is 0.000000MB
[2015.05.06-13.36.37:039][  0]LogTargetPlatformManager:Display: Building Assets For Windows
[2015.05.06-13.36.37:487][  0]LogTargetPlatformManager:Display: Building Assets For Windows
[2015.05.06-13.36.37:532][  0]LogDerivedDataCache:Display: Max Cache Size: 512 MB
[2015.05.06-13.36.37:573][  0]LogDerivedDataCache: Loaded boot cache 0.04s 39MB C:/Users/RMG/AppData/Local/UnrealEngine/4.7/DerivedDataCache/Boot.ddc.
[2015.05.06-13.36.37:573][  0]LogDerivedDataCache:Display: Loaded Boot cache: C:/Users/RMG/AppData/Local/UnrealEngine/4.7/DerivedDataCache/Boot.ddc
[2015.05.06-13.36.37:573][  0]LogDerivedDataCache: FDerivedDataBackendGraph:  Pak pak cache file ../../../../../../U3D/1-3-life-choices/DerivedDataCache/DDC.ddp not found, will not use a pak cache.
[2015.05.06-13.36.37:573][  0]LogDerivedDataCache: Unable to find inner node Pak for hierarchical cache Hierarchy.
[2015.05.06-13.36.37:682][  0]LogDerivedDataCache:Display: Pak cache opened for reading ../../../Engine/DerivedDataCache/Compressed.ddp.
[2015.05.06-13.36.37:696][  0]LogDerivedDataCache: Using Local data cache path C:/Users/RMG/AppData/Local/UnrealEngine/Common/DerivedDataCache: Writable
[2015.05.06-13.36.37:929][  0]LogMeshUtilities: No automatic mesh reduction module available
[2015.05.06-13.36.37:929][  0]LogMeshUtilities: No automatic mesh merging module available
[2015.05.06-13.36.38:306][  0]LogInit: WinSock: version 1.1 (2.2), MaxSocks=32767, MaxUdp=65467
[2015.05.06-13.36.38:360][  0]LogSlate:Warning: Failed to load font data from '../../../Engine/Content/Slate/Fonts/Roboto-Italic.ttf'
[2015.05.06-13.36.38:976][  0]UdpMessaging: Initializing bridge on interface 0.0.0.0:0 to multicast group 230.0.0.1:6666.
[2015.05.06-13.36.39:166][  0]SourceControl: 信息 源码控制已禁用
[2015.05.06-13.36.39:166][  0]SourceControl: 信息 源码控制已禁用
[2015.05.06-13.36.39:166][  0]SourceControl: 信息 源码控制已禁用
[2015.05.06-13.36.39:166][  0]LogSourceControl: RunCommandInternalRaw: 'git version'
[2015.05.06-13.36.39:166][  0]LogSourceControl: RunCommandInternalRaw: ExecProcess ReturnCode=2 OutResults=''
[2015.05.06-13.36.39:172][  0]SourceControl: 信息 源码控制已禁用
[2015.05.06-13.36.39:299][  0]LogObj: 24232 objects as part of root set at end of initial load.
[2015.05.06-13.36.39:299][  0]LogUObjectAllocator: 5137176 out of 0 bytes used by permanent object pool.
[2015.05.06-13.36.39:366][  0]LogEngine: Initializing Engine...
[2015.05.06-13.36.41:531][  0]LogInit: XAudio2 using '扬声器 (Realtek High Definition Audio)' : 2 channels at 48 kHz using 32 bits per sample (channel mask 0x3)
[2015.05.06-13.36.41:550][  0]LogInit: FAudioDevice initialized.
[2015.05.06-13.36.41:574][  0]LogAIModule: Creating AISystem for world NewWorld
[2015.05.06-13.36.41:595][  0]LogDerivedDataCache: Saved boot cache 0.02s 39MB C:/Users/RMG/AppData/Local/UnrealEngine/4.7/DerivedDataCache/Boot.ddc.
[2015.05.06-13.36.41:597][  0]LogInit: Texture streaming: Enabled
[2015.05.06-13.36.41:664][  0]LogAnalytics: Creating configured Analytics provider AnalyticsET
[2015.05.06-13.36.41:664][  0]LogAnalytics: ET APIKey = Rocket.Release. APIServer = http://et2.epicgames.com/ET2/. AppVersion = 4.7.5-2503383+++depot+UE4-Releases+4.7
[2015.05.06-13.36.41:664][  0]LogAnalytics: ET APIKey = Rocket.Release. DataRouterUploadURL = https://datarouter-public-service-gamedev.ol.epicgames.net/datarouter/api/v1/public/data. AppVersion = 4.7.5-2503383+++depot+UE4-Releases+4.7
[2015.05.06-13.36.41:664][  0]LogAnalytics: SetUserId ff36e97c47fc0dce0794ddbc8f88a228|197ccca8ace4469dbd28a387a822afed|95cd838e-8492-4e16-832d-77cf58ff72cc
[2015.05.06-13.36.41:665][  0]LogAnalytics: AnalyticsET::StartSession [Rocket.Release]
[2015.05.06-13.36.41:692][  0]LogInit: Transaction tracking system initialized
[2015.05.06-13.36.41:808][  0]BlueprintLog: New page: 编辑器加载
[2015.05.06-13.36.41:835][  0]LogAssetRegistry: FAssetRegistry took 0.0110 seconds to start up
[2015.05.06-13.36.41:835][  0]LogDirectoryWatcher:Warning: Failed to begin reading directory changes for ../../../Engine/Plugins/Experimental/CharacterAI/Content/. Error: 0
[2015.05.06-13.36.42:295][  0]LogTargetPlatformManager:Display: Building Assets For Windows
[2015.05.06-13.36.42:650][  0]LogTargetPlatformManager:Display: Building Assets For Windows
[2015.05.06-13.36.42:836][  0]LogSlate:Warning: Failed to load font data from '../../../Engine/Content/Editor/Slate/Fonts/Roboto-Regular.ttf'
[2015.05.06-13.36.42:836][  0]LogSlate:Warning: Failed to load font data from '../../../Engine/Content/Editor/Slate/Fonts/Roboto-Bold.ttf'
[2015.05.06-13.36.42:840][  0]LogConsoleResponse:Display: 
[2015.05.06-13.36.42:946][  0]LogCook:Display: Done creating registry. It took  0.00s.
[2015.05.06-13.36.43:040][  0]SourceControl: 信息 源码控制已禁用
[2015.05.06-13.36.43:040][  0]Cmd: MAP LOAD FILE="../../../../../../U3D/1-3-life-choices/Content/FirstPersonBP/Maps/FirstPersonExampleMap.umap" TEMPLATE=0 SHOWPROGRESS=1 FEATURELEVEL=3
[2015.05.06-13.36.43:041][  0]LightingResults: New page: 光照构建
[2015.05.06-13.36.43:049][  0]MapCheck: New page: 地图检测
[2015.05.06-13.36.43:049][  0]LightingResults: New page: 光照构建
[2015.05.06-13.36.43:055][  0]LogParticles: Destroying 0 GPU particle simulations for FXSystem 0x000000A6B346C720
[2015.05.06-13.36.43:601][  0]LoadErrors:Error: 错误 SkeletalMeshComponent导入失败
[2015.05.06-13.36.43:931][  0]LogEditorServer: Finished looking for orphan Actors (0.000 secs)
[2015.05.06-13.36.44:800][  0]LogAIModule: Creating AISystem for world FirstPersonExampleMap
[2015.05.06-13.36.44:801][  0]Cmd: MAP CHECKDEP
[2015.05.06-13.36.44:801][  0]MapCheck: New page: FirstPersonExampleMap - 2015年5月7日 上午5:36:44
[2015.05.06-13.36.44:854][  0]MapCheck: 信息 地图检测完成：0个错误，0 个警告，用时53.004毫秒完成。
[2015.05.06-13.36.44:854][  0]LogFileHelpers: Loading map 'FirstPersonExampleMap' took 1.814
[2015.05.06-13.36.45:024][  0]LogCollectionManager: Loaded 0 collections in 0.001004 seconds
[2015.05.06-13.36.45:031][  0]LogContentBrowser: Native class hierarchy populated in 0.0073 seconds. Added 1696 classes and 261 folders.
[2015.05.06-13.36.45:060][  0]LogContentBrowser: Native class hierarchy updated for 'SceneOutliner' in 0.0021 seconds. Added 1 classes and 2 folders.
[2015.05.06-13.36.45:103][  0]LogCrashTracker: Crashtracker disabled due to settings.
[2015.05.06-13.36.45:104][  0]LogSlate:Warning: Failed to load font data from 'Veranda'
[2015.05.06-13.36.45:111][  0]LogUObjectGlobals:Warning: 寻找对象'Class 无.'失败
[2015.05.06-13.36.45:137][  0]LogLoad: Full Startup: 12.11 seconds (BP compile: 0.16 seconds)
[2015.05.06-13.36.45:702][  0]LogRenderer:Warning: Reallocating scene render targets to support 1208x576 (Frame:2).
[2015.05.06-13.36.47:379][  5]LogAssetRegistry: Asset discovery search completed in 5.5550 seconds
[2015.05.06-13.36.49:825][ 28]LogContentBrowser:Verbose: The content browser source was changed by the sources view to '/Game/FirstPersonBP'
[2015.05.06-13.36.53:256][ 85]LogContentBrowser:Verbose: The content browser source was changed by the sources view to '/Game/MyProtoType'
[2015.05.06-13.36.54:054][ 99]LogContentBrowser:Verbose: The content browser source was changed by the sources view to '/Game'
[2015.05.06-13.36.55:428][114]Cmd: MAP LOAD FILE="../../../../../../U3D/1-3-life-choices/Content/MR.umap" TEMPLATE=0 SHOWPROGRESS=1 FEATURELEVEL=3
[2015.05.06-13.36.55:428][114]LightingResults: New page: 光照构建
[2015.05.06-13.36.55:452][114]LoadErrors: New page: 正在加载地图： MR.umap
[2015.05.06-13.36.55:453][114]MapCheck: New page: 地图检测
[2015.05.06-13.36.55:453][114]LightingResults: New page: 光照构建
[2015.05.06-13.36.55:461][114]LogParticles: Destroying 0 GPU particle simulations for FXSystem 0x000000A6BD299A80
[2015.05.06-13.36.55:555][114]LogEditorServer: Finished looking for orphan Actors (0.000 secs)
[2015.05.06-13.36.55:605][114]LogAIModule: Creating AISystem for world MR
[2015.05.06-13.36.55:638][114]Cmd: MAP CHECKDEP
[2015.05.06-13.36.55:638][114]MapCheck: New page: MR - 2015年5月7日 上午5:36:55
[2015.05.06-13.36.55:700][114]MapCheck: 信息 地图检测完成：0个错误，0 个警告，用时62.19毫秒完成。
[2015.05.06-13.36.55:700][114]LogFileHelpers: Loading map 'MR' took 0.274
[2015.05.06-13.37.31:648][117]BlueprintLog: New page: 编译MR
[2015.05.06-13.37.31:724][117]BlueprintEditorCompileResults: 信息 [0058.70]MR编译成功！[用时76毫秒]
[2015.05.06-13.37.31:801][119]BlueprintLog: New page: 编译MR
[2015.05.06-13.37.31:993][119]BlueprintEditorCompileResults: 信息 [0058.97]MR编译成功！[用时191毫秒]
[2015.05.06-13.37.56:699][701]LogContentBrowser:Verbose: The content browser source was changed by the sources view to '/Game/MyProtoType'
[2015.05.06-13.38.02:653][876]LogContentBrowser:Verbose: The content browser source was changed by the sources view to '/Game/MyProtoType/Model'
[2015.05.06-13.38.03:936][888]LogContentBrowser:Verbose: The content browser source was changed by the sources view to '/Game/MyProtoType/Model/Door'
[2015.05.06-13.38.06:103][904]LogContentBrowser:Verbose: The content browser source was changed by the sources view to '/Game/MyProtoType'
[2015.05.06-13.38.08:506][  7]LogContentBrowser:Verbose: The content browser source was changed by the sources view to '/Game/MyProtoType'
[2015.05.06-13.38.16:850][ 89]LogContentBrowser:Verbose: The content browser source was changed by the sources view to '/Game/MyProtoType/BlueScripts'
[2015.05.06-13.38.21:082][367]LogContentBrowser:Verbose: The content browser source was changed by the sources view to '/Game/MyProtoType/BlueScripts'
[2015.05.06-13.38.26:317][419]LogContentBrowser:Verbose: The content browser source was changed by the sources view to '/Game/MyProtoType/BlueScripts/EasyUI'
[2015.05.06-13.38.39:991][530]LogContentBrowser:Verbose: The content browser source was changed by the sources view to '/Game/MyProtoType/BlueScripts/EasyUI'
[2015.05.06-13.40.46:061][952]BlueprintLog: New page: 编译UI
[2015.05.06-13.40.46:133][952]BlueprintEditorCompileResults: 信息 [0253.11]UI编译成功！[用时71毫秒]
[2015.05.06-13.40.46:193][956]BlueprintLog: New page: 编译UI
[2015.05.06-13.40.46:255][956]BlueprintEditorCompileResults: 信息 [0253.23]UI编译成功！[用时62毫秒]
[2015.05.06-13.40.47:337][ 42]Cmd: OBJ SAVEPACKAGE PACKAGE="/Game/MyProtoType/BlueScripts/EasyUI/UI" FILE="../../../../../../U3D/1-3-life-choices/Content/MyProtoType/BlueScripts/EasyUI/UI.uasset" SILENT=true
[2015.05.06-13.40.47:347][ 42]LogSavePackage: Save=7.800389ms
[2015.05.06-13.40.47:347][ 42]LogSavePackage: Moving '../../../../../../U3D/1-3-life-choices/Saved/UIB77B98384E5F61A067ACC99722727A65.tmp' to '../../../../../../U3D/1-3-life-choices/Content/MyProtoType/BlueScripts/EasyUI/UI.uasset'
[2015.05.06-13.46.26:157][194]BlueprintLog: New page: 编译MR
[2015.05.06-13.46.26:352][194]BlueprintEditorCompileResults: 信息 [0593.33]MR编译成功！[用时194毫秒]
[2015.05.06-13.46.26:352][194]BlueprintLog: New page: 编译MR
[2015.05.06-13.46.26:421][194]BlueprintEditorCompileResults: 信息 [0593.39]MR编译成功！[用时68毫秒]
[2015.05.06-13.46.58:876][494]Cmd: OBJ SAVEPACKAGE PACKAGE="/Game/MR" FILE="../../../../../../U3D/1-3-life-choices/Saved/Autosaves/Game/MR_Auto1.umap" SILENT=true AUTOSAVING=true KEEPDIRTY=false
[2015.05.06-13.46.59:525][494]LogSavePackage: Save=617.767822ms
[2015.05.06-13.46.59:525][494]LogSavePackage: Moving '../../../../../../U3D/1-3-life-choices/Saved/MR_Auto1F85E364A4CF107A247F07BB12C6FE67B.tmp' to '../../../../../../U3D/1-3-life-choices/Saved/Autosaves/Game/MR_Auto1.umap'
[2015.05.06-13.46.59:533][494]LogFileHelpers: Editor autosave (incl. sublevels) for '/Game/MR' took 0.731
[2015.05.06-13.46.59:533][494]LogFileHelpers: Editor autosave (incl. sublevels) for all levels took 0.731
[2015.05.06-13.56.59:911][821]Cmd: OBJ SAVEPACKAGE PACKAGE="/Game/MR" FILE="../../../../../../U3D/1-3-life-choices/Saved/Autosaves/Game/MR_Auto2.umap" SILENT=true AUTOSAVING=true KEEPDIRTY=false
[2015.05.06-13.57.00:511][821]LogSavePackage: Save=579.553284ms
[2015.05.06-13.57.00:511][821]LogSavePackage: Moving '../../../../../../U3D/1-3-life-choices/Saved/MR_Auto255665DCA40F84F4BD29EB989F591FE30.tmp' to '../../../../../../U3D/1-3-life-choices/Saved/Autosaves/Game/MR_Auto2.umap'
[2015.05.06-13.57.00:519][821]LogFileHelpers: Editor autosave (incl. sublevels) for '/Game/MR' took 0.742
[2015.05.06-13.57.00:519][821]LogFileHelpers: Editor autosave (incl. sublevels) for all levels took 0.742
[2015.05.06-13.57.36:476][313]BlueprintLog: New page: 编译MR
[2015.05.06-13.57.36:603][313]BlueprintEditorCompileResults: 信息 [1263.58]MR编译成功！[用时127毫秒]
[2015.05.06-14.01.20:145][479]BlueprintLog: New page: 编译UI
[2015.05.06-14.01.20:220][479]BlueprintEditorCompileResults: 信息 [1487.19]UI编译成功！[用时74毫秒]
[2015.05.06-14.01.20:290][483]BlueprintLog: New page: 编译UI
[2015.05.06-14.01.20:362][483]BlueprintEditorCompileResults: 信息 [1487.34]UI编译成功！[用时71毫秒]
[2015.05.06-14.01.22:376][600]Cmd: OBJ SAVEPACKAGE PACKAGE="/Game/MyProtoType/BlueScripts/EasyUI/UI" FILE="../../../../../../U3D/1-3-life-choices/Content/MyProtoType/BlueScripts/EasyUI/UI.uasset" SILENT=true
[2015.05.06-14.01.22:394][600]LogSavePackage: Save=8.510634ms
[2015.05.06-14.01.22:394][600]LogSavePackage: Moving '../../../../../../U3D/1-3-life-choices/Saved/UI8C1EFC2B42EB735791C088B41C5C13E3.tmp' to '../../../../../../U3D/1-3-life-choices/Content/MyProtoType/BlueScripts/EasyUI/UI.uasset'
[2015.05.06-14.04.20:913][ 42]BlueprintLog: New page: 编译UI
[2015.05.06-14.04.20:989][ 42]BlueprintEditorCompileResults: 信息 [1667.96]UI编译成功！[用时76毫秒]
[2015.05.06-14.04.21:044][ 45]BlueprintLog: New page: 编译UI
[2015.05.06-14.04.21:115][ 45]BlueprintEditorCompileResults: 信息 [1668.09]UI编译成功！[用时71毫秒]
[2015.05.06-14.04.21:679][ 75]Cmd: OBJ SAVEPACKAGE PACKAGE="/Game/MyProtoType/BlueScripts/EasyUI/UI" FILE="../../../../../../U3D/1-3-life-choices/Content/MyProtoType/BlueScripts/EasyUI/UI.uasset" SILENT=true
[2015.05.06-14.04.21:701][ 75]LogSavePackage: Save=11.332733ms
[2015.05.06-14.04.21:701][ 75]LogSavePackage: Moving '../../../../../../U3D/1-3-life-choices/Saved/UIE613DF444333D381160BFA9BB7E07ECC.tmp' to '../../../../../../U3D/1-3-life-choices/Content/MyProtoType/BlueScripts/EasyUI/UI.uasset'
[2015.05.06-14.07.06:956][187]Cmd: OBJ SAVEPACKAGE PACKAGE="/Game/MR" FILE="../../../../../../U3D/1-3-life-choices/Saved/Autosaves/Game/MR_Auto3.umap" SILENT=true AUTOSAVING=true KEEPDIRTY=false
[2015.05.06-14.07.07:592][187]LogSavePackage: Save=606.648987ms
[2015.05.06-14.07.07:592][187]LogSavePackage: Moving '../../../../../../U3D/1-3-life-choices/Saved/MR_Auto3FA4AFB104230877E329BE48B10EA3F8F.tmp' to '../../../../../../U3D/1-3-life-choices/Saved/Autosaves/Game/MR_Auto3.umap'
[2015.05.06-14.07.07:599][187]LogFileHelpers: Editor autosave (incl. sublevels) for '/Game/MR' took 0.734
[2015.05.06-14.07.07:599][187]LogFileHelpers: Editor autosave (incl. sublevels) for all levels took 0.734
[2015.05.06-14.17.07:846][204]Cmd: OBJ SAVEPACKAGE PACKAGE="/Game/MR" FILE="../../../../../../U3D/1-3-life-choices/Saved/Autosaves/Game/MR_Auto4.umap" SILENT=true AUTOSAVING=true KEEPDIRTY=false
[2015.05.06-14.17.08:484][204]LogSavePackage: Save=621.881897ms
[2015.05.06-14.17.08:484][204]LogSavePackage: Moving '../../../../../../U3D/1-3-life-choices/Saved/MR_Auto4F8ABEFF047089619645FE1866B905231.tmp' to '../../../../../../U3D/1-3-life-choices/Saved/Autosaves/Game/MR_Auto4.umap'
[2015.05.06-14.17.08:491][204]LogFileHelpers: Editor autosave (incl. sublevels) for '/Game/MR' took 0.734
[2015.05.06-14.17.08:491][204]LogFileHelpers: Editor autosave (incl. sublevels) for all levels took 0.734
[2015.05.06-14.17.15:940][591]BlueprintLog: New page: 编译MR
[2015.05.06-14.17.16:038][591]BlueprintEditorCompileResults: 信息 [2443.01]MR编译成功！[用时97毫秒]
[2015.05.06-14.17.50:583][401]BlueprintLog: New page: 编译MR
[2015.05.06-14.17.50:682][401]BlueprintEditorCompileResults: 信息 [2477.66]MR编译成功！[用时98毫秒]
[2015.05.06-14.17.51:416][436]BlueprintLog: New page: PIE之前的自动重新编译
[2015.05.06-14.17.51:425][436]LogPlayLevel: [PIE] Compiling MR before PIE...
[2015.05.06-14.17.51:518][436]LogPlayLevel: PIE:  Blueprint regeneration took 102 ms (1 blueprints)
[2015.05.06-14.17.51:518][436]PIE: New page: PIE会话: MR (2015年5月7日 上午6:17:51)
[2015.05.06-14.17.51:611][436]LogPlayLevel: PIE: StaticDuplicateObject took: (0.092155s)
[2015.05.06-14.17.51:612][436]LogPlayLevel: PIE: World Init took: (0.000809s)
[2015.05.06-14.17.51:612][436]LogPlayLevel: PIE: Created PIE world by copying editor world from /Game/MR.MR to /Game/UEDPIE_0_MR.MR (0.093247s)
[2015.05.06-14.17.51:670][436]LogWorld: Game class is 'FirstPersonGameMode_C'
[2015.05.06-14.17.51:672][436]LogAIModule: Creating AISystem for world MR
[2015.05.06-14.17.51:701][436]LogWorld: Bringing World /Game/UEDPIE_0_MR.MR up for play (max tick rate 60) at 2015.05.06-22.17.51
[2015.05.06-14.17.51:706][436]LogWorld: Bringing up level for play took: 0.033042
[2015.05.06-14.17.51:745][436]PIE: 信息 /Game/UEDPIE_0_MR的‘在编辑器中播放’的起始时间-0.588
[2015.05.06-14.17.51:760][436]LogRenderer:Warning: Reallocating scene render targets to support 1296x760 (Frame:9107).
[2015.05.06-14.17.51:760][436]LogPropertyNode: Object is invalid Slot
[2015.05.06-14.17.51:760][436]LogPropertyNode: Object is invalid Navigation
[2015.05.06-14.17.53:764][450]LogArray:Warning: Attempted to get an item from array ArrayText out of bounds [7/6]!
[2015.05.06-14.18.19:395][650]LogParticles: Destroying 0 GPU particle simulations for FXSystem 0x000000A6E14B2480
[2015.05.06-14.18.44:903][982]BlueprintLog: New page: 编译MR
[2015.05.06-14.18.45:002][982]BlueprintEditorCompileResults: 信息 [2531.97]MR编译成功！[用时98毫秒]
[2015.05.06-14.18.45:632][ 12]BlueprintLog: New page: PIE之前的自动重新编译
[2015.05.06-14.18.45:639][ 12]LogPlayLevel: [PIE] Compiling MR before PIE...
[2015.05.06-14.18.45:732][ 12]LogPlayLevel: PIE:  Blueprint regeneration took 100 ms (1 blueprints)
[2015.05.06-14.18.45:732][ 12]PIE: New page: PIE会话: MR (2015年5月7日 上午6:18:45)
[2015.05.06-14.18.45:823][ 12]LogPlayLevel: PIE: StaticDuplicateObject took: (0.090454s)
[2015.05.06-14.18.45:823][ 12]LogPlayLevel: PIE: World Init took: (0.000555s)
[2015.05.06-14.18.45:824][ 12]LogPlayLevel: PIE: Created PIE world by copying editor world from /Game/MR.MR to /Game/UEDPIE_0_MR.MR (0.091232s)
[2015.05.06-14.18.45:864][ 12]LogWorld: Game class is 'FirstPersonGameMode_C'
[2015.05.06-14.18.45:865][ 12]LogAIModule: Creating AISystem for world MR
[2015.05.06-14.18.45:893][ 12]LogWorld: Bringing World /Game/UEDPIE_0_MR.MR up for play (max tick rate 60) at 2015.05.06-22.18.45
[2015.05.06-14.18.45:898][ 12]LogWorld: Bringing up level for play took: 0.032473
[2015.05.06-14.18.45:912][ 12]PIE: 信息 /Game/UEDPIE_0_MR的‘在编辑器中播放’的起始时间-0.422
[2015.05.06-14.18.45:926][ 12]LogPropertyNode: Object is invalid Slot
[2015.05.06-14.18.45:926][ 12]LogPropertyNode: Object is invalid Navigation
[2015.05.06-14.18.47:723][ 26]LogBlueprintUserMessages: Hello
[2015.05.06-14.18.47:724][ 26]LogArray:Warning: Attempted to get an item from array ArrayText out of bounds [7/6]!
[2015.05.06-14.18.56:217][ 91]LogParticles: Destroying 0 GPU particle simulations for FXSystem 0x000000A6DF871BC0
[2015.05.06-14.19.29:371][840]BlueprintLog: New page: 编译MR
[2015.05.06-14.19.29:468][840]BlueprintEditorCompileResults: 信息 [2576.44]MR编译成功！[用时97毫秒]
[2015.05.06-14.19.32:441][992]BlueprintLog: New page: PIE之前的自动重新编译
[2015.05.06-14.19.32:447][992]LogPlayLevel: [PIE] Compiling MR before PIE...
[2015.05.06-14.19.32:538][992]LogPlayLevel: PIE:  Blueprint regeneration took 97 ms (1 blueprints)
[2015.05.06-14.19.32:538][992]PIE: New page: PIE会话: MR (2015年5月7日 上午6:19:32)
[2015.05.06-14.19.32:629][992]LogPlayLevel: PIE: StaticDuplicateObject took: (0.089979s)
[2015.05.06-14.19.32:629][992]LogPlayLevel: PIE: World Init took: (0.000506s)
[2015.05.06-14.19.32:630][992]LogPlayLevel: PIE: Created PIE world by copying editor world from /Game/MR.MR to /Game/UEDPIE_0_MR.MR (0.090736s)
[2015.05.06-14.19.32:675][992]LogWorld: Game class is 'FirstPersonGameMode_C'
[2015.05.06-14.19.32:677][992]LogAIModule: Creating AISystem for world MR
[2015.05.06-14.19.32:705][992]LogWorld: Bringing World /Game/UEDPIE_0_MR.MR up for play (max tick rate 60) at 2015.05.06-22.19.32
[2015.05.06-14.19.32:711][992]LogWorld: Bringing up level for play took: 0.032765
[2015.05.06-14.19.32:726][992]PIE: 信息 /Game/UEDPIE_0_MR的‘在编辑器中播放’的起始时间0.391
[2015.05.06-14.19.32:740][992]LogPropertyNode: Object is invalid Slot
[2015.05.06-14.19.32:740][992]LogPropertyNode: Object is invalid Navigation
[2015.05.06-14.19.40:958][ 57]LogParticles: Destroying 0 GPU particle simulations for FXSystem 0x000000A6DE2DD300
[2015.05.06-14.20.01:066][ 54]BlueprintLog: New page: 编译MR
[2015.05.06-14.20.01:162][ 54]BlueprintEditorCompileResults: 信息 [2608.14]MR编译成功！[用时95毫秒]
[2015.05.06-14.20.03:490][176]BlueprintLog: New page: PIE之前的自动重新编译
[2015.05.06-14.20.03:496][176]LogPlayLevel: [PIE] Compiling MR before PIE...
[2015.05.06-14.20.03:585][176]LogPlayLevel: PIE:  Blueprint regeneration took 94 ms (1 blueprints)
[2015.05.06-14.20.03:585][176]PIE: New page: PIE会话: MR (2015年5月7日 上午6:20:03)
[2015.05.06-14.20.03:672][176]LogPlayLevel: PIE: StaticDuplicateObject took: (0.086209s)
[2015.05.06-14.20.03:673][176]LogPlayLevel: PIE: World Init took: (0.000617s)
[2015.05.06-14.20.03:673][176]LogPlayLevel: PIE: Created PIE world by copying editor world from /Game/MR.MR to /Game/UEDPIE_0_MR.MR (0.087039s)
[2015.05.06-14.20.03:716][176]LogWorld: Game class is 'FirstPersonGameMode_C'
[2015.05.06-14.20.03:717][176]LogAIModule: Creating AISystem for world MR
[2015.05.06-14.20.03:763][176]LogWorld: Bringing World /Game/UEDPIE_0_MR.MR up for play (max tick rate 60) at 2015.05.06-22.20.03
[2015.05.06-14.20.03:770][176]LogWorld: Bringing up level for play took: 0.052146
[2015.05.06-14.20.03:788][176]PIE: 信息 /Game/UEDPIE_0_MR的‘在编辑器中播放’的起始时间-0.546
[2015.05.06-14.20.03:802][176]LogPropertyNode: Object is invalid Slot
[2015.05.06-14.20.03:802][176]LogPropertyNode: Object is invalid Navigation
[2015.05.06-14.20.04:552][182]LogBlueprintUserMessages: Hey, wow, let’s see who are there this time? 
[2015.05.06-14.20.04:552][182]LogBlueprintUserMessages: Hang on, let me guess, you must be a business man, aren’t you? I know you quite well.
[2015.05.06-14.20.04:552][182]LogBlueprintUserMessages: Wait, wait, i know you are a little bit confused about all this. But don’t worry, i mean really. 
[2015.05.06-14.20.04:552][182]LogBlueprintUserMessages: You know what? This particular place where you are exactly stand on is a dream.
[2015.05.06-14.20.04:552][182]LogBlueprintUserMessages: No, no, please. I’m not talking about that DREAMWORK things. but, i’m serious, your own dream.
[2015.05.06-14.20.04:552][182]LogBlueprintUserMessages: And me, you may consider me as a narrator? or a stranger sit at somewhere in this giant and beautiful room? Well come on! take it easy buddy! I’m not going to hurt you. Otherwise i’ve already done that!
[2015.05.06-14.20.04:552][182]LogBlueprintUserMessages: Fine, anyway, trust me, who i am won’t bother you a lot truely. You will be able to read my story sooner or later.
[2015.05.06-14.20.09:072][217]LogParticles: Destroying 0 GPU particle simulations for FXSystem 0x000000A6DF8209A0
[2015.05.06-14.20.29:808][327]BlueprintLog: New page: 编译MR
[2015.05.06-14.20.29:907][327]BlueprintEditorCompileResults: 信息 [2636.88]MR编译成功！[用时98毫秒]
[2015.05.06-14.20.30:484][355]BlueprintLog: New page: PIE之前的自动重新编译
[2015.05.06-14.20.30:491][355]LogPlayLevel: [PIE] Compiling MR before PIE...
[2015.05.06-14.20.30:578][355]LogPlayLevel: PIE:  Blueprint regeneration took 94 ms (1 blueprints)
[2015.05.06-14.20.30:579][355]PIE: New page: PIE会话: MR (2015年5月7日 上午6:20:30)
[2015.05.06-14.20.30:667][355]LogPlayLevel: PIE: StaticDuplicateObject took: (0.088367s)
[2015.05.06-14.20.30:668][355]LogPlayLevel: PIE: World Init took: (0.000522s)
[2015.05.06-14.20.30:668][355]LogPlayLevel: PIE: Created PIE world by copying editor world from /Game/MR.MR to /Game/UEDPIE_0_MR.MR (0.089108s)
[2015.05.06-14.20.30:707][355]LogWorld: Game class is 'FirstPersonGameMode_C'
[2015.05.06-14.20.30:709][355]LogAIModule: Creating AISystem for world MR
[2015.05.06-14.20.30:737][355]LogWorld: Bringing World /Game/UEDPIE_0_MR.MR up for play (max tick rate 60) at 2015.05.06-22.20.30
[2015.05.06-14.20.30:742][355]LogWorld: Bringing up level for play took: 0.032484
[2015.05.06-14.20.30:758][355]PIE: 信息 /Game/UEDPIE_0_MR的‘在编辑器中播放’的起始时间0.424
[2015.05.06-14.20.30:770][355]LogPropertyNode: Object is invalid Slot
[2015.05.06-14.20.30:770][355]LogPropertyNode: Object is invalid Navigation
[2015.05.06-14.20.36:247][397]LogParticles: Destroying 0 GPU particle simulations for FXSystem 0x000000A6E3C2ACA0
[2015.05.06-14.21.14:515][380]BlueprintLog: New page: 编译MR
[2015.05.06-14.21.14:617][380]BlueprintEditorCompileResults: 信息 [2681.59]MR编译成功！[用时101毫秒]
[2015.05.06-14.21.15:189][407]BlueprintLog: New page: PIE之前的自动重新编译
[2015.05.06-14.21.15:195][407]LogPlayLevel: [PIE] Compiling MR before PIE...
[2015.05.06-14.21.15:285][407]LogPlayLevel: PIE:  Blueprint regeneration took 96 ms (1 blueprints)
[2015.05.06-14.21.15:286][407]PIE: New page: PIE会话: MR (2015年5月7日 上午6:21:15)
[2015.05.06-14.21.15:372][407]LogPlayLevel: PIE: StaticDuplicateObject took: (0.086095s)
[2015.05.06-14.21.15:373][407]LogPlayLevel: PIE: World Init took: (0.000562s)
[2015.05.06-14.21.15:373][407]LogPlayLevel: PIE: Created PIE world by copying editor world from /Game/MR.MR to /Game/UEDPIE_0_MR.MR (0.086874s)
[2015.05.06-14.21.15:415][407]LogWorld: Game class is 'FirstPersonGameMode_C'
[2015.05.06-14.21.15:416][407]LogAIModule: Creating AISystem for world MR
[2015.05.06-14.21.15:446][407]LogWorld: Bringing World /Game/UEDPIE_0_MR.MR up for play (max tick rate 60) at 2015.05.06-22.21.15
[2015.05.06-14.21.15:451][407]LogWorld: Bringing up level for play took: 0.033974
[2015.05.06-14.21.15:469][407]PIE: 信息 /Game/UEDPIE_0_MR的‘在编辑器中播放’的起始时间1.135
[2015.05.06-14.21.15:482][407]LogPropertyNode: Object is invalid Slot
[2015.05.06-14.21.15:482][407]LogPropertyNode: Object is invalid Navigation
[2015.05.06-14.21.20:070][442]LogParticles: Destroying 0 GPU particle simulations for FXSystem 0x000000A6DDB5FEC0
[2015.05.06-14.21.42:755][637]LogUProjectInfo: Found projects:
[2015.05.06-14.21.52:313][655]Cmd: CLOSE_SLATE_MAINFRAME
[2015.05.06-14.21.52:341][655]LogParticles: Destroying 0 GPU particle simulations for FXSystem 0x000000A6BB6323E0
[2015.05.06-14.21.55:432][655]Cmd: OBJ SAVEPACKAGE PACKAGE="/Game/MR" FILE="../../../../../../U3D/1-3-life-choices/Content/MR.umap" SILENT=true AUTOSAVING=false KEEPDIRTY=false
[2015.05.06-14.21.56:082][655]LogSavePackage: Save=623.646851ms
[2015.05.06-14.21.56:082][655]LogSavePackage: Moving '../../../../../../U3D/1-3-life-choices/Saved/MR4389613948C4686DADF0E7941615F669.tmp' to '../../../../../../U3D/1-3-life-choices/Content/MR.umap'
[2015.05.06-14.21.56:111][655]LogFileHelpers: Saving map 'MR' took 0.745
[2015.05.06-14.21.56:658][656]Cmd: QUIT_EDITOR
[2015.05.06-14.21.57:102][656]LogExit: Preparing to exit.
[2015.05.06-14.21.57:754][656]LogExit: Editor shut down
[2015.05.06-14.21.57:755][656]LogExit: Transaction tracking system shut down
[2015.05.06-14.21.57:756][656]LogParticles: Destroying 0 GPU particle simulations for FXSystem 0x000000A6F3B7F740
[2015.05.06-14.21.57:756][656]LogParticles: Destroying 0 GPU particle simulations for FXSystem 0x000000A6BDC3EAC0
[2015.05.06-14.21.57:757][656]LogParticles: Destroying 0 GPU particle simulations for FXSystem 0x000000A6BDB689A0
[2015.05.06-14.21.57:757][656]LogParticles: Destroying 0 GPU particle simulations for FXSystem 0x000000A6BD3E9D00
[2015.05.06-14.21.57:759][656]LogParticles: Destroying 0 GPU particle simulations for FXSystem 0x000000A6CE959300
[2015.05.06-14.21.57:759][656]LogParticles: Destroying 0 GPU particle simulations for FXSystem 0x000000A6CE95AC00
[2015.05.06-14.21.57:759][656]LogParticles: Destroying 0 GPU particle simulations for FXSystem 0x000000A686B9A840
[2015.05.06-14.21.57:823][656]LogExit: Object subsystem successfully closed.
[2015.05.06-14.21.57:860][656]LogModuleManager: Shutting down and abandoning module SequencerWidgets (178)
[2015.05.06-14.21.57:860][656]LogModuleManager: Shutting down and abandoning module CrashTracker (177)
[2015.05.06-14.21.57:860][656]LogModuleManager: Shutting down and abandoning module SuperSearch (176)
[2015.05.06-14.21.57:860][656]LogModuleManager: Shutting down and abandoning module SceneOutliner (175)
[2015.05.06-14.21.57:860][656]LogModuleManager: Shutting down and abandoning module EditorWidgets (174)
[2015.05.06-14.21.57:860][656]LogModuleManager: Shutting down and abandoning module CollectionManager (173)
[2015.05.06-14.21.57:860][656]LogModuleManager: Shutting down and abandoning module StatsViewer (172)
[2015.05.06-14.21.57:860][656]LogModuleManager: Shutting down and abandoning module FoliageEdit (171)
[2015.05.06-14.21.57:860][656]LogModuleManager: Shutting down and abandoning module LandscapeEditor (170)
[2015.05.06-14.21.57:860][656]LogModuleManager: Shutting down and abandoning module MeshPaint (169)
[2015.05.06-14.21.57:860][656]LogModuleManager: Shutting down and abandoning module ActorPickerMode (168)
[2015.05.06-14.21.57:860][656]LogModuleManager: Shutting down and abandoning module GeometryMode (167)
[2015.05.06-14.21.57:860][656]LogModuleManager: Shutting down and abandoning module TextureAlignMode (166)
[2015.05.06-14.21.57:860][656]LogModuleManager: Shutting down and abandoning module BspMode (165)
[2015.05.06-14.21.57:860][656]LogModuleManager: Shutting down and abandoning module PlacementMode (164)
[2015.05.06-14.21.57:860][656]LogModuleManager: Shutting down and abandoning module AutomationWorker (163)
[2015.05.06-14.21.57:860][656]LogModuleManager: Shutting down and abandoning module CharacterAI (162)
[2015.05.06-14.21.57:860][656]LogModuleManager: Shutting down and abandoning module SmartSnapping (161)
[2015.05.06-14.21.57:860][656]LogModuleManager: Shutting down and abandoning module ViewportSnapping (160)
[2015.05.06-14.21.57:860][656]LogModuleManager: Shutting down and abandoning module LogVisualizer (159)
[2015.05.06-14.21.57:861][656]LogModuleManager: Shutting down and abandoning module GameProjectGeneration (158)
[2015.05.06-14.21.57:861][656]LogModuleManager: Shutting down and abandoning module IntroTutorials (157)
[2015.05.06-14.21.57:861][656]LogModuleManager: Shutting down and abandoning module EditorLiveStreaming (156)
[2015.05.06-14.21.57:861][656]LogModuleManager: Shutting down and abandoning module HardwareTargeting (155)
[2015.05.06-14.21.57:861][656]LogModuleManager: Shutting down and abandoning module DeviceProfileEditor (154)
[2015.05.06-14.21.57:861][656]LogModuleManager: Shutting down and abandoning module UndoHistory (153)
[2015.05.06-14.21.57:861][656]LogModuleManager: Shutting down and abandoning module GameplayTagsEditor (152)
[2015.05.06-14.21.57:861][656]LogModuleManager: Shutting down and abandoning module UserFeedback (151)
[2015.05.06-14.21.57:861][656]LogModuleManager: Shutting down and abandoning module XmlParser (150)
[2015.05.06-14.21.57:861][656]LogModuleManager: Shutting down and abandoning module Blutility (149)
[2015.05.06-14.21.57:861][656]LogModuleManager: Shutting down and abandoning module IOSPlatformEditor (148)
[2015.05.06-14.21.57:861][656]LogModuleManager: Shutting down and abandoning module IOSRuntimeSettings (147)
[2015.05.06-14.21.57:861][656]LogModuleManager: Shutting down and abandoning module AndroidDeviceDetection (146)
[2015.05.06-14.21.58:341][656]LogModuleManager: Shutting down and abandoning module AndroidPlatformEditor (145)
[2015.05.06-14.21.58:341][656]LogModuleManager: Shutting down and abandoning module AndroidRuntimeSettings (144)
[2015.05.06-14.21.58:341][656]LogModuleManager: Shutting down and abandoning module ProjectTargetPlatformEditor (143)
[2015.05.06-14.21.58:341][656]LogModuleManager: Shutting down and abandoning module ProjectSettingsViewer (142)
[2015.05.06-14.21.58:342][656]LogModuleManager: Shutting down and abandoning module InputBindingEditor (141)
[2015.05.06-14.21.58:342][656]LogModuleManager: Shutting down and abandoning module EditorSettingsViewer (140)
[2015.05.06-14.21.58:342][656]LogModuleManager: Shutting down and abandoning module SettingsEditor (139)
[2015.05.06-14.21.58:342][656]LogModuleManager: Shutting down and abandoning module ProjectLauncher (138)
[2015.05.06-14.21.58:342][656]LogModuleManager: Shutting down and abandoning module SessionFrontend (137)
[2015.05.06-14.21.58:342][656]LogModuleManager: Shutting down and abandoning module ProfilerClient (136)
[2015.05.06-14.21.58:342][656]LogModuleManager: Shutting down and abandoning module TargetDeviceServices (135)
[2015.05.06-14.21.58:342][656]LogModuleManager: Shutting down and abandoning module DeviceManager (134)
[2015.05.06-14.21.58:343][656]LogModuleManager: Shutting down and abandoning module AutomationController (133)
[2015.05.06-14.21.58:343][656]LogModuleManager: Shutting down and abandoning module AutomationWindow (132)
[2015.05.06-14.21.58:343][656]LogModuleManager: Shutting down and abandoning module Layers (131)
[2015.05.06-14.21.58:343][656]LogModuleManager: Shutting down and abandoning module ComponentVisualizers (130)
[2015.05.06-14.21.58:343][656]LogModuleManager: Shutting down and abandoning module DetailCustomizations (129)
[2015.05.06-14.21.58:343][656]LogModuleManager: Shutting down and abandoning module PackagesDialog (128)
[2015.05.06-14.21.58:343][656]LogModuleManager: Shutting down and abandoning module AssetRegistry (127)
[2015.05.06-14.21.58:402][656]LogModuleManager: Shutting down and abandoning module Persona (126)
[2015.05.06-14.21.58:402][656]LogModuleManager: Shutting down and abandoning module SlateReflector (125)
[2015.05.06-14.21.58:402][656]LogModuleManager: Shutting down and abandoning module LevelEditor (124)
[2015.05.06-14.21.58:404][656]LogModuleManager: Shutting down and abandoning module Kismet (123)
[2015.05.06-14.21.58:404][656]LogModuleManager: Shutting down and abandoning module GraphEditor (122)
[2015.05.06-14.21.58:404][656]LogModuleManager: Shutting down and abandoning module ClassViewer (121)
[2015.05.06-14.21.58:404][656]LogModuleManager: Shutting down and abandoning module Toolbox (120)
[2015.05.06-14.21.58:404][656]LogModuleManager: Shutting down and abandoning module ModuleUI (119)
[2015.05.06-14.21.58:404][656]LogModuleManager: Shutting down and abandoning module MovieSceneTools (118)
[2015.05.06-14.21.58:404][656]LogModuleManager: Shutting down and abandoning module OutputLog (117)
[2015.05.06-14.21.58:404][656]LogModuleManager: Shutting down and abandoning module GammaUI (116)
[2015.05.06-14.21.58:404][656]LogModuleManager: Shutting down and abandoning module Documentation (115)
[2015.05.06-14.21.58:404][656]LogModuleManager: Shutting down and abandoning module GameLiveStreaming (114)
[2015.05.06-14.21.58:404][656]LogModuleManager: Shutting down and abandoning module StreamingPauseRendering (113)
[2015.05.06-14.21.58:404][656]LogModuleManager: Shutting down and abandoning module HTTP (112)
[2015.05.06-14.21.58:405][656]LogModuleManager: Shutting down and abandoning module AnalyticsET (111)
[2015.05.06-14.21.58:405][656]LogModuleManager: Shutting down and abandoning module Analytics (110)
[2015.05.06-14.21.58:405][656]LogModuleManager: Shutting down and abandoning module AITestSuite (109)
[2015.05.06-14.21.58:405][656]LogModuleManager: Shutting down and abandoning module GameplayDebugger (108)
[2015.05.06-14.21.58:405][656]LogModuleManager: Shutting down and abandoning module AIModule (107)
[2015.05.06-14.21.58:405][656]LogModuleManager: Shutting down and abandoning module ProfilerService (106)
[2015.05.06-14.21.58:529][656]LogModuleManager: Shutting down and abandoning module TaskGraph (105)
[2015.05.06-14.21.58:529][656]LogModuleManager: Shutting down and abandoning module SlateRemote (104)
[2015.05.06-14.21.58:529][656]LogModuleManager: Shutting down and abandoning module ScriptEditorPlugin (103)
[2015.05.06-14.21.58:529][656]LogModuleManager: Shutting down and abandoning module CustomMeshComponent (102)
[2015.05.06-14.21.58:529][656]LogModuleManager: Shutting down and abandoning module CableComponent (101)
[2015.05.06-14.21.58:529][656]LogModuleManager: Shutting down and abandoning module MessagingDebugger (100)
[2015.05.06-14.21.58:530][656]LogModuleManager: Shutting down and abandoning module MediaPlayerEditor (99)
[2015.05.06-14.21.58:530][656]LogModuleManager: Shutting down and abandoning module SpeedTreeImporter (98)
[2015.05.06-14.21.58:530][656]LogModuleManager: Shutting down and abandoning module PluginsEditor (97)
[2015.05.06-14.21.58:530][656]LogModuleManager: Shutting down and abandoning module MainFrame (96)
[2015.05.06-14.21.58:530][656]LogModuleManager: Shutting down and abandoning module EpicSurvey (95)
[2015.05.06-14.21.58:530][656]LogModuleManager: Shutting down and abandoning module DesktopPlatform (94)
[2015.05.06-14.21.58:530][656]LogModuleManager: Shutting down and abandoning module DirectoryWatcher (93)
[2015.05.06-14.21.58:531][656]LogModuleManager: Shutting down and abandoning module HotReload (92)
[2015.05.06-14.21.58:531][656]LogModuleManager: Shutting down and abandoning module VisualStudioSourceCodeAccess (91)
[2015.05.06-14.21.58:531][656]LogModuleManager: Shutting down and abandoning module UObjectPlugin (90)
[2015.05.06-14.21.58:531][656]LogModuleManager: Shutting down and abandoning module SubversionSourceControl (89)
[2015.05.06-14.21.58:531][656]LogModuleManager: Shutting down and abandoning module PerforceSourceControl (88)
[2015.05.06-14.21.58:531][656]LogModuleManager: Shutting down and abandoning module SourceControl (87)
[2015.05.06-14.21.58:531][656]LogModuleManager: Shutting down and abandoning module GitSourceControl (86)
[2015.05.06-14.21.58:531][656]LogModuleManager: Shutting down and abandoning module BlankPlugin (85)
[2015.05.06-14.21.58:531][656]LogModuleManager: Shutting down and abandoning module PaperTiledImporter (84)
[2015.05.06-14.21.58:531][656]LogModuleManager: Shutting down and abandoning module PaperJsonImporter (83)
[2015.05.06-14.21.58:531][656]LogModuleManager: Shutting down and abandoning module ContentBrowser (82)
[2015.05.06-14.21.58:533][656]LogModuleManager: Shutting down and abandoning module Paper2DEditor (81)
[2015.05.06-14.21.58:534][656]LogModuleManager: Shutting down and abandoning module ScriptPlugin (80)
[2015.05.06-14.21.58:534][656]LogModuleManager: Shutting down and abandoning module UdpMessaging (79)
[2015.05.06-14.21.58:635][656]LogModuleManager: Shutting down and abandoning module Paper2D (78)
[2015.05.06-14.21.58:635][656]LogModuleManager: Shutting down and abandoning module WindowsMoviePlayer (77)
[2015.05.06-14.21.58:642][656]LogModuleManager: Shutting down and abandoning module Media (76)
[2015.05.06-14.21.58:642][656]LogModuleManager: Shutting down and abandoning module WmfMedia (75)
[2015.05.06-14.21.58:642][656]LogModuleManager: Shutting down and abandoning module OnlineBlueprintSupport (74)
[2015.05.06-14.21.58:642][656]LogModuleManager: Shutting down and abandoning module PropertyEditor (73)
[2015.05.06-14.21.58:642][656]LogModuleManager: Shutting down and abandoning module BehaviorTreeEditor (72)
[2015.05.06-14.21.58:642][656]LogModuleManager: Shutting down and abandoning module FunctionalTesting (71)
[2015.05.06-14.21.58:642][656]LogModuleManager: Shutting down and abandoning module CollisionAnalyzer (70)
[2015.05.06-14.21.58:642][656]LogModuleManager: Shutting down and abandoning module WorkspaceMenuStructure (69)
[2015.05.06-14.21.58:643][656]LogModuleManager: Shutting down and abandoning module MessageLog (68)
[2015.05.06-14.21.58:643][656]LogModuleManager: Shutting down and abandoning module Sequencer (67)
[2015.05.06-14.21.58:643][656]LogModuleManager: Shutting down and abandoning module AssetTools (66)
[2015.05.06-14.21.58:643][656]LogModuleManager: Shutting down and abandoning module UMGEditor (65)
[2015.05.06-14.21.58:643][656]LogModuleManager: Shutting down and abandoning module UMG (64)
[2015.05.06-14.21.58:643][656]LogModuleManager: Shutting down and abandoning module Slate (63)
[2015.05.06-14.21.58:643][656]LogModuleManager: Shutting down and abandoning module EditorStyle (62)
[2015.05.06-14.21.58:653][656]LogModuleManager: Shutting down and abandoning module SessionServices (61)
[2015.05.06-14.21.58:653][656]LogModuleManager: Shutting down and abandoning module SourceCodeAccess (60)
[2015.05.06-14.21.58:653][656]LogModuleManager: Shutting down and abandoning module HeadMountedDisplay (59)
[2015.05.06-14.21.58:653][656]LogModuleManager: Shutting down and abandoning module XAudio2 (58)
[2015.05.06-14.21.58:653][656]LogModuleManager: Shutting down and abandoning module Networking (56)
[2015.05.06-14.21.58:654][656]LogModuleManager: Shutting down and abandoning module Core (55)
[2015.05.06-14.21.58:654][656]LogModuleManager: Shutting down and abandoning module KismetCompiler (54)
[2015.05.06-14.21.58:654][656]LogModuleManager: Shutting down and abandoning module PhysXFormats (53)
[2015.05.06-14.21.58:654][656]LogModuleManager: Shutting down and abandoning module MeshUtilities (52)
[2015.05.06-14.21.58:654][656]LogModuleManager: Shutting down and abandoning module DerivedDataCache (51)
[2015.05.06-14.21.58:675][656]LogDerivedDataCache: Shutdown
[2015.05.06-14.21.58:675][656]LogModuleManager: Shutting down and abandoning module ShaderFormatOpenGL (50)
[2015.05.06-14.21.58:675][656]LogModuleManager: Shutting down and abandoning module ShaderFormatD3D (49)
[2015.05.06-14.21.58:675][656]LogModuleManager: Shutting down and abandoning module MetalShaderFormat (48)
[2015.05.06-14.21.58:675][656]LogModuleManager: Shutting down and abandoning module TextureFormatUncompressed (47)
[2015.05.06-14.21.58:675][656]LogModuleManager: Shutting down and abandoning module TextureFormatPVR (46)
[2015.05.06-14.21.58:675][656]LogModuleManager: Shutting down and abandoning module TextureFormatIntelISPCTexComp (45)
[2015.05.06-14.21.58:675][656]LogModuleManager: Shutting down and abandoning module TextureFormatDXT (44)
[2015.05.06-14.21.58:675][656]LogModuleManager: Shutting down and abandoning module ImageWrapper (43)
[2015.05.06-14.21.58:675][656]LogModuleManager: Shutting down and abandoning module TextureFormatASTC (42)
[2015.05.06-14.21.58:675][656]LogModuleManager: Shutting down and abandoning module TextureFormatAndroid (41)
[2015.05.06-14.21.58:675][656]LogModuleManager: Shutting down and abandoning module AudioFormatOpus (40)
[2015.05.06-14.21.58:675][656]LogModuleManager: Shutting down and abandoning module AudioFormatOgg (39)
[2015.05.06-14.21.58:675][656]LogModuleManager: Shutting down and abandoning module AudioFormatADPCM (38)
[2015.05.06-14.21.58:676][656]LogModuleManager: Shutting down and abandoning module LinuxTargetPlatform (37)
[2015.05.06-14.21.58:676][656]LogModuleManager: Shutting down and abandoning module LinuxServerTargetPlatform (36)
[2015.05.06-14.21.58:676][656]LogModuleManager: Shutting down and abandoning module LinuxNoEditorTargetPlatform (35)
[2015.05.06-14.21.58:676][656]LogModuleManager: Shutting down and abandoning module Messaging (34)
[2015.05.06-14.21.58:676][656]LogModuleManager: Shutting down and abandoning module IOSTargetPlatform (33)
[2015.05.06-14.21.58:676][656]LogModuleManager: Shutting down and abandoning module HTML5TargetPlatform (32)
[2015.05.06-14.21.58:676][656]LogModuleManager: Shutting down and abandoning module Android_PVRTCTargetPlatform (31)
[2015.05.06-14.21.58:676][656]LogModuleManager: Shutting down and abandoning module Android_ETC2TargetPlatform (30)
[2015.05.06-14.21.58:676][656]LogModuleManager: Shutting down and abandoning module Android_ETC1TargetPlatform (29)
[2015.05.06-14.21.58:676][656]LogModuleManager: Shutting down and abandoning module Android_ES31TargetPlatform (28)
[2015.05.06-14.21.58:676][656]LogModuleManager: Shutting down and abandoning module Android_DXTTargetPlatform (27)
[2015.05.06-14.21.58:676][656]LogModuleManager: Shutting down and abandoning module Android_ATCTargetPlatform (26)
[2015.05.06-14.21.58:676][656]LogModuleManager: Shutting down and abandoning module AndroidTargetPlatform (25)
[2015.05.06-14.21.58:676][656]LogModuleManager: Shutting down and abandoning module WindowsTargetPlatform (24)
[2015.05.06-14.21.58:676][656]LogModuleManager: Shutting down and abandoning module WindowsServerTargetPlatform (23)
[2015.05.06-14.21.58:676][656]LogModuleManager: Shutting down and abandoning module WindowsNoEditorTargetPlatform (22)
[2015.05.06-14.21.58:676][656]LogModuleManager: Shutting down and abandoning module WindowsClientTargetPlatform (21)
[2015.05.06-14.21.58:676][656]LogModuleManager: Shutting down and abandoning module TargetPlatform (20)
[2015.05.06-14.21.58:676][656]LogModuleManager: Shutting down and abandoning module InputCore (19)
[2015.05.06-14.21.58:676][656]LogModuleManager: Shutting down and abandoning module Settings (18)
[2015.05.06-14.21.58:676][656]LogModuleManager: Shutting down and abandoning module OnlineSubsystem (16)
[2015.05.06-14.21.58:676][656]LogModuleManager: Shutting down and abandoning module OculusRift (15)
[2015.05.06-14.21.58:677][656]LogModuleManager: Shutting down and abandoning module ExampleDeviceProfileSelector (14)
[2015.05.06-14.21.58:677][656]LogModuleManager: Shutting down and abandoning module TextureCompressor (13)
[2015.05.06-14.21.58:677][656]LogModuleManager: Shutting down and abandoning module ShaderCore (12)
[2015.05.06-14.21.58:677][656]LogModuleManager: Shutting down and abandoning module Landscape (11)
[2015.05.06-14.21.58:677][656]LogModuleManager: Shutting down and abandoning module SlateRHIRenderer (10)
[2015.05.06-14.21.58:692][656]LogModuleManager: Shutting down and abandoning module OpenGLDrv (9)
[2015.05.06-14.21.58:692][656]LogModuleManager: Shutting down and abandoning module D3D11RHI (8)
[2015.05.06-14.21.58:692][656]LogModuleManager: Shutting down and abandoning module Renderer (7)
[2015.05.06-14.21.58:692][656]LogModuleManager: Shutting down and abandoning module Engine (6)
[2015.05.06-14.21.58:692][656]LogModuleManager: Shutting down and abandoning module CoreUObject (5)
[2015.05.06-14.21.58:692][656]LogModuleManager: Shutting down and abandoning module NetworkFile (4)
[2015.05.06-14.21.58:692][656]LogModuleManager: Shutting down and abandoning module StreamingFile (3)
[2015.05.06-14.21.58:692][656]LogModuleManager: Shutting down and abandoning module SandboxFile (2)
[2015.05.06-14.21.58:692][656]LogModuleManager: Shutting down and abandoning module PakFile (1)
[2015.05.06-14.21.58:694][656]LogExit: Exiting.
[2015.05.06-14.21.58:733][656]Log file closed, 05/06/15 22:21:58
