Log file open, 05/06/15 20:47:02
LogInit:Display: Running engine for game: Prototype
LogInit: Version: 4.7.5-2503383+++depot+UE4-Releases+4.7
LogInit: API Version: 2455222
LogInit: Compiled (64-bit): Apr  6 2015 23:21:51
LogInit: Compiled with Visual C++: 18.00.21005.01
LogInit: Build Configuration: Development
LogInit: Branch Name: ++depot+UE4-Releases+4.7
LogInit: Command line: 
LogInit: Base directory: F:/Epic/Epic Games/4.7/Engine/Binaries/Win64/
LogInit: Rocket: 1
[2015.05.06-12.47.02:706][  0]LogTaskGraph: Started task graph with 3 named threads and 6 total threads.
[2015.05.06-12.47.02:758][  0]LogOnline:Warning: No default platform service specified for OnlineSubsystem
[2015.05.06-12.47.02:767][  0]LogInit: Presizing for 0 objects not considered by GC, pre-allocating 0 bytes.
[2015.05.06-12.47.02:775][  0]LogInit: Object subsystem initialized
[2015.05.06-12.47.02:776][  0]LogConsoleResponse:Warning: Skipping Unknown console variable: 'TranslucentSortAxis = (X=0.000000,Y=-1.000000,Z=0.000000)'
[2015.05.06-12.47.02:776][  0]LogConsoleResponse:Warning:   Found in ini file 'F:/U3D/1-3-life-choices/Saved/Config/Windows/Engine.ini', in section '[/Script/Engine.RendererSettings]'
[2015.05.06-12.47.02:776][  0]LogConsoleResponse:Warning: Skipping Unknown console variable: 'UIScaleRule = ShortestSide'
[2015.05.06-12.47.02:776][  0]LogConsoleResponse:Warning:   Found in ini file 'F:/U3D/1-3-life-choices/Saved/Config/Windows/Engine.ini', in section '[/Script/Engine.RendererSettings]'
[2015.05.06-12.47.02:776][  0]LogConsoleResponse:Warning: Skipping Unknown console variable: 'UIScaleCurve = (EditorCurveData=(Keys=),ExternalCurve=None)'
[2015.05.06-12.47.02:776][  0]LogConsoleResponse:Warning:   Found in ini file 'F:/U3D/1-3-life-choices/Saved/Config/Windows/Engine.ini', in section '[/Script/Engine.RendererSettings]'
[2015.05.06-12.47.02:777][  0]LogInit: Selected Device Profile: [Windows]
[2015.05.06-12.47.02:777][  0]LogInit: Applying CVar settings loaded from the selected device profile: [Windows]
[2015.05.06-12.47.02:782][  0]LogInit: Computer: RAYMONDMG
[2015.05.06-12.47.02:782][  0]LogInit: User: RMG
[2015.05.06-12.47.02:782][  0]LogInit: CPU Page size=4096, Cores=4
[2015.05.06-12.47.02:782][  0]LogInit: High frequency timer resolution =2.435776 MHz
[2015.05.06-12.47.02:783][  0]LogMemory: Memory total: Physical=7.9GB (8GB approx) Virtual=131072.0GB
[2015.05.06-12.47.02:783][  0]LogMemory: Platform Memory Stats for Windows
[2015.05.06-12.47.02:783][  0]LogMemory: Process Physical Memory: 47.04 MB used, 47.04 MB peak
[2015.05.06-12.47.02:783][  0]LogMemory: Process Virtual Memory: 24.43 MB used, 24.43 MB peak
[2015.05.06-12.47.02:783][  0]LogMemory: Physical Memory: 3669.98 MB used, 8073.02 MB total
[2015.05.06-12.47.02:783][  0]LogMemory: Virtual Memory: 286.68 MB used, 134217728.00 MB total
[2015.05.06-12.47.02:796][  0]LogD3D11RHI: Found D3D11 adapter 0: Intel(R) HD Graphics 4600 (Feature Level 11_0)
[2015.05.06-12.47.02:796][  0]LogD3D11RHI: Adapter has 4078MB of dedicated video memory, 0MB of dedicated system memory, and 4036MB of shared system memory, 1 output[s]
[2015.05.06-12.47.02:797][  0]LogD3D11RHI: Found D3D11 adapter 1: Microsoft Basic Render Driver (Feature Level 11_0)
[2015.05.06-12.47.02:797][  0]LogD3D11RHI: Adapter has 0MB of dedicated video memory, 0MB of dedicated system memory, and 256MB of shared system memory, 0 output[s]
[2015.05.06-12.47.02:797][  0]LogD3D11RHI: Chosen D3D11 Adapter Id = 0
[2015.05.06-12.47.02:801][  0]LogRHI: Texture pool is 1361 MB (70% of 1945 MB)
[2015.05.06-12.47.02:810][  0]LogD3D11RHI: Async texture creation enabled
[2015.05.06-12.47.02:928][  0]LogTextLocalizationManager:Warning: Loading localization resources contain conflicting entries for (Namespace:UICommands, Key:Save):
Resource: (F:/Epic/Epic Games/4.7/Engine/Content/Localization/Editor/zh-CN/Editor.locres) Hash: (-669349758) String: (保存)
Resource: (F:/Epic/Epic Games/4.7/Engine/Content/Localization/Engine/zh-CN/Engine.locres) Hash: (-669349758) String: (保持)
[2015.05.06-12.47.02:928][  0]LogTextLocalizationManager:Warning: Loading localization resources contain conflicting entries for (Namespace:UICommands, Key:Save_ToolTip):
Resource: (F:/Epic/Epic Games/4.7/Engine/Content/Localization/Editor/zh-CN/Editor.locres) Hash: (-29098895) String: (保存所有当前关卡到磁盘中)
Resource: (F:/Epic/Epic Games/4.7/Engine/Content/Localization/Engine/zh-CN/Engine.locres) Hash: (-1280300587) String: (保存选择的数据到vlog文件)
[2015.05.06-12.47.02:928][  0]LogTextLocalizationManager:Warning: Loading localization resources contain conflicting entries for (Namespace:ContentBrowser, Key:ImportAssetToolTip):
Resource: (F:/Epic/Epic Games/4.7/Engine/Content/Localization/Editor/zh-CN/Editor.locres) Hash: (-630476809) String: (导入到{0}...)
Resource: (F:/Epic/Epic Games/4.7/Engine/Content/Localization/Editor/zh-CN/Editor.locres) Hash: (1271782899) String: (从文件中导入资源到这个文件夹内。)
[2015.05.06-12.47.02:995][  0]LogContentStreaming: Texture pool size is 0.000000MB
[2015.05.06-12.47.04:958][  0]LogTargetPlatformManager:Display: Building Assets For Windows
[2015.05.06-12.47.05:412][  0]LogTargetPlatformManager:Display: Building Assets For Windows
[2015.05.06-12.47.05:459][  0]LogDerivedDataCache:Display: Max Cache Size: 512 MB
[2015.05.06-12.47.05:501][  0]LogDerivedDataCache: Loaded boot cache 0.04s 39MB C:/Users/RMG/AppData/Local/UnrealEngine/4.7/DerivedDataCache/Boot.ddc.
[2015.05.06-12.47.05:501][  0]LogDerivedDataCache:Display: Loaded Boot cache: C:/Users/RMG/AppData/Local/UnrealEngine/4.7/DerivedDataCache/Boot.ddc
[2015.05.06-12.47.05:501][  0]LogDerivedDataCache: FDerivedDataBackendGraph:  Pak pak cache file ../../../../../../U3D/1-3-life-choices/DerivedDataCache/DDC.ddp not found, will not use a pak cache.
[2015.05.06-12.47.05:501][  0]LogDerivedDataCache: Unable to find inner node Pak for hierarchical cache Hierarchy.
[2015.05.06-12.47.05:605][  0]LogDerivedDataCache:Display: Pak cache opened for reading ../../../Engine/DerivedDataCache/Compressed.ddp.
[2015.05.06-12.47.05:617][  0]LogDerivedDataCache: Using Local data cache path C:/Users/RMG/AppData/Local/UnrealEngine/Common/DerivedDataCache: Writable
[2015.05.06-12.47.05:846][  0]LogMeshUtilities: No automatic mesh reduction module available
[2015.05.06-12.47.05:846][  0]LogMeshUtilities: No automatic mesh merging module available
[2015.05.06-12.47.06:201][  0]LogInit: WinSock: version 1.1 (2.2), MaxSocks=32767, MaxUdp=65467
[2015.05.06-12.47.06:253][  0]LogSlate:Warning: Failed to load font data from '../../../Engine/Content/Slate/Fonts/Roboto-Italic.ttf'
[2015.05.06-12.47.06:859][  0]UdpMessaging: Initializing bridge on interface 0.0.0.0:0 to multicast group 230.0.0.1:6666.
[2015.05.06-12.47.07:040][  0]SourceControl: 信息 源码控制已禁用
[2015.05.06-12.47.07:040][  0]SourceControl: 信息 源码控制已禁用
[2015.05.06-12.47.07:040][  0]SourceControl: 信息 源码控制已禁用
[2015.05.06-12.47.07:040][  0]LogSourceControl: RunCommandInternalRaw: 'git version'
[2015.05.06-12.47.07:040][  0]LogSourceControl: RunCommandInternalRaw: ExecProcess ReturnCode=2 OutResults=''
[2015.05.06-12.47.07:046][  0]SourceControl: 信息 源码控制已禁用
[2015.05.06-12.47.07:174][  0]LogObj: 24232 objects as part of root set at end of initial load.
[2015.05.06-12.47.07:174][  0]LogUObjectAllocator: 5137176 out of 0 bytes used by permanent object pool.
[2015.05.06-12.47.07:240][  0]LogEngine: Initializing Engine...
[2015.05.06-12.47.09:373][  0]LogInit: XAudio2 using '扬声器 (Realtek High Definition Audio)' : 2 channels at 48 kHz using 32 bits per sample (channel mask 0x3)
[2015.05.06-12.47.09:392][  0]LogInit: FAudioDevice initialized.
[2015.05.06-12.47.09:417][  0]LogAIModule: Creating AISystem for world NewWorld
[2015.05.06-12.47.09:437][  0]LogDerivedDataCache: Saved boot cache 0.02s 39MB C:/Users/RMG/AppData/Local/UnrealEngine/4.7/DerivedDataCache/Boot.ddc.
[2015.05.06-12.47.09:440][  0]LogInit: Texture streaming: Enabled
[2015.05.06-12.47.09:513][  0]LogAnalytics: Creating configured Analytics provider AnalyticsET
[2015.05.06-12.47.09:513][  0]LogAnalytics: ET APIKey = Rocket.Release. APIServer = http://et2.epicgames.com/ET2/. AppVersion = 4.7.5-2503383+++depot+UE4-Releases+4.7
[2015.05.06-12.47.09:513][  0]LogAnalytics: ET APIKey = Rocket.Release. DataRouterUploadURL = https://datarouter-public-service-gamedev.ol.epicgames.net/datarouter/api/v1/public/data. AppVersion = 4.7.5-2503383+++depot+UE4-Releases+4.7
[2015.05.06-12.47.09:514][  0]LogAnalytics: SetUserId ff36e97c47fc0dce0794ddbc8f88a228|197ccca8ace4469dbd28a387a822afed|95cd838e-8492-4e16-832d-77cf58ff72cc
[2015.05.06-12.47.09:514][  0]LogAnalytics: AnalyticsET::StartSession [Rocket.Release]
[2015.05.06-12.47.09:548][  0]LogInit: Transaction tracking system initialized
[2015.05.06-12.47.09:663][  0]BlueprintLog: New page: 编辑器加载
[2015.05.06-12.47.09:690][  0]LogAssetRegistry: FAssetRegistry took 0.0110 seconds to start up
[2015.05.06-12.47.09:690][  0]LogDirectoryWatcher:Warning: Failed to begin reading directory changes for ../../../Engine/Plugins/Experimental/CharacterAI/Content/. Error: 0
[2015.05.06-12.47.10:199][  0]LogTargetPlatformManager:Display: Building Assets For Windows
[2015.05.06-12.47.10:555][  0]LogTargetPlatformManager:Display: Building Assets For Windows
[2015.05.06-12.47.10:739][  0]LogSlate:Warning: Failed to load font data from '../../../Engine/Content/Editor/Slate/Fonts/Roboto-Regular.ttf'
[2015.05.06-12.47.10:739][  0]LogSlate:Warning: Failed to load font data from '../../../Engine/Content/Editor/Slate/Fonts/Roboto-Bold.ttf'
[2015.05.06-12.47.10:743][  0]LogConsoleResponse:Display: 
[2015.05.06-12.47.10:842][  0]LogCook:Display: Done creating registry. It took  0.00s.
[2015.05.06-12.47.10:934][  0]SourceControl: 信息 源码控制已禁用
[2015.05.06-12.47.10:935][  0]Cmd: MAP LOAD FILE="../../../../../../U3D/1-3-life-choices/Content/FirstPersonBP/Maps/FirstPersonExampleMap.umap" TEMPLATE=0 SHOWPROGRESS=1 FEATURELEVEL=3
[2015.05.06-12.47.10:936][  0]LightingResults: New page: 光照构建
[2015.05.06-12.47.10:945][  0]MapCheck: New page: 地图检测
[2015.05.06-12.47.10:945][  0]LightingResults: New page: 光照构建
[2015.05.06-12.47.10:951][  0]LogParticles: Destroying 0 GPU particle simulations for FXSystem 0x00000036912E8720
[2015.05.06-12.47.11:479][  0]LoadErrors:Error: 错误 SkeletalMeshComponent导入失败
[2015.05.06-12.47.11:934][  0]LogEditorServer: Finished looking for orphan Actors (0.000 secs)
[2015.05.06-12.47.13:019][  0]LogAIModule: Creating AISystem for world FirstPersonExampleMap
[2015.05.06-12.47.13:021][  0]Cmd: MAP CHECKDEP
[2015.05.06-12.47.13:022][  0]MapCheck: New page: FirstPersonExampleMap - 2015年5月7日 上午4:47:13
[2015.05.06-12.47.13:076][  0]MapCheck: 信息 地图检测完成：0个错误，0 个警告，用时54.547毫秒完成。
[2015.05.06-12.47.13:076][  0]LogFileHelpers: Loading map 'FirstPersonExampleMap' took 2.141
[2015.05.06-12.47.13:253][  0]LogCollectionManager: Loaded 0 collections in 0.001273 seconds
[2015.05.06-12.47.13:260][  0]LogContentBrowser: Native class hierarchy populated in 0.0076 seconds. Added 1696 classes and 261 folders.
[2015.05.06-12.47.13:277][  0]LogContentBrowser:Verbose: The content browser source was changed by the sources view to '/Game'
[2015.05.06-12.47.13:291][  0]LogContentBrowser: Native class hierarchy updated for 'SceneOutliner' in 0.0015 seconds. Added 1 classes and 2 folders.
[2015.05.06-12.47.13:349][  0]LogCrashTracker: Crashtracker disabled due to settings.
[2015.05.06-12.47.13:365][  0]LogSlate:Warning: Failed to load font data from 'Veranda'
[2015.05.06-12.47.13:372][  0]LogUObjectGlobals:Warning: 寻找对象'Class 无.'失败
[2015.05.06-12.47.13:400][  0]LogLoad: Full Startup: 12.33 seconds (BP compile: 0.16 seconds)
[2015.05.06-12.47.13:633][  0]LogRenderer:Warning: Reallocating scene render targets to support 1208x576 (Frame:2).
[2015.05.06-12.47.14:757][  7]LogAssetRegistry: Asset discovery search completed in 5.0770 seconds
[2015.05.06-12.47.19:415][ 66]Cmd: MAP LOAD FILE="../../../../../../U3D/1-3-life-choices/Content/MR.umap" TEMPLATE=0 SHOWPROGRESS=1 FEATURELEVEL=3
[2015.05.06-12.47.19:415][ 66]LightingResults: New page: 光照构建
[2015.05.06-12.47.19:438][ 66]LoadErrors: New page: 正在加载地图： MR.umap
[2015.05.06-12.47.19:439][ 66]MapCheck: New page: 地图检测
[2015.05.06-12.47.19:439][ 66]LightingResults: New page: 光照构建
[2015.05.06-12.47.19:447][ 66]LogParticles: Destroying 0 GPU particle simulations for FXSystem 0x000000369B6BDB20
[2015.05.06-12.47.19:534][ 66]LogEditorServer: Finished looking for orphan Actors (0.000 secs)
[2015.05.06-12.47.19:583][ 66]LogAIModule: Creating AISystem for world MR
[2015.05.06-12.47.19:604][ 66]Cmd: MAP CHECKDEP
[2015.05.06-12.47.19:605][ 66]MapCheck: New page: MR - 2015年5月7日 上午4:47:19
[2015.05.06-12.47.19:669][ 66]MapCheck: 信息 地图检测完成：0个错误，0 个警告，用时64.252毫秒完成。
[2015.05.06-12.47.19:669][ 66]LogFileHelpers: Loading map 'MR' took 0.256
[2015.05.06-12.47.27:438][216]LogPlayLevel: PIE:  No blueprints needed recompiling
[2015.05.06-12.47.27:439][216]PIE: New page: PIE会话: MR (2015年5月7日 上午4:47:27)
[2015.05.06-12.47.27:529][216]LogPlayLevel: PIE: StaticDuplicateObject took: (0.089603s)
[2015.05.06-12.47.27:530][216]LogPlayLevel: PIE: World Init took: (0.000552s)
[2015.05.06-12.47.27:530][216]LogPlayLevel: PIE: Created PIE world by copying editor world from /Game/MR.MR to /Game/UEDPIE_0_MR.MR (0.090824s)
[2015.05.06-12.47.27:623][216]LogWorld: Game class is 'FirstPersonGameMode_C'
[2015.05.06-12.47.27:659][216]LogAIModule: Creating AISystem for world MR
[2015.05.06-12.47.27:688][216]LogWorld: Bringing World /Game/UEDPIE_0_MR.MR up for play (max tick rate 0) at 2015.05.06-20.47.27
[2015.05.06-12.47.27:696][216]LogWorld: Bringing up level for play took: 0.036822
[2015.05.06-12.47.27:748][216]PIE: 信息 /Game/UEDPIE_0_MR的‘在编辑器中播放’的起始时间-0.586
[2015.05.06-12.47.32:126][317]LogParticles: Destroying 0 GPU particle simulations for FXSystem 0x0000003690DC4540
[2015.05.06-12.47.38:790][425]LogPlayLevel: PIE:  No blueprints needed recompiling
[2015.05.06-12.47.38:790][425]PIE: New page: PIE会话: MR (2015年5月7日 上午4:47:38)
[2015.05.06-12.47.38:942][425]LogPlayLevel: PIE: StaticDuplicateObject took: (0.097101s)
[2015.05.06-12.47.38:943][425]LogPlayLevel: PIE: World Init took: (0.000546s)
[2015.05.06-12.47.38:943][425]LogPlayLevel: PIE: Created PIE world by copying editor world from /Game/MR.MR to /Game/UEDPIE_0_MR.MR (0.097853s)
[2015.05.06-12.47.38:978][425]LogWorld: Game class is 'FirstPersonGameMode_C'
[2015.05.06-12.47.38:980][425]LogAIModule: Creating AISystem for world MR
[2015.05.06-12.47.39:005][425]LogWorld: Bringing World /Game/UEDPIE_0_MR.MR up for play (max tick rate 0) at 2015.05.06-20.47.39
[2015.05.06-12.47.39:010][425]LogWorld: Bringing up level for play took: 0.029859
[2015.05.06-12.47.39:012][425]PIE: 信息 /Game/UEDPIE_0_MR的‘在编辑器中播放’的起始时间0.679
[2015.05.06-12.47.51:170][649]LogParticles: Destroying 0 GPU particle simulations for FXSystem 0x000000369DF04F40
[2015.05.06-12.48.20:966][ 24]LogPlayLevel: PIE:  No blueprints needed recompiling
[2015.05.06-12.48.20:966][ 24]PIE: New page: PIE会话: MR (2015年5月7日 上午4:48:20)
[2015.05.06-12.48.21:064][ 24]LogPlayLevel: PIE: StaticDuplicateObject took: (0.078124s)
[2015.05.06-12.48.21:065][ 24]LogPlayLevel: PIE: World Init took: (0.000549s)
[2015.05.06-12.48.21:065][ 24]LogPlayLevel: PIE: Created PIE world by copying editor world from /Game/MR.MR to /Game/UEDPIE_0_MR.MR (0.078877s)
[2015.05.06-12.48.21:099][ 24]LogWorld: Game class is 'FirstPersonGameMode_C'
[2015.05.06-12.48.21:102][ 24]LogAIModule: Creating AISystem for world MR
[2015.05.06-12.48.21:147][ 24]LogWorld: Bringing World /Game/UEDPIE_0_MR.MR up for play (max tick rate 0) at 2015.05.06-20.48.21
[2015.05.06-12.48.21:152][ 24]LogWorld: Bringing up level for play took: 0.049048
[2015.05.06-12.48.21:155][ 24]PIE: 信息 /Game/UEDPIE_0_MR的‘在编辑器中播放’的起始时间0.821
[2015.05.06-12.48.37:218][258]LogParticles: Destroying 0 GPU particle simulations for FXSystem 0x000000369B1B8360
[2015.05.06-12.48.41:595][313]LogEditorViewport: Clicking Background
[2015.05.06-12.57.52:282][408]Cmd: OBJ SAVEPACKAGE PACKAGE="/Game/MR" FILE="../../../../../../U3D/1-3-life-choices/Saved/Autosaves/Game/MR_Auto1.umap" SILENT=true AUTOSAVING=true KEEPDIRTY=false
[2015.05.06-12.57.52:868][408]LogSavePackage: Save=536.639221ms
[2015.05.06-12.57.52:868][408]LogSavePackage: Moving '../../../../../../U3D/1-3-life-choices/Saved/MR_Auto1144630A74848113EF16F00A71AC3293C.tmp' to '../../../../../../U3D/1-3-life-choices/Saved/Autosaves/Game/MR_Auto1.umap'
[2015.05.06-12.57.52:877][408]LogFileHelpers: Editor autosave (incl. sublevels) for '/Game/MR' took 0.667
[2015.05.06-12.57.52:877][408]LogFileHelpers: Editor autosave (incl. sublevels) for all levels took 0.667
[2015.05.06-12.58.01:186][509]LogEditorViewport: Clicking on Actor (LMB): PointLight (PointLight12)
[2015.05.06-12.58.29:853][712]LogEditorViewport: Clicking on Actor (LMB): PointLight (PointLight5)
[2015.05.06-12.58.46:471][890]LogEditorViewport: Clicking on Actor (LMB): PointLight (PointLight7)
[2015.05.06-12.58.50:856][933]LogEditorViewport: Clicking on Actor (LMB): PointLight (PointLight9)
[2015.05.06-12.58.54:742][970]LogEditorViewport: Clicking on Component (LMB): PointLightComponent (LightComponent0)
[2015.05.06-12.58.56:754][990]LogEditorViewport: Clicking on Actor (LMB): PointLight (PointLight6)
[2015.05.06-12.59.20:745][245]LogEditorViewport: Clicking on Actor (LMB): PointLight (PointLight13)
[2015.05.06-12.59.29:483][338]LogEditorViewport: Clicking on Actor (LMB): PointLight (PointLight12)
[2015.05.06-12.59.36:684][418]LogPlayLevel: PIE:  No blueprints needed recompiling
[2015.05.06-12.59.36:684][418]PIE: New page: PIE会话: MR (2015年5月7日 上午4:59:36)
[2015.05.06-12.59.36:791][418]LogPlayLevel: PIE: StaticDuplicateObject took: (0.082968s)
[2015.05.06-12.59.36:791][418]LogPlayLevel: PIE: World Init took: (0.000611s)
[2015.05.06-12.59.36:792][418]LogPlayLevel: PIE: Created PIE world by copying editor world from /Game/MR.MR to /Game/UEDPIE_0_MR.MR (0.083824s)
[2015.05.06-12.59.36:825][418]LogWorld: Game class is 'FirstPersonGameMode_C'
[2015.05.06-12.59.36:827][418]LogAIModule: Creating AISystem for world MR
[2015.05.06-12.59.36:857][418]LogWorld: Bringing World /Game/UEDPIE_0_MR.MR up for play (max tick rate 0) at 2015.05.06-20.59.36
[2015.05.06-12.59.36:862][418]LogWorld: Bringing up level for play took: 0.034268
[2015.05.06-12.59.36:864][418]PIE: 信息 /Game/UEDPIE_0_MR的‘在编辑器中播放’的起始时间0.531
[2015.05.06-12.59.56:665][652]LogParticles: Destroying 0 GPU particle simulations for FXSystem 0x000000369B5D1BC0
[2015.05.06-13.00.44:801][911]LogNavigationPoint: PostEditMove Clear paths rebuilt
[2015.05.06-13.00.45:467][948]LogPlayLevel: PIE:  No blueprints needed recompiling
[2015.05.06-13.00.45:467][948]PIE: New page: PIE会话: MR (2015年5月7日 上午5:00:45)
[2015.05.06-13.00.45:544][948]LogPlayLevel: PIE: StaticDuplicateObject took: (0.076851s)
[2015.05.06-13.00.45:545][948]LogPlayLevel: PIE: World Init took: (0.000576s)
[2015.05.06-13.00.45:545][948]LogPlayLevel: PIE: Created PIE world by copying editor world from /Game/MR.MR to /Game/UEDPIE_0_MR.MR (0.077634s)
[2015.05.06-13.00.45:587][948]LogWorld: Game class is 'FirstPersonGameMode_C'
[2015.05.06-13.00.45:591][948]LogAIModule: Creating AISystem for world MR
[2015.05.06-13.00.45:630][948]LogWorld: Bringing World /Game/UEDPIE_0_MR.MR up for play (max tick rate 0) at 2015.05.06-21.00.45
[2015.05.06-13.00.45:635][948]LogWorld: Bringing up level for play took: 0.043380
[2015.05.06-13.00.45:637][948]PIE: 信息 /Game/UEDPIE_0_MR的‘在编辑器中播放’的起始时间-0.697
[2015.05.06-13.00.59:310][117]LogParticles: Destroying 0 GPU particle simulations for FXSystem 0x000000369B5AF9C0
[2015.05.06-13.01.46:775][471]LogNavigationPoint: PostEditMove Clear paths rebuilt
[2015.05.06-13.01.55:086][929]LogNavigationPoint: PostEditMove Clear paths rebuilt
[2015.05.06-13.01.57:013][ 36]LogPlayLevel: PIE:  No blueprints needed recompiling
[2015.05.06-13.01.57:013][ 36]PIE: New page: PIE会话: MR (2015年5月7日 上午5:01:57)
[2015.05.06-13.01.57:088][ 36]LogPlayLevel: PIE: StaticDuplicateObject took: (0.074578s)
[2015.05.06-13.01.57:089][ 36]LogPlayLevel: PIE: World Init took: (0.000553s)
[2015.05.06-13.01.57:089][ 36]LogPlayLevel: PIE: Created PIE world by copying editor world from /Game/MR.MR to /Game/UEDPIE_0_MR.MR (0.075353s)
[2015.05.06-13.01.57:124][ 36]LogWorld: Game class is 'FirstPersonGameMode_C'
[2015.05.06-13.01.57:126][ 36]LogAIModule: Creating AISystem for world MR
[2015.05.06-13.01.57:175][ 36]LogWorld: Bringing World /Game/UEDPIE_0_MR.MR up for play (max tick rate 0) at 2015.05.06-21.01.57
[2015.05.06-13.01.57:180][ 36]LogWorld: Bringing up level for play took: 0.054114
[2015.05.06-13.01.57:183][ 36]PIE: 信息 /Game/UEDPIE_0_MR的‘在编辑器中播放’的起始时间0.849
[2015.05.06-13.02.01:958][ 87]LogParticles: Destroying 0 GPU particle simulations for FXSystem 0x00000036A2133A60
[2015.05.06-13.02.04:225][207]LogNavigationPoint: PostEditMove Clear paths rebuilt
[2015.05.06-13.02.04:923][243]LogPlayLevel: PIE:  No blueprints needed recompiling
[2015.05.06-13.02.04:923][243]PIE: New page: PIE会话: MR (2015年5月7日 上午5:02:04)
[2015.05.06-13.02.04:998][243]LogPlayLevel: PIE: StaticDuplicateObject took: (0.074173s)
[2015.05.06-13.02.04:998][243]LogPlayLevel: PIE: World Init took: (0.000671s)
[2015.05.06-13.02.04:999][243]LogPlayLevel: PIE: Created PIE world by copying editor world from /Game/MR.MR to /Game/UEDPIE_0_MR.MR (0.075208s)
[2015.05.06-13.02.05:031][243]LogWorld: Game class is 'FirstPersonGameMode_C'
[2015.05.06-13.02.05:033][243]LogAIModule: Creating AISystem for world MR
[2015.05.06-13.02.05:063][243]LogWorld: Bringing World /Game/UEDPIE_0_MR.MR up for play (max tick rate 0) at 2015.05.06-21.02.05
[2015.05.06-13.02.05:068][243]LogWorld: Bringing up level for play took: 0.034556
[2015.05.06-13.02.05:070][243]PIE: 信息 /Game/UEDPIE_0_MR的‘在编辑器中播放’的起始时间0.736
[2015.05.06-13.02.06:624][259]LogParticles: Destroying 0 GPU particle simulations for FXSystem 0x000000369DE639C0
[2015.05.06-13.02.08:212][346]LogNavigationPoint: PostEditMove Clear paths rebuilt
[2015.05.06-13.02.08:821][380]LogPlayLevel: PIE:  No blueprints needed recompiling
[2015.05.06-13.02.08:821][380]PIE: New page: PIE会话: MR (2015年5月7日 上午5:02:08)
[2015.05.06-13.02.08:898][380]LogPlayLevel: PIE: StaticDuplicateObject took: (0.076461s)
[2015.05.06-13.02.08:899][380]LogPlayLevel: PIE: World Init took: (0.000555s)
[2015.05.06-13.02.08:899][380]LogPlayLevel: PIE: Created PIE world by copying editor world from /Game/MR.MR to /Game/UEDPIE_0_MR.MR (0.077236s)
[2015.05.06-13.02.08:936][380]LogWorld: Game class is 'FirstPersonGameMode_C'
[2015.05.06-13.02.08:938][380]LogAIModule: Creating AISystem for world MR
[2015.05.06-13.02.08:965][380]LogWorld: Bringing World /Game/UEDPIE_0_MR.MR up for play (max tick rate 0) at 2015.05.06-21.02.08
[2015.05.06-13.02.08:970][380]LogWorld: Bringing up level for play took: 0.031755
[2015.05.06-13.02.08:972][380]PIE: 信息 /Game/UEDPIE_0_MR的‘在编辑器中播放’的起始时间0.638
[2015.05.06-13.02.10:948][400]LogParticles: Destroying 0 GPU particle simulations for FXSystem 0x00000036994C05E0
[2015.05.06-13.02.12:395][479]LogNavigationPoint: PostEditMove Clear paths rebuilt
[2015.05.06-13.02.12:820][502]LogPlayLevel: PIE:  No blueprints needed recompiling
[2015.05.06-13.02.12:822][502]PIE: New page: PIE会话: MR (2015年5月7日 上午5:02:12)
[2015.05.06-13.02.12:899][502]LogPlayLevel: PIE: StaticDuplicateObject took: (0.077353s)
[2015.05.06-13.02.12:900][502]LogPlayLevel: PIE: World Init took: (0.000475s)
[2015.05.06-13.02.12:900][502]LogPlayLevel: PIE: Created PIE world by copying editor world from /Game/MR.MR to /Game/UEDPIE_0_MR.MR (0.078033s)
[2015.05.06-13.02.12:935][502]LogWorld: Game class is 'FirstPersonGameMode_C'
[2015.05.06-13.02.12:937][502]LogAIModule: Creating AISystem for world MR
[2015.05.06-13.02.12:964][502]LogWorld: Bringing World /Game/UEDPIE_0_MR.MR up for play (max tick rate 0) at 2015.05.06-21.02.12
[2015.05.06-13.02.12:970][502]LogWorld: Bringing up level for play took: 0.031948
[2015.05.06-13.02.12:972][502]PIE: 信息 /Game/UEDPIE_0_MR的‘在编辑器中播放’的起始时间0.637
[2015.05.06-13.02.15:674][529]LogParticles: Destroying 0 GPU particle simulations for FXSystem 0x000000369BB758A0
[2015.05.06-13.03.22:335][ 84]LogContentBrowser:Verbose: The content browser source was changed by the sources view to '/Game'
[2015.05.06-13.03.38:635][370]LogUProjectInfo: Found projects:
[2015.05.06-13.03.48:308][434]LogContentBrowser:Verbose: The content browser source was changed by the sources view to '/Game/MyProtoType'
[2015.05.06-13.03.51:064][540]LogContentBrowser:Verbose: The content browser source was changed by the sources view to '/Game/MyProtoType'
[2015.05.06-13.04.01:437][724]LogContentBrowser:Verbose: The content browser source was changed by the sources view to '/Game/MyProtoType'
[2015.05.06-13.04.06:938][775]LogContentBrowser:Verbose: The content browser source was changed by the sources view to '/Game/MyProtoType/Model'
[2015.05.06-13.04.09:886][912]LogContentBrowser:Verbose: The content browser source was changed by the sources view to '/Game/MyProtoType/Model'
[2015.05.06-13.04.13:439][945]LogContentBrowser:Verbose: The content browser source was changed by the sources view to '/Game/MyProtoType/Model/Door'
[2015.05.06-13.04.20:478][972]LogFactory: FactoryCreateBinary: StaticMesh with FbxFactory (0 0 C:\Users\RMG\Desktop\无窗门.fbx)
[2015.05.06-13.04.20:620][972]LogFbx: ItemName: GlobalSettings, ItemCount : 1
[2015.05.06-13.04.20:620][972]LogFbx: ItemName: Model, ItemCount : 2
[2015.05.06-13.04.20:620][972]LogFbx: ItemName: Geometry, ItemCount : 1
[2015.05.06-13.04.20:620][972]LogFbx: ItemName: Material, ItemCount : 1
[2015.05.06-13.04.24:767][972]LogFbx: Loading FBX Scene from C:\Users\RMG\Desktop\无窗门.fbx
[2015.05.06-13.04.24:799][972]LogFbx: FBX Scene Loaded Succesfully
[2015.05.06-13.04.24:804][972]LogLinker:Warning: 无法寻找到文件'/Game/MyProtoType/Model/Door/FrontColor'
[2015.05.06-13.04.24:804][972]LogLinker:Warning: 无法寻找到文件'/Game/MyProtoType/Model/Door/FrontColor'
[2015.05.06-13.04.24:804][972]LogUObjectGlobals:Warning: 寻找对象'MaterialInterface /Game/MyProtoType/Model/Door/FrontColor.FrontColor'失败
[2015.05.06-13.04.24:834][972]LogMaterial: Missing cached shader map for material FrontColor, compiling. 
[2015.05.06-13.04.24:873][972]LogFbx:Warning: Triangulating static mesh Mesh1
[2015.05.06-13.04.25:084][972]LogFbx: == Initial material list:
[2015.05.06-13.04.25:084][972]LogFbx: 0: FrontColor
[2015.05.06-13.04.25:084][972]LogFbx: == After sorting:
[2015.05.06-13.04.25:084][972]LogFbx: 0: FrontColor
[2015.05.06-13.04.25:084][972]LogFbx: == Mapping table:
[2015.05.06-13.04.25:084][972]LogFbx:   sort 0 -> 0
[2015.05.06-13.04.25:129][972]LogStaticMesh: 正在构建静态网格物体无窗门...
[2015.05.06-13.04.25:256][972]LogStaticMesh: Built static mesh [127.763390ms] /Game/MyProtoType/Model/Door/无窗门.无窗门
[2015.05.06-13.04.25:374][972]FBXImport:Warning: 警告 警告： 在该FBX场景中没有找到平滑组信息。请确保在导入该文件之前，在FBX导入器插件中启用'Export Smoothing Groups（导出平滑组）'选项。即时对于不支持平滑组的工具，FBX在导出时也会生成适当的平滑数据，以便在导入时可以推断出正确的顶点法线。 
[2015.05.06-13.04.25:395][972]LogContentBrowser:Verbose: The content browser source was changed by the sources view to 'None'
[2015.05.06-13.04.25:395][972]LogContentBrowser:Verbose: The content browser source was changed by the sources view to '/Game/MyProtoType/Model/Door'
[2015.05.06-13.05.38:609][235]LogActorFactory: Actor Factory created 无窗门
[2015.05.06-13.05.39:574][244]LogActorFactory: Actor Factory created 无窗门
[2015.05.06-13.06.32:024][672]Cmd: CAMERA ALIGN ACTIVEVIEWPORTONLY
[2015.05.06-13.06.39:753][747]Cmd: CAMERA ALIGN ACTIVEVIEWPORTONLY
[2015.05.06-13.06.52:576][852]Cmd: CAMERA ALIGN ACTIVEVIEWPORTONLY
[2015.05.06-13.06.53:510][861]LogEditorViewport: Clicking on Actor (LMB): StaticMeshActor (无窗门)
[2015.05.06-13.07.14:701][188]LogEditorViewport: Clicking on Actor (LMB): StaticMeshActor (无窗门)
[2015.05.06-13.07.48:521][538]LogEditorViewport: Clicking on Actor (LMB): StaticMeshActor (无窗门)
[2015.05.06-13.08.53:214][197]Cmd: OBJ SAVEPACKAGE PACKAGE="/Game/MR" FILE="../../../../../../U3D/1-3-life-choices/Saved/Autosaves/Game/MR_Auto2.umap" SILENT=true AUTOSAVING=true KEEPDIRTY=false
[2015.05.06-13.08.53:765][197]LogSavePackage: Save=526.803772ms
[2015.05.06-13.08.53:765][197]LogSavePackage: Moving '../../../../../../U3D/1-3-life-choices/Saved/MR_Auto2B00964104650203142BE5C86B49935C3.tmp' to '../../../../../../U3D/1-3-life-choices/Saved/Autosaves/Game/MR_Auto2.umap'
[2015.05.06-13.08.53:771][197]LogFileHelpers: Editor autosave (incl. sublevels) for '/Game/MR' took 0.611
[2015.05.06-13.08.53:771][197]LogFileHelpers: Editor autosave (incl. sublevels) for all levels took 0.611
[2015.05.06-13.08.53:813][197]OBJ SavePackage: Generating thumbnails for [1] asset(s) in package [/Game/MyProtoType/Model/Door/无窗门] ([1] browsable assets)...
[2015.05.06-13.08.53:875][197]OBJ SavePackage:     Rendered thumbnail for [StaticMesh /Game/MyProtoType/Model/Door/无窗门.无窗门]
[2015.05.06-13.08.53:875][197]OBJ SavePackage: Finished generating thumbnails for package [/Game/MyProtoType/Model/Door/无窗门]
[2015.05.06-13.08.53:877][197]Cmd: OBJ SAVEPACKAGE PACKAGE="/Game/MyProtoType/Model/Door/无窗门" FILE="../../../../../../U3D/1-3-life-choices/Saved/Autosaves/Game/MyProtoType/Model/Door/无窗门_Auto2.uasset" SILENT=false AUTOSAVING=true
[2015.05.06-13.08.54:371][197]LogSavePackage: Save=492.251343ms
[2015.05.06-13.08.54:372][197]LogSavePackage: Moving '../../../../../../U3D/1-3-life-choices/Saved/无窗门_Auto28147354249641D9FB4E9C29B454E69CA.tmp' to '../../../../../../U3D/1-3-life-choices/Saved/Autosaves/Game/MyProtoType/Model/Door/无窗门_Auto2.uasset'
[2015.05.06-13.08.54:426][197]OBJ SavePackage: Generating thumbnails for [1] asset(s) in package [/Game/MyProtoType/Model/Door/FrontColor] ([1] browsable assets)...
[2015.05.06-13.08.54:499][197]OBJ SavePackage:     Rendered thumbnail for [Material /Game/MyProtoType/Model/Door/FrontColor.FrontColor]
[2015.05.06-13.08.54:499][197]OBJ SavePackage: Finished generating thumbnails for package [/Game/MyProtoType/Model/Door/FrontColor]
[2015.05.06-13.08.55:054][197]LogSavePackage: Save=550.001343ms
[2015.05.06-13.08.55:055][197]LogSavePackage: Moving '../../../../../../U3D/1-3-life-choices/Saved/FrontColor_Auto2E6FE1E184FF0B501F8C5F3A30A61C293.tmp' to '../../../../../../U3D/1-3-life-choices/Saved/Autosaves/Game/MyProtoType/Model/Door/FrontColor_Auto2.uasset'
[2015.05.06-13.08.55:114][197]LogFileHelpers: Auto-saving content packages took 1.343
[2015.05.06-13.10.25:066][605]LogEditorViewport: Clicking on Actor (LMB): StaticMeshActor (无窗门)
[2015.05.06-13.10.48:693][828]LogPlayLevel: PIE:  No blueprints needed recompiling
[2015.05.06-13.10.48:693][828]PIE: New page: PIE会话: MR (2015年5月7日 上午5:10:48)
[2015.05.06-13.10.48:785][828]LogPlayLevel: PIE: StaticDuplicateObject took: (0.078004s)
[2015.05.06-13.10.48:786][828]LogPlayLevel: PIE: World Init took: (0.000626s)
[2015.05.06-13.10.48:786][828]LogPlayLevel: PIE: Created PIE world by copying editor world from /Game/MR.MR to /Game/UEDPIE_0_MR.MR (0.078886s)
[2015.05.06-13.10.48:830][828]LogWorld: Game class is 'FirstPersonGameMode_C'
[2015.05.06-13.10.48:833][828]LogAIModule: Creating AISystem for world MR
[2015.05.06-13.10.48:870][828]LogWorld: Bringing World /Game/UEDPIE_0_MR.MR up for play (max tick rate 0) at 2015.05.06-21.10.48
[2015.05.06-13.10.48:875][828]LogWorld: Bringing up level for play took: 0.041380
[2015.05.06-13.10.48:877][828]PIE: 信息 /Game/UEDPIE_0_MR的‘在编辑器中播放’的起始时间0.543
[2015.05.06-13.10.59:124][941]LogParticles: Destroying 0 GPU particle simulations for FXSystem 0x000000369B1B9B20
[2015.05.06-13.11.02:234][973]LogEditorViewport: Clicking on Actor (LMB): StaticMeshActor (DoorCompanyChoice)
[2015.05.06-13.11.18:508][158]Cmd: DELETE
[2015.05.06-13.11.18:508][158]Cmd: ACTOR DELETE
[2015.05.06-13.11.18:552][158]LogEditorActor: Deleted Actor: TriggerBox
[2015.05.06-13.11.18:605][158]LogEditorActor: Deleted 1 Actors (0.085 secs)
[2015.05.06-13.12.32:836][916]LogEditorViewport: Clicking on Actor (LMB): TriggerBox (TriggerBox)
[2015.05.06-13.12.39:598][982]LogEditorViewport: Clicking on Actor (LMB): TriggerBox (TriggerBox)
[2015.05.06-13.12.40:172][988]LogEditorViewport: Clicking on Actor (LMB): TriggerBox (TriggerBox)
[2015.05.06-13.13.33:197][485]LogEditorViewport: Clicking on Actor (LMB): StaticMeshActor (DoorCompanyChoice)
[2015.05.06-13.13.37:257][631]EditorErrors: New page: Actor附加物
[2015.05.06-13.15.00:933][  2]LogContentBrowser: Native class hierarchy updated for 'Matinee' in 0.0021 seconds. Added 15 classes and 2 folders.
[2015.05.06-13.15.00:964][  2]LogInit: Transaction tracking system initialized
[2015.05.06-13.15.00:975][  2]EditorErrors: New page: Matinee初始化
[2015.05.06-13.15.26:451][570]EditorErrors: New page: Actor附加物
[2015.05.06-13.18.14:006][936]BlueprintLog: New page: PIE之前的自动重新编译
[2015.05.06-13.18.14:017][936]LogPlayLevel: [PIE] Compiling MR before PIE...
[2015.05.06-13.18.14:075][936]LogExit: Transaction tracking system shut down
[2015.05.06-13.18.14:078][936]LogPlayLevel: PIE:  Blueprint regeneration took 72 ms (1 blueprints)
[2015.05.06-13.18.14:078][936]PIE: New page: PIE会话: MR (2015年5月7日 上午5:18:14)
[2015.05.06-13.18.14:158][936]LogPlayLevel: PIE: StaticDuplicateObject took: (0.079707s)
[2015.05.06-13.18.14:159][936]LogPlayLevel: PIE: World Init took: (0.000588s)
[2015.05.06-13.18.14:159][936]LogPlayLevel: PIE: Created PIE world by copying editor world from /Game/MR.MR to /Game/UEDPIE_0_MR.MR (0.080503s)
[2015.05.06-13.18.14:192][936]LogWorld: Game class is 'FirstPersonGameMode_C'
[2015.05.06-13.18.14:194][936]LogAIModule: Creating AISystem for world MR
[2015.05.06-13.18.14:246][936]LogWorld: Bringing World /Game/UEDPIE_0_MR.MR up for play (max tick rate 0) at 2015.05.06-21.18.14
[2015.05.06-13.18.14:253][936]LogWorld: Bringing up level for play took: 0.058868
[2015.05.06-13.18.14:256][936]PIE: 信息 /Game/UEDPIE_0_MR的‘在编辑器中播放’的起始时间-0.078
[2015.05.06-13.18.36:761][193]LogParticles: Destroying 0 GPU particle simulations for FXSystem 0x00000036E5A5D1C0
[2015.05.06-13.19.22:224][461]BlueprintLog: New page: 编译MR
[2015.05.06-13.19.22:298][461]BlueprintEditorCompileResults: 信息 [1941.22]MR编译成功！[用时69毫秒]
[2015.05.06-13.19.22:414][463]BlueprintLog: New page: 编译MR
[2015.05.06-13.19.22:488][463]BlueprintEditorCompileResults: 信息 [1941.42]MR编译成功！[用时74毫秒]
[2015.05.06-13.19.39:738][243]Cmd: OBJ SAVEPACKAGE PACKAGE="/Game/MR" FILE="../../../../../../U3D/1-3-life-choices/Saved/Autosaves/Game/MR_Auto3.umap" SILENT=true AUTOSAVING=true KEEPDIRTY=false
[2015.05.06-13.19.40:323][243]LogSavePackage: Save=553.469177ms
[2015.05.06-13.19.40:323][243]LogSavePackage: Moving '../../../../../../U3D/1-3-life-choices/Saved/MR_Auto347E32C3A473C1D9AA8828F89E899416B.tmp' to '../../../../../../U3D/1-3-life-choices/Saved/Autosaves/Game/MR_Auto3.umap'
[2015.05.06-13.19.40:328][243]LogFileHelpers: Editor autosave (incl. sublevels) for '/Game/MR' took 0.732
[2015.05.06-13.19.40:328][243]LogFileHelpers: Editor autosave (incl. sublevels) for all levels took 0.732
[2015.05.06-13.22.16:632][133]BlueprintLog: New page: 编译MR
[2015.05.06-13.22.16:744][133]BlueprintEditorCompileResults: 信息 [2115.68]MR编译成功！[用时111毫秒]
[2015.05.06-13.22.16:744][133]BlueprintLog: New page: 编译MR
[2015.05.06-13.22.16:808][133]BlueprintEditorCompileResults: 信息 [2115.74]MR编译成功！[用时63毫秒]
[2015.05.06-13.22.16:898][136]BlueprintLog: New page: 编译MR
[2015.05.06-13.22.17:008][136]BlueprintEditorCompileResults: 信息 [2115.94]MR编译成功！[用时110毫秒]
[2015.05.06-13.22.19:025][183]BlueprintLog: New page: PIE之前的自动重新编译
[2015.05.06-13.22.19:035][183]LogPlayLevel: [PIE] Compiling MR before PIE...
[2015.05.06-13.22.19:117][183]LogPlayLevel: PIE:  Blueprint regeneration took 92 ms (1 blueprints)
[2015.05.06-13.22.19:117][183]PIE: New page: PIE会话: MR (2015年5月7日 上午5:22:19)
[2015.05.06-13.22.19:197][183]LogPlayLevel: PIE: StaticDuplicateObject took: (0.079366s)
[2015.05.06-13.22.19:197][183]LogPlayLevel: PIE: World Init took: (0.000570s)
[2015.05.06-13.22.19:197][183]LogPlayLevel: PIE: Created PIE world by copying editor world from /Game/MR.MR to /Game/UEDPIE_0_MR.MR (0.080156s)
[2015.05.06-13.22.19:234][183]LogWorld: Game class is 'FirstPersonGameMode_C'
[2015.05.06-13.22.19:236][183]LogAIModule: Creating AISystem for world MR
[2015.05.06-13.22.19:266][183]LogWorld: Bringing World /Game/UEDPIE_0_MR.MR up for play (max tick rate 0) at 2015.05.06-21.22.19
[2015.05.06-13.22.19:271][183]LogWorld: Bringing up level for play took: 0.034316
[2015.05.06-13.22.19:273][183]PIE: 信息 /Game/UEDPIE_0_MR的‘在编辑器中播放’的起始时间0.94
[2015.05.06-13.22.51:926][515]LogParticles: Destroying 0 GPU particle simulations for FXSystem 0x00000036E0E5E160
[2015.05.06-13.25.28:162][ 93]LogContentBrowser:Verbose: The content browser source was changed by the sources view to '/Game/MyProtoType/Model'
[2015.05.06-13.25.28:664][ 98]LogContentBrowser:Verbose: The content browser source was changed by the sources view to '/Game/MyProtoType/BlueScripts'
[2015.05.06-13.26.39:546][256]BlueprintLog: New page: 编译MR
[2015.05.06-13.26.39:621][256]BlueprintEditorCompileResults: 信息 [2378.55]MR编译成功！[用时74毫秒]
[2015.05.06-13.26.39:686][258]BlueprintLog: New page: 编译MR
[2015.05.06-13.26.39:877][258]BlueprintEditorCompileResults: 信息 [2378.81]MR编译成功！[用时189毫秒]
[2015.05.06-13.28.10:512][608]LogAssetTools:Warning: 导入'F:\UnrealPro\Prototype\Content\MyDemo\UI.uasset失败。未知扩展名'uasset'。
[2015.05.06-13.28.32:603][ 67]Cmd: CLOSE_SLATE_MAINFRAME
[2015.05.06-13.28.32:628][ 67]LogParticles: Destroying 0 GPU particle simulations for FXSystem 0x00000036994C2160
[2015.05.06-13.28.33:715][ 67]Cmd: OBJ SAVEPACKAGE PACKAGE="/Game/MR" FILE="../../../../../../U3D/1-3-life-choices/Content/MR.umap" SILENT=true AUTOSAVING=false KEEPDIRTY=false
[2015.05.06-13.28.34:301][ 67]LogSavePackage: Save=554.327271ms
[2015.05.06-13.28.34:301][ 67]LogSavePackage: Moving '../../../../../../U3D/1-3-life-choices/Saved/MR33295F91490476052F32D89725F7F995.tmp' to '../../../../../../U3D/1-3-life-choices/Content/MR.umap'
[2015.05.06-13.28.34:325][ 67]LogFileHelpers: Saving map 'MR' took 0.678
[2015.05.06-13.28.34:394][ 67]Cmd: OBJ SAVEPACKAGE PACKAGE="/Game/MyProtoType/Model/Door/FrontColor" FILE="../../../../../../U3D/1-3-life-choices/Content/MyProtoType/Model/Door/FrontColor.uasset" SILENT=true
[2015.05.06-13.28.34:924][ 67]LogSavePackage: Save=521.959351ms
[2015.05.06-13.28.34:924][ 67]LogSavePackage: Moving '../../../../../../U3D/1-3-life-choices/Saved/FrontColorF1EBFB564C812E277598318B79088144.tmp' to '../../../../../../U3D/1-3-life-choices/Content/MyProtoType/Model/Door/FrontColor.uasset'
[2015.05.06-13.28.35:003][ 67]Cmd: OBJ SAVEPACKAGE PACKAGE="/Game/MyProtoType/Model/Door/无窗门" FILE="../../../../../../U3D/1-3-life-choices/Content/MyProtoType/Model/Door/无窗门.uasset" SILENT=true
[2015.05.06-13.28.35:429][ 67]LogSavePackage: Save=420.465607ms
[2015.05.06-13.28.35:429][ 67]LogSavePackage: Moving '../../../../../../U3D/1-3-life-choices/Saved/无窗门472062734D6660BA404501ADC2AC7799.tmp' to '../../../../../../U3D/1-3-life-choices/Content/MyProtoType/Model/Door/无窗门.uasset'
[2015.05.06-13.28.35:994][ 68]Cmd: QUIT_EDITOR
[2015.05.06-13.28.36:280][ 68]LogExit: Preparing to exit.
[2015.05.06-13.28.37:222][ 68]LogExit: Editor shut down
[2015.05.06-13.28.37:222][ 68]LogExit: Transaction tracking system shut down
[2015.05.06-13.28.37:223][ 68]LogParticles: Destroying 0 GPU particle simulations for FXSystem 0x00000036DE23B560
[2015.05.06-13.28.37:223][ 68]LogParticles: Destroying 0 GPU particle simulations for FXSystem 0x00000036994C1D00
[2015.05.06-13.28.37:223][ 68]LogParticles: Destroying 0 GPU particle simulations for FXSystem 0x000000369DF076A0
[2015.05.06-13.28.37:224][ 68]LogParticles: Destroying 0 GPU particle simulations for FXSystem 0x00000036CE8F0180
[2015.05.06-13.28.37:224][ 68]LogParticles: Destroying 0 GPU particle simulations for FXSystem 0x00000036E9126E80
[2015.05.06-13.28.37:285][ 68]LogExit: Object subsystem successfully closed.
[2015.05.06-13.28.37:321][ 68]LogModuleManager: Shutting down and abandoning module DistCurveEditor (179)
[2015.05.06-13.28.37:321][ 68]LogModuleManager: Shutting down and abandoning module Matinee (178)
[2015.05.06-13.28.37:321][ 68]LogModuleManager: Shutting down and abandoning module CrashTracker (177)
[2015.05.06-13.28.37:321][ 68]LogModuleManager: Shutting down and abandoning module SuperSearch (176)
[2015.05.06-13.28.37:321][ 68]LogModuleManager: Shutting down and abandoning module SceneOutliner (175)
[2015.05.06-13.28.37:321][ 68]LogModuleManager: Shutting down and abandoning module EditorWidgets (174)
[2015.05.06-13.28.37:321][ 68]LogModuleManager: Shutting down and abandoning module CollectionManager (173)
[2015.05.06-13.28.37:321][ 68]LogModuleManager: Shutting down and abandoning module StatsViewer (172)
[2015.05.06-13.28.37:321][ 68]LogModuleManager: Shutting down and abandoning module FoliageEdit (171)
[2015.05.06-13.28.37:321][ 68]LogModuleManager: Shutting down and abandoning module LandscapeEditor (170)
[2015.05.06-13.28.37:322][ 68]LogModuleManager: Shutting down and abandoning module MeshPaint (169)
[2015.05.06-13.28.37:322][ 68]LogModuleManager: Shutting down and abandoning module ActorPickerMode (168)
[2015.05.06-13.28.37:322][ 68]LogModuleManager: Shutting down and abandoning module GeometryMode (167)
[2015.05.06-13.28.37:322][ 68]LogModuleManager: Shutting down and abandoning module TextureAlignMode (166)
[2015.05.06-13.28.37:322][ 68]LogModuleManager: Shutting down and abandoning module BspMode (165)
[2015.05.06-13.28.37:322][ 68]LogModuleManager: Shutting down and abandoning module PlacementMode (164)
[2015.05.06-13.28.37:322][ 68]LogModuleManager: Shutting down and abandoning module AutomationWorker (163)
[2015.05.06-13.28.37:322][ 68]LogModuleManager: Shutting down and abandoning module CharacterAI (162)
[2015.05.06-13.28.37:322][ 68]LogModuleManager: Shutting down and abandoning module SmartSnapping (161)
[2015.05.06-13.28.37:322][ 68]LogModuleManager: Shutting down and abandoning module ViewportSnapping (160)
[2015.05.06-13.28.37:322][ 68]LogModuleManager: Shutting down and abandoning module LogVisualizer (159)
[2015.05.06-13.28.37:322][ 68]LogModuleManager: Shutting down and abandoning module GameProjectGeneration (158)
[2015.05.06-13.28.37:322][ 68]LogModuleManager: Shutting down and abandoning module IntroTutorials (157)
[2015.05.06-13.28.37:322][ 68]LogModuleManager: Shutting down and abandoning module EditorLiveStreaming (156)
[2015.05.06-13.28.37:322][ 68]LogModuleManager: Shutting down and abandoning module HardwareTargeting (155)
[2015.05.06-13.28.37:322][ 68]LogModuleManager: Shutting down and abandoning module DeviceProfileEditor (154)
[2015.05.06-13.28.37:322][ 68]LogModuleManager: Shutting down and abandoning module UndoHistory (153)
[2015.05.06-13.28.37:322][ 68]LogModuleManager: Shutting down and abandoning module GameplayTagsEditor (152)
[2015.05.06-13.28.37:322][ 68]LogModuleManager: Shutting down and abandoning module UserFeedback (151)
[2015.05.06-13.28.37:322][ 68]LogModuleManager: Shutting down and abandoning module XmlParser (150)
[2015.05.06-13.28.37:322][ 68]LogModuleManager: Shutting down and abandoning module Blutility (149)
[2015.05.06-13.28.37:322][ 68]LogModuleManager: Shutting down and abandoning module IOSPlatformEditor (148)
[2015.05.06-13.28.37:322][ 68]LogModuleManager: Shutting down and abandoning module IOSRuntimeSettings (147)
[2015.05.06-13.28.37:322][ 68]LogModuleManager: Shutting down and abandoning module AndroidDeviceDetection (146)
[2015.05.06-13.28.37:968][ 68]LogModuleManager: Shutting down and abandoning module AndroidPlatformEditor (145)
[2015.05.06-13.28.37:968][ 68]LogModuleManager: Shutting down and abandoning module AndroidRuntimeSettings (144)
[2015.05.06-13.28.37:968][ 68]LogModuleManager: Shutting down and abandoning module ProjectTargetPlatformEditor (143)
[2015.05.06-13.28.37:968][ 68]LogModuleManager: Shutting down and abandoning module ProjectSettingsViewer (142)
[2015.05.06-13.28.37:968][ 68]LogModuleManager: Shutting down and abandoning module InputBindingEditor (141)
[2015.05.06-13.28.37:968][ 68]LogModuleManager: Shutting down and abandoning module EditorSettingsViewer (140)
[2015.05.06-13.28.37:968][ 68]LogModuleManager: Shutting down and abandoning module SettingsEditor (139)
[2015.05.06-13.28.37:968][ 68]LogModuleManager: Shutting down and abandoning module ProjectLauncher (138)
[2015.05.06-13.28.37:969][ 68]LogModuleManager: Shutting down and abandoning module SessionFrontend (137)
[2015.05.06-13.28.37:969][ 68]LogModuleManager: Shutting down and abandoning module ProfilerClient (136)
[2015.05.06-13.28.37:969][ 68]LogModuleManager: Shutting down and abandoning module TargetDeviceServices (135)
[2015.05.06-13.28.37:969][ 68]LogModuleManager: Shutting down and abandoning module DeviceManager (134)
[2015.05.06-13.28.37:969][ 68]LogModuleManager: Shutting down and abandoning module AutomationController (133)
[2015.05.06-13.28.37:969][ 68]LogModuleManager: Shutting down and abandoning module AutomationWindow (132)
[2015.05.06-13.28.37:969][ 68]LogModuleManager: Shutting down and abandoning module Layers (131)
[2015.05.06-13.28.37:969][ 68]LogModuleManager: Shutting down and abandoning module ComponentVisualizers (130)
[2015.05.06-13.28.37:969][ 68]LogModuleManager: Shutting down and abandoning module DetailCustomizations (129)
[2015.05.06-13.28.37:969][ 68]LogModuleManager: Shutting down and abandoning module PackagesDialog (128)
[2015.05.06-13.28.37:969][ 68]LogModuleManager: Shutting down and abandoning module AssetRegistry (127)
[2015.05.06-13.28.38:050][ 68]LogModuleManager: Shutting down and abandoning module Persona (126)
[2015.05.06-13.28.38:050][ 68]LogModuleManager: Shutting down and abandoning module SlateReflector (125)
[2015.05.06-13.28.38:050][ 68]LogModuleManager: Shutting down and abandoning module LevelEditor (124)
[2015.05.06-13.28.38:051][ 68]LogModuleManager: Shutting down and abandoning module Kismet (123)
[2015.05.06-13.28.38:051][ 68]LogModuleManager: Shutting down and abandoning module GraphEditor (122)
[2015.05.06-13.28.38:051][ 68]LogModuleManager: Shutting down and abandoning module ClassViewer (121)
[2015.05.06-13.28.38:051][ 68]LogModuleManager: Shutting down and abandoning module Toolbox (120)
[2015.05.06-13.28.38:051][ 68]LogModuleManager: Shutting down and abandoning module ModuleUI (119)
[2015.05.06-13.28.38:051][ 68]LogModuleManager: Shutting down and abandoning module MovieSceneTools (118)
[2015.05.06-13.28.38:051][ 68]LogModuleManager: Shutting down and abandoning module OutputLog (117)
[2015.05.06-13.28.38:051][ 68]LogModuleManager: Shutting down and abandoning module GammaUI (116)
[2015.05.06-13.28.38:051][ 68]LogModuleManager: Shutting down and abandoning module Documentation (115)
[2015.05.06-13.28.38:051][ 68]LogModuleManager: Shutting down and abandoning module GameLiveStreaming (114)
[2015.05.06-13.28.38:051][ 68]LogModuleManager: Shutting down and abandoning module StreamingPauseRendering (113)
[2015.05.06-13.28.38:051][ 68]LogModuleManager: Shutting down and abandoning module HTTP (112)
[2015.05.06-13.28.38:052][ 68]LogModuleManager: Shutting down and abandoning module AnalyticsET (111)
[2015.05.06-13.28.38:052][ 68]LogModuleManager: Shutting down and abandoning module Analytics (110)
[2015.05.06-13.28.38:052][ 68]LogModuleManager: Shutting down and abandoning module AITestSuite (109)
[2015.05.06-13.28.38:052][ 68]LogModuleManager: Shutting down and abandoning module GameplayDebugger (108)
[2015.05.06-13.28.38:052][ 68]LogModuleManager: Shutting down and abandoning module AIModule (107)
[2015.05.06-13.28.38:052][ 68]LogModuleManager: Shutting down and abandoning module ProfilerService (106)
[2015.05.06-13.28.38:114][ 68]LogModuleManager: Shutting down and abandoning module TaskGraph (105)
[2015.05.06-13.28.38:114][ 68]LogModuleManager: Shutting down and abandoning module SlateRemote (104)
[2015.05.06-13.28.38:114][ 68]LogModuleManager: Shutting down and abandoning module ScriptEditorPlugin (103)
[2015.05.06-13.28.38:114][ 68]LogModuleManager: Shutting down and abandoning module CustomMeshComponent (102)
[2015.05.06-13.28.38:114][ 68]LogModuleManager: Shutting down and abandoning module CableComponent (101)
[2015.05.06-13.28.38:114][ 68]LogModuleManager: Shutting down and abandoning module MessagingDebugger (100)
[2015.05.06-13.28.38:114][ 68]LogModuleManager: Shutting down and abandoning module MediaPlayerEditor (99)
[2015.05.06-13.28.38:114][ 68]LogModuleManager: Shutting down and abandoning module SpeedTreeImporter (98)
[2015.05.06-13.28.38:114][ 68]LogModuleManager: Shutting down and abandoning module PluginsEditor (97)
[2015.05.06-13.28.38:114][ 68]LogModuleManager: Shutting down and abandoning module MainFrame (96)
[2015.05.06-13.28.38:114][ 68]LogModuleManager: Shutting down and abandoning module EpicSurvey (95)
[2015.05.06-13.28.38:115][ 68]LogModuleManager: Shutting down and abandoning module DesktopPlatform (94)
[2015.05.06-13.28.38:115][ 68]LogModuleManager: Shutting down and abandoning module DirectoryWatcher (93)
[2015.05.06-13.28.38:115][ 68]LogModuleManager: Shutting down and abandoning module HotReload (92)
[2015.05.06-13.28.38:115][ 68]LogModuleManager: Shutting down and abandoning module VisualStudioSourceCodeAccess (91)
[2015.05.06-13.28.38:115][ 68]LogModuleManager: Shutting down and abandoning module UObjectPlugin (90)
[2015.05.06-13.28.38:115][ 68]LogModuleManager: Shutting down and abandoning module SubversionSourceControl (89)
[2015.05.06-13.28.38:115][ 68]LogModuleManager: Shutting down and abandoning module PerforceSourceControl (88)
[2015.05.06-13.28.38:115][ 68]LogModuleManager: Shutting down and abandoning module SourceControl (87)
[2015.05.06-13.28.38:115][ 68]LogModuleManager: Shutting down and abandoning module GitSourceControl (86)
[2015.05.06-13.28.38:115][ 68]LogModuleManager: Shutting down and abandoning module BlankPlugin (85)
[2015.05.06-13.28.38:115][ 68]LogModuleManager: Shutting down and abandoning module PaperTiledImporter (84)
[2015.05.06-13.28.38:115][ 68]LogModuleManager: Shutting down and abandoning module PaperJsonImporter (83)
[2015.05.06-13.28.38:115][ 68]LogModuleManager: Shutting down and abandoning module ContentBrowser (82)
[2015.05.06-13.28.38:116][ 68]LogModuleManager: Shutting down and abandoning module Paper2DEditor (81)
[2015.05.06-13.28.38:116][ 68]LogModuleManager: Shutting down and abandoning module ScriptPlugin (80)
[2015.05.06-13.28.38:116][ 68]LogModuleManager: Shutting down and abandoning module UdpMessaging (79)
[2015.05.06-13.28.38:217][ 68]LogModuleManager: Shutting down and abandoning module Paper2D (78)
[2015.05.06-13.28.38:217][ 68]LogModuleManager: Shutting down and abandoning module WindowsMoviePlayer (77)
[2015.05.06-13.28.38:219][ 68]LogModuleManager: Shutting down and abandoning module Media (76)
[2015.05.06-13.28.38:219][ 68]LogModuleManager: Shutting down and abandoning module WmfMedia (75)
[2015.05.06-13.28.38:219][ 68]LogModuleManager: Shutting down and abandoning module OnlineBlueprintSupport (74)
[2015.05.06-13.28.38:219][ 68]LogModuleManager: Shutting down and abandoning module PropertyEditor (73)
[2015.05.06-13.28.38:219][ 68]LogModuleManager: Shutting down and abandoning module BehaviorTreeEditor (72)
[2015.05.06-13.28.38:219][ 68]LogModuleManager: Shutting down and abandoning module FunctionalTesting (71)
[2015.05.06-13.28.38:219][ 68]LogModuleManager: Shutting down and abandoning module CollisionAnalyzer (70)
[2015.05.06-13.28.38:219][ 68]LogModuleManager: Shutting down and abandoning module WorkspaceMenuStructure (69)
[2015.05.06-13.28.38:219][ 68]LogModuleManager: Shutting down and abandoning module MessageLog (68)
[2015.05.06-13.28.38:219][ 68]LogModuleManager: Shutting down and abandoning module Sequencer (67)
[2015.05.06-13.28.38:219][ 68]LogModuleManager: Shutting down and abandoning module AssetTools (66)
[2015.05.06-13.28.38:219][ 68]LogModuleManager: Shutting down and abandoning module UMGEditor (65)
[2015.05.06-13.28.38:220][ 68]LogModuleManager: Shutting down and abandoning module UMG (64)
[2015.05.06-13.28.38:220][ 68]LogModuleManager: Shutting down and abandoning module Slate (63)
[2015.05.06-13.28.38:220][ 68]LogModuleManager: Shutting down and abandoning module EditorStyle (62)
[2015.05.06-13.28.38:222][ 68]LogModuleManager: Shutting down and abandoning module SessionServices (61)
[2015.05.06-13.28.38:222][ 68]LogModuleManager: Shutting down and abandoning module SourceCodeAccess (60)
[2015.05.06-13.28.38:222][ 68]LogModuleManager: Shutting down and abandoning module HeadMountedDisplay (59)
[2015.05.06-13.28.38:222][ 68]LogModuleManager: Shutting down and abandoning module XAudio2 (58)
[2015.05.06-13.28.38:222][ 68]LogModuleManager: Shutting down and abandoning module Networking (56)
[2015.05.06-13.28.38:222][ 68]LogModuleManager: Shutting down and abandoning module Core (55)
[2015.05.06-13.28.38:222][ 68]LogModuleManager: Shutting down and abandoning module KismetCompiler (54)
[2015.05.06-13.28.38:223][ 68]LogModuleManager: Shutting down and abandoning module PhysXFormats (53)
[2015.05.06-13.28.38:223][ 68]LogModuleManager: Shutting down and abandoning module MeshUtilities (52)
[2015.05.06-13.28.38:223][ 68]LogModuleManager: Shutting down and abandoning module DerivedDataCache (51)
[2015.05.06-13.28.38:281][ 68]LogDerivedDataCache: Shutdown
[2015.05.06-13.28.38:281][ 68]LogModuleManager: Shutting down and abandoning module ShaderFormatOpenGL (50)
[2015.05.06-13.28.38:281][ 68]LogModuleManager: Shutting down and abandoning module ShaderFormatD3D (49)
[2015.05.06-13.28.38:281][ 68]LogModuleManager: Shutting down and abandoning module MetalShaderFormat (48)
[2015.05.06-13.28.38:281][ 68]LogModuleManager: Shutting down and abandoning module TextureFormatUncompressed (47)
[2015.05.06-13.28.38:281][ 68]LogModuleManager: Shutting down and abandoning module TextureFormatPVR (46)
[2015.05.06-13.28.38:281][ 68]LogModuleManager: Shutting down and abandoning module TextureFormatIntelISPCTexComp (45)
[2015.05.06-13.28.38:281][ 68]LogModuleManager: Shutting down and abandoning module TextureFormatDXT (44)
[2015.05.06-13.28.38:281][ 68]LogModuleManager: Shutting down and abandoning module ImageWrapper (43)
[2015.05.06-13.28.38:281][ 68]LogModuleManager: Shutting down and abandoning module TextureFormatASTC (42)
[2015.05.06-13.28.38:281][ 68]LogModuleManager: Shutting down and abandoning module TextureFormatAndroid (41)
[2015.05.06-13.28.38:281][ 68]LogModuleManager: Shutting down and abandoning module AudioFormatOpus (40)
[2015.05.06-13.28.38:281][ 68]LogModuleManager: Shutting down and abandoning module AudioFormatOgg (39)
[2015.05.06-13.28.38:281][ 68]LogModuleManager: Shutting down and abandoning module AudioFormatADPCM (38)
[2015.05.06-13.28.38:281][ 68]LogModuleManager: Shutting down and abandoning module LinuxTargetPlatform (37)
[2015.05.06-13.28.38:281][ 68]LogModuleManager: Shutting down and abandoning module LinuxServerTargetPlatform (36)
[2015.05.06-13.28.38:281][ 68]LogModuleManager: Shutting down and abandoning module LinuxNoEditorTargetPlatform (35)
[2015.05.06-13.28.38:281][ 68]LogModuleManager: Shutting down and abandoning module Messaging (34)
[2015.05.06-13.28.38:281][ 68]LogModuleManager: Shutting down and abandoning module IOSTargetPlatform (33)
[2015.05.06-13.28.38:281][ 68]LogModuleManager: Shutting down and abandoning module HTML5TargetPlatform (32)
[2015.05.06-13.28.38:281][ 68]LogModuleManager: Shutting down and abandoning module Android_PVRTCTargetPlatform (31)
[2015.05.06-13.28.38:281][ 68]LogModuleManager: Shutting down and abandoning module Android_ETC2TargetPlatform (30)
[2015.05.06-13.28.38:281][ 68]LogModuleManager: Shutting down and abandoning module Android_ETC1TargetPlatform (29)
[2015.05.06-13.28.38:281][ 68]LogModuleManager: Shutting down and abandoning module Android_ES31TargetPlatform (28)
[2015.05.06-13.28.38:281][ 68]LogModuleManager: Shutting down and abandoning module Android_DXTTargetPlatform (27)
[2015.05.06-13.28.38:281][ 68]LogModuleManager: Shutting down and abandoning module Android_ATCTargetPlatform (26)
[2015.05.06-13.28.38:281][ 68]LogModuleManager: Shutting down and abandoning module AndroidTargetPlatform (25)
[2015.05.06-13.28.38:281][ 68]LogModuleManager: Shutting down and abandoning module WindowsTargetPlatform (24)
[2015.05.06-13.28.38:281][ 68]LogModuleManager: Shutting down and abandoning module WindowsServerTargetPlatform (23)
[2015.05.06-13.28.38:281][ 68]LogModuleManager: Shutting down and abandoning module WindowsNoEditorTargetPlatform (22)
[2015.05.06-13.28.38:281][ 68]LogModuleManager: Shutting down and abandoning module WindowsClientTargetPlatform (21)
[2015.05.06-13.28.38:281][ 68]LogModuleManager: Shutting down and abandoning module TargetPlatform (20)
[2015.05.06-13.28.38:281][ 68]LogModuleManager: Shutting down and abandoning module InputCore (19)
[2015.05.06-13.28.38:281][ 68]LogModuleManager: Shutting down and abandoning module Settings (18)
[2015.05.06-13.28.38:281][ 68]LogModuleManager: Shutting down and abandoning module OnlineSubsystem (16)
[2015.05.06-13.28.38:281][ 68]LogModuleManager: Shutting down and abandoning module OculusRift (15)
[2015.05.06-13.28.38:281][ 68]LogModuleManager: Shutting down and abandoning module ExampleDeviceProfileSelector (14)
[2015.05.06-13.28.38:281][ 68]LogModuleManager: Shutting down and abandoning module TextureCompressor (13)
[2015.05.06-13.28.38:281][ 68]LogModuleManager: Shutting down and abandoning module ShaderCore (12)
[2015.05.06-13.28.38:281][ 68]LogModuleManager: Shutting down and abandoning module Landscape (11)
[2015.05.06-13.28.38:281][ 68]LogModuleManager: Shutting down and abandoning module SlateRHIRenderer (10)
[2015.05.06-13.28.38:283][ 68]LogModuleManager: Shutting down and abandoning module OpenGLDrv (9)
[2015.05.06-13.28.38:283][ 68]LogModuleManager: Shutting down and abandoning module D3D11RHI (8)
[2015.05.06-13.28.38:283][ 68]LogModuleManager: Shutting down and abandoning module Renderer (7)
[2015.05.06-13.28.38:283][ 68]LogModuleManager: Shutting down and abandoning module Engine (6)
[2015.05.06-13.28.38:283][ 68]LogModuleManager: Shutting down and abandoning module CoreUObject (5)
[2015.05.06-13.28.38:283][ 68]LogModuleManager: Shutting down and abandoning module NetworkFile (4)
[2015.05.06-13.28.38:283][ 68]LogModuleManager: Shutting down and abandoning module StreamingFile (3)
[2015.05.06-13.28.38:283][ 68]LogModuleManager: Shutting down and abandoning module SandboxFile (2)
[2015.05.06-13.28.38:283][ 68]LogModuleManager: Shutting down and abandoning module PakFile (1)
[2015.05.06-13.28.38:284][ 68]LogExit: Exiting.
[2015.05.06-13.28.38:297][ 68]Log file closed, 05/06/15 21:28:38
